2025-12-24 08:36:23,887 | INFO     | Config:
exp_name: spressure_N10k_lr1e-3_e250_run3
model:
  input_dim: 3
  output_dim: 1
  head_num: 8
  hidden_dim: 256
  res: true
  slice_num: 32
  layer_num: 5
  mlp_ratio: 1.5
  dropout: 0.1
training:
  input: surface_anchor_position
  target: surface_anchor_pressure
  batch_size: 1
  epochs: 250
  lr: 0.001
  scheduler_step: 50
  scheduler_gamma: 0.5
  max_grad_norm: 0.1
  num_workers: 1
  weight_decay: 0.0
  test_only: 0
  gpus: '0'
  root_dir: /mnt/wjc_group/mae-zhangbj/DrivAerML_dataset/small
  seed: 42

2025-12-24 08:36:23,887 | INFO     | args.exp_name : spressure_N10k_lr1e-3_e250_run3
2025-12-24 08:36:23,887 | INFO     | Starting training with 1 GPUs
2025-12-24 08:36:24,616 | INFO     | Total trainable parameters: 3381321
2025-12-24 08:36:24,617 | INFO     | Data loaded: 380 training batches, 33 validation batches, 44 test batches
2025-12-24 08:36:24,618 | INFO     | Staring training for 250 epochs
2025-12-24 08:37:11,196 | INFO     | Config:
exp_name: spressure_N10k_lr1e-3_e250_run3
model:
  input_dim: 3
  output_dim: 1
  head_num: 8
  hidden_dim: 256
  res: true
  slice_num: 32
  layer_num: 5
  mlp_ratio: 1.5
  dropout: 0.1
training:
  input: surface_anchor_position
  target: surface_anchor_pressure
  batch_size: 1
  epochs: 250
  lr: 0.001
  scheduler_step: 50
  scheduler_gamma: 0.5
  max_grad_norm: 0.1
  num_workers: 1
  weight_decay: 0.0
  test_only: 0
  gpus: '0'
  root_dir: /mnt/wjc_group/mae-zhangbj/DrivAerML_dataset/small
  seed: 42

2025-12-24 08:37:11,196 | INFO     | args.exp_name : spressure_N10k_lr1e-3_e250_run3
2025-12-24 08:37:11,196 | INFO     | Starting training with 1 GPUs
2025-12-24 08:37:11,483 | INFO     | Total trainable parameters: 3381321
2025-12-24 08:37:11,483 | INFO     | Data loaded: 380 training batches, 33 validation batches, 44 test batches
2025-12-24 08:37:11,484 | INFO     | Staring training for 250 epochs
2025-12-24 08:39:43,410 | INFO     | Epoch 1/250 - Train Loss: 0.877518, Val Loss: 0.647961[0m
2025-12-24 08:39:43,440 | INFO     | New best model saved with Val Loss: 0.647961
2025-12-24 08:42:15,437 | INFO     | Epoch 2/250 - Train Loss: 0.634100, Val Loss: 0.632313[0m
2025-12-24 08:42:15,487 | INFO     | New best model saved with Val Loss: 0.632313
2025-12-24 08:44:47,574 | INFO     | Epoch 3/250 - Train Loss: 0.596617, Val Loss: 0.565914[0m
2025-12-24 08:44:47,617 | INFO     | New best model saved with Val Loss: 0.565914
2025-12-24 08:45:13,636 | INFO     | Epoch 1/250 - Train Loss: 0.879810, Val Loss: 0.617436[0m
2025-12-24 08:45:13,686 | INFO     | New best model saved with Val Loss: 0.617436
2025-12-24 08:47:19,723 | INFO     | Epoch 4/250 - Train Loss: 0.592296, Val Loss: 0.580762[0m
2025-12-24 08:49:51,941 | INFO     | Epoch 5/250 - Train Loss: 0.571021, Val Loss: 0.541369[0m
2025-12-24 08:49:51,992 | INFO     | New best model saved with Val Loss: 0.541369
2025-12-24 08:52:23,952 | INFO     | Epoch 6/250 - Train Loss: 0.512528, Val Loss: 0.503646[0m
2025-12-24 08:52:24,003 | INFO     | New best model saved with Val Loss: 0.503646
2025-12-24 08:54:03,915 | INFO     | Epoch 2/250 - Train Loss: 0.617352, Val Loss: 0.643960[0m
2025-12-24 08:54:55,973 | INFO     | Epoch 7/250 - Train Loss: 0.439209, Val Loss: 0.404902[0m
2025-12-24 08:54:56,034 | INFO     | New best model saved with Val Loss: 0.404902
2025-12-24 08:57:28,000 | INFO     | Epoch 8/250 - Train Loss: 0.394643, Val Loss: 0.336939[0m
2025-12-24 08:57:28,045 | INFO     | New best model saved with Val Loss: 0.336939
2025-12-24 08:59:59,973 | INFO     | Epoch 9/250 - Train Loss: 0.360972, Val Loss: 0.331919[0m
2025-12-24 09:00:00,025 | INFO     | New best model saved with Val Loss: 0.331919
2025-12-24 09:02:31,952 | INFO     | Epoch 10/250 - Train Loss: 0.333137, Val Loss: 0.317194[0m
2025-12-24 09:02:32,001 | INFO     | New best model saved with Val Loss: 0.317194
2025-12-24 09:02:52,930 | INFO     | Epoch 3/250 - Train Loss: 0.581007, Val Loss: 0.574136[0m
2025-12-24 09:02:52,976 | INFO     | New best model saved with Val Loss: 0.574136
2025-12-24 09:05:04,073 | INFO     | Epoch 11/250 - Train Loss: 0.347884, Val Loss: 0.311539[0m
2025-12-24 09:05:04,122 | INFO     | New best model saved with Val Loss: 0.311539
2025-12-24 09:07:36,062 | INFO     | Epoch 12/250 - Train Loss: 0.314669, Val Loss: 0.298352[0m
2025-12-24 09:07:36,111 | INFO     | New best model saved with Val Loss: 0.298352
2025-12-24 09:10:08,051 | INFO     | Epoch 13/250 - Train Loss: 0.301517, Val Loss: 0.292497[0m
2025-12-24 09:10:08,102 | INFO     | New best model saved with Val Loss: 0.292497
2025-12-24 09:11:41,580 | INFO     | Epoch 4/250 - Train Loss: 0.555358, Val Loss: 0.556883[0m
2025-12-24 09:11:41,632 | INFO     | New best model saved with Val Loss: 0.556883
2025-12-24 09:12:40,049 | INFO     | Epoch 14/250 - Train Loss: 0.296953, Val Loss: 0.283838[0m
2025-12-24 09:12:40,108 | INFO     | New best model saved with Val Loss: 0.283838
2025-12-24 09:15:12,053 | INFO     | Epoch 15/250 - Train Loss: 0.285077, Val Loss: 0.272863[0m
2025-12-24 09:15:12,102 | INFO     | New best model saved with Val Loss: 0.272863
2025-12-24 09:17:44,032 | INFO     | Epoch 16/250 - Train Loss: 0.281009, Val Loss: 0.270140[0m
2025-12-24 09:17:44,081 | INFO     | New best model saved with Val Loss: 0.270140
2025-12-24 09:20:15,970 | INFO     | Epoch 17/250 - Train Loss: 0.268256, Val Loss: 0.251001[0m
2025-12-24 09:20:16,026 | INFO     | New best model saved with Val Loss: 0.251001
2025-12-24 09:20:29,689 | INFO     | Epoch 5/250 - Train Loss: 0.551177, Val Loss: 0.534583[0m
2025-12-24 09:20:29,741 | INFO     | New best model saved with Val Loss: 0.534583
2025-12-24 09:22:47,893 | INFO     | Epoch 18/250 - Train Loss: 0.257414, Val Loss: 0.243175[0m
2025-12-24 09:22:47,941 | INFO     | New best model saved with Val Loss: 0.243175
2025-12-24 09:25:19,841 | INFO     | Epoch 19/250 - Train Loss: 0.233639, Val Loss: 0.228932[0m
2025-12-24 09:25:19,895 | INFO     | New best model saved with Val Loss: 0.228932
2025-12-24 09:27:51,773 | INFO     | Epoch 20/250 - Train Loss: 0.217087, Val Loss: 0.206160[0m
2025-12-24 09:27:51,833 | INFO     | New best model saved with Val Loss: 0.206160
2025-12-24 09:29:20,339 | INFO     | Epoch 6/250 - Train Loss: 0.511999, Val Loss: 0.499519[0m
2025-12-24 09:29:20,390 | INFO     | New best model saved with Val Loss: 0.499519
2025-12-24 09:30:23,838 | INFO     | Epoch 21/250 - Train Loss: 0.212636, Val Loss: 0.193668[0m
2025-12-24 09:30:23,887 | INFO     | New best model saved with Val Loss: 0.193668
2025-12-24 09:32:55,771 | INFO     | Epoch 22/250 - Train Loss: 0.201344, Val Loss: 0.196580[0m
2025-12-24 09:35:27,662 | INFO     | Epoch 23/250 - Train Loss: 0.197476, Val Loss: 0.186611[0m
2025-12-24 09:35:27,712 | INFO     | New best model saved with Val Loss: 0.186611
2025-12-24 09:37:59,588 | INFO     | Epoch 24/250 - Train Loss: 0.188836, Val Loss: 0.169913[0m
2025-12-24 09:37:59,633 | INFO     | New best model saved with Val Loss: 0.169913
2025-12-24 09:38:10,989 | INFO     | Epoch 7/250 - Train Loss: 0.469377, Val Loss: 0.423806[0m
2025-12-24 09:38:11,041 | INFO     | New best model saved with Val Loss: 0.423806
2025-12-24 09:40:31,506 | INFO     | Epoch 25/250 - Train Loss: 0.187348, Val Loss: 0.182302[0m
2025-12-24 09:43:03,383 | INFO     | Epoch 26/250 - Train Loss: 0.180968, Val Loss: 0.166350[0m
2025-12-24 09:43:03,435 | INFO     | New best model saved with Val Loss: 0.166350
2025-12-24 09:45:35,321 | INFO     | Epoch 27/250 - Train Loss: 0.173858, Val Loss: 0.169810[0m
2025-12-24 09:47:01,637 | INFO     | Epoch 8/250 - Train Loss: 0.395153, Val Loss: 0.371295[0m
2025-12-24 09:47:01,689 | INFO     | New best model saved with Val Loss: 0.371295
2025-12-24 09:48:07,195 | INFO     | Epoch 28/250 - Train Loss: 0.166499, Val Loss: 0.147833[0m
2025-12-24 09:48:07,246 | INFO     | New best model saved with Val Loss: 0.147833
2025-12-24 09:50:39,119 | INFO     | Epoch 29/250 - Train Loss: 0.157674, Val Loss: 0.142249[0m
2025-12-24 09:50:39,158 | INFO     | New best model saved with Val Loss: 0.142249
2025-12-24 09:53:11,046 | INFO     | Epoch 30/250 - Train Loss: 0.156859, Val Loss: 0.134428[0m
2025-12-24 09:53:11,097 | INFO     | New best model saved with Val Loss: 0.134428
2025-12-24 09:55:43,088 | INFO     | Epoch 31/250 - Train Loss: 0.144829, Val Loss: 0.137643[0m
2025-12-24 09:55:52,241 | INFO     | Epoch 9/250 - Train Loss: 0.360168, Val Loss: 0.334520[0m
2025-12-24 09:55:52,292 | INFO     | New best model saved with Val Loss: 0.334520
2025-12-24 09:58:14,964 | INFO     | Epoch 32/250 - Train Loss: 0.140335, Val Loss: 0.135145[0m
2025-12-24 10:00:46,852 | INFO     | Epoch 33/250 - Train Loss: 0.135784, Val Loss: 0.128051[0m
2025-12-24 10:00:46,902 | INFO     | New best model saved with Val Loss: 0.128051
2025-12-24 10:03:18,786 | INFO     | Epoch 34/250 - Train Loss: 0.132153, Val Loss: 0.126315[0m
2025-12-24 10:03:18,831 | INFO     | New best model saved with Val Loss: 0.126315
2025-12-24 10:04:42,775 | INFO     | Epoch 10/250 - Train Loss: 0.364210, Val Loss: 0.848672[0m
2025-12-24 10:05:50,720 | INFO     | Epoch 35/250 - Train Loss: 0.128382, Val Loss: 0.111557[0m
2025-12-24 10:05:50,770 | INFO     | New best model saved with Val Loss: 0.111557
2025-12-24 10:08:22,653 | INFO     | Epoch 36/250 - Train Loss: 0.124069, Val Loss: 0.121358[0m
2025-12-24 10:10:54,539 | INFO     | Epoch 37/250 - Train Loss: 0.124257, Val Loss: 0.121458[0m
2025-12-24 10:13:26,416 | INFO     | Epoch 38/250 - Train Loss: 0.120971, Val Loss: 0.104354[0m
2025-12-24 10:13:26,466 | INFO     | New best model saved with Val Loss: 0.104354
2025-12-24 10:13:33,066 | INFO     | Epoch 11/250 - Train Loss: 0.721811, Val Loss: 0.650872[0m
2025-12-24 10:15:58,340 | INFO     | Epoch 39/250 - Train Loss: 0.116422, Val Loss: 0.102509[0m
2025-12-24 10:15:58,390 | INFO     | New best model saved with Val Loss: 0.102509
2025-12-24 10:18:30,274 | INFO     | Epoch 40/250 - Train Loss: 0.112248, Val Loss: 0.107640[0m
2025-12-24 10:21:02,259 | INFO     | Epoch 41/250 - Train Loss: 0.114333, Val Loss: 0.102369[0m
2025-12-24 10:21:02,314 | INFO     | New best model saved with Val Loss: 0.102369
2025-12-24 10:22:23,172 | INFO     | Epoch 12/250 - Train Loss: 0.641798, Val Loss: 0.593459[0m
2025-12-24 10:23:34,191 | INFO     | Epoch 42/250 - Train Loss: 0.109553, Val Loss: 0.096619[0m
2025-12-24 10:23:34,241 | INFO     | New best model saved with Val Loss: 0.096619
2025-12-24 10:26:06,126 | INFO     | Epoch 43/250 - Train Loss: 0.108032, Val Loss: 0.094427[0m
2025-12-24 10:26:06,177 | INFO     | New best model saved with Val Loss: 0.094427
2025-12-24 10:28:38,058 | INFO     | Epoch 44/250 - Train Loss: 0.105628, Val Loss: 0.098900[0m
2025-12-24 10:31:09,937 | INFO     | Epoch 45/250 - Train Loss: 0.104571, Val Loss: 0.095891[0m
2025-12-24 10:31:13,450 | INFO     | Epoch 13/250 - Train Loss: 0.602524, Val Loss: 0.570591[0m
2025-12-24 10:33:41,799 | INFO     | Epoch 46/250 - Train Loss: 0.100514, Val Loss: 0.093241[0m
2025-12-24 10:33:41,851 | INFO     | New best model saved with Val Loss: 0.093241
2025-12-24 10:36:13,722 | INFO     | Epoch 47/250 - Train Loss: 0.098218, Val Loss: 0.098650[0m
2025-12-24 10:38:45,572 | INFO     | Epoch 48/250 - Train Loss: 0.098568, Val Loss: 0.091738[0m
2025-12-24 10:38:45,622 | INFO     | New best model saved with Val Loss: 0.091738
2025-12-24 10:40:03,691 | INFO     | Epoch 14/250 - Train Loss: 0.565861, Val Loss: 0.552687[0m
2025-12-24 10:41:17,517 | INFO     | Epoch 49/250 - Train Loss: 0.094406, Val Loss: 0.084850[0m
2025-12-24 10:41:17,572 | INFO     | New best model saved with Val Loss: 0.084850
2025-12-24 10:43:49,439 | INFO     | Epoch 50/250 - Train Loss: 0.093642, Val Loss: 0.084220[0m
2025-12-24 10:43:49,489 | INFO     | New best model saved with Val Loss: 0.084220
2025-12-24 10:46:21,457 | INFO     | Epoch 51/250 - Train Loss: 0.079709, Val Loss: 0.075003[0m
2025-12-24 10:46:21,512 | INFO     | New best model saved with Val Loss: 0.075003
2025-12-24 10:48:53,387 | INFO     | Epoch 52/250 - Train Loss: 0.077046, Val Loss: 0.070971[0m
2025-12-24 10:48:53,438 | INFO     | New best model saved with Val Loss: 0.070971
2025-12-24 10:48:54,058 | INFO     | Epoch 15/250 - Train Loss: 0.524005, Val Loss: 0.510005[0m
2025-12-24 10:51:25,315 | INFO     | Epoch 53/250 - Train Loss: 0.076292, Val Loss: 0.073325[0m
2025-12-24 10:53:57,185 | INFO     | Epoch 54/250 - Train Loss: 0.075606, Val Loss: 0.067912[0m
2025-12-24 10:53:57,245 | INFO     | New best model saved with Val Loss: 0.067912
2025-12-24 10:56:29,141 | INFO     | Epoch 55/250 - Train Loss: 0.074492, Val Loss: 0.068619[0m
2025-12-24 10:57:44,558 | INFO     | Epoch 16/250 - Train Loss: 0.492398, Val Loss: 0.489746[0m
2025-12-24 10:59:01,023 | INFO     | Epoch 56/250 - Train Loss: 0.073475, Val Loss: 0.067766[0m
2025-12-24 10:59:01,075 | INFO     | New best model saved with Val Loss: 0.067766
2025-12-24 11:01:32,955 | INFO     | Epoch 57/250 - Train Loss: 0.072264, Val Loss: 0.068684[0m
2025-12-24 11:04:04,838 | INFO     | Epoch 58/250 - Train Loss: 0.071100, Val Loss: 0.066044[0m
2025-12-24 11:04:04,889 | INFO     | New best model saved with Val Loss: 0.066044
2025-12-24 11:06:35,030 | INFO     | Epoch 17/250 - Train Loss: 0.455083, Val Loss: 0.397734[0m
2025-12-24 11:06:36,759 | INFO     | Epoch 59/250 - Train Loss: 0.069836, Val Loss: 0.063824[0m
2025-12-24 11:06:36,812 | INFO     | New best model saved with Val Loss: 0.063824
2025-12-24 11:09:08,687 | INFO     | Epoch 60/250 - Train Loss: 0.068694, Val Loss: 0.064927[0m
2025-12-24 11:11:40,692 | INFO     | Epoch 61/250 - Train Loss: 0.067545, Val Loss: 0.060261[0m
2025-12-24 11:11:40,743 | INFO     | New best model saved with Val Loss: 0.060261
2025-12-24 11:14:12,609 | INFO     | Epoch 62/250 - Train Loss: 0.067005, Val Loss: 0.062193[0m
2025-12-24 11:15:25,588 | INFO     | Epoch 18/250 - Train Loss: 0.388079, Val Loss: 0.351599[0m
2025-12-24 11:16:44,495 | INFO     | Epoch 63/250 - Train Loss: 0.066357, Val Loss: 0.059796[0m
2025-12-24 11:16:44,545 | INFO     | New best model saved with Val Loss: 0.059796
2025-12-24 11:19:16,415 | INFO     | Epoch 64/250 - Train Loss: 0.065312, Val Loss: 0.063099[0m
2025-12-24 11:21:48,283 | INFO     | Epoch 65/250 - Train Loss: 0.064444, Val Loss: 0.059487[0m
2025-12-24 11:21:48,333 | INFO     | New best model saved with Val Loss: 0.059487
2025-12-24 11:24:16,137 | INFO     | Epoch 19/250 - Train Loss: 0.344697, Val Loss: 0.317093[0m
2025-12-24 11:24:16,189 | INFO     | New best model saved with Val Loss: 0.317093
2025-12-24 11:24:20,193 | INFO     | Epoch 66/250 - Train Loss: 0.063381, Val Loss: 0.058088[0m
2025-12-24 11:24:20,244 | INFO     | New best model saved with Val Loss: 0.058088
2025-12-24 11:26:52,095 | INFO     | Epoch 67/250 - Train Loss: 0.061864, Val Loss: 0.055479[0m
2025-12-24 11:26:52,145 | INFO     | New best model saved with Val Loss: 0.055479
2025-12-24 11:29:24,015 | INFO     | Epoch 68/250 - Train Loss: 0.061881, Val Loss: 0.069803[0m
2025-12-24 11:31:55,891 | INFO     | Epoch 69/250 - Train Loss: 0.061231, Val Loss: 0.059685[0m
2025-12-24 11:33:06,568 | INFO     | Epoch 20/250 - Train Loss: 0.326084, Val Loss: 0.314417[0m
2025-12-24 11:33:06,619 | INFO     | New best model saved with Val Loss: 0.314417
2025-12-24 11:34:27,763 | INFO     | Epoch 70/250 - Train Loss: 0.060470, Val Loss: 0.055379[0m
2025-12-24 11:34:27,814 | INFO     | New best model saved with Val Loss: 0.055379
2025-12-24 11:36:59,775 | INFO     | Epoch 71/250 - Train Loss: 0.060465, Val Loss: 0.059517[0m
2025-12-24 11:39:31,651 | INFO     | Epoch 72/250 - Train Loss: 0.059150, Val Loss: 0.061536[0m
2025-12-24 11:41:57,326 | INFO     | Epoch 21/250 - Train Loss: 0.303382, Val Loss: 0.283931[0m
2025-12-24 11:41:57,378 | INFO     | New best model saved with Val Loss: 0.283931
2025-12-24 11:42:03,524 | INFO     | Epoch 73/250 - Train Loss: 0.058665, Val Loss: 0.055821[0m
2025-12-24 11:44:35,384 | INFO     | Epoch 74/250 - Train Loss: 0.057634, Val Loss: 0.055004[0m
2025-12-24 11:44:35,436 | INFO     | New best model saved with Val Loss: 0.055004
2025-12-24 11:47:07,307 | INFO     | Epoch 75/250 - Train Loss: 0.057368, Val Loss: 0.057077[0m
2025-12-24 11:49:39,174 | INFO     | Epoch 76/250 - Train Loss: 0.056392, Val Loss: 0.051985[0m
2025-12-24 11:49:39,225 | INFO     | New best model saved with Val Loss: 0.051985
2025-12-24 11:50:47,972 | INFO     | Epoch 22/250 - Train Loss: 0.296438, Val Loss: 0.276441[0m
2025-12-24 11:50:48,026 | INFO     | New best model saved with Val Loss: 0.276441
2025-12-24 11:52:11,099 | INFO     | Epoch 77/250 - Train Loss: 0.055953, Val Loss: 0.052457[0m
2025-12-24 11:54:42,980 | INFO     | Epoch 78/250 - Train Loss: 0.055890, Val Loss: 0.050945[0m
2025-12-24 11:54:43,031 | INFO     | New best model saved with Val Loss: 0.050945
2025-12-24 11:57:14,895 | INFO     | Epoch 79/250 - Train Loss: 0.054806, Val Loss: 0.053335[0m
2025-12-24 11:59:38,637 | INFO     | Epoch 23/250 - Train Loss: 0.271920, Val Loss: 0.251158[0m
2025-12-24 11:59:38,689 | INFO     | New best model saved with Val Loss: 0.251158
2025-12-24 11:59:46,764 | INFO     | Epoch 80/250 - Train Loss: 0.055149, Val Loss: 0.052232[0m
2025-12-24 12:02:18,723 | INFO     | Epoch 81/250 - Train Loss: 0.054414, Val Loss: 0.049034[0m
2025-12-24 12:02:18,773 | INFO     | New best model saved with Val Loss: 0.049034
2025-12-24 12:04:50,636 | INFO     | Epoch 82/250 - Train Loss: 0.053978, Val Loss: 0.048518[0m
2025-12-24 12:04:50,687 | INFO     | New best model saved with Val Loss: 0.048518
2025-12-24 12:07:22,554 | INFO     | Epoch 83/250 - Train Loss: 0.052966, Val Loss: 0.051518[0m
2025-12-24 12:08:29,204 | INFO     | Epoch 24/250 - Train Loss: 0.263798, Val Loss: 0.228602[0m
2025-12-24 12:08:29,256 | INFO     | New best model saved with Val Loss: 0.228602
2025-12-24 12:09:54,430 | INFO     | Epoch 84/250 - Train Loss: 0.052975, Val Loss: 0.049819[0m
2025-12-24 12:12:26,284 | INFO     | Epoch 85/250 - Train Loss: 0.052066, Val Loss: 0.051639[0m
2025-12-24 12:14:58,137 | INFO     | Epoch 86/250 - Train Loss: 0.052131, Val Loss: 0.050355[0m
2025-12-24 12:17:19,820 | INFO     | Epoch 25/250 - Train Loss: 0.242374, Val Loss: 0.221738[0m
2025-12-24 12:17:19,868 | INFO     | New best model saved with Val Loss: 0.221738
2025-12-24 12:17:29,998 | INFO     | Epoch 87/250 - Train Loss: 0.051231, Val Loss: 0.048571[0m
2025-12-24 12:20:01,870 | INFO     | Epoch 88/250 - Train Loss: 0.050405, Val Loss: 0.048047[0m
2025-12-24 12:20:01,921 | INFO     | New best model saved with Val Loss: 0.048047
2025-12-24 12:22:33,779 | INFO     | Epoch 89/250 - Train Loss: 0.050969, Val Loss: 0.049362[0m
2025-12-24 12:25:05,640 | INFO     | Epoch 90/250 - Train Loss: 0.049834, Val Loss: 0.048725[0m
2025-12-24 12:26:10,429 | INFO     | Epoch 26/250 - Train Loss: 0.233824, Val Loss: 0.228819[0m
2025-12-24 12:27:37,592 | INFO     | Epoch 91/250 - Train Loss: 0.049470, Val Loss: 0.049365[0m
2025-12-24 12:30:09,464 | INFO     | Epoch 92/250 - Train Loss: 0.050256, Val Loss: 0.049416[0m
2025-12-24 12:32:41,339 | INFO     | Epoch 93/250 - Train Loss: 0.049819, Val Loss: 0.047732[0m
2025-12-24 12:32:41,390 | INFO     | New best model saved with Val Loss: 0.047732
2025-12-24 12:35:00,937 | INFO     | Epoch 27/250 - Train Loss: 0.227850, Val Loss: 0.231690[0m
2025-12-24 12:35:13,268 | INFO     | Epoch 94/250 - Train Loss: 0.047959, Val Loss: 0.047146[0m
2025-12-24 12:35:13,318 | INFO     | New best model saved with Val Loss: 0.047146
2025-12-24 12:37:45,178 | INFO     | Epoch 95/250 - Train Loss: 0.047446, Val Loss: 0.044472[0m
2025-12-24 12:37:45,229 | INFO     | New best model saved with Val Loss: 0.044472
2025-12-24 12:40:17,095 | INFO     | Epoch 96/250 - Train Loss: 0.047383, Val Loss: 0.045540[0m
2025-12-24 12:42:48,951 | INFO     | Epoch 97/250 - Train Loss: 0.048389, Val Loss: 0.042392[0m
2025-12-24 12:42:48,990 | INFO     | New best model saved with Val Loss: 0.042392
2025-12-24 12:43:51,430 | INFO     | Epoch 28/250 - Train Loss: 0.218711, Val Loss: 0.203614[0m
2025-12-24 12:43:51,477 | INFO     | New best model saved with Val Loss: 0.203614
2025-12-24 12:45:20,848 | INFO     | Epoch 98/250 - Train Loss: 0.047473, Val Loss: 0.044297[0m
2025-12-24 12:47:52,702 | INFO     | Epoch 99/250 - Train Loss: 0.046395, Val Loss: 0.044703[0m
2025-12-24 12:50:24,546 | INFO     | Epoch 100/250 - Train Loss: 0.045457, Val Loss: 0.044031[0m
2025-12-24 12:52:41,970 | INFO     | Epoch 29/250 - Train Loss: 0.204931, Val Loss: 0.188399[0m
2025-12-24 12:52:42,017 | INFO     | New best model saved with Val Loss: 0.188399
2025-12-24 12:52:56,508 | INFO     | Epoch 101/250 - Train Loss: 0.039003, Val Loss: 0.036887[0m
2025-12-24 12:52:56,558 | INFO     | New best model saved with Val Loss: 0.036887
2025-12-24 12:55:28,427 | INFO     | Epoch 102/250 - Train Loss: 0.038520, Val Loss: 0.038000[0m
2025-12-24 12:58:00,304 | INFO     | Epoch 103/250 - Train Loss: 0.038381, Val Loss: 0.036530[0m
2025-12-24 12:58:00,353 | INFO     | New best model saved with Val Loss: 0.036530
2025-12-24 13:00:32,236 | INFO     | Epoch 104/250 - Train Loss: 0.038283, Val Loss: 0.037257[0m
2025-12-24 13:01:32,389 | INFO     | Epoch 30/250 - Train Loss: 0.198688, Val Loss: 0.181757[0m
2025-12-24 13:01:32,436 | INFO     | New best model saved with Val Loss: 0.181757
2025-12-24 13:03:04,135 | INFO     | Epoch 105/250 - Train Loss: 0.038084, Val Loss: 0.037502[0m
2025-12-24 13:05:35,991 | INFO     | Epoch 106/250 - Train Loss: 0.037827, Val Loss: 0.036931[0m
2025-12-24 13:08:07,860 | INFO     | Epoch 107/250 - Train Loss: 0.037586, Val Loss: 0.037375[0m
2025-12-24 13:10:23,058 | INFO     | Epoch 31/250 - Train Loss: 0.188902, Val Loss: 0.172155[0m
2025-12-24 13:10:23,102 | INFO     | New best model saved with Val Loss: 0.172155
2025-12-24 13:10:39,732 | INFO     | Epoch 108/250 - Train Loss: 0.037323, Val Loss: 0.037618[0m
2025-12-24 13:13:11,607 | INFO     | Epoch 109/250 - Train Loss: 0.036741, Val Loss: 0.036036[0m
2025-12-24 13:13:11,658 | INFO     | New best model saved with Val Loss: 0.036036
2025-12-24 13:15:43,548 | INFO     | Epoch 110/250 - Train Loss: 0.037680, Val Loss: 0.036871[0m
2025-12-24 13:18:15,526 | INFO     | Epoch 111/250 - Train Loss: 0.036412, Val Loss: 0.036130[0m
2025-12-24 13:19:13,706 | INFO     | Epoch 32/250 - Train Loss: 0.175859, Val Loss: 0.159141[0m
2025-12-24 13:19:13,758 | INFO     | New best model saved with Val Loss: 0.159141
2025-12-24 13:20:47,407 | INFO     | Epoch 112/250 - Train Loss: 0.036069, Val Loss: 0.035539[0m
2025-12-24 13:20:47,457 | INFO     | New best model saved with Val Loss: 0.035539
2025-12-24 13:23:19,330 | INFO     | Epoch 113/250 - Train Loss: 0.036548, Val Loss: 0.035477[0m
2025-12-24 13:23:19,375 | INFO     | New best model saved with Val Loss: 0.035477
2025-12-24 13:25:51,260 | INFO     | Epoch 114/250 - Train Loss: 0.035805, Val Loss: 0.036705[0m
2025-12-24 13:28:04,265 | INFO     | Epoch 33/250 - Train Loss: 0.171191, Val Loss: 0.151453[0m
2025-12-24 13:28:04,321 | INFO     | New best model saved with Val Loss: 0.151453
2025-12-24 13:28:23,135 | INFO     | Epoch 115/250 - Train Loss: 0.035504, Val Loss: 0.039706[0m
2025-12-24 13:30:55,020 | INFO     | Epoch 116/250 - Train Loss: 0.035699, Val Loss: 0.037318[0m
2025-12-24 13:33:26,892 | INFO     | Epoch 117/250 - Train Loss: 0.035201, Val Loss: 0.034088[0m
2025-12-24 13:33:26,943 | INFO     | New best model saved with Val Loss: 0.034088
2025-12-24 13:35:58,833 | INFO     | Epoch 118/250 - Train Loss: 0.035403, Val Loss: 0.034948[0m
2025-12-24 13:36:54,869 | INFO     | Epoch 34/250 - Train Loss: 0.161702, Val Loss: 0.147513[0m
2025-12-24 13:36:54,922 | INFO     | New best model saved with Val Loss: 0.147513
2025-12-24 13:38:30,705 | INFO     | Epoch 119/250 - Train Loss: 0.034722, Val Loss: 0.034096[0m
2025-12-24 13:41:02,587 | INFO     | Epoch 120/250 - Train Loss: 0.035240, Val Loss: 0.034429[0m
2025-12-24 13:43:34,556 | INFO     | Epoch 121/250 - Train Loss: 0.034440, Val Loss: 0.033841[0m
2025-12-24 13:43:34,608 | INFO     | New best model saved with Val Loss: 0.033841
2025-12-24 13:45:45,347 | INFO     | Epoch 35/250 - Train Loss: 0.156165, Val Loss: 0.138981[0m
2025-12-24 13:45:45,398 | INFO     | New best model saved with Val Loss: 0.138981
2025-12-24 13:46:06,495 | INFO     | Epoch 122/250 - Train Loss: 0.034640, Val Loss: 0.034021[0m
2025-12-24 13:48:38,364 | INFO     | Epoch 123/250 - Train Loss: 0.034559, Val Loss: 0.034177[0m
2025-12-24 13:51:10,236 | INFO     | Epoch 124/250 - Train Loss: 0.034076, Val Loss: 0.033296[0m
2025-12-24 13:51:10,288 | INFO     | New best model saved with Val Loss: 0.033296
2025-12-24 13:53:42,154 | INFO     | Epoch 125/250 - Train Loss: 0.033372, Val Loss: 0.033270[0m
2025-12-24 13:53:42,205 | INFO     | New best model saved with Val Loss: 0.033270
2025-12-24 13:54:35,923 | INFO     | Epoch 36/250 - Train Loss: 0.150621, Val Loss: 0.136645[0m
2025-12-24 13:54:35,976 | INFO     | New best model saved with Val Loss: 0.136645
2025-12-24 13:56:14,065 | INFO     | Epoch 126/250 - Train Loss: 0.033679, Val Loss: 0.034929[0m
2025-12-24 13:58:45,944 | INFO     | Epoch 127/250 - Train Loss: 0.033262, Val Loss: 0.033394[0m
2025-12-24 14:01:17,825 | INFO     | Epoch 128/250 - Train Loss: 0.033169, Val Loss: 0.033522[0m
2025-12-24 14:03:26,540 | INFO     | Epoch 37/250 - Train Loss: 0.146608, Val Loss: 0.141797[0m
2025-12-24 14:03:49,699 | INFO     | Epoch 129/250 - Train Loss: 0.033110, Val Loss: 0.033399[0m
2025-12-24 14:06:21,575 | INFO     | Epoch 130/250 - Train Loss: 0.032861, Val Loss: 0.032072[0m
2025-12-24 14:06:21,626 | INFO     | New best model saved with Val Loss: 0.032072
2025-12-24 14:08:53,589 | INFO     | Epoch 131/250 - Train Loss: 0.032790, Val Loss: 0.032844[0m
2025-12-24 14:11:26,660 | INFO     | Epoch 132/250 - Train Loss: 0.032363, Val Loss: 0.032255[0m
2025-12-24 14:12:17,089 | INFO     | Epoch 38/250 - Train Loss: 0.139495, Val Loss: 0.129720[0m
2025-12-24 14:12:17,127 | INFO     | New best model saved with Val Loss: 0.129720
2025-12-24 14:13:58,548 | INFO     | Epoch 133/250 - Train Loss: 0.032903, Val Loss: 0.033758[0m
2025-12-24 14:16:30,423 | INFO     | Epoch 134/250 - Train Loss: 0.032456, Val Loss: 0.032775[0m
2025-12-24 14:19:02,289 | INFO     | Epoch 135/250 - Train Loss: 0.032189, Val Loss: 0.032604[0m
2025-12-24 14:21:07,673 | INFO     | Epoch 39/250 - Train Loss: 0.137454, Val Loss: 0.143943[0m
2025-12-24 14:21:35,391 | INFO     | Epoch 136/250 - Train Loss: 0.031859, Val Loss: 0.031167[0m
2025-12-24 14:21:35,432 | INFO     | New best model saved with Val Loss: 0.031167
2025-12-24 14:24:07,314 | INFO     | Epoch 137/250 - Train Loss: 0.031687, Val Loss: 0.033484[0m
2025-12-24 14:26:39,185 | INFO     | Epoch 138/250 - Train Loss: 0.031880, Val Loss: 0.031351[0m
2025-12-24 14:29:11,059 | INFO     | Epoch 139/250 - Train Loss: 0.031483, Val Loss: 0.031659[0m
2025-12-24 14:29:58,017 | INFO     | Epoch 40/250 - Train Loss: 0.132871, Val Loss: 0.118644[0m
2025-12-24 14:29:58,071 | INFO     | New best model saved with Val Loss: 0.118644
2025-12-24 14:31:42,919 | INFO     | Epoch 140/250 - Train Loss: 0.031376, Val Loss: 0.032942[0m
2025-12-24 14:34:14,879 | INFO     | Epoch 141/250 - Train Loss: 0.031461, Val Loss: 0.031696[0m
2025-12-24 14:36:46,773 | INFO     | Epoch 142/250 - Train Loss: 0.031567, Val Loss: 0.032443[0m
2025-12-24 14:38:48,728 | INFO     | Epoch 41/250 - Train Loss: 0.129801, Val Loss: 0.140120[0m
2025-12-24 14:39:18,675 | INFO     | Epoch 143/250 - Train Loss: 0.031599, Val Loss: 0.030564[0m
2025-12-24 14:39:18,726 | INFO     | New best model saved with Val Loss: 0.030564
2025-12-24 14:41:50,607 | INFO     | Epoch 144/250 - Train Loss: 0.030926, Val Loss: 0.030902[0m
2025-12-24 14:44:22,501 | INFO     | Epoch 145/250 - Train Loss: 0.030586, Val Loss: 0.032436[0m
2025-12-24 14:46:54,388 | INFO     | Epoch 146/250 - Train Loss: 0.030565, Val Loss: 0.030368[0m
2025-12-24 14:46:54,444 | INFO     | New best model saved with Val Loss: 0.030368
2025-12-24 14:47:39,241 | INFO     | Epoch 42/250 - Train Loss: 0.127939, Val Loss: 0.114279[0m
2025-12-24 14:47:39,290 | INFO     | New best model saved with Val Loss: 0.114279
2025-12-24 14:49:26,341 | INFO     | Epoch 147/250 - Train Loss: 0.030747, Val Loss: 0.030955[0m
2025-12-24 14:51:58,236 | INFO     | Epoch 148/250 - Train Loss: 0.030278, Val Loss: 0.032306[0m
2025-12-24 14:54:30,127 | INFO     | Epoch 149/250 - Train Loss: 0.030792, Val Loss: 0.030641[0m
2025-12-24 14:56:29,730 | INFO     | Epoch 43/250 - Train Loss: 0.123290, Val Loss: 0.112280[0m
2025-12-24 14:56:29,782 | INFO     | New best model saved with Val Loss: 0.112280
2025-12-24 14:57:02,016 | INFO     | Epoch 150/250 - Train Loss: 0.030325, Val Loss: 0.030579[0m
2025-12-24 14:59:33,995 | INFO     | Epoch 151/250 - Train Loss: 0.026922, Val Loss: 0.027728[0m
2025-12-24 14:59:34,046 | INFO     | New best model saved with Val Loss: 0.027728
2025-12-24 15:02:05,930 | INFO     | Epoch 152/250 - Train Loss: 0.026401, Val Loss: 0.027046[0m
2025-12-24 15:02:05,981 | INFO     | New best model saved with Val Loss: 0.027046
2025-12-24 15:04:37,871 | INFO     | Epoch 153/250 - Train Loss: 0.026509, Val Loss: 0.028102[0m
2025-12-24 15:05:20,314 | INFO     | Epoch 44/250 - Train Loss: 0.122577, Val Loss: 0.116231[0m
2025-12-24 15:07:09,747 | INFO     | Epoch 154/250 - Train Loss: 0.026450, Val Loss: 0.027485[0m
2025-12-24 15:09:41,636 | INFO     | Epoch 155/250 - Train Loss: 0.026500, Val Loss: 0.027828[0m
2025-12-24 15:12:13,508 | INFO     | Epoch 156/250 - Train Loss: 0.026166, Val Loss: 0.027758[0m
2025-12-24 15:14:10,847 | INFO     | Epoch 45/250 - Train Loss: 0.119894, Val Loss: 0.108896[0m
2025-12-24 15:14:10,897 | INFO     | New best model saved with Val Loss: 0.108896
2025-12-24 15:14:45,381 | INFO     | Epoch 157/250 - Train Loss: 0.026040, Val Loss: 0.026777[0m
2025-12-24 15:14:45,431 | INFO     | New best model saved with Val Loss: 0.026777
2025-12-24 15:17:17,293 | INFO     | Epoch 158/250 - Train Loss: 0.025984, Val Loss: 0.027412[0m
2025-12-24 15:19:49,165 | INFO     | Epoch 159/250 - Train Loss: 0.025855, Val Loss: 0.028704[0m
2025-12-24 15:22:21,032 | INFO     | Epoch 160/250 - Train Loss: 0.026026, Val Loss: 0.027426[0m
2025-12-24 15:23:01,376 | INFO     | Epoch 46/250 - Train Loss: 0.115293, Val Loss: 0.104649[0m
2025-12-24 15:23:01,423 | INFO     | New best model saved with Val Loss: 0.104649
2025-12-24 15:24:53,040 | INFO     | Epoch 161/250 - Train Loss: 0.025873, Val Loss: 0.027289[0m
2025-12-24 15:27:24,912 | INFO     | Epoch 162/250 - Train Loss: 0.025756, Val Loss: 0.026537[0m
2025-12-24 15:27:24,963 | INFO     | New best model saved with Val Loss: 0.026537
2025-12-24 15:29:56,856 | INFO     | Epoch 163/250 - Train Loss: 0.025753, Val Loss: 0.027615[0m
2025-12-24 15:31:51,869 | INFO     | Epoch 47/250 - Train Loss: 0.113188, Val Loss: 0.104813[0m
2025-12-24 15:32:28,733 | INFO     | Epoch 164/250 - Train Loss: 0.025527, Val Loss: 0.026506[0m
2025-12-24 15:32:28,783 | INFO     | New best model saved with Val Loss: 0.026506
2025-12-24 15:35:00,659 | INFO     | Epoch 165/250 - Train Loss: 0.025551, Val Loss: 0.026831[0m
2025-12-24 15:37:32,536 | INFO     | Epoch 166/250 - Train Loss: 0.025503, Val Loss: 0.027048[0m
2025-12-24 15:40:04,404 | INFO     | Epoch 167/250 - Train Loss: 0.025337, Val Loss: 0.026492[0m
2025-12-24 15:40:04,455 | INFO     | New best model saved with Val Loss: 0.026492
2025-12-24 15:40:42,429 | INFO     | Epoch 48/250 - Train Loss: 0.111405, Val Loss: 0.106775[0m
2025-12-24 15:42:36,335 | INFO     | Epoch 168/250 - Train Loss: 0.025317, Val Loss: 0.026927[0m
2025-12-24 15:45:08,220 | INFO     | Epoch 169/250 - Train Loss: 0.025209, Val Loss: 0.026928[0m
2025-12-24 15:47:40,103 | INFO     | Epoch 170/250 - Train Loss: 0.025184, Val Loss: 0.026189[0m
2025-12-24 15:47:40,148 | INFO     | New best model saved with Val Loss: 0.026189
2025-12-24 15:49:32,899 | INFO     | Epoch 49/250 - Train Loss: 0.109840, Val Loss: 0.095620[0m
2025-12-24 15:49:32,945 | INFO     | New best model saved with Val Loss: 0.095620
2025-12-24 15:50:12,143 | INFO     | Epoch 171/250 - Train Loss: 0.024880, Val Loss: 0.026876[0m
2025-12-24 15:52:44,015 | INFO     | Epoch 172/250 - Train Loss: 0.024873, Val Loss: 0.026422[0m
2025-12-24 15:55:15,900 | INFO     | Epoch 173/250 - Train Loss: 0.024965, Val Loss: 0.026883[0m
2025-12-24 15:57:47,784 | INFO     | Epoch 174/250 - Train Loss: 0.024891, Val Loss: 0.025890[0m
2025-12-24 15:57:47,833 | INFO     | New best model saved with Val Loss: 0.025890
2025-12-24 15:58:23,375 | INFO     | Epoch 50/250 - Train Loss: 0.107750, Val Loss: 0.094179[0m
2025-12-24 15:58:23,430 | INFO     | New best model saved with Val Loss: 0.094179
2025-12-24 16:00:19,724 | INFO     | Epoch 175/250 - Train Loss: 0.024904, Val Loss: 0.026601[0m
2025-12-24 16:02:51,604 | INFO     | Epoch 176/250 - Train Loss: 0.024666, Val Loss: 0.026379[0m
2025-12-24 16:05:23,492 | INFO     | Epoch 177/250 - Train Loss: 0.024782, Val Loss: 0.026092[0m
2025-12-24 16:07:14,011 | INFO     | Epoch 51/250 - Train Loss: 0.091579, Val Loss: 0.082502[0m
2025-12-24 16:07:14,063 | INFO     | New best model saved with Val Loss: 0.082502
2025-12-24 16:07:55,388 | INFO     | Epoch 178/250 - Train Loss: 0.024586, Val Loss: 0.025771[0m
2025-12-24 16:07:55,434 | INFO     | New best model saved with Val Loss: 0.025771
2025-12-24 16:10:27,328 | INFO     | Epoch 179/250 - Train Loss: 0.024770, Val Loss: 0.026738[0m
2025-12-24 16:12:59,212 | INFO     | Epoch 180/250 - Train Loss: 0.024465, Val Loss: 0.026193[0m
2025-12-24 16:15:31,193 | INFO     | Epoch 181/250 - Train Loss: 0.024495, Val Loss: 0.025896[0m
2025-12-24 16:16:04,490 | INFO     | Epoch 52/250 - Train Loss: 0.089885, Val Loss: 0.084100[0m
2025-12-24 16:18:03,080 | INFO     | Epoch 182/250 - Train Loss: 0.024319, Val Loss: 0.025401[0m
2025-12-24 16:18:03,130 | INFO     | New best model saved with Val Loss: 0.025401
2025-12-24 16:20:35,010 | INFO     | Epoch 183/250 - Train Loss: 0.024274, Val Loss: 0.025960[0m
2025-12-24 16:23:06,875 | INFO     | Epoch 184/250 - Train Loss: 0.024337, Val Loss: 0.026541[0m
2025-12-24 16:24:55,005 | INFO     | Epoch 53/250 - Train Loss: 0.089571, Val Loss: 0.082694[0m
2025-12-24 16:25:38,751 | INFO     | Epoch 185/250 - Train Loss: 0.024201, Val Loss: 0.025726[0m
2025-12-24 16:28:10,624 | INFO     | Epoch 186/250 - Train Loss: 0.024048, Val Loss: 0.026660[0m
2025-12-24 16:30:42,519 | INFO     | Epoch 187/250 - Train Loss: 0.024271, Val Loss: 0.026164[0m
2025-12-24 16:33:14,399 | INFO     | Epoch 188/250 - Train Loss: 0.024233, Val Loss: 0.025592[0m
2025-12-24 16:33:45,523 | INFO     | Epoch 54/250 - Train Loss: 0.087645, Val Loss: 0.083257[0m
2025-12-24 16:35:46,280 | INFO     | Epoch 189/250 - Train Loss: 0.023865, Val Loss: 0.025165[0m
2025-12-24 16:35:46,330 | INFO     | New best model saved with Val Loss: 0.025165
2025-12-24 16:38:18,240 | INFO     | Epoch 190/250 - Train Loss: 0.023786, Val Loss: 0.025484[0m
2025-12-24 16:40:50,379 | INFO     | Epoch 191/250 - Train Loss: 0.023825, Val Loss: 0.026469[0m
2025-12-24 16:42:36,021 | INFO     | Epoch 55/250 - Train Loss: 0.086737, Val Loss: 0.077464[0m
2025-12-24 16:42:36,072 | INFO     | New best model saved with Val Loss: 0.077464
2025-12-24 16:43:22,283 | INFO     | Epoch 192/250 - Train Loss: 0.023864, Val Loss: 0.025773[0m
2025-12-24 16:45:54,173 | INFO     | Epoch 193/250 - Train Loss: 0.023838, Val Loss: 0.025467[0m
2025-12-24 16:48:26,267 | INFO     | Epoch 194/250 - Train Loss: 0.023754, Val Loss: 0.024681[0m
2025-12-24 16:48:26,313 | INFO     | New best model saved with Val Loss: 0.024681
2025-12-24 16:50:58,223 | INFO     | Epoch 195/250 - Train Loss: 0.023543, Val Loss: 0.025211[0m
2025-12-24 16:51:26,537 | INFO     | Epoch 56/250 - Train Loss: 0.085483, Val Loss: 0.080447[0m
2025-12-24 16:53:30,132 | INFO     | Epoch 196/250 - Train Loss: 0.023730, Val Loss: 0.025361[0m
2025-12-24 16:56:02,039 | INFO     | Epoch 197/250 - Train Loss: 0.023487, Val Loss: 0.025315[0m
2025-12-24 16:58:33,928 | INFO     | Epoch 198/250 - Train Loss: 0.023547, Val Loss: 0.027013[0m
2025-12-24 17:00:17,057 | INFO     | Epoch 57/250 - Train Loss: 0.084624, Val Loss: 0.079291[0m
2025-12-24 17:01:05,800 | INFO     | Epoch 199/250 - Train Loss: 0.023518, Val Loss: 0.024719[0m
2025-12-24 17:03:37,691 | INFO     | Epoch 200/250 - Train Loss: 0.023322, Val Loss: 0.025207[0m
2025-12-24 17:06:09,671 | INFO     | Epoch 201/250 - Train Loss: 0.021675, Val Loss: 0.023810[0m
2025-12-24 17:06:09,721 | INFO     | New best model saved with Val Loss: 0.023810
2025-12-24 17:08:41,604 | INFO     | Epoch 202/250 - Train Loss: 0.021460, Val Loss: 0.023491[0m
2025-12-24 17:08:41,650 | INFO     | New best model saved with Val Loss: 0.023491
2025-12-24 17:09:07,622 | INFO     | Epoch 58/250 - Train Loss: 0.083792, Val Loss: 0.075751[0m
2025-12-24 17:09:07,678 | INFO     | New best model saved with Val Loss: 0.075751
2025-12-24 17:11:13,541 | INFO     | Epoch 203/250 - Train Loss: 0.021558, Val Loss: 0.023696[0m
2025-12-24 17:13:45,420 | INFO     | Epoch 204/250 - Train Loss: 0.021441, Val Loss: 0.023954[0m
2025-12-24 17:16:17,300 | INFO     | Epoch 205/250 - Train Loss: 0.021318, Val Loss: 0.024097[0m
2025-12-24 17:17:58,223 | INFO     | Epoch 59/250 - Train Loss: 0.083020, Val Loss: 0.077470[0m
2025-12-24 17:18:49,185 | INFO     | Epoch 206/250 - Train Loss: 0.021476, Val Loss: 0.023847[0m
2025-12-24 17:21:21,056 | INFO     | Epoch 207/250 - Train Loss: 0.021388, Val Loss: 0.023352[0m
2025-12-24 17:21:21,101 | INFO     | New best model saved with Val Loss: 0.023352
2025-12-24 17:23:52,984 | INFO     | Epoch 208/250 - Train Loss: 0.021386, Val Loss: 0.023816[0m
2025-12-24 17:26:24,868 | INFO     | Epoch 209/250 - Train Loss: 0.021350, Val Loss: 0.023549[0m
2025-12-24 17:26:48,649 | INFO     | Epoch 60/250 - Train Loss: 0.081502, Val Loss: 0.080187[0m
2025-12-24 17:28:56,748 | INFO     | Epoch 210/250 - Train Loss: 0.021225, Val Loss: 0.023412[0m
2025-12-24 17:31:28,716 | INFO     | Epoch 211/250 - Train Loss: 0.021260, Val Loss: 0.023475[0m
2025-12-24 17:34:00,596 | INFO     | Epoch 212/250 - Train Loss: 0.021157, Val Loss: 0.023407[0m
2025-12-24 17:35:39,251 | INFO     | Epoch 61/250 - Train Loss: 0.080280, Val Loss: 0.078649[0m
2025-12-24 17:36:32,465 | INFO     | Epoch 213/250 - Train Loss: 0.021137, Val Loss: 0.023145[0m
2025-12-24 17:36:32,515 | INFO     | New best model saved with Val Loss: 0.023145
2025-12-24 17:39:04,384 | INFO     | Epoch 214/250 - Train Loss: 0.021117, Val Loss: 0.023276[0m
2025-12-24 17:41:36,248 | INFO     | Epoch 215/250 - Train Loss: 0.020994, Val Loss: 0.023457[0m
2025-12-24 17:44:08,116 | INFO     | Epoch 216/250 - Train Loss: 0.021044, Val Loss: 0.023230[0m
2025-12-24 17:44:29,790 | INFO     | Epoch 62/250 - Train Loss: 0.079451, Val Loss: 0.076697[0m
2025-12-24 17:46:39,969 | INFO     | Epoch 217/250 - Train Loss: 0.021148, Val Loss: 0.023139[0m
2025-12-24 17:46:40,000 | INFO     | New best model saved with Val Loss: 0.023139
2025-12-24 17:49:11,871 | INFO     | Epoch 218/250 - Train Loss: 0.020988, Val Loss: 0.022773[0m
2025-12-24 17:49:11,921 | INFO     | New best model saved with Val Loss: 0.022773
2025-12-24 17:51:43,808 | INFO     | Epoch 219/250 - Train Loss: 0.020940, Val Loss: 0.023200[0m
2025-12-24 17:53:20,276 | INFO     | Epoch 63/250 - Train Loss: 0.079958, Val Loss: 0.071941[0m
2025-12-24 17:53:20,328 | INFO     | New best model saved with Val Loss: 0.071941
2025-12-24 17:54:15,688 | INFO     | Epoch 220/250 - Train Loss: 0.020926, Val Loss: 0.023039[0m
2025-12-24 17:56:47,652 | INFO     | Epoch 221/250 - Train Loss: 0.020943, Val Loss: 0.022908[0m
2025-12-24 17:59:19,527 | INFO     | Epoch 222/250 - Train Loss: 0.020847, Val Loss: 0.023272[0m
2025-12-24 18:01:51,400 | INFO     | Epoch 223/250 - Train Loss: 0.020844, Val Loss: 0.022834[0m
2025-12-24 18:02:10,793 | INFO     | Epoch 64/250 - Train Loss: 0.078987, Val Loss: 0.074138[0m
2025-12-24 18:04:23,299 | INFO     | Epoch 224/250 - Train Loss: 0.020770, Val Loss: 0.023147[0m
2025-12-24 18:06:55,191 | INFO     | Epoch 225/250 - Train Loss: 0.020772, Val Loss: 0.022983[0m
2025-12-24 18:09:27,116 | INFO     | Epoch 226/250 - Train Loss: 0.020639, Val Loss: 0.022909[0m
2025-12-24 18:11:01,324 | INFO     | Epoch 65/250 - Train Loss: 0.077407, Val Loss: 0.072025[0m
2025-12-24 18:11:59,148 | INFO     | Epoch 227/250 - Train Loss: 0.020710, Val Loss: 0.022882[0m
2025-12-24 18:14:31,107 | INFO     | Epoch 228/250 - Train Loss: 0.020607, Val Loss: 0.023104[0m
2025-12-24 18:17:03,394 | INFO     | Epoch 229/250 - Train Loss: 0.020608, Val Loss: 0.022865[0m
2025-12-24 18:19:35,345 | INFO     | Epoch 230/250 - Train Loss: 0.020505, Val Loss: 0.022643[0m
2025-12-24 18:19:35,401 | INFO     | New best model saved with Val Loss: 0.022643
2025-12-24 18:19:51,926 | INFO     | Epoch 66/250 - Train Loss: 0.077259, Val Loss: 0.076426[0m
2025-12-24 18:22:07,435 | INFO     | Epoch 231/250 - Train Loss: 0.020482, Val Loss: 0.022728[0m
2025-12-24 18:24:39,401 | INFO     | Epoch 232/250 - Train Loss: 0.020587, Val Loss: 0.022620[0m
2025-12-24 18:24:39,452 | INFO     | New best model saved with Val Loss: 0.022620
2025-12-24 18:27:11,410 | INFO     | Epoch 233/250 - Train Loss: 0.020418, Val Loss: 0.022947[0m
2025-12-24 18:28:42,641 | INFO     | Epoch 67/250 - Train Loss: 0.076235, Val Loss: 0.073825[0m
2025-12-24 18:29:43,376 | INFO     | Epoch 234/250 - Train Loss: 0.020429, Val Loss: 0.022871[0m
2025-12-24 18:32:15,364 | INFO     | Epoch 235/250 - Train Loss: 0.020450, Val Loss: 0.022432[0m
2025-12-24 18:32:15,410 | INFO     | New best model saved with Val Loss: 0.022432
2025-12-24 18:34:47,398 | INFO     | Epoch 236/250 - Train Loss: 0.020411, Val Loss: 0.022334[0m
2025-12-24 18:34:47,446 | INFO     | New best model saved with Val Loss: 0.022334
2025-12-24 18:37:19,428 | INFO     | Epoch 237/250 - Train Loss: 0.020372, Val Loss: 0.022760[0m
2025-12-24 18:37:33,268 | INFO     | Epoch 68/250 - Train Loss: 0.075488, Val Loss: 0.072992[0m
2025-12-24 18:39:51,404 | INFO     | Epoch 238/250 - Train Loss: 0.020336, Val Loss: 0.022492[0m
2025-12-24 18:42:23,369 | INFO     | Epoch 239/250 - Train Loss: 0.020363, Val Loss: 0.022837[0m
2025-12-24 18:44:55,328 | INFO     | Epoch 240/250 - Train Loss: 0.020262, Val Loss: 0.022985[0m
2025-12-24 18:46:23,915 | INFO     | Epoch 69/250 - Train Loss: 0.074598, Val Loss: 0.069838[0m
2025-12-24 18:46:23,962 | INFO     | New best model saved with Val Loss: 0.069838
2025-12-24 18:47:27,390 | INFO     | Epoch 241/250 - Train Loss: 0.020314, Val Loss: 0.022484[0m
2025-12-24 18:49:59,360 | INFO     | Epoch 242/250 - Train Loss: 0.020197, Val Loss: 0.022649[0m
2025-12-24 18:52:31,309 | INFO     | Epoch 243/250 - Train Loss: 0.020215, Val Loss: 0.022478[0m
2025-12-24 18:55:03,252 | INFO     | Epoch 244/250 - Train Loss: 0.020011, Val Loss: 0.022255[0m
2025-12-24 18:55:03,305 | INFO     | New best model saved with Val Loss: 0.022255
2025-12-24 18:55:14,495 | INFO     | Epoch 70/250 - Train Loss: 0.074109, Val Loss: 0.073633[0m
2025-12-24 18:57:35,339 | INFO     | Epoch 245/250 - Train Loss: 0.020201, Val Loss: 0.022402[0m
2025-12-24 19:00:07,297 | INFO     | Epoch 246/250 - Train Loss: 0.020126, Val Loss: 0.023216[0m
2025-12-24 19:02:39,255 | INFO     | Epoch 247/250 - Train Loss: 0.020043, Val Loss: 0.022524[0m
2025-12-24 19:04:05,008 | INFO     | Epoch 71/250 - Train Loss: 0.072848, Val Loss: 0.070978[0m
2025-12-24 19:05:11,212 | INFO     | Epoch 248/250 - Train Loss: 0.020101, Val Loss: 0.022475[0m
2025-12-24 19:07:43,193 | INFO     | Epoch 249/250 - Train Loss: 0.020135, Val Loss: 0.023707[0m
2025-12-24 19:10:15,157 | INFO     | Epoch 250/250 - Train Loss: 0.019958, Val Loss: 0.022132[0m
2025-12-24 19:10:15,209 | INFO     | New best model saved with Val Loss: 0.022132
2025-12-24 19:10:15,323 | INFO     | Final model saved to experiments_DrivAerML/spressure_N10k_lr1e-3_e250_run3/final_model.pth
2025-12-24 19:10:15,323 | INFO     | Testing the final model
2025-12-24 19:10:20,602 | INFO     | *******************[35mL2_erro:[0m
2025-12-24 19:10:20,602 | INFO     |  0.109719
2025-12-24 19:10:20,602 | INFO     | *******************[35mmse_loss:[0m
2025-12-24 19:10:20,603 | INFO     |  0.020798
2025-12-24 19:10:20,603 | INFO     | *******************[35minference_time:[0m
2025-12-24 19:10:20,603 | INFO     |  0.003732
2025-12-24 19:10:20,603 | INFO     | Testing the best model
2025-12-24 19:10:24,743 | INFO     | *******************[35mL2_erro:[0m
2025-12-24 19:10:24,743 | INFO     |  0.109719
2025-12-24 19:10:24,743 | INFO     | *******************[35mmse_loss:[0m
2025-12-24 19:10:24,743 | INFO     |  0.020798
2025-12-24 19:10:24,743 | INFO     | *******************[35minference_time:[0m
2025-12-24 19:10:24,743 | INFO     |  0.003309
2025-12-24 19:12:55,665 | INFO     | Epoch 72/250 - Train Loss: 0.073556, Val Loss: 0.072660[0m
2025-12-24 19:21:46,326 | INFO     | Epoch 73/250 - Train Loss: 0.071835, Val Loss: 0.069472[0m
2025-12-24 19:21:46,378 | INFO     | New best model saved with Val Loss: 0.069472
2025-12-24 19:30:37,000 | INFO     | Epoch 74/250 - Train Loss: 0.071832, Val Loss: 0.068534[0m
2025-12-24 19:30:37,040 | INFO     | New best model saved with Val Loss: 0.068534
2025-12-24 19:39:27,737 | INFO     | Epoch 75/250 - Train Loss: 0.071252, Val Loss: 0.070713[0m
2025-12-24 19:48:18,462 | INFO     | Epoch 76/250 - Train Loss: 0.070150, Val Loss: 0.073060[0m
2025-12-24 19:57:09,129 | INFO     | Epoch 77/250 - Train Loss: 0.069666, Val Loss: 0.064623[0m
2025-12-24 19:57:09,176 | INFO     | New best model saved with Val Loss: 0.064623
2025-12-24 20:05:59,806 | INFO     | Epoch 78/250 - Train Loss: 0.068825, Val Loss: 0.063087[0m
2025-12-24 20:05:59,858 | INFO     | New best model saved with Val Loss: 0.063087
2025-12-24 20:14:50,567 | INFO     | Epoch 79/250 - Train Loss: 0.068409, Val Loss: 0.067299[0m
2025-12-24 20:23:41,160 | INFO     | Epoch 80/250 - Train Loss: 0.068636, Val Loss: 0.066516[0m
2025-12-24 20:32:32,026 | INFO     | Epoch 81/250 - Train Loss: 0.067344, Val Loss: 0.063201[0m
2025-12-24 20:41:22,676 | INFO     | Epoch 82/250 - Train Loss: 0.067429, Val Loss: 0.074022[0m
2025-12-24 20:50:13,347 | INFO     | Epoch 83/250 - Train Loss: 0.067214, Val Loss: 0.067240[0m
2025-12-24 20:59:03,990 | INFO     | Epoch 84/250 - Train Loss: 0.067142, Val Loss: 0.065664[0m
2025-12-24 21:07:54,621 | INFO     | Epoch 85/250 - Train Loss: 0.064846, Val Loss: 0.061209[0m
2025-12-24 21:07:54,675 | INFO     | New best model saved with Val Loss: 0.061209
2025-12-24 21:16:45,357 | INFO     | Epoch 86/250 - Train Loss: 0.065532, Val Loss: 0.062042[0m
2025-12-24 21:25:36,002 | INFO     | Epoch 87/250 - Train Loss: 0.064342, Val Loss: 0.062836[0m
2025-12-24 21:34:26,706 | INFO     | Epoch 88/250 - Train Loss: 0.063519, Val Loss: 0.061023[0m
2025-12-24 21:34:26,746 | INFO     | New best model saved with Val Loss: 0.061023
2025-12-24 21:43:17,493 | INFO     | Epoch 89/250 - Train Loss: 0.063980, Val Loss: 0.060764[0m
2025-12-24 21:43:17,545 | INFO     | New best model saved with Val Loss: 0.060764
2025-12-24 21:52:08,075 | INFO     | Epoch 90/250 - Train Loss: 0.063514, Val Loss: 0.058391[0m
2025-12-24 21:52:08,122 | INFO     | New best model saved with Val Loss: 0.058391
2025-12-24 22:00:58,895 | INFO     | Epoch 91/250 - Train Loss: 0.062758, Val Loss: 0.060765[0m
2025-12-24 22:09:49,589 | INFO     | Epoch 92/250 - Train Loss: 0.062171, Val Loss: 0.060897[0m
2025-12-24 22:18:40,341 | INFO     | Epoch 93/250 - Train Loss: 0.062485, Val Loss: 0.057855[0m
2025-12-24 22:18:40,383 | INFO     | New best model saved with Val Loss: 0.057855
2025-12-24 22:27:31,068 | INFO     | Epoch 94/250 - Train Loss: 0.061069, Val Loss: 0.058672[0m
2025-12-24 22:36:21,770 | INFO     | Epoch 95/250 - Train Loss: 0.060565, Val Loss: 0.059054[0m
2025-12-24 22:45:12,511 | INFO     | Epoch 96/250 - Train Loss: 0.059953, Val Loss: 0.057228[0m
2025-12-24 22:45:12,563 | INFO     | New best model saved with Val Loss: 0.057228
2025-12-24 22:54:03,228 | INFO     | Epoch 97/250 - Train Loss: 0.060681, Val Loss: 0.058364[0m
2025-12-24 23:02:53,938 | INFO     | Epoch 98/250 - Train Loss: 0.060541, Val Loss: 0.054162[0m
2025-12-24 23:02:53,990 | INFO     | New best model saved with Val Loss: 0.054162
2025-12-24 23:11:44,654 | INFO     | Epoch 99/250 - Train Loss: 0.059866, Val Loss: 0.057298[0m
2025-12-24 23:20:35,224 | INFO     | Epoch 100/250 - Train Loss: 0.058916, Val Loss: 0.058361[0m
2025-12-24 23:29:25,982 | INFO     | Epoch 101/250 - Train Loss: 0.051647, Val Loss: 0.050091[0m
2025-12-24 23:29:26,033 | INFO     | New best model saved with Val Loss: 0.050091
2025-12-24 23:38:16,674 | INFO     | Epoch 102/250 - Train Loss: 0.051071, Val Loss: 0.048209[0m
2025-12-24 23:38:16,726 | INFO     | New best model saved with Val Loss: 0.048209
2025-12-24 23:47:07,312 | INFO     | Epoch 103/250 - Train Loss: 0.050666, Val Loss: 0.047538[0m
2025-12-24 23:47:07,364 | INFO     | New best model saved with Val Loss: 0.047538
2025-12-24 23:55:57,985 | INFO     | Epoch 104/250 - Train Loss: 0.050246, Val Loss: 0.049185[0m
2025-12-25 00:04:48,655 | INFO     | Epoch 105/250 - Train Loss: 0.050590, Val Loss: 0.047899[0m
2025-12-25 00:13:39,251 | INFO     | Epoch 106/250 - Train Loss: 0.050456, Val Loss: 0.047553[0m
2025-12-25 00:22:29,925 | INFO     | Epoch 107/250 - Train Loss: 0.049478, Val Loss: 0.047757[0m
2025-12-25 00:31:20,576 | INFO     | Epoch 108/250 - Train Loss: 0.049699, Val Loss: 0.047957[0m
2025-12-25 00:40:11,217 | INFO     | Epoch 109/250 - Train Loss: 0.048902, Val Loss: 0.047154[0m
2025-12-25 00:40:11,269 | INFO     | New best model saved with Val Loss: 0.047154
2025-12-25 00:49:01,782 | INFO     | Epoch 110/250 - Train Loss: 0.048929, Val Loss: 0.047767[0m
2025-12-25 00:57:52,485 | INFO     | Epoch 111/250 - Train Loss: 0.048674, Val Loss: 0.045897[0m
2025-12-25 00:57:52,536 | INFO     | New best model saved with Val Loss: 0.045897
2025-12-25 01:06:43,123 | INFO     | Epoch 112/250 - Train Loss: 0.048137, Val Loss: 0.046158[0m
2025-12-25 01:15:33,819 | INFO     | Epoch 113/250 - Train Loss: 0.047945, Val Loss: 0.047399[0m
2025-12-25 01:24:24,546 | INFO     | Epoch 114/250 - Train Loss: 0.047753, Val Loss: 0.047029[0m
2025-12-25 01:33:15,186 | INFO     | Epoch 115/250 - Train Loss: 0.047717, Val Loss: 0.048253[0m
2025-12-25 01:42:05,872 | INFO     | Epoch 116/250 - Train Loss: 0.047199, Val Loss: 0.046319[0m
2025-12-25 01:50:56,542 | INFO     | Epoch 117/250 - Train Loss: 0.046909, Val Loss: 0.044418[0m
2025-12-25 01:50:56,593 | INFO     | New best model saved with Val Loss: 0.044418
2025-12-25 01:59:47,206 | INFO     | Epoch 118/250 - Train Loss: 0.047181, Val Loss: 0.045734[0m
2025-12-25 02:08:37,863 | INFO     | Epoch 119/250 - Train Loss: 0.046677, Val Loss: 0.044624[0m
2025-12-25 02:17:28,418 | INFO     | Epoch 120/250 - Train Loss: 0.046591, Val Loss: 0.046278[0m
2025-12-25 02:26:19,183 | INFO     | Epoch 121/250 - Train Loss: 0.046176, Val Loss: 0.044860[0m
2025-12-25 02:35:09,166 | INFO     | Epoch 122/250 - Train Loss: 0.046062, Val Loss: 0.046595[0m
2025-12-25 02:43:58,942 | INFO     | Epoch 123/250 - Train Loss: 0.045951, Val Loss: 0.045346[0m
2025-12-25 02:52:48,299 | INFO     | Epoch 124/250 - Train Loss: 0.045302, Val Loss: 0.045196[0m
2025-12-25 03:01:37,732 | INFO     | Epoch 125/250 - Train Loss: 0.045095, Val Loss: 0.045394[0m
2025-12-25 03:10:27,244 | INFO     | Epoch 126/250 - Train Loss: 0.045454, Val Loss: 0.046535[0m
2025-12-25 03:19:16,806 | INFO     | Epoch 127/250 - Train Loss: 0.045324, Val Loss: 0.044737[0m
2025-12-25 03:28:06,322 | INFO     | Epoch 128/250 - Train Loss: 0.044792, Val Loss: 0.045141[0m
2025-12-25 03:36:55,719 | INFO     | Epoch 129/250 - Train Loss: 0.044541, Val Loss: 0.042890[0m
2025-12-25 03:36:55,771 | INFO     | New best model saved with Val Loss: 0.042890
2025-12-25 03:45:44,358 | INFO     | Epoch 130/250 - Train Loss: 0.044383, Val Loss: 0.042956[0m
2025-12-25 03:54:33,011 | INFO     | Epoch 131/250 - Train Loss: 0.044029, Val Loss: 0.043070[0m
2025-12-25 04:03:21,581 | INFO     | Epoch 132/250 - Train Loss: 0.044266, Val Loss: 0.042993[0m
2025-12-25 04:12:10,049 | INFO     | Epoch 133/250 - Train Loss: 0.043740, Val Loss: 0.043194[0m
2025-12-25 04:20:58,610 | INFO     | Epoch 134/250 - Train Loss: 0.043852, Val Loss: 0.045167[0m
2025-12-25 04:29:47,198 | INFO     | Epoch 135/250 - Train Loss: 0.043730, Val Loss: 0.041400[0m
2025-12-25 04:29:47,247 | INFO     | New best model saved with Val Loss: 0.041400
2025-12-25 04:38:35,837 | INFO     | Epoch 136/250 - Train Loss: 0.042955, Val Loss: 0.042784[0m
2025-12-25 04:47:24,382 | INFO     | Epoch 137/250 - Train Loss: 0.043281, Val Loss: 0.043558[0m
2025-12-25 04:56:12,939 | INFO     | Epoch 138/250 - Train Loss: 0.043013, Val Loss: 0.040445[0m
2025-12-25 04:56:12,992 | INFO     | New best model saved with Val Loss: 0.040445
2025-12-25 05:05:01,513 | INFO     | Epoch 139/250 - Train Loss: 0.043371, Val Loss: 0.041553[0m
2025-12-25 05:13:50,074 | INFO     | Epoch 140/250 - Train Loss: 0.042486, Val Loss: 0.042564[0m
2025-12-25 05:22:38,802 | INFO     | Epoch 141/250 - Train Loss: 0.042647, Val Loss: 0.040983[0m
2025-12-25 05:31:27,363 | INFO     | Epoch 142/250 - Train Loss: 0.042287, Val Loss: 0.044067[0m
2025-12-25 05:40:15,895 | INFO     | Epoch 143/250 - Train Loss: 0.042502, Val Loss: 0.041653[0m
2025-12-25 05:49:04,426 | INFO     | Epoch 144/250 - Train Loss: 0.041819, Val Loss: 0.040652[0m
2025-12-25 05:57:52,968 | INFO     | Epoch 145/250 - Train Loss: 0.042004, Val Loss: 0.043628[0m
2025-12-25 06:06:41,506 | INFO     | Epoch 146/250 - Train Loss: 0.041878, Val Loss: 0.042320[0m
2025-12-25 06:15:30,154 | INFO     | Epoch 147/250 - Train Loss: 0.041521, Val Loss: 0.041926[0m
2025-12-25 06:24:18,683 | INFO     | Epoch 148/250 - Train Loss: 0.041432, Val Loss: 0.040988[0m
2025-12-25 06:33:07,241 | INFO     | Epoch 149/250 - Train Loss: 0.041358, Val Loss: 0.041295[0m
2025-12-25 06:41:55,746 | INFO     | Epoch 150/250 - Train Loss: 0.040967, Val Loss: 0.039592[0m
2025-12-25 06:41:55,797 | INFO     | New best model saved with Val Loss: 0.039592
2025-12-25 06:50:44,281 | INFO     | Epoch 151/250 - Train Loss: 0.037269, Val Loss: 0.036877[0m
2025-12-25 06:50:44,320 | INFO     | New best model saved with Val Loss: 0.036877
2025-12-25 06:59:32,721 | INFO     | Epoch 152/250 - Train Loss: 0.036805, Val Loss: 0.037176[0m
2025-12-25 07:08:21,169 | INFO     | Epoch 153/250 - Train Loss: 0.036737, Val Loss: 0.037686[0m
2025-12-25 07:17:09,589 | INFO     | Epoch 154/250 - Train Loss: 0.036802, Val Loss: 0.037010[0m
2025-12-25 07:25:58,034 | INFO     | Epoch 155/250 - Train Loss: 0.036777, Val Loss: 0.037571[0m
2025-12-25 07:34:46,438 | INFO     | Epoch 156/250 - Train Loss: 0.036944, Val Loss: 0.037564[0m
2025-12-25 07:43:34,504 | INFO     | Epoch 157/250 - Train Loss: 0.036619, Val Loss: 0.036241[0m
2025-12-25 07:43:34,556 | INFO     | New best model saved with Val Loss: 0.036241
2025-12-25 07:52:24,681 | INFO     | Epoch 158/250 - Train Loss: 0.036411, Val Loss: 0.036488[0m
2025-12-25 08:01:14,746 | INFO     | Epoch 159/250 - Train Loss: 0.036130, Val Loss: 0.037473[0m
2025-12-25 08:10:04,760 | INFO     | Epoch 160/250 - Train Loss: 0.036121, Val Loss: 0.036029[0m
2025-12-25 08:10:04,812 | INFO     | New best model saved with Val Loss: 0.036029
2025-12-25 08:18:54,886 | INFO     | Epoch 161/250 - Train Loss: 0.036116, Val Loss: 0.036409[0m
2025-12-25 08:27:44,921 | INFO     | Epoch 162/250 - Train Loss: 0.035980, Val Loss: 0.036446[0m
2025-12-25 08:36:34,873 | INFO     | Epoch 163/250 - Train Loss: 0.035915, Val Loss: 0.036103[0m
2025-12-25 08:45:24,907 | INFO     | Epoch 164/250 - Train Loss: 0.035841, Val Loss: 0.035903[0m
2025-12-25 08:45:24,956 | INFO     | New best model saved with Val Loss: 0.035903
2025-12-25 08:54:14,765 | INFO     | Epoch 165/250 - Train Loss: 0.035601, Val Loss: 0.037158[0m
2025-12-25 09:03:05,551 | INFO     | Epoch 166/250 - Train Loss: 0.035750, Val Loss: 0.035453[0m
2025-12-25 09:03:05,607 | INFO     | New best model saved with Val Loss: 0.035453
2025-12-25 09:11:56,173 | INFO     | Epoch 167/250 - Train Loss: 0.035762, Val Loss: 0.036365[0m
2025-12-25 09:20:45,193 | INFO     | Epoch 168/250 - Train Loss: 0.035408, Val Loss: 0.035510[0m
2025-12-25 09:29:33,857 | INFO     | Epoch 169/250 - Train Loss: 0.035450, Val Loss: 0.035805[0m
2025-12-25 09:38:22,294 | INFO     | Epoch 170/250 - Train Loss: 0.035215, Val Loss: 0.035538[0m
2025-12-25 09:47:10,745 | INFO     | Epoch 171/250 - Train Loss: 0.035187, Val Loss: 0.035868[0m
2025-12-25 09:55:59,170 | INFO     | Epoch 172/250 - Train Loss: 0.035228, Val Loss: 0.034631[0m
2025-12-25 09:55:59,223 | INFO     | New best model saved with Val Loss: 0.034631
2025-12-25 10:04:47,658 | INFO     | Epoch 173/250 - Train Loss: 0.034851, Val Loss: 0.035187[0m
2025-12-25 10:13:36,114 | INFO     | Epoch 174/250 - Train Loss: 0.035153, Val Loss: 0.036277[0m
2025-12-25 10:22:24,542 | INFO     | Epoch 175/250 - Train Loss: 0.034719, Val Loss: 0.035552[0m
2025-12-25 10:31:13,025 | INFO     | Epoch 176/250 - Train Loss: 0.034579, Val Loss: 0.036399[0m
2025-12-25 10:40:01,503 | INFO     | Epoch 177/250 - Train Loss: 0.034783, Val Loss: 0.035053[0m
2025-12-25 10:48:50,002 | INFO     | Epoch 178/250 - Train Loss: 0.034679, Val Loss: 0.034957[0m
2025-12-25 10:57:38,481 | INFO     | Epoch 179/250 - Train Loss: 0.034232, Val Loss: 0.035199[0m
2025-12-25 11:06:27,129 | INFO     | Epoch 180/250 - Train Loss: 0.034483, Val Loss: 0.035406[0m
2025-12-25 11:15:15,694 | INFO     | Epoch 181/250 - Train Loss: 0.034273, Val Loss: 0.035417[0m
2025-12-25 11:24:04,225 | INFO     | Epoch 182/250 - Train Loss: 0.034196, Val Loss: 0.034082[0m
2025-12-25 11:24:04,277 | INFO     | New best model saved with Val Loss: 0.034082
2025-12-25 11:32:52,796 | INFO     | Epoch 183/250 - Train Loss: 0.034450, Val Loss: 0.034543[0m
2025-12-25 11:41:41,296 | INFO     | Epoch 184/250 - Train Loss: 0.033996, Val Loss: 0.036612[0m
2025-12-25 11:50:29,828 | INFO     | Epoch 185/250 - Train Loss: 0.034041, Val Loss: 0.035575[0m
2025-12-25 11:59:18,398 | INFO     | Epoch 186/250 - Train Loss: 0.033891, Val Loss: 0.035234[0m
2025-12-25 12:08:06,913 | INFO     | Epoch 187/250 - Train Loss: 0.034031, Val Loss: 0.034393[0m
2025-12-25 12:16:55,413 | INFO     | Epoch 188/250 - Train Loss: 0.033689, Val Loss: 0.034610[0m
2025-12-25 12:25:44,000 | INFO     | Epoch 189/250 - Train Loss: 0.033660, Val Loss: 0.034892[0m
2025-12-25 12:34:32,686 | INFO     | Epoch 190/250 - Train Loss: 0.033987, Val Loss: 0.034952[0m
2025-12-25 12:43:21,384 | INFO     | Epoch 191/250 - Train Loss: 0.033424, Val Loss: 0.033355[0m
2025-12-25 12:43:21,430 | INFO     | New best model saved with Val Loss: 0.033355
2025-12-25 12:52:10,071 | INFO     | Epoch 192/250 - Train Loss: 0.033686, Val Loss: 0.034237[0m
2025-12-25 13:00:58,688 | INFO     | Epoch 193/250 - Train Loss: 0.033322, Val Loss: 0.033601[0m
2025-12-25 13:09:47,477 | INFO     | Epoch 194/250 - Train Loss: 0.033461, Val Loss: 0.033624[0m
2025-12-25 13:18:36,214 | INFO     | Epoch 195/250 - Train Loss: 0.033251, Val Loss: 0.036577[0m
2025-12-25 13:27:25,023 | INFO     | Epoch 196/250 - Train Loss: 0.033343, Val Loss: 0.033978[0m
2025-12-25 13:36:13,797 | INFO     | Epoch 197/250 - Train Loss: 0.033007, Val Loss: 0.033275[0m
2025-12-25 13:36:13,849 | INFO     | New best model saved with Val Loss: 0.033275
2025-12-25 13:45:02,535 | INFO     | Epoch 198/250 - Train Loss: 0.033079, Val Loss: 0.034864[0m
2025-12-25 13:53:51,170 | INFO     | Epoch 199/250 - Train Loss: 0.033014, Val Loss: 0.033093[0m
2025-12-25 13:53:51,216 | INFO     | New best model saved with Val Loss: 0.033093
2025-12-25 14:02:39,854 | INFO     | Epoch 200/250 - Train Loss: 0.032822, Val Loss: 0.033773[0m
2025-12-25 14:11:28,686 | INFO     | Epoch 201/250 - Train Loss: 0.031005, Val Loss: 0.031784[0m
2025-12-25 14:11:28,727 | INFO     | New best model saved with Val Loss: 0.031784
2025-12-25 14:20:17,406 | INFO     | Epoch 202/250 - Train Loss: 0.030834, Val Loss: 0.032077[0m
2025-12-25 14:29:06,167 | INFO     | Epoch 203/250 - Train Loss: 0.030812, Val Loss: 0.031964[0m
2025-12-25 14:37:54,866 | INFO     | Epoch 204/250 - Train Loss: 0.030843, Val Loss: 0.031745[0m
2025-12-25 14:37:54,914 | INFO     | New best model saved with Val Loss: 0.031745
2025-12-25 14:46:43,692 | INFO     | Epoch 205/250 - Train Loss: 0.030631, Val Loss: 0.031974[0m
2025-12-25 14:55:32,314 | INFO     | Epoch 206/250 - Train Loss: 0.030559, Val Loss: 0.032053[0m
2025-12-25 15:04:21,066 | INFO     | Epoch 207/250 - Train Loss: 0.030617, Val Loss: 0.031963[0m
2025-12-25 15:13:09,682 | INFO     | Epoch 208/250 - Train Loss: 0.030538, Val Loss: 0.031717[0m
2025-12-25 15:13:09,734 | INFO     | New best model saved with Val Loss: 0.031717
2025-12-25 15:21:58,320 | INFO     | Epoch 209/250 - Train Loss: 0.030587, Val Loss: 0.031936[0m
2025-12-25 15:30:47,053 | INFO     | Epoch 210/250 - Train Loss: 0.030386, Val Loss: 0.031626[0m
2025-12-25 15:30:47,101 | INFO     | New best model saved with Val Loss: 0.031626
2025-12-25 15:39:35,918 | INFO     | Epoch 211/250 - Train Loss: 0.030523, Val Loss: 0.032165[0m
2025-12-25 15:48:24,702 | INFO     | Epoch 212/250 - Train Loss: 0.030347, Val Loss: 0.031899[0m
2025-12-25 15:57:13,615 | INFO     | Epoch 213/250 - Train Loss: 0.030279, Val Loss: 0.031597[0m
2025-12-25 15:57:13,666 | INFO     | New best model saved with Val Loss: 0.031597
2025-12-25 16:06:02,491 | INFO     | Epoch 214/250 - Train Loss: 0.030260, Val Loss: 0.031823[0m
2025-12-25 16:14:51,226 | INFO     | Epoch 215/250 - Train Loss: 0.030225, Val Loss: 0.032296[0m
2025-12-25 16:23:39,986 | INFO     | Epoch 216/250 - Train Loss: 0.030123, Val Loss: 0.031177[0m
2025-12-25 16:23:40,038 | INFO     | New best model saved with Val Loss: 0.031177
2025-12-25 16:32:28,690 | INFO     | Epoch 217/250 - Train Loss: 0.030102, Val Loss: 0.031413[0m
2025-12-25 16:41:17,370 | INFO     | Epoch 218/250 - Train Loss: 0.030086, Val Loss: 0.031277[0m
2025-12-25 16:50:06,017 | INFO     | Epoch 219/250 - Train Loss: 0.030240, Val Loss: 0.031075[0m
2025-12-25 16:50:06,069 | INFO     | New best model saved with Val Loss: 0.031075
2025-12-25 16:58:54,850 | INFO     | Epoch 220/250 - Train Loss: 0.029949, Val Loss: 0.031548[0m
2025-12-25 17:07:43,782 | INFO     | Epoch 221/250 - Train Loss: 0.030001, Val Loss: 0.031356[0m
2025-12-25 17:16:32,457 | INFO     | Epoch 222/250 - Train Loss: 0.029955, Val Loss: 0.031466[0m
2025-12-25 17:25:21,174 | INFO     | Epoch 223/250 - Train Loss: 0.029881, Val Loss: 0.031180[0m
2025-12-25 17:34:09,976 | INFO     | Epoch 224/250 - Train Loss: 0.029777, Val Loss: 0.031050[0m
2025-12-25 17:34:10,028 | INFO     | New best model saved with Val Loss: 0.031050
2025-12-25 17:42:58,841 | INFO     | Epoch 225/250 - Train Loss: 0.029937, Val Loss: 0.031053[0m
2025-12-25 17:51:47,610 | INFO     | Epoch 226/250 - Train Loss: 0.029728, Val Loss: 0.031520[0m
2025-12-25 18:00:36,347 | INFO     | Epoch 227/250 - Train Loss: 0.029635, Val Loss: 0.031111[0m
2025-12-25 18:09:25,189 | INFO     | Epoch 228/250 - Train Loss: 0.029625, Val Loss: 0.030808[0m
2025-12-25 18:09:25,243 | INFO     | New best model saved with Val Loss: 0.030808
2025-12-25 18:18:14,017 | INFO     | Epoch 229/250 - Train Loss: 0.029550, Val Loss: 0.031222[0m
2025-12-25 18:27:02,965 | INFO     | Epoch 230/250 - Train Loss: 0.029572, Val Loss: 0.030950[0m
2025-12-25 18:35:51,910 | INFO     | Epoch 231/250 - Train Loss: 0.029568, Val Loss: 0.030783[0m
2025-12-25 18:35:51,961 | INFO     | New best model saved with Val Loss: 0.030783
2025-12-25 18:44:40,879 | INFO     | Epoch 232/250 - Train Loss: 0.029400, Val Loss: 0.030781[0m
2025-12-25 18:44:40,931 | INFO     | New best model saved with Val Loss: 0.030781
2025-12-25 18:53:29,763 | INFO     | Epoch 233/250 - Train Loss: 0.029556, Val Loss: 0.031231[0m
2025-12-25 19:02:18,616 | INFO     | Epoch 234/250 - Train Loss: 0.029418, Val Loss: 0.031610[0m
2025-12-25 19:11:07,466 | INFO     | Epoch 235/250 - Train Loss: 0.029210, Val Loss: 0.030647[0m
2025-12-25 19:11:07,521 | INFO     | New best model saved with Val Loss: 0.030647
2025-12-25 19:19:56,306 | INFO     | Epoch 236/250 - Train Loss: 0.029334, Val Loss: 0.031090[0m
2025-12-25 19:28:45,167 | INFO     | Epoch 237/250 - Train Loss: 0.029289, Val Loss: 0.030957[0m
2025-12-25 19:37:34,005 | INFO     | Epoch 238/250 - Train Loss: 0.029245, Val Loss: 0.030818[0m
2025-12-25 19:46:22,688 | INFO     | Epoch 239/250 - Train Loss: 0.029216, Val Loss: 0.031002[0m
2025-12-25 19:55:11,482 | INFO     | Epoch 240/250 - Train Loss: 0.029213, Val Loss: 0.030743[0m
2025-12-25 20:04:00,495 | INFO     | Epoch 241/250 - Train Loss: 0.029226, Val Loss: 0.031219[0m
2025-12-25 20:12:49,278 | INFO     | Epoch 242/250 - Train Loss: 0.029151, Val Loss: 0.030513[0m
2025-12-25 20:12:49,330 | INFO     | New best model saved with Val Loss: 0.030513
2025-12-25 20:21:38,090 | INFO     | Epoch 243/250 - Train Loss: 0.029023, Val Loss: 0.030502[0m
2025-12-25 20:21:38,142 | INFO     | New best model saved with Val Loss: 0.030502
2025-12-25 20:30:26,930 | INFO     | Epoch 244/250 - Train Loss: 0.028898, Val Loss: 0.031320[0m
2025-12-25 20:39:15,817 | INFO     | Epoch 245/250 - Train Loss: 0.029000, Val Loss: 0.030458[0m
2025-12-25 20:39:15,869 | INFO     | New best model saved with Val Loss: 0.030458
2025-12-25 20:48:04,636 | INFO     | Epoch 246/250 - Train Loss: 0.029000, Val Loss: 0.031191[0m
2025-12-25 20:56:53,472 | INFO     | Epoch 247/250 - Train Loss: 0.028833, Val Loss: 0.030471[0m
2025-12-25 21:05:42,142 | INFO     | Epoch 248/250 - Train Loss: 0.029087, Val Loss: 0.030593[0m
2025-12-25 21:14:06,697 | INFO     | Epoch 249/250 - Train Loss: 0.028721, Val Loss: 0.030057[0m
2025-12-25 21:14:06,744 | INFO     | New best model saved with Val Loss: 0.030057
2025-12-25 21:16:39,123 | INFO     | Epoch 250/250 - Train Loss: 0.028728, Val Loss: 0.029948[0m
2025-12-25 21:16:39,172 | INFO     | New best model saved with Val Loss: 0.029948
2025-12-25 21:16:39,303 | INFO     | Final model saved to experiments_DrivAerML/spressure_N10k_lr1e-3_e250_run3/final_model.pth
2025-12-25 21:16:39,303 | INFO     | Testing the final model
2025-12-25 21:16:43,495 | INFO     | *******************[35mL2_erro:[0m
2025-12-25 21:16:43,495 | INFO     |  0.129538
2025-12-25 21:16:43,495 | INFO     | *******************[35mmse_loss:[0m
2025-12-25 21:16:43,495 | INFO     |  0.029012
2025-12-25 21:16:43,495 | INFO     | *******************[35minference_time:[0m
2025-12-25 21:16:43,495 | INFO     |  0.003244
2025-12-25 21:16:43,496 | INFO     | Testing the best model
2025-12-25 21:16:47,680 | INFO     | *******************[35mL2_erro:[0m
2025-12-25 21:16:47,680 | INFO     |  0.129538
2025-12-25 21:16:47,680 | INFO     | *******************[35mmse_loss:[0m
2025-12-25 21:16:47,680 | INFO     |  0.029012
2025-12-25 21:16:47,680 | INFO     | *******************[35minference_time:[0m
2025-12-25 21:16:47,680 | INFO     |  0.003221
