2025-12-30 14:19:14,436 | INFO     | Config:
exp_name: WWC_wss_N10k_lr1e-3_e250_run1
model:
  input_dim: 3
  output_dim: 3
  head_num: 4
  hidden_dim: 256
  res: true
  slice_num: 32
  layer_num: 5
  mlp_ratio: 1.5
  dropout: 0.1
training:
  input: x_wss
  target: y_wss
  x_mean:
  - 1.5163924
  - -2.8424793e-05
  - 0.59128469
  x_std:
  - 1.415569
  - 0.65566987
  - 0.38558245
  y_mean:
  - -0.7534824
  - 0.06558424
  - -0.08560407
  y_std:
  - 0.81970537
  - 0.4570819
  - 0.82683504
  batch_size: 1
  epochs: 250
  lr: 0.001
  scheduler_step: 50
  scheduler_gamma: 0.5
  max_grad_norm: 0.1
  num_workers: 1
  weight_decay: 0.0
  test_only: 0
  gpus: '0'
  seed: 42
dataload:
  directory: /mnt/wjc_group/mae-zhangbj/DrivAerNet++_dataset/E_S_WWC_WM

2025-12-30 14:19:14,436 | INFO     | args.exp_name : WWC_wss_N10k_lr1e-3_e250_run1
2025-12-30 14:19:14,437 | INFO     | Starting training with 1 GPUs
2025-12-30 14:19:15,771 | INFO     | Total trainable parameters: 3381835
2025-12-30 14:19:15,771 | INFO     | Data loaded: 456 training batches, 117 validation batches, 109 test batches
2025-12-30 14:19:15,772 | INFO     | Staring training for 250 epochs
2025-12-30 14:29:46,410 | INFO     | Epoch 1/250 - Train Loss: 0.811289, Val Loss: 0.622837[0m
2025-12-30 14:29:46,436 | INFO     | New best model saved with Val Loss: 0.622837
2025-12-30 14:40:44,216 | INFO     | Epoch 2/250 - Train Loss: 0.579800, Val Loss: 0.568870[0m
2025-12-30 14:40:44,274 | INFO     | New best model saved with Val Loss: 0.568870
2025-12-30 14:51:42,328 | INFO     | Epoch 3/250 - Train Loss: 0.508558, Val Loss: 0.553274[0m
2025-12-30 14:51:42,384 | INFO     | New best model saved with Val Loss: 0.553274
2025-12-30 15:02:40,474 | INFO     | Epoch 4/250 - Train Loss: 0.427987, Val Loss: 0.426316[0m
2025-12-30 15:02:40,527 | INFO     | New best model saved with Val Loss: 0.426316
2025-12-30 15:13:38,782 | INFO     | Epoch 5/250 - Train Loss: 0.366948, Val Loss: 0.353360[0m
2025-12-30 15:13:38,834 | INFO     | New best model saved with Val Loss: 0.353360
2025-12-30 15:24:37,119 | INFO     | Epoch 6/250 - Train Loss: 0.326557, Val Loss: 0.299429[0m
2025-12-30 15:24:37,173 | INFO     | New best model saved with Val Loss: 0.299429
2025-12-30 15:35:35,173 | INFO     | Epoch 7/250 - Train Loss: 0.284281, Val Loss: 0.270537[0m
2025-12-30 15:35:35,226 | INFO     | New best model saved with Val Loss: 0.270537
2025-12-30 15:46:33,265 | INFO     | Epoch 8/250 - Train Loss: 0.264506, Val Loss: 0.251281[0m
2025-12-30 15:46:33,319 | INFO     | New best model saved with Val Loss: 0.251281
2025-12-30 15:57:31,479 | INFO     | Epoch 9/250 - Train Loss: 0.244297, Val Loss: 0.237495[0m
2025-12-30 15:57:31,536 | INFO     | New best model saved with Val Loss: 0.237495
2025-12-30 16:08:29,923 | INFO     | Epoch 10/250 - Train Loss: 0.223558, Val Loss: 0.241877[0m
2025-12-30 16:19:28,410 | INFO     | Epoch 11/250 - Train Loss: 0.228494, Val Loss: 0.286990[0m
2025-12-30 16:30:26,797 | INFO     | Epoch 12/250 - Train Loss: 0.204725, Val Loss: 0.187077[0m
2025-12-30 16:30:26,849 | INFO     | New best model saved with Val Loss: 0.187077
2025-12-30 16:41:25,213 | INFO     | Epoch 13/250 - Train Loss: 0.185320, Val Loss: 0.179890[0m
2025-12-30 16:41:25,267 | INFO     | New best model saved with Val Loss: 0.179890
2025-12-30 16:52:23,634 | INFO     | Epoch 14/250 - Train Loss: 0.186195, Val Loss: 0.187682[0m
2025-12-30 17:03:22,050 | INFO     | Epoch 15/250 - Train Loss: 0.170278, Val Loss: 0.166120[0m
2025-12-30 17:03:22,102 | INFO     | New best model saved with Val Loss: 0.166120
2025-12-30 17:14:20,492 | INFO     | Epoch 16/250 - Train Loss: 0.169509, Val Loss: 0.171124[0m
2025-12-30 17:25:18,944 | INFO     | Epoch 17/250 - Train Loss: 0.186913, Val Loss: 0.157243[0m
2025-12-30 17:25:19,005 | INFO     | New best model saved with Val Loss: 0.157243
2025-12-30 17:36:17,447 | INFO     | Epoch 18/250 - Train Loss: 0.155614, Val Loss: 0.158809[0m
2025-12-30 17:47:15,862 | INFO     | Epoch 19/250 - Train Loss: 0.157981, Val Loss: 0.157558[0m
2025-12-30 17:58:14,199 | INFO     | Epoch 20/250 - Train Loss: 0.147922, Val Loss: 0.154083[0m
2025-12-30 17:58:14,253 | INFO     | New best model saved with Val Loss: 0.154083
2025-12-30 18:09:12,510 | INFO     | Epoch 21/250 - Train Loss: 0.147446, Val Loss: 0.170403[0m
2025-12-30 18:20:10,480 | INFO     | Epoch 22/250 - Train Loss: 0.145029, Val Loss: 0.141473[0m
2025-12-30 18:20:10,531 | INFO     | New best model saved with Val Loss: 0.141473
2025-12-30 18:31:08,473 | INFO     | Epoch 23/250 - Train Loss: 0.142006, Val Loss: 0.142337[0m
2025-12-30 18:42:06,385 | INFO     | Epoch 24/250 - Train Loss: 0.187589, Val Loss: 0.143302[0m
2025-12-30 18:53:04,270 | INFO     | Epoch 25/250 - Train Loss: 0.136395, Val Loss: 0.146025[0m
2025-12-30 19:04:02,149 | INFO     | Epoch 26/250 - Train Loss: 0.133829, Val Loss: 0.143187[0m
2025-12-30 19:15:00,087 | INFO     | Epoch 27/250 - Train Loss: 0.133166, Val Loss: 0.133885[0m
2025-12-30 19:15:00,142 | INFO     | New best model saved with Val Loss: 0.133885
2025-12-30 19:25:58,050 | INFO     | Epoch 28/250 - Train Loss: 0.134833, Val Loss: 0.138785[0m
2025-12-30 19:36:55,986 | INFO     | Epoch 29/250 - Train Loss: 0.129018, Val Loss: 0.140837[0m
2025-12-30 19:47:53,869 | INFO     | Epoch 30/250 - Train Loss: 0.126668, Val Loss: 0.129720[0m
2025-12-30 19:47:53,920 | INFO     | New best model saved with Val Loss: 0.129720
2025-12-30 19:58:51,865 | INFO     | Epoch 31/250 - Train Loss: 0.124886, Val Loss: 0.129139[0m
2025-12-30 19:58:51,908 | INFO     | New best model saved with Val Loss: 0.129139
2025-12-30 20:09:49,877 | INFO     | Epoch 32/250 - Train Loss: 0.123628, Val Loss: 0.129117[0m
2025-12-30 20:09:49,932 | INFO     | New best model saved with Val Loss: 0.129117
2025-12-30 20:20:47,882 | INFO     | Epoch 33/250 - Train Loss: 0.125788, Val Loss: 0.128922[0m
2025-12-30 20:20:47,943 | INFO     | New best model saved with Val Loss: 0.128922
2025-12-30 20:31:45,875 | INFO     | Epoch 34/250 - Train Loss: 0.119683, Val Loss: 0.122448[0m
2025-12-30 20:31:45,926 | INFO     | New best model saved with Val Loss: 0.122448
2025-12-30 20:42:43,861 | INFO     | Epoch 35/250 - Train Loss: 0.117827, Val Loss: 0.122891[0m
2025-12-30 20:53:41,765 | INFO     | Epoch 36/250 - Train Loss: 0.117561, Val Loss: 0.121489[0m
2025-12-30 20:53:41,813 | INFO     | New best model saved with Val Loss: 0.121489
2025-12-30 21:04:39,737 | INFO     | Epoch 37/250 - Train Loss: 0.123089, Val Loss: 0.122718[0m
2025-12-30 21:15:37,551 | INFO     | Epoch 38/250 - Train Loss: 0.114544, Val Loss: 0.122518[0m
2025-12-30 21:26:35,431 | INFO     | Epoch 39/250 - Train Loss: 0.113563, Val Loss: 0.119765[0m
2025-12-30 21:26:35,493 | INFO     | New best model saved with Val Loss: 0.119765
2025-12-30 21:37:33,368 | INFO     | Epoch 40/250 - Train Loss: 0.112817, Val Loss: 0.117049[0m
2025-12-30 21:37:33,420 | INFO     | New best model saved with Val Loss: 0.117049
2025-12-30 21:48:31,462 | INFO     | Epoch 41/250 - Train Loss: 0.113109, Val Loss: 0.122066[0m
2025-12-30 21:59:29,410 | INFO     | Epoch 42/250 - Train Loss: 0.112612, Val Loss: 0.115695[0m
2025-12-30 21:59:29,463 | INFO     | New best model saved with Val Loss: 0.115695
2025-12-30 22:10:27,404 | INFO     | Epoch 43/250 - Train Loss: 0.118368, Val Loss: 0.114442[0m
2025-12-30 22:10:27,456 | INFO     | New best model saved with Val Loss: 0.114442
2025-12-30 22:21:25,438 | INFO     | Epoch 44/250 - Train Loss: 0.113523, Val Loss: 0.112662[0m
2025-12-30 22:21:25,492 | INFO     | New best model saved with Val Loss: 0.112662
2025-12-30 22:32:23,494 | INFO     | Epoch 45/250 - Train Loss: 0.106299, Val Loss: 0.114310[0m
2025-12-30 22:43:21,465 | INFO     | Epoch 46/250 - Train Loss: 0.106395, Val Loss: 0.113062[0m
2025-12-30 22:54:19,398 | INFO     | Epoch 47/250 - Train Loss: 0.106189, Val Loss: 0.115826[0m
2025-12-30 23:05:17,292 | INFO     | Epoch 48/250 - Train Loss: 0.105006, Val Loss: 0.115964[0m
2025-12-30 23:16:15,230 | INFO     | Epoch 49/250 - Train Loss: 0.104464, Val Loss: 0.111235[0m
2025-12-30 23:16:15,282 | INFO     | New best model saved with Val Loss: 0.111235
2025-12-30 23:27:13,206 | INFO     | Epoch 50/250 - Train Loss: 0.109235, Val Loss: 0.112186[0m
2025-12-30 23:38:11,185 | INFO     | Epoch 51/250 - Train Loss: 0.094418, Val Loss: 0.106363[0m
2025-12-30 23:38:11,236 | INFO     | New best model saved with Val Loss: 0.106363
2025-12-30 23:49:09,153 | INFO     | Epoch 52/250 - Train Loss: 0.093914, Val Loss: 0.103732[0m
2025-12-30 23:49:09,204 | INFO     | New best model saved with Val Loss: 0.103732
2025-12-31 00:00:07,132 | INFO     | Epoch 53/250 - Train Loss: 0.092862, Val Loss: 0.103920[0m
2025-12-31 00:11:05,066 | INFO     | Epoch 54/250 - Train Loss: 0.092779, Val Loss: 0.102987[0m
2025-12-31 00:11:05,117 | INFO     | New best model saved with Val Loss: 0.102987
2025-12-31 00:22:03,031 | INFO     | Epoch 55/250 - Train Loss: 0.092638, Val Loss: 0.101630[0m
2025-12-31 00:22:03,081 | INFO     | New best model saved with Val Loss: 0.101630
2025-12-31 00:33:01,058 | INFO     | Epoch 56/250 - Train Loss: 0.092931, Val Loss: 0.101431[0m
2025-12-31 00:33:01,108 | INFO     | New best model saved with Val Loss: 0.101431
2025-12-31 00:43:59,325 | INFO     | Epoch 57/250 - Train Loss: 0.092113, Val Loss: 0.102001[0m
2025-12-31 00:54:57,588 | INFO     | Epoch 58/250 - Train Loss: 0.092014, Val Loss: 0.100488[0m
2025-12-31 00:54:57,632 | INFO     | New best model saved with Val Loss: 0.100488
2025-12-31 01:05:55,857 | INFO     | Epoch 59/250 - Train Loss: 0.091082, Val Loss: 0.100973[0m
2025-12-31 01:16:54,004 | INFO     | Epoch 60/250 - Train Loss: 0.090619, Val Loss: 0.101876[0m
2025-12-31 01:27:52,302 | INFO     | Epoch 61/250 - Train Loss: 0.091015, Val Loss: 0.100281[0m
2025-12-31 01:27:52,352 | INFO     | New best model saved with Val Loss: 0.100281
2025-12-31 01:38:50,606 | INFO     | Epoch 62/250 - Train Loss: 0.090381, Val Loss: 0.099418[0m
2025-12-31 01:38:50,669 | INFO     | New best model saved with Val Loss: 0.099418
2025-12-31 01:49:48,900 | INFO     | Epoch 63/250 - Train Loss: 0.090102, Val Loss: 0.101362[0m
2025-12-31 02:00:47,141 | INFO     | Epoch 64/250 - Train Loss: 0.090238, Val Loss: 0.100717[0m
2025-12-31 02:11:45,385 | INFO     | Epoch 65/250 - Train Loss: 0.089353, Val Loss: 0.101240[0m
2025-12-31 02:22:43,588 | INFO     | Epoch 66/250 - Train Loss: 0.089593, Val Loss: 0.098969[0m
2025-12-31 02:22:43,639 | INFO     | New best model saved with Val Loss: 0.098969
2025-12-31 02:33:41,830 | INFO     | Epoch 67/250 - Train Loss: 0.088964, Val Loss: 0.098910[0m
2025-12-31 02:33:41,884 | INFO     | New best model saved with Val Loss: 0.098910
2025-12-31 02:44:40,162 | INFO     | Epoch 68/250 - Train Loss: 0.088181, Val Loss: 0.100432[0m
2025-12-31 02:55:38,445 | INFO     | Epoch 69/250 - Train Loss: 0.088666, Val Loss: 0.101041[0m
2025-12-31 03:06:36,647 | INFO     | Epoch 70/250 - Train Loss: 0.089582, Val Loss: 0.099557[0m
2025-12-31 03:17:34,895 | INFO     | Epoch 71/250 - Train Loss: 0.087993, Val Loss: 0.100121[0m
2025-12-31 03:28:33,146 | INFO     | Epoch 72/250 - Train Loss: 0.087219, Val Loss: 0.100353[0m
2025-12-31 03:39:31,377 | INFO     | Epoch 73/250 - Train Loss: 0.087900, Val Loss: 0.098362[0m
2025-12-31 03:39:31,429 | INFO     | New best model saved with Val Loss: 0.098362
2025-12-31 03:50:29,654 | INFO     | Epoch 74/250 - Train Loss: 0.087070, Val Loss: 0.098967[0m
2025-12-31 04:01:27,895 | INFO     | Epoch 75/250 - Train Loss: 0.086936, Val Loss: 0.098628[0m
2025-12-31 04:12:26,153 | INFO     | Epoch 76/250 - Train Loss: 0.086135, Val Loss: 0.101012[0m
2025-12-31 04:23:24,305 | INFO     | Epoch 77/250 - Train Loss: 0.087961, Val Loss: 0.098145[0m
2025-12-31 04:23:24,361 | INFO     | New best model saved with Val Loss: 0.098145
2025-12-31 04:34:22,561 | INFO     | Epoch 78/250 - Train Loss: 0.086444, Val Loss: 0.097742[0m
2025-12-31 04:34:22,613 | INFO     | New best model saved with Val Loss: 0.097742
2025-12-31 04:45:20,866 | INFO     | Epoch 79/250 - Train Loss: 0.085783, Val Loss: 0.102153[0m
2025-12-31 04:56:19,030 | INFO     | Epoch 80/250 - Train Loss: 0.085168, Val Loss: 0.102306[0m
2025-12-31 05:07:17,274 | INFO     | Epoch 81/250 - Train Loss: 0.086162, Val Loss: 0.098127[0m
2025-12-31 05:18:15,517 | INFO     | Epoch 82/250 - Train Loss: 0.085537, Val Loss: 0.097406[0m
2025-12-31 05:18:15,559 | INFO     | New best model saved with Val Loss: 0.097406
2025-12-31 05:29:13,752 | INFO     | Epoch 83/250 - Train Loss: 0.084981, Val Loss: 0.098203[0m
2025-12-31 05:40:11,956 | INFO     | Epoch 84/250 - Train Loss: 0.084602, Val Loss: 0.098285[0m
2025-12-31 05:51:10,169 | INFO     | Epoch 85/250 - Train Loss: 0.084946, Val Loss: 0.096728[0m
2025-12-31 05:51:10,221 | INFO     | New best model saved with Val Loss: 0.096728
2025-12-31 06:02:08,417 | INFO     | Epoch 86/250 - Train Loss: 0.085101, Val Loss: 0.099650[0m
2025-12-31 06:13:06,591 | INFO     | Epoch 87/250 - Train Loss: 0.084422, Val Loss: 0.100361[0m
2025-12-31 06:24:04,807 | INFO     | Epoch 88/250 - Train Loss: 0.084448, Val Loss: 0.098908[0m
2025-12-31 06:35:02,974 | INFO     | Epoch 89/250 - Train Loss: 0.083485, Val Loss: 0.097658[0m
2025-12-31 06:46:01,126 | INFO     | Epoch 90/250 - Train Loss: 0.083747, Val Loss: 0.099462[0m
2025-12-31 06:56:59,374 | INFO     | Epoch 91/250 - Train Loss: 0.083928, Val Loss: 0.097669[0m
2025-12-31 07:07:57,547 | INFO     | Epoch 92/250 - Train Loss: 0.084240, Val Loss: 0.097100[0m
2025-12-31 07:18:55,771 | INFO     | Epoch 93/250 - Train Loss: 0.084130, Val Loss: 0.097916[0m
2025-12-31 07:29:53,972 | INFO     | Epoch 94/250 - Train Loss: 0.083657, Val Loss: 0.099824[0m
2025-12-31 07:40:52,163 | INFO     | Epoch 95/250 - Train Loss: 0.083220, Val Loss: 0.097472[0m
2025-12-31 07:51:50,390 | INFO     | Epoch 96/250 - Train Loss: 0.082161, Val Loss: 0.097470[0m
2025-12-31 08:02:48,613 | INFO     | Epoch 97/250 - Train Loss: 0.082190, Val Loss: 0.099423[0m
2025-12-31 08:13:46,802 | INFO     | Epoch 98/250 - Train Loss: 0.083151, Val Loss: 0.101778[0m
2025-12-31 08:24:44,993 | INFO     | Epoch 99/250 - Train Loss: 0.082553, Val Loss: 0.097492[0m
2025-12-31 08:35:43,196 | INFO     | Epoch 100/250 - Train Loss: 0.081945, Val Loss: 0.098893[0m
2025-12-31 08:46:41,458 | INFO     | Epoch 101/250 - Train Loss: 0.076923, Val Loss: 0.095330[0m
2025-12-31 08:46:41,509 | INFO     | New best model saved with Val Loss: 0.095330
2025-12-31 08:57:39,747 | INFO     | Epoch 102/250 - Train Loss: 0.076175, Val Loss: 0.094143[0m
2025-12-31 08:57:39,799 | INFO     | New best model saved with Val Loss: 0.094143
2025-12-31 09:08:38,031 | INFO     | Epoch 103/250 - Train Loss: 0.075908, Val Loss: 0.093797[0m
2025-12-31 09:08:38,084 | INFO     | New best model saved with Val Loss: 0.093797
2025-12-31 09:19:36,324 | INFO     | Epoch 104/250 - Train Loss: 0.075701, Val Loss: 0.095075[0m
2025-12-31 09:30:34,537 | INFO     | Epoch 105/250 - Train Loss: 0.075519, Val Loss: 0.093657[0m
2025-12-31 09:30:34,589 | INFO     | New best model saved with Val Loss: 0.093657
2025-12-31 09:41:32,798 | INFO     | Epoch 106/250 - Train Loss: 0.075646, Val Loss: 0.093622[0m
2025-12-31 09:41:32,858 | INFO     | New best model saved with Val Loss: 0.093622
2025-12-31 09:52:31,104 | INFO     | Epoch 107/250 - Train Loss: 0.075235, Val Loss: 0.093794[0m
2025-12-31 10:03:29,329 | INFO     | Epoch 108/250 - Train Loss: 0.075036, Val Loss: 0.094357[0m
2025-12-31 10:14:36,254 | INFO     | Epoch 109/250 - Train Loss: 0.074944, Val Loss: 0.094922[0m
2025-12-31 10:25:34,558 | INFO     | Epoch 110/250 - Train Loss: 0.074762, Val Loss: 0.095196[0m
2025-12-31 10:36:32,948 | INFO     | Epoch 111/250 - Train Loss: 0.074398, Val Loss: 0.093381[0m
2025-12-31 10:36:33,002 | INFO     | New best model saved with Val Loss: 0.093381
2025-12-31 10:47:31,291 | INFO     | Epoch 112/250 - Train Loss: 0.074532, Val Loss: 0.094111[0m
2025-12-31 10:58:29,666 | INFO     | Epoch 113/250 - Train Loss: 0.073900, Val Loss: 0.094956[0m
2025-12-31 11:09:28,017 | INFO     | Epoch 114/250 - Train Loss: 0.073990, Val Loss: 0.093594[0m
2025-12-31 11:20:26,352 | INFO     | Epoch 115/250 - Train Loss: 0.073821, Val Loss: 0.093833[0m
2025-12-31 11:31:24,670 | INFO     | Epoch 116/250 - Train Loss: 0.073851, Val Loss: 0.093582[0m
2025-12-31 11:42:23,029 | INFO     | Epoch 117/250 - Train Loss: 0.073482, Val Loss: 0.094834[0m
2025-12-31 11:53:21,371 | INFO     | Epoch 118/250 - Train Loss: 0.073422, Val Loss: 0.094685[0m
2025-12-31 12:04:19,701 | INFO     | Epoch 119/250 - Train Loss: 0.073289, Val Loss: 0.094658[0m
2025-12-31 12:15:18,013 | INFO     | Epoch 120/250 - Train Loss: 0.073275, Val Loss: 0.094674[0m
2025-12-31 12:26:16,419 | INFO     | Epoch 121/250 - Train Loss: 0.073162, Val Loss: 0.096273[0m
2025-12-31 12:37:14,888 | INFO     | Epoch 122/250 - Train Loss: 0.072734, Val Loss: 0.094196[0m
2025-12-31 12:48:13,307 | INFO     | Epoch 123/250 - Train Loss: 0.072654, Val Loss: 0.095806[0m
2025-12-31 12:59:11,714 | INFO     | Epoch 124/250 - Train Loss: 0.072635, Val Loss: 0.094121[0m
2025-12-31 13:10:10,116 | INFO     | Epoch 125/250 - Train Loss: 0.072167, Val Loss: 0.094461[0m
2025-12-31 13:21:08,459 | INFO     | Epoch 126/250 - Train Loss: 0.071995, Val Loss: 0.095171[0m
2025-12-31 13:32:06,840 | INFO     | Epoch 127/250 - Train Loss: 0.072122, Val Loss: 0.095626[0m
2025-12-31 13:43:05,249 | INFO     | Epoch 128/250 - Train Loss: 0.071435, Val Loss: 0.095201[0m
2025-12-31 13:54:03,623 | INFO     | Epoch 129/250 - Train Loss: 0.071602, Val Loss: 0.095668[0m
2025-12-31 14:05:01,934 | INFO     | Epoch 130/250 - Train Loss: 0.071440, Val Loss: 0.095501[0m
2025-12-31 14:16:00,351 | INFO     | Epoch 131/250 - Train Loss: 0.070878, Val Loss: 0.094656[0m
2025-12-31 14:26:58,689 | INFO     | Epoch 132/250 - Train Loss: 0.070988, Val Loss: 0.094745[0m
2025-12-31 14:37:57,067 | INFO     | Epoch 133/250 - Train Loss: 0.070831, Val Loss: 0.096088[0m
2025-12-31 14:48:55,454 | INFO     | Epoch 134/250 - Train Loss: 0.072014, Val Loss: 0.094971[0m
2025-12-31 14:59:53,820 | INFO     | Epoch 135/250 - Train Loss: 0.070395, Val Loss: 0.095410[0m
2025-12-31 15:10:52,129 | INFO     | Epoch 136/250 - Train Loss: 0.070603, Val Loss: 0.095855[0m
2025-12-31 15:21:50,473 | INFO     | Epoch 137/250 - Train Loss: 0.070001, Val Loss: 0.097417[0m
2025-12-31 15:32:48,828 | INFO     | Epoch 138/250 - Train Loss: 0.069702, Val Loss: 0.094728[0m
2025-12-31 15:43:47,198 | INFO     | Epoch 139/250 - Train Loss: 0.069607, Val Loss: 0.095957[0m
2025-12-31 15:54:45,484 | INFO     | Epoch 140/250 - Train Loss: 0.069804, Val Loss: 0.095581[0m
2025-12-31 16:05:43,910 | INFO     | Epoch 141/250 - Train Loss: 0.069613, Val Loss: 0.097518[0m
2025-12-31 16:16:42,280 | INFO     | Epoch 142/250 - Train Loss: 0.069625, Val Loss: 0.095272[0m
2025-12-31 16:27:40,604 | INFO     | Epoch 143/250 - Train Loss: 0.069286, Val Loss: 0.097919[0m
2025-12-31 16:38:38,910 | INFO     | Epoch 144/250 - Train Loss: 0.069401, Val Loss: 0.095337[0m
2025-12-31 16:49:37,231 | INFO     | Epoch 145/250 - Train Loss: 0.068915, Val Loss: 0.095350[0m
2025-12-31 17:00:35,547 | INFO     | Epoch 146/250 - Train Loss: 0.068980, Val Loss: 0.096660[0m
2025-12-31 17:11:33,830 | INFO     | Epoch 147/250 - Train Loss: 0.069057, Val Loss: 0.095918[0m
2025-12-31 17:22:32,123 | INFO     | Epoch 148/250 - Train Loss: 0.068361, Val Loss: 0.097052[0m
2025-12-31 17:33:30,456 | INFO     | Epoch 149/250 - Train Loss: 0.068293, Val Loss: 0.097967[0m
2025-12-31 17:44:28,622 | INFO     | Epoch 150/250 - Train Loss: 0.068444, Val Loss: 0.097197[0m
2025-12-31 17:55:26,796 | INFO     | Epoch 151/250 - Train Loss: 0.064716, Val Loss: 0.094455[0m
2025-12-31 18:06:24,938 | INFO     | Epoch 152/250 - Train Loss: 0.064357, Val Loss: 0.095230[0m
2025-12-31 18:17:23,033 | INFO     | Epoch 153/250 - Train Loss: 0.064085, Val Loss: 0.094544[0m
2025-12-31 18:28:21,122 | INFO     | Epoch 154/250 - Train Loss: 0.064134, Val Loss: 0.094822[0m
2025-12-31 18:39:19,214 | INFO     | Epoch 155/250 - Train Loss: 0.063888, Val Loss: 0.095284[0m
2025-12-31 18:50:17,293 | INFO     | Epoch 156/250 - Train Loss: 0.063650, Val Loss: 0.096351[0m
2025-12-31 19:01:15,344 | INFO     | Epoch 157/250 - Train Loss: 0.063518, Val Loss: 0.095856[0m
2025-12-31 19:12:13,445 | INFO     | Epoch 158/250 - Train Loss: 0.063467, Val Loss: 0.096336[0m
2025-12-31 19:23:11,558 | INFO     | Epoch 159/250 - Train Loss: 0.063245, Val Loss: 0.096051[0m
2025-12-31 19:34:09,611 | INFO     | Epoch 160/250 - Train Loss: 0.063249, Val Loss: 0.095586[0m
2025-12-31 19:45:07,779 | INFO     | Epoch 161/250 - Train Loss: 0.063249, Val Loss: 0.099183[0m
2025-12-31 19:56:05,889 | INFO     | Epoch 162/250 - Train Loss: 0.063562, Val Loss: 0.095859[0m
2025-12-31 20:07:03,994 | INFO     | Epoch 163/250 - Train Loss: 0.062532, Val Loss: 0.096733[0m
2025-12-31 20:18:02,063 | INFO     | Epoch 164/250 - Train Loss: 0.062640, Val Loss: 0.095568[0m
2025-12-31 20:29:00,174 | INFO     | Epoch 165/250 - Train Loss: 0.062421, Val Loss: 0.096154[0m
2025-12-31 20:39:58,355 | INFO     | Epoch 166/250 - Train Loss: 0.062347, Val Loss: 0.096528[0m
2025-12-31 20:50:56,457 | INFO     | Epoch 167/250 - Train Loss: 0.062412, Val Loss: 0.097178[0m
2025-12-31 21:01:54,598 | INFO     | Epoch 168/250 - Train Loss: 0.062159, Val Loss: 0.095907[0m
2025-12-31 21:12:52,739 | INFO     | Epoch 169/250 - Train Loss: 0.061919, Val Loss: 0.096135[0m
2025-12-31 21:23:50,807 | INFO     | Epoch 170/250 - Train Loss: 0.061911, Val Loss: 0.096454[0m
2025-12-31 21:34:48,969 | INFO     | Epoch 171/250 - Train Loss: 0.061723, Val Loss: 0.096628[0m
2025-12-31 21:45:47,095 | INFO     | Epoch 172/250 - Train Loss: 0.061606, Val Loss: 0.095951[0m
2025-12-31 21:56:45,191 | INFO     | Epoch 173/250 - Train Loss: 0.061518, Val Loss: 0.096582[0m
2025-12-31 22:07:43,362 | INFO     | Epoch 174/250 - Train Loss: 0.061372, Val Loss: 0.096527[0m
2025-12-31 22:18:41,448 | INFO     | Epoch 175/250 - Train Loss: 0.061243, Val Loss: 0.098895[0m
2025-12-31 22:29:39,553 | INFO     | Epoch 176/250 - Train Loss: 0.061447, Val Loss: 0.096220[0m
2025-12-31 22:40:37,641 | INFO     | Epoch 177/250 - Train Loss: 0.060920, Val Loss: 0.096548[0m
2025-12-31 22:51:35,780 | INFO     | Epoch 178/250 - Train Loss: 0.061028, Val Loss: 0.097690[0m
2025-12-31 23:02:33,901 | INFO     | Epoch 179/250 - Train Loss: 0.060895, Val Loss: 0.097390[0m
2025-12-31 23:13:31,936 | INFO     | Epoch 180/250 - Train Loss: 0.060676, Val Loss: 0.097863[0m
2025-12-31 23:24:30,108 | INFO     | Epoch 181/250 - Train Loss: 0.060545, Val Loss: 0.097320[0m
2025-12-31 23:35:28,230 | INFO     | Epoch 182/250 - Train Loss: 0.060369, Val Loss: 0.097855[0m
2025-12-31 23:46:26,337 | INFO     | Epoch 183/250 - Train Loss: 0.060353, Val Loss: 0.097992[0m
2025-12-31 23:57:24,479 | INFO     | Epoch 184/250 - Train Loss: 0.060363, Val Loss: 0.097017[0m
2026-01-01 00:08:22,587 | INFO     | Epoch 185/250 - Train Loss: 0.060187, Val Loss: 0.097145[0m
2026-01-01 00:19:20,668 | INFO     | Epoch 186/250 - Train Loss: 0.059990, Val Loss: 0.096701[0m
2026-01-01 00:30:18,804 | INFO     | Epoch 187/250 - Train Loss: 0.059848, Val Loss: 0.097886[0m
2026-01-01 00:41:16,897 | INFO     | Epoch 188/250 - Train Loss: 0.060079, Val Loss: 0.097323[0m
2026-01-01 00:52:15,022 | INFO     | Epoch 189/250 - Train Loss: 0.059553, Val Loss: 0.097859[0m
2026-01-01 01:03:13,059 | INFO     | Epoch 190/250 - Train Loss: 0.059687, Val Loss: 0.098477[0m
2026-01-01 01:14:11,235 | INFO     | Epoch 191/250 - Train Loss: 0.059360, Val Loss: 0.097651[0m
2026-01-01 01:25:09,335 | INFO     | Epoch 192/250 - Train Loss: 0.059306, Val Loss: 0.098307[0m
2026-01-01 01:36:07,376 | INFO     | Epoch 193/250 - Train Loss: 0.059312, Val Loss: 0.098100[0m
2026-01-01 01:47:05,432 | INFO     | Epoch 194/250 - Train Loss: 0.058895, Val Loss: 0.098607[0m
2026-01-01 01:58:03,545 | INFO     | Epoch 195/250 - Train Loss: 0.059152, Val Loss: 0.098618[0m
2026-01-01 02:09:01,657 | INFO     | Epoch 196/250 - Train Loss: 0.058771, Val Loss: 0.098793[0m
2026-01-01 02:19:59,758 | INFO     | Epoch 197/250 - Train Loss: 0.058596, Val Loss: 0.098433[0m
2026-01-01 02:30:57,882 | INFO     | Epoch 198/250 - Train Loss: 0.058698, Val Loss: 0.098637[0m
2026-01-01 02:41:55,984 | INFO     | Epoch 199/250 - Train Loss: 0.058574, Val Loss: 0.097765[0m
2026-01-01 02:52:54,044 | INFO     | Epoch 200/250 - Train Loss: 0.058633, Val Loss: 0.099010[0m
2026-01-01 03:03:52,174 | INFO     | Epoch 201/250 - Train Loss: 0.056847, Val Loss: 0.097870[0m
2026-01-01 03:14:50,264 | INFO     | Epoch 202/250 - Train Loss: 0.056421, Val Loss: 0.097809[0m
2026-01-01 03:25:48,387 | INFO     | Epoch 203/250 - Train Loss: 0.056221, Val Loss: 0.097179[0m
2026-01-01 03:36:46,475 | INFO     | Epoch 204/250 - Train Loss: 0.056197, Val Loss: 0.097495[0m
2026-01-01 03:47:44,561 | INFO     | Epoch 205/250 - Train Loss: 0.056139, Val Loss: 0.098148[0m
2026-01-01 03:58:42,604 | INFO     | Epoch 206/250 - Train Loss: 0.056076, Val Loss: 0.097782[0m
2026-01-01 04:09:40,712 | INFO     | Epoch 207/250 - Train Loss: 0.055965, Val Loss: 0.097708[0m
2026-01-01 04:20:38,750 | INFO     | Epoch 208/250 - Train Loss: 0.056010, Val Loss: 0.098352[0m
2026-01-01 04:31:36,891 | INFO     | Epoch 209/250 - Train Loss: 0.055909, Val Loss: 0.098080[0m
2026-01-01 04:42:34,941 | INFO     | Epoch 210/250 - Train Loss: 0.055843, Val Loss: 0.097831[0m
2026-01-01 04:53:33,090 | INFO     | Epoch 211/250 - Train Loss: 0.055641, Val Loss: 0.098024[0m
2026-01-01 05:04:31,196 | INFO     | Epoch 212/250 - Train Loss: 0.055724, Val Loss: 0.099166[0m
2026-01-01 05:15:29,241 | INFO     | Epoch 213/250 - Train Loss: 0.055592, Val Loss: 0.098648[0m
2026-01-01 05:26:27,309 | INFO     | Epoch 214/250 - Train Loss: 0.055497, Val Loss: 0.098002[0m
2026-01-01 05:37:25,392 | INFO     | Epoch 215/250 - Train Loss: 0.055453, Val Loss: 0.098345[0m
2026-01-01 05:48:23,450 | INFO     | Epoch 216/250 - Train Loss: 0.055318, Val Loss: 0.098074[0m
2026-01-01 05:59:21,506 | INFO     | Epoch 217/250 - Train Loss: 0.055272, Val Loss: 0.098547[0m
2026-01-01 06:10:19,602 | INFO     | Epoch 218/250 - Train Loss: 0.055378, Val Loss: 0.098631[0m
2026-01-01 06:21:17,691 | INFO     | Epoch 219/250 - Train Loss: 0.055131, Val Loss: 0.098976[0m
2026-01-01 06:32:15,766 | INFO     | Epoch 220/250 - Train Loss: 0.055129, Val Loss: 0.098475[0m
2026-01-01 06:43:13,899 | INFO     | Epoch 221/250 - Train Loss: 0.055034, Val Loss: 0.098136[0m
2026-01-01 06:54:11,926 | INFO     | Epoch 222/250 - Train Loss: 0.054991, Val Loss: 0.098554[0m
2026-01-01 07:05:10,007 | INFO     | Epoch 223/250 - Train Loss: 0.054810, Val Loss: 0.098402[0m
2026-01-01 07:16:08,083 | INFO     | Epoch 224/250 - Train Loss: 0.054836, Val Loss: 0.098270[0m
2026-01-01 07:27:06,162 | INFO     | Epoch 225/250 - Train Loss: 0.054792, Val Loss: 0.098858[0m
2026-01-01 07:38:04,222 | INFO     | Epoch 226/250 - Train Loss: 0.054672, Val Loss: 0.098555[0m
2026-01-01 07:49:02,305 | INFO     | Epoch 227/250 - Train Loss: 0.054705, Val Loss: 0.098362[0m
2026-01-01 08:00:00,391 | INFO     | Epoch 228/250 - Train Loss: 0.054568, Val Loss: 0.099620[0m
2026-01-01 08:10:58,500 | INFO     | Epoch 229/250 - Train Loss: 0.054581, Val Loss: 0.098593[0m
2026-01-01 08:21:56,564 | INFO     | Epoch 230/250 - Train Loss: 0.054444, Val Loss: 0.098725[0m
2026-01-01 08:32:54,716 | INFO     | Epoch 231/250 - Train Loss: 0.054369, Val Loss: 0.099336[0m
2026-01-01 08:43:52,807 | INFO     | Epoch 232/250 - Train Loss: 0.054409, Val Loss: 0.099191[0m
2026-01-01 08:54:50,879 | INFO     | Epoch 233/250 - Train Loss: 0.054291, Val Loss: 0.098514[0m
2026-01-01 09:05:48,997 | INFO     | Epoch 234/250 - Train Loss: 0.054144, Val Loss: 0.099558[0m
2026-01-01 09:16:47,130 | INFO     | Epoch 235/250 - Train Loss: 0.054130, Val Loss: 0.099159[0m
2026-01-01 09:27:45,222 | INFO     | Epoch 236/250 - Train Loss: 0.054170, Val Loss: 0.099251[0m
2026-01-01 09:38:43,283 | INFO     | Epoch 237/250 - Train Loss: 0.054141, Val Loss: 0.098808[0m
2026-01-01 09:49:41,364 | INFO     | Epoch 238/250 - Train Loss: 0.053938, Val Loss: 0.098980[0m
2026-01-01 10:00:39,800 | INFO     | Epoch 239/250 - Train Loss: 0.053812, Val Loss: 0.099258[0m
2026-01-01 10:11:38,017 | INFO     | Epoch 240/250 - Train Loss: 0.053842, Val Loss: 0.099652[0m
2026-01-01 10:22:36,357 | INFO     | Epoch 241/250 - Train Loss: 0.053772, Val Loss: 0.098919[0m
2026-01-01 10:33:34,605 | INFO     | Epoch 242/250 - Train Loss: 0.053743, Val Loss: 0.099262[0m
2026-01-01 10:44:32,871 | INFO     | Epoch 243/250 - Train Loss: 0.053624, Val Loss: 0.099189[0m
2026-01-01 10:55:31,194 | INFO     | Epoch 244/250 - Train Loss: 0.053631, Val Loss: 0.099245[0m
2026-01-01 11:06:29,516 | INFO     | Epoch 245/250 - Train Loss: 0.053518, Val Loss: 0.099738[0m
2026-01-01 11:17:27,782 | INFO     | Epoch 246/250 - Train Loss: 0.053510, Val Loss: 0.099146[0m
2026-01-01 11:28:25,999 | INFO     | Epoch 247/250 - Train Loss: 0.053526, Val Loss: 0.099303[0m
2026-01-01 11:39:24,254 | INFO     | Epoch 248/250 - Train Loss: 0.053336, Val Loss: 0.099271[0m
2026-01-01 11:50:22,515 | INFO     | Epoch 249/250 - Train Loss: 0.053396, Val Loss: 0.099551[0m
2026-01-01 12:01:18,519 | INFO     | Epoch 250/250 - Train Loss: 0.053172, Val Loss: 0.099725[0m
2026-01-01 12:01:18,846 | INFO     | Final model saved to experiments_DrivAerNet++/WWC_wss_N10k_lr1e-3_e250_run1/final_model.pth
2026-01-01 12:01:18,846 | INFO     | Testing the final model
2026-01-01 12:01:42,866 | INFO     | *******************[35mL2_erro:[0m
2026-01-01 12:01:42,866 | INFO     |  0.238385
2026-01-01 12:01:42,867 | INFO     | *******************[35mmse_loss:[0m
2026-01-01 12:01:42,867 | INFO     |  0.090166
2026-01-01 12:01:42,867 | INFO     | *******************[35minference_time:[0m
2026-01-01 12:01:42,867 | INFO     |  0.000000
2026-01-01 12:01:42,867 | INFO     | Testing the best model
2026-01-01 12:02:06,846 | INFO     | *******************[35mL2_erro:[0m
2026-01-01 12:02:06,846 | INFO     |  0.231727
2026-01-01 12:02:06,846 | INFO     | *******************[35mmse_loss:[0m
2026-01-01 12:02:06,847 | INFO     |  0.084025
2026-01-01 12:02:06,847 | INFO     | *******************[35minference_time:[0m
2026-01-01 12:02:06,847 | INFO     |  0.000000
2026-01-08 17:34:09,020 | INFO     | Config:
exp_name: WWC_wss_N10k_lr1e-3_e250_run1
model:
  input_dim: 3
  output_dim: 3
  head_num: 8
  hidden_dim: 192
  res: true
  slice_num: 32
  layer_num: 8
  mlp_ratio: 1.5
  dropout: 0.1
training:
  input: x_wss
  target: y_wss
  x_mean:
  - 1.5163924
  - -2.8424793e-05
  - 0.59128469
  x_std:
  - 1.415569
  - 0.65566987
  - 0.38558245
  y_mean:
  - -0.7534824
  - 0.06558424
  - -0.08560407
  y_std:
  - 0.81970537
  - 0.4570819
  - 0.82683504
  batch_size: 1
  epochs: 250
  lr: 0.001
  scheduler_step: 50
  scheduler_gamma: 0.5
  max_grad_norm: 0.1
  num_workers: 1
  weight_decay: 0.0
  test_only: 0
  gpus: '0'
  seed: 42
dataload:
  directory: /mnt/wjc_group/mae-zhangbj/DrivAerNet++_dataset/E_S_WWC_WM

2026-01-08 17:34:09,020 | INFO     | args.exp_name : WWC_wss_N10k_lr1e-3_e250_run1
2026-01-08 17:34:09,020 | INFO     | Starting training with 1 GPUs
2026-01-08 17:34:51,906 | INFO     | Total trainable parameters: 2916995
2026-01-08 17:34:51,906 | INFO     | Data loaded: 456 training batches, 117 validation batches, 109 test batches
2026-01-08 17:34:51,907 | INFO     | Staring training for 250 epochs
2026-01-08 17:51:49,916 | INFO     | Epoch 1/250 - Train Loss: 0.853899, Val Loss: 0.646089[0m
2026-01-08 17:51:49,968 | INFO     | New best model saved with Val Loss: 0.646089
2026-01-08 18:09:02,569 | INFO     | Epoch 2/250 - Train Loss: 0.578369, Val Loss: 0.499174[0m
2026-01-08 18:09:02,609 | INFO     | New best model saved with Val Loss: 0.499174
2026-01-08 18:26:15,018 | INFO     | Epoch 3/250 - Train Loss: 0.472923, Val Loss: 0.440023[0m
2026-01-08 18:26:15,057 | INFO     | New best model saved with Val Loss: 0.440023
2026-01-08 18:43:27,662 | INFO     | Epoch 4/250 - Train Loss: 0.406036, Val Loss: 0.475583[0m
2026-01-08 19:00:40,269 | INFO     | Epoch 5/250 - Train Loss: 0.360726, Val Loss: 0.276219[0m
2026-01-08 19:00:40,323 | INFO     | New best model saved with Val Loss: 0.276219
2026-01-08 19:17:52,769 | INFO     | Epoch 6/250 - Train Loss: 0.255867, Val Loss: 0.228882[0m
2026-01-08 19:17:52,821 | INFO     | New best model saved with Val Loss: 0.228882
2026-01-08 19:35:05,360 | INFO     | Epoch 7/250 - Train Loss: 0.215148, Val Loss: 0.201592[0m
2026-01-08 19:35:05,414 | INFO     | New best model saved with Val Loss: 0.201592
2026-01-08 19:52:17,900 | INFO     | Epoch 8/250 - Train Loss: 0.206667, Val Loss: 0.183321[0m
2026-01-08 19:52:17,947 | INFO     | New best model saved with Val Loss: 0.183321
2026-01-08 20:09:30,662 | INFO     | Epoch 9/250 - Train Loss: 0.182531, Val Loss: 0.176958[0m
2026-01-08 20:09:30,716 | INFO     | New best model saved with Val Loss: 0.176958
2026-01-08 20:26:43,644 | INFO     | Epoch 10/250 - Train Loss: 0.170463, Val Loss: 0.170300[0m
2026-01-08 20:26:43,695 | INFO     | New best model saved with Val Loss: 0.170300
2026-01-08 20:43:56,791 | INFO     | Epoch 11/250 - Train Loss: 0.162474, Val Loss: 0.178758[0m
2026-01-08 21:01:09,616 | INFO     | Epoch 12/250 - Train Loss: 0.158217, Val Loss: 0.177528[0m
2026-01-08 21:18:22,503 | INFO     | Epoch 13/250 - Train Loss: 0.163894, Val Loss: 0.156869[0m
2026-01-08 21:18:22,557 | INFO     | New best model saved with Val Loss: 0.156869
2026-01-08 21:35:35,321 | INFO     | Epoch 14/250 - Train Loss: 0.145085, Val Loss: 0.146796[0m
2026-01-08 21:35:35,373 | INFO     | New best model saved with Val Loss: 0.146796
2026-01-08 21:52:48,164 | INFO     | Epoch 15/250 - Train Loss: 0.139216, Val Loss: 0.152230[0m
2026-01-08 22:10:00,878 | INFO     | Epoch 16/250 - Train Loss: 0.143804, Val Loss: 0.140696[0m
2026-01-08 22:10:00,929 | INFO     | New best model saved with Val Loss: 0.140696
2026-01-08 22:27:13,497 | INFO     | Epoch 17/250 - Train Loss: 0.132727, Val Loss: 0.135467[0m
2026-01-08 22:27:13,547 | INFO     | New best model saved with Val Loss: 0.135467
2026-01-08 22:44:25,670 | INFO     | Epoch 18/250 - Train Loss: 0.135165, Val Loss: 0.180089[0m
2026-01-08 23:01:36,713 | INFO     | Epoch 19/250 - Train Loss: 0.134409, Val Loss: 0.128070[0m
2026-01-08 23:01:36,760 | INFO     | New best model saved with Val Loss: 0.128070
2026-01-08 23:18:47,795 | INFO     | Epoch 20/250 - Train Loss: 0.123314, Val Loss: 0.125550[0m
2026-01-08 23:18:47,848 | INFO     | New best model saved with Val Loss: 0.125550
2026-01-08 23:35:58,890 | INFO     | Epoch 21/250 - Train Loss: 0.120002, Val Loss: 0.121480[0m
2026-01-08 23:35:58,940 | INFO     | New best model saved with Val Loss: 0.121480
2026-01-08 23:53:10,012 | INFO     | Epoch 22/250 - Train Loss: 0.121194, Val Loss: 0.128004[0m
2026-01-09 00:10:21,133 | INFO     | Epoch 23/250 - Train Loss: 0.117429, Val Loss: 0.120934[0m
2026-01-09 00:10:21,180 | INFO     | New best model saved with Val Loss: 0.120934
2026-01-09 00:27:32,054 | INFO     | Epoch 24/250 - Train Loss: 0.117824, Val Loss: 0.132642[0m
2026-01-09 00:44:43,181 | INFO     | Epoch 25/250 - Train Loss: 0.116313, Val Loss: 0.122031[0m
2026-01-09 01:01:54,279 | INFO     | Epoch 26/250 - Train Loss: 0.113696, Val Loss: 0.121196[0m
2026-01-09 01:19:05,324 | INFO     | Epoch 27/250 - Train Loss: 0.110749, Val Loss: 0.116410[0m
2026-01-09 01:19:05,377 | INFO     | New best model saved with Val Loss: 0.116410
2026-01-09 01:36:16,510 | INFO     | Epoch 28/250 - Train Loss: 0.111357, Val Loss: 0.119560[0m
2026-01-09 01:53:27,580 | INFO     | Epoch 29/250 - Train Loss: 0.110427, Val Loss: 0.114599[0m
2026-01-09 01:53:27,631 | INFO     | New best model saved with Val Loss: 0.114599
2026-01-09 02:10:38,900 | INFO     | Epoch 30/250 - Train Loss: 0.109810, Val Loss: 0.116001[0m
2026-01-09 02:27:49,976 | INFO     | Epoch 31/250 - Train Loss: 0.108741, Val Loss: 0.129539[0m
2026-01-09 02:45:01,078 | INFO     | Epoch 32/250 - Train Loss: 0.108272, Val Loss: 0.108713[0m
2026-01-09 02:45:01,127 | INFO     | New best model saved with Val Loss: 0.108713
2026-01-09 03:02:11,761 | INFO     | Epoch 33/250 - Train Loss: 0.112304, Val Loss: 0.110299[0m
2026-01-09 03:19:22,406 | INFO     | Epoch 34/250 - Train Loss: 0.103448, Val Loss: 0.110958[0m
2026-01-09 03:36:33,034 | INFO     | Epoch 35/250 - Train Loss: 0.102935, Val Loss: 0.108652[0m
2026-01-09 03:36:33,085 | INFO     | New best model saved with Val Loss: 0.108652
2026-01-09 03:53:43,564 | INFO     | Epoch 36/250 - Train Loss: 0.102964, Val Loss: 0.111752[0m
2026-01-09 04:10:54,107 | INFO     | Epoch 37/250 - Train Loss: 0.103663, Val Loss: 0.108565[0m
2026-01-09 04:10:54,161 | INFO     | New best model saved with Val Loss: 0.108565
2026-01-09 04:28:04,888 | INFO     | Epoch 38/250 - Train Loss: 0.101828, Val Loss: 0.107166[0m
2026-01-09 04:28:04,942 | INFO     | New best model saved with Val Loss: 0.107166
2026-01-09 04:45:15,551 | INFO     | Epoch 39/250 - Train Loss: 0.101952, Val Loss: 0.107863[0m
2026-01-09 05:02:26,135 | INFO     | Epoch 40/250 - Train Loss: 0.100980, Val Loss: 0.108078[0m
2026-01-09 05:19:36,814 | INFO     | Epoch 41/250 - Train Loss: 0.101176, Val Loss: 0.106067[0m
2026-01-09 05:19:36,865 | INFO     | New best model saved with Val Loss: 0.106067
2026-01-09 05:36:47,549 | INFO     | Epoch 42/250 - Train Loss: 0.098928, Val Loss: 0.106100[0m
2026-01-09 05:53:58,097 | INFO     | Epoch 43/250 - Train Loss: 0.101931, Val Loss: 0.103671[0m
2026-01-09 05:53:58,147 | INFO     | New best model saved with Val Loss: 0.103671
2026-01-09 06:11:09,120 | INFO     | Epoch 44/250 - Train Loss: 0.098772, Val Loss: 0.104266[0m
2026-01-09 06:28:21,076 | INFO     | Epoch 45/250 - Train Loss: 0.097750, Val Loss: 0.107142[0m
2026-01-09 06:45:32,246 | INFO     | Epoch 46/250 - Train Loss: 0.097575, Val Loss: 0.102537[0m
2026-01-09 06:45:32,296 | INFO     | New best model saved with Val Loss: 0.102537
2026-01-09 07:02:42,761 | INFO     | Epoch 47/250 - Train Loss: 0.097435, Val Loss: 0.105680[0m
2026-01-09 07:19:53,131 | INFO     | Epoch 48/250 - Train Loss: 0.096489, Val Loss: 0.103651[0m
2026-01-09 07:37:03,587 | INFO     | Epoch 49/250 - Train Loss: 0.096080, Val Loss: 0.103723[0m
2026-01-09 07:54:13,826 | INFO     | Epoch 50/250 - Train Loss: 0.095755, Val Loss: 0.103661[0m
2026-01-09 08:11:24,064 | INFO     | Epoch 51/250 - Train Loss: 0.087537, Val Loss: 0.098046[0m
2026-01-09 08:11:24,114 | INFO     | New best model saved with Val Loss: 0.098046
2026-01-09 08:28:34,459 | INFO     | Epoch 52/250 - Train Loss: 0.085855, Val Loss: 0.096756[0m
2026-01-09 08:28:34,511 | INFO     | New best model saved with Val Loss: 0.096756
2026-01-09 08:45:44,796 | INFO     | Epoch 53/250 - Train Loss: 0.085900, Val Loss: 0.096188[0m
2026-01-09 08:45:44,851 | INFO     | New best model saved with Val Loss: 0.096188
2026-01-09 09:02:55,240 | INFO     | Epoch 54/250 - Train Loss: 0.085598, Val Loss: 0.095565[0m
2026-01-09 09:02:55,289 | INFO     | New best model saved with Val Loss: 0.095565
2026-01-09 09:20:05,701 | INFO     | Epoch 55/250 - Train Loss: 0.085651, Val Loss: 0.096380[0m
2026-01-09 09:37:16,162 | INFO     | Epoch 56/250 - Train Loss: 0.085241, Val Loss: 0.095090[0m
2026-01-09 09:37:16,219 | INFO     | New best model saved with Val Loss: 0.095090
2026-01-09 09:54:26,571 | INFO     | Epoch 57/250 - Train Loss: 0.084796, Val Loss: 0.096832[0m
2026-01-09 10:11:36,531 | INFO     | Epoch 58/250 - Train Loss: 0.084845, Val Loss: 0.095453[0m
2026-01-09 10:28:46,862 | INFO     | Epoch 59/250 - Train Loss: 0.084491, Val Loss: 0.097912[0m
2026-01-09 10:45:57,161 | INFO     | Epoch 60/250 - Train Loss: 0.084631, Val Loss: 0.094356[0m
2026-01-09 10:45:57,210 | INFO     | New best model saved with Val Loss: 0.094356
2026-01-09 11:03:07,421 | INFO     | Epoch 61/250 - Train Loss: 0.083932, Val Loss: 0.098084[0m
2026-01-09 11:20:17,637 | INFO     | Epoch 62/250 - Train Loss: 0.084007, Val Loss: 0.096325[0m
2026-01-09 11:37:27,902 | INFO     | Epoch 63/250 - Train Loss: 0.083327, Val Loss: 0.094626[0m
2026-01-09 11:54:38,077 | INFO     | Epoch 64/250 - Train Loss: 0.083424, Val Loss: 0.095913[0m
2026-01-09 12:11:48,373 | INFO     | Epoch 65/250 - Train Loss: 0.083023, Val Loss: 0.095950[0m
2026-01-09 12:28:58,604 | INFO     | Epoch 66/250 - Train Loss: 0.083061, Val Loss: 0.095971[0m
2026-01-09 12:46:08,996 | INFO     | Epoch 67/250 - Train Loss: 0.082544, Val Loss: 0.093785[0m
2026-01-09 12:46:09,045 | INFO     | New best model saved with Val Loss: 0.093785
2026-01-09 13:03:19,326 | INFO     | Epoch 68/250 - Train Loss: 0.082535, Val Loss: 0.093755[0m
2026-01-09 13:03:19,375 | INFO     | New best model saved with Val Loss: 0.093755
2026-01-09 13:20:29,627 | INFO     | Epoch 69/250 - Train Loss: 0.082037, Val Loss: 0.093518[0m
2026-01-09 13:20:29,679 | INFO     | New best model saved with Val Loss: 0.093518
2026-01-09 13:37:40,061 | INFO     | Epoch 70/250 - Train Loss: 0.083342, Val Loss: 0.094305[0m
2026-01-09 13:54:50,423 | INFO     | Epoch 71/250 - Train Loss: 0.082126, Val Loss: 0.093855[0m
2026-01-09 14:12:00,913 | INFO     | Epoch 72/250 - Train Loss: 0.082247, Val Loss: 0.095668[0m
2026-01-09 14:29:11,266 | INFO     | Epoch 73/250 - Train Loss: 0.081610, Val Loss: 0.093580[0m
2026-01-09 14:46:21,666 | INFO     | Epoch 74/250 - Train Loss: 0.080929, Val Loss: 0.096776[0m
2026-01-09 15:03:33,419 | INFO     | Epoch 75/250 - Train Loss: 0.081017, Val Loss: 0.095533[0m
2026-01-09 15:20:43,771 | INFO     | Epoch 76/250 - Train Loss: 0.080822, Val Loss: 0.094347[0m
2026-01-09 15:37:54,279 | INFO     | Epoch 77/250 - Train Loss: 0.080800, Val Loss: 0.094717[0m
2026-01-09 15:55:04,730 | INFO     | Epoch 78/250 - Train Loss: 0.080255, Val Loss: 0.094529[0m
2026-01-09 16:12:15,101 | INFO     | Epoch 79/250 - Train Loss: 0.080061, Val Loss: 0.094635[0m
2026-01-09 16:29:25,525 | INFO     | Epoch 80/250 - Train Loss: 0.080400, Val Loss: 0.094669[0m
2026-01-09 16:46:35,848 | INFO     | Epoch 81/250 - Train Loss: 0.081891, Val Loss: 0.095061[0m
2026-01-09 17:03:46,288 | INFO     | Epoch 82/250 - Train Loss: 0.079987, Val Loss: 0.094362[0m
2026-01-09 17:20:56,734 | INFO     | Epoch 83/250 - Train Loss: 0.079596, Val Loss: 0.095980[0m
2026-01-09 17:38:07,039 | INFO     | Epoch 84/250 - Train Loss: 0.079339, Val Loss: 0.094213[0m
2026-01-09 17:55:17,410 | INFO     | Epoch 85/250 - Train Loss: 0.079206, Val Loss: 0.093976[0m
2026-01-09 18:12:27,688 | INFO     | Epoch 86/250 - Train Loss: 0.079096, Val Loss: 0.094348[0m
2026-01-09 18:29:37,956 | INFO     | Epoch 87/250 - Train Loss: 0.078826, Val Loss: 0.094562[0m
2026-01-09 18:46:48,341 | INFO     | Epoch 88/250 - Train Loss: 0.078740, Val Loss: 0.097120[0m
2026-01-09 19:03:58,734 | INFO     | Epoch 89/250 - Train Loss: 0.079100, Val Loss: 0.093476[0m
2026-01-09 19:03:58,784 | INFO     | New best model saved with Val Loss: 0.093476
2026-01-09 19:21:09,133 | INFO     | Epoch 90/250 - Train Loss: 0.078807, Val Loss: 0.094252[0m
2026-01-09 19:38:19,603 | INFO     | Epoch 91/250 - Train Loss: 0.078181, Val Loss: 0.095713[0m
2026-01-09 19:55:29,951 | INFO     | Epoch 92/250 - Train Loss: 0.077698, Val Loss: 0.093668[0m
2026-01-09 20:12:40,232 | INFO     | Epoch 93/250 - Train Loss: 0.077607, Val Loss: 0.094680[0m
2026-01-09 20:29:50,491 | INFO     | Epoch 94/250 - Train Loss: 0.077443, Val Loss: 0.095016[0m
2026-01-09 20:47:00,874 | INFO     | Epoch 95/250 - Train Loss: 0.076520, Val Loss: 0.096555[0m
2026-01-09 21:04:11,357 | INFO     | Epoch 96/250 - Train Loss: 0.077156, Val Loss: 0.093859[0m
2026-01-09 21:21:21,759 | INFO     | Epoch 97/250 - Train Loss: 0.076568, Val Loss: 0.093032[0m
2026-01-09 21:21:21,810 | INFO     | New best model saved with Val Loss: 0.093032
2026-01-09 21:38:32,200 | INFO     | Epoch 98/250 - Train Loss: 0.076642, Val Loss: 0.094480[0m
2026-01-09 21:55:42,836 | INFO     | Epoch 99/250 - Train Loss: 0.075990, Val Loss: 0.094111[0m
2026-01-09 22:12:53,992 | INFO     | Epoch 100/250 - Train Loss: 0.076455, Val Loss: 0.096720[0m
2026-01-09 22:46:09,651 | INFO     | Epoch 101/250 - Train Loss: 0.071183, Val Loss: 0.091172[0m
2026-01-09 22:46:09,707 | INFO     | New best model saved with Val Loss: 0.091172
2026-01-09 23:03:20,103 | INFO     | Epoch 102/250 - Train Loss: 0.070164, Val Loss: 0.092162[0m
2026-01-09 23:20:30,668 | INFO     | Epoch 103/250 - Train Loss: 0.069961, Val Loss: 0.092091[0m
2026-01-09 23:37:41,402 | INFO     | Epoch 104/250 - Train Loss: 0.069680, Val Loss: 0.091657[0m
2026-01-09 23:54:51,846 | INFO     | Epoch 105/250 - Train Loss: 0.069378, Val Loss: 0.091791[0m
2026-01-10 00:12:02,313 | INFO     | Epoch 106/250 - Train Loss: 0.069118, Val Loss: 0.092434[0m
2026-01-10 00:29:12,779 | INFO     | Epoch 107/250 - Train Loss: 0.069174, Val Loss: 0.093317[0m
2026-01-10 00:46:23,176 | INFO     | Epoch 108/250 - Train Loss: 0.068922, Val Loss: 0.092120[0m
2026-01-10 01:03:33,692 | INFO     | Epoch 109/250 - Train Loss: 0.068732, Val Loss: 0.092633[0m
2026-01-10 01:20:44,083 | INFO     | Epoch 110/250 - Train Loss: 0.068063, Val Loss: 0.092578[0m
2026-01-10 01:37:54,494 | INFO     | Epoch 111/250 - Train Loss: 0.068099, Val Loss: 0.091842[0m
2026-01-10 01:55:04,907 | INFO     | Epoch 112/250 - Train Loss: 0.067440, Val Loss: 0.093889[0m
2026-01-10 02:12:15,374 | INFO     | Epoch 113/250 - Train Loss: 0.067334, Val Loss: 0.092862[0m
2026-01-10 02:29:25,718 | INFO     | Epoch 114/250 - Train Loss: 0.068417, Val Loss: 0.093047[0m
2026-01-10 02:46:36,124 | INFO     | Epoch 115/250 - Train Loss: 0.066807, Val Loss: 0.094387[0m
2026-01-10 03:03:46,618 | INFO     | Epoch 116/250 - Train Loss: 0.066607, Val Loss: 0.094059[0m
2026-01-10 03:20:57,013 | INFO     | Epoch 117/250 - Train Loss: 0.067592, Val Loss: 0.093699[0m
2026-01-10 03:38:07,458 | INFO     | Epoch 118/250 - Train Loss: 0.066596, Val Loss: 0.092881[0m
2026-01-10 03:55:18,269 | INFO     | Epoch 119/250 - Train Loss: 0.065881, Val Loss: 0.093250[0m
2026-01-10 04:12:28,528 | INFO     | Epoch 120/250 - Train Loss: 0.065832, Val Loss: 0.094327[0m
2026-01-10 04:29:38,948 | INFO     | Epoch 121/250 - Train Loss: 0.065455, Val Loss: 0.094634[0m
2026-01-10 04:46:49,495 | INFO     | Epoch 122/250 - Train Loss: 0.065417, Val Loss: 0.093201[0m
2026-01-10 05:03:59,986 | INFO     | Epoch 123/250 - Train Loss: 0.065144, Val Loss: 0.093843[0m
2026-01-10 05:21:10,418 | INFO     | Epoch 124/250 - Train Loss: 0.065371, Val Loss: 0.094319[0m
2026-01-10 05:38:20,896 | INFO     | Epoch 125/250 - Train Loss: 0.065538, Val Loss: 0.094297[0m
2026-01-10 05:55:31,347 | INFO     | Epoch 126/250 - Train Loss: 0.064972, Val Loss: 0.093970[0m
2026-01-10 06:12:41,830 | INFO     | Epoch 127/250 - Train Loss: 0.064730, Val Loss: 0.094307[0m
2026-01-10 06:29:52,154 | INFO     | Epoch 128/250 - Train Loss: 0.064517, Val Loss: 0.095456[0m
2026-01-10 06:47:02,591 | INFO     | Epoch 129/250 - Train Loss: 0.063609, Val Loss: 0.094338[0m
2026-01-10 07:04:12,895 | INFO     | Epoch 130/250 - Train Loss: 0.064743, Val Loss: 0.096011[0m
2026-01-10 07:21:23,338 | INFO     | Epoch 131/250 - Train Loss: 0.063943, Val Loss: 0.094353[0m
2026-01-10 07:38:33,802 | INFO     | Epoch 132/250 - Train Loss: 0.063538, Val Loss: 0.094129[0m
2026-01-10 07:55:44,204 | INFO     | Epoch 133/250 - Train Loss: 0.062753, Val Loss: 0.093973[0m
2026-01-10 08:12:54,659 | INFO     | Epoch 134/250 - Train Loss: 0.064016, Val Loss: 0.093700[0m
2026-01-10 08:30:04,947 | INFO     | Epoch 135/250 - Train Loss: 0.062724, Val Loss: 0.094160[0m
2026-01-10 08:47:15,385 | INFO     | Epoch 136/250 - Train Loss: 0.063216, Val Loss: 0.095577[0m
2026-01-10 09:04:25,836 | INFO     | Epoch 137/250 - Train Loss: 0.062142, Val Loss: 0.095345[0m
2026-01-10 09:21:36,129 | INFO     | Epoch 138/250 - Train Loss: 0.062857, Val Loss: 0.096334[0m
2026-01-10 09:38:46,547 | INFO     | Epoch 139/250 - Train Loss: 0.062006, Val Loss: 0.094413[0m
2026-01-10 09:55:56,889 | INFO     | Epoch 140/250 - Train Loss: 0.062268, Val Loss: 0.094959[0m
2026-01-10 10:13:07,313 | INFO     | Epoch 141/250 - Train Loss: 0.062074, Val Loss: 0.100302[0m
2026-01-10 10:30:17,528 | INFO     | Epoch 142/250 - Train Loss: 0.061688, Val Loss: 0.096127[0m
2026-01-10 10:47:27,857 | INFO     | Epoch 143/250 - Train Loss: 0.061478, Val Loss: 0.096024[0m
2026-01-10 11:04:38,165 | INFO     | Epoch 144/250 - Train Loss: 0.060689, Val Loss: 0.095797[0m
2026-01-10 11:21:48,473 | INFO     | Epoch 145/250 - Train Loss: 0.060967, Val Loss: 0.095036[0m
2026-01-10 11:38:58,748 | INFO     | Epoch 146/250 - Train Loss: 0.060705, Val Loss: 0.095676[0m
2026-01-10 11:56:09,000 | INFO     | Epoch 147/250 - Train Loss: 0.060272, Val Loss: 0.095262[0m
2026-01-10 12:13:19,363 | INFO     | Epoch 148/250 - Train Loss: 0.060196, Val Loss: 0.095588[0m
2026-01-10 12:30:29,804 | INFO     | Epoch 149/250 - Train Loss: 0.059575, Val Loss: 0.097083[0m
2026-01-10 12:47:41,225 | INFO     | Epoch 150/250 - Train Loss: 0.059951, Val Loss: 0.095053[0m
2026-01-10 13:04:52,644 | INFO     | Epoch 151/250 - Train Loss: 0.056463, Val Loss: 0.094676[0m
2026-01-10 13:22:04,135 | INFO     | Epoch 152/250 - Train Loss: 0.055919, Val Loss: 0.095889[0m
2026-01-10 13:39:15,551 | INFO     | Epoch 153/250 - Train Loss: 0.055659, Val Loss: 0.095198[0m
2026-01-10 13:56:27,193 | INFO     | Epoch 154/250 - Train Loss: 0.055712, Val Loss: 0.095440[0m
2026-01-10 14:13:38,882 | INFO     | Epoch 155/250 - Train Loss: 0.055964, Val Loss: 0.095666[0m
2026-01-10 14:30:50,341 | INFO     | Epoch 156/250 - Train Loss: 0.055444, Val Loss: 0.095660[0m
2026-01-10 14:48:01,731 | INFO     | Epoch 157/250 - Train Loss: 0.055139, Val Loss: 0.095944[0m
2026-01-10 15:05:13,565 | INFO     | Epoch 158/250 - Train Loss: 0.054955, Val Loss: 0.095303[0m
2026-01-10 15:22:25,149 | INFO     | Epoch 159/250 - Train Loss: 0.054864, Val Loss: 0.096558[0m
2026-01-10 15:39:36,994 | INFO     | Epoch 160/250 - Train Loss: 0.054766, Val Loss: 0.096657[0m
2026-01-10 15:56:48,589 | INFO     | Epoch 161/250 - Train Loss: 0.054629, Val Loss: 0.095760[0m
2026-01-10 16:14:00,124 | INFO     | Epoch 162/250 - Train Loss: 0.054462, Val Loss: 0.095740[0m
2026-01-10 16:31:11,407 | INFO     | Epoch 163/250 - Train Loss: 0.054353, Val Loss: 0.096309[0m
2026-01-10 16:48:22,715 | INFO     | Epoch 164/250 - Train Loss: 0.054208, Val Loss: 0.095708[0m
2026-01-10 17:05:33,555 | INFO     | Epoch 165/250 - Train Loss: 0.053918, Val Loss: 0.096225[0m
2026-01-10 17:22:44,480 | INFO     | Epoch 166/250 - Train Loss: 0.053865, Val Loss: 0.096440[0m
2026-01-10 17:39:54,870 | INFO     | Epoch 167/250 - Train Loss: 0.053669, Val Loss: 0.097333[0m
2026-01-10 17:57:05,193 | INFO     | Epoch 168/250 - Train Loss: 0.053571, Val Loss: 0.097166[0m
2026-01-10 18:14:15,617 | INFO     | Epoch 169/250 - Train Loss: 0.053491, Val Loss: 0.096608[0m
2026-01-10 18:31:26,031 | INFO     | Epoch 170/250 - Train Loss: 0.053366, Val Loss: 0.096708[0m
2026-01-10 18:48:36,549 | INFO     | Epoch 171/250 - Train Loss: 0.053266, Val Loss: 0.096697[0m
2026-01-10 19:05:47,072 | INFO     | Epoch 172/250 - Train Loss: 0.053046, Val Loss: 0.096760[0m
2026-01-10 19:22:57,719 | INFO     | Epoch 173/250 - Train Loss: 0.052780, Val Loss: 0.097337[0m
2026-01-10 19:40:08,230 | INFO     | Epoch 174/250 - Train Loss: 0.052744, Val Loss: 0.097007[0m
2026-01-10 19:57:18,849 | INFO     | Epoch 175/250 - Train Loss: 0.052578, Val Loss: 0.097231[0m
2026-01-10 20:14:29,393 | INFO     | Epoch 176/250 - Train Loss: 0.052448, Val Loss: 0.097589[0m
2026-01-10 20:31:39,804 | INFO     | Epoch 177/250 - Train Loss: 0.052549, Val Loss: 0.097295[0m
2026-01-10 20:48:50,289 | INFO     | Epoch 178/250 - Train Loss: 0.052258, Val Loss: 0.096920[0m
2026-01-10 21:06:00,602 | INFO     | Epoch 179/250 - Train Loss: 0.052194, Val Loss: 0.097139[0m
2026-01-10 21:23:11,080 | INFO     | Epoch 180/250 - Train Loss: 0.052119, Val Loss: 0.097117[0m
2026-01-10 21:40:21,541 | INFO     | Epoch 181/250 - Train Loss: 0.051987, Val Loss: 0.097053[0m
2026-01-10 21:57:32,067 | INFO     | Epoch 182/250 - Train Loss: 0.051776, Val Loss: 0.097174[0m
2026-01-10 22:14:42,544 | INFO     | Epoch 183/250 - Train Loss: 0.051703, Val Loss: 0.100272[0m
2026-01-10 22:31:52,956 | INFO     | Epoch 184/250 - Train Loss: 0.051840, Val Loss: 0.097675[0m
2026-01-10 22:49:03,375 | INFO     | Epoch 185/250 - Train Loss: 0.051517, Val Loss: 0.097442[0m
2026-01-10 23:06:13,840 | INFO     | Epoch 186/250 - Train Loss: 0.051355, Val Loss: 0.097440[0m
2026-01-10 23:23:24,131 | INFO     | Epoch 187/250 - Train Loss: 0.051089, Val Loss: 0.097830[0m
2026-01-10 23:40:34,644 | INFO     | Epoch 188/250 - Train Loss: 0.051051, Val Loss: 0.097749[0m
2026-01-10 23:57:45,154 | INFO     | Epoch 189/250 - Train Loss: 0.051045, Val Loss: 0.098235[0m
2026-01-11 00:14:55,574 | INFO     | Epoch 190/250 - Train Loss: 0.050800, Val Loss: 0.097599[0m
2026-01-11 00:32:05,977 | INFO     | Epoch 191/250 - Train Loss: 0.050757, Val Loss: 0.097302[0m
2026-01-11 00:49:16,259 | INFO     | Epoch 192/250 - Train Loss: 0.050611, Val Loss: 0.098172[0m
2026-01-11 01:06:26,621 | INFO     | Epoch 193/250 - Train Loss: 0.050473, Val Loss: 0.098678[0m
2026-01-11 01:23:37,062 | INFO     | Epoch 194/250 - Train Loss: 0.050404, Val Loss: 0.097913[0m
2026-01-11 01:40:47,476 | INFO     | Epoch 195/250 - Train Loss: 0.050356, Val Loss: 0.098299[0m
2026-01-11 01:57:57,815 | INFO     | Epoch 196/250 - Train Loss: 0.050285, Val Loss: 0.099060[0m
2026-01-11 02:15:08,278 | INFO     | Epoch 197/250 - Train Loss: 0.050319, Val Loss: 0.098168[0m
2026-01-11 02:32:18,838 | INFO     | Epoch 198/250 - Train Loss: 0.049964, Val Loss: 0.098194[0m
2026-01-11 02:49:29,367 | INFO     | Epoch 199/250 - Train Loss: 0.049734, Val Loss: 0.097847[0m
2026-01-11 03:06:39,831 | INFO     | Epoch 200/250 - Train Loss: 0.049617, Val Loss: 0.097831[0m
2026-01-11 03:23:50,313 | INFO     | Epoch 201/250 - Train Loss: 0.048112, Val Loss: 0.097801[0m
2026-01-11 03:41:00,714 | INFO     | Epoch 202/250 - Train Loss: 0.047873, Val Loss: 0.098034[0m
2026-01-11 03:58:11,251 | INFO     | Epoch 203/250 - Train Loss: 0.047767, Val Loss: 0.098398[0m
2026-01-11 04:15:21,718 | INFO     | Epoch 204/250 - Train Loss: 0.047791, Val Loss: 0.098047[0m
2026-01-11 04:32:32,183 | INFO     | Epoch 205/250 - Train Loss: 0.047680, Val Loss: 0.098257[0m
2026-01-11 04:49:42,547 | INFO     | Epoch 206/250 - Train Loss: 0.047656, Val Loss: 0.098596[0m
2026-01-11 05:06:52,987 | INFO     | Epoch 207/250 - Train Loss: 0.047567, Val Loss: 0.097936[0m
2026-01-11 05:24:03,458 | INFO     | Epoch 208/250 - Train Loss: 0.047517, Val Loss: 0.097885[0m
2026-01-11 05:41:13,960 | INFO     | Epoch 209/250 - Train Loss: 0.047448, Val Loss: 0.098313[0m
2026-01-11 05:58:24,366 | INFO     | Epoch 210/250 - Train Loss: 0.047381, Val Loss: 0.098333[0m
2026-01-11 06:15:34,885 | INFO     | Epoch 211/250 - Train Loss: 0.047267, Val Loss: 0.097979[0m
2026-01-11 06:32:45,348 | INFO     | Epoch 212/250 - Train Loss: 0.047181, Val Loss: 0.098234[0m
2026-01-11 06:49:55,799 | INFO     | Epoch 213/250 - Train Loss: 0.047166, Val Loss: 0.097739[0m
2026-01-11 07:07:06,215 | INFO     | Epoch 214/250 - Train Loss: 0.047115, Val Loss: 0.098082[0m
2026-01-11 07:24:16,545 | INFO     | Epoch 215/250 - Train Loss: 0.046956, Val Loss: 0.098336[0m
2026-01-11 07:41:26,956 | INFO     | Epoch 216/250 - Train Loss: 0.046919, Val Loss: 0.098332[0m
2026-01-11 07:58:37,357 | INFO     | Epoch 217/250 - Train Loss: 0.046905, Val Loss: 0.098673[0m
2026-01-11 08:15:47,852 | INFO     | Epoch 218/250 - Train Loss: 0.046819, Val Loss: 0.098491[0m
2026-01-11 08:32:58,325 | INFO     | Epoch 219/250 - Train Loss: 0.046741, Val Loss: 0.098677[0m
2026-01-11 08:50:08,729 | INFO     | Epoch 220/250 - Train Loss: 0.046676, Val Loss: 0.098516[0m
2026-01-11 09:07:19,083 | INFO     | Epoch 221/250 - Train Loss: 0.046619, Val Loss: 0.098605[0m
2026-01-11 09:24:29,524 | INFO     | Epoch 222/250 - Train Loss: 0.046639, Val Loss: 0.098788[0m
2026-01-11 09:41:40,019 | INFO     | Epoch 223/250 - Train Loss: 0.046545, Val Loss: 0.098675[0m
2026-01-11 09:58:50,546 | INFO     | Epoch 224/250 - Train Loss: 0.046450, Val Loss: 0.098774[0m
2026-01-11 10:16:00,891 | INFO     | Epoch 225/250 - Train Loss: 0.046364, Val Loss: 0.098992[0m
2026-01-11 10:33:11,252 | INFO     | Epoch 226/250 - Train Loss: 0.046307, Val Loss: 0.099078[0m
2026-01-11 10:50:21,737 | INFO     | Epoch 227/250 - Train Loss: 0.046256, Val Loss: 0.099386[0m
2026-01-11 11:07:32,211 | INFO     | Epoch 228/250 - Train Loss: 0.046193, Val Loss: 0.099155[0m
2026-01-11 11:24:42,580 | INFO     | Epoch 229/250 - Train Loss: 0.046139, Val Loss: 0.099040[0m
2026-01-11 11:41:53,161 | INFO     | Epoch 230/250 - Train Loss: 0.046114, Val Loss: 0.098693[0m
2026-01-11 11:59:03,758 | INFO     | Epoch 231/250 - Train Loss: 0.045975, Val Loss: 0.099434[0m
2026-01-11 12:16:14,255 | INFO     | Epoch 232/250 - Train Loss: 0.045915, Val Loss: 0.099312[0m
2026-01-11 12:33:24,784 | INFO     | Epoch 233/250 - Train Loss: 0.045845, Val Loss: 0.099009[0m
2026-01-11 12:50:35,270 | INFO     | Epoch 234/250 - Train Loss: 0.045768, Val Loss: 0.099330[0m
2026-01-11 13:07:45,799 | INFO     | Epoch 235/250 - Train Loss: 0.045772, Val Loss: 0.098829[0m
2026-01-11 13:24:56,503 | INFO     | Epoch 236/250 - Train Loss: 0.045724, Val Loss: 0.099185[0m
2026-01-11 13:42:07,210 | INFO     | Epoch 237/250 - Train Loss: 0.045642, Val Loss: 0.099796[0m
2026-01-11 13:59:17,861 | INFO     | Epoch 238/250 - Train Loss: 0.045570, Val Loss: 0.099899[0m
2026-01-11 14:16:28,498 | INFO     | Epoch 239/250 - Train Loss: 0.045622, Val Loss: 0.099060[0m
2026-01-11 14:33:40,110 | INFO     | Epoch 240/250 - Train Loss: 0.045481, Val Loss: 0.099182[0m
2026-01-11 14:50:50,881 | INFO     | Epoch 241/250 - Train Loss: 0.045523, Val Loss: 0.099743[0m
2026-01-11 15:08:01,617 | INFO     | Epoch 242/250 - Train Loss: 0.045388, Val Loss: 0.099251[0m
2026-01-11 15:25:13,350 | INFO     | Epoch 243/250 - Train Loss: 0.045278, Val Loss: 0.099669[0m
2026-01-11 15:42:24,977 | INFO     | Epoch 244/250 - Train Loss: 0.045226, Val Loss: 0.099577[0m
2026-01-11 15:59:36,595 | INFO     | Epoch 245/250 - Train Loss: 0.045167, Val Loss: 0.099316[0m
2026-01-11 16:16:48,270 | INFO     | Epoch 246/250 - Train Loss: 0.045128, Val Loss: 0.099732[0m
2026-01-11 16:33:59,195 | INFO     | Epoch 247/250 - Train Loss: 0.045066, Val Loss: 0.099189[0m
2026-01-11 16:51:09,949 | INFO     | Epoch 248/250 - Train Loss: 0.045051, Val Loss: 0.099685[0m
2026-01-11 17:08:20,685 | INFO     | Epoch 249/250 - Train Loss: 0.045080, Val Loss: 0.099501[0m
2026-01-11 17:25:31,390 | INFO     | Epoch 250/250 - Train Loss: 0.044963, Val Loss: 0.099558[0m
2026-01-11 17:25:31,545 | INFO     | Final model saved to experiments_DrivAerNet++/WWC_wss_N10k_lr1e-3_e250_run1/final_model.pth
2026-01-11 17:25:31,545 | INFO     | Testing the final model
2026-01-11 17:26:24,503 | INFO     | *******************[35mL2_erro:[0m
2026-01-11 17:26:24,504 | INFO     |  0.239142
2026-01-11 17:26:24,504 | INFO     | *******************[35mmse_loss:[0m
2026-01-11 17:26:24,504 | INFO     |  0.091445
2026-01-11 17:26:24,504 | INFO     | *******************[35minference_time:[0m
2026-01-11 17:26:24,504 | INFO     |  0.000000
2026-01-11 17:26:24,504 | INFO     | Testing the best model
2026-01-11 17:27:18,076 | INFO     | *******************[35mL2_erro:[0m
2026-01-11 17:27:18,077 | INFO     |  0.228470
2026-01-11 17:27:18,077 | INFO     | *******************[35mmse_loss:[0m
2026-01-11 17:27:18,077 | INFO     |  0.082310
2026-01-11 17:27:18,077 | INFO     | *******************[35minference_time:[0m
2026-01-11 17:27:18,077 | INFO     |  0.000000
