2025-12-11 12:03:06,697 | INFO     | Config:
exp_name: DrivAerNet_wss_N3w_lr5e-4_e300
model:
  input_dim: 3
  output_dim: 1
  head_num: 4
  hidden_dim: 256
  res: true
  head_dim: 64
  slice_num: 64
  layer_num: 8
  mlp_ratio: 2
  dropout: 0.1
training:
  batch_size: 1
  epochs: 300
  lr: 0.0005
  scheduler_step: 50
  scheduler_gamma: 0.7
  max_grad_norm: 0.1
  num_workers: 1
  weight_decay: 1.0e-05
  test_only: 0
  gpus: '0'
  seed: 42
dataload:
  directory: /mnt/wjc_group/mae-zhangbj/DrivAerNet_dataset/

2025-12-11 12:03:06,697 | INFO     | args.exp_name : DrivAerNet_wss_N3w_lr5e-4_e300
2025-12-11 12:03:06,697 | INFO     | Starting training with 1 GPUs
2025-12-11 12:03:08,147 | INFO     | Total trainable parameters: 4524353
2025-12-11 12:03:08,147 | INFO     | Data loaded: 686 training batches, 138 validation batches, 161 test batches
2025-12-11 12:03:08,148 | INFO     | Staring training for 300 epochs
2025-12-11 12:10:29,247 | INFO     | Epoch 1/300 - Train Loss: 0.537302, Val Loss: 0.395533[0m
2025-12-11 12:10:29,283 | INFO     | New best model saved with Val Loss: 0.395533
2025-12-11 12:17:50,499 | INFO     | Epoch 2/300 - Train Loss: 0.370114, Val Loss: 0.291914[0m
2025-12-11 12:17:50,572 | INFO     | New best model saved with Val Loss: 0.291914
2025-12-11 12:25:11,724 | INFO     | Epoch 3/300 - Train Loss: 0.270063, Val Loss: 0.229406[0m
2025-12-11 12:25:11,793 | INFO     | New best model saved with Val Loss: 0.229406
2025-12-11 12:32:32,805 | INFO     | Epoch 4/300 - Train Loss: 0.213295, Val Loss: 0.175616[0m
2025-12-11 12:32:32,878 | INFO     | New best model saved with Val Loss: 0.175616
2025-12-11 12:39:53,891 | INFO     | Epoch 5/300 - Train Loss: 0.179136, Val Loss: 0.151707[0m
2025-12-11 12:39:53,964 | INFO     | New best model saved with Val Loss: 0.151707
