2026-02-23 13:18:26,754 | INFO     | Config:
exp_name: ShapeNet_pressure
model:
  input_dim: 3
  output_dim: 1
  head_num: 8
  hidden_dim: 192
  res: true
  slice_num: 32
  layer_num: 8
  mlp_ratio: 1.5
  dropout: 0.1
training:
  input: x
  target: y
  x_mean:
  - 1.5163924
  - -2.8424793e-05
  - 0.59128469
  x_std:
  - 1.415569
  - 0.65566987
  - 0.38558245
  y_mean: -93.28388
  y_std: 121.19236
  batch_size: 1
  epochs: 150
  lr: 0.001
  scheduler_step: 50
  scheduler_gamma: 0.5
  max_grad_norm: 0.1
  num_workers: 1
  weight_decay: 0.0
  test_only: 0
  gpus: '0'
  seed: 42
dataload:
  directory: /mnt/wjc_group/mae-zhangbj/ShapeNet_dataset

2026-02-23 13:18:26,754 | INFO     | args.exp_name : ShapeNet_pressure
2026-02-23 13:18:26,754 | INFO     | Starting training with 1 GPUs
2026-02-23 13:18:27,682 | INFO     | Total trainable parameters: 2916609
2026-02-23 13:18:27,682 | INFO     | Data loaded: 440 training batches, 55 validation batches, 55 test batches
2026-02-23 13:18:27,683 | INFO     | Staring training for 150 epochs
2026-02-23 13:20:26,680 | INFO     | Epoch 1/150 - Train Loss: 0.180020, Val Loss: 0.063622[0m
2026-02-23 13:20:26,708 | INFO     | New best model saved with Val Loss: 0.063622
2026-02-23 13:22:33,873 | INFO     | Epoch 2/150 - Train Loss: 0.056469, Val Loss: 0.047512[0m
2026-02-23 13:22:33,927 | INFO     | New best model saved with Val Loss: 0.047512
2026-02-23 13:24:41,720 | INFO     | Epoch 3/150 - Train Loss: 0.037661, Val Loss: 0.036729[0m
2026-02-23 13:24:41,768 | INFO     | New best model saved with Val Loss: 0.036729
2026-02-23 13:26:49,401 | INFO     | Epoch 4/150 - Train Loss: 0.031008, Val Loss: 0.022205[0m
2026-02-23 13:26:49,450 | INFO     | New best model saved with Val Loss: 0.022205
2026-02-23 13:28:57,865 | INFO     | Epoch 5/150 - Train Loss: 0.028764, Val Loss: 0.028985[0m
2026-02-23 13:31:05,889 | INFO     | Epoch 6/150 - Train Loss: 0.025935, Val Loss: 0.025045[0m
2026-02-23 13:33:13,431 | INFO     | Epoch 7/150 - Train Loss: 0.023937, Val Loss: 0.019815[0m
2026-02-23 13:33:13,488 | INFO     | New best model saved with Val Loss: 0.019815
2026-02-23 13:35:21,550 | INFO     | Epoch 8/150 - Train Loss: 0.021507, Val Loss: 0.017752[0m
2026-02-23 13:35:21,599 | INFO     | New best model saved with Val Loss: 0.017752
2026-02-23 13:37:29,158 | INFO     | Epoch 9/150 - Train Loss: 0.020319, Val Loss: 0.020905[0m
2026-02-23 13:39:36,975 | INFO     | Epoch 10/150 - Train Loss: 0.018883, Val Loss: 0.016537[0m
2026-02-23 13:39:37,024 | INFO     | New best model saved with Val Loss: 0.016537
2026-02-23 13:41:44,661 | INFO     | Epoch 11/150 - Train Loss: 0.018209, Val Loss: 0.015331[0m
2026-02-23 13:41:44,716 | INFO     | New best model saved with Val Loss: 0.015331
2026-02-23 13:43:52,270 | INFO     | Epoch 12/150 - Train Loss: 0.019995, Val Loss: 0.016479[0m
2026-02-23 13:46:00,049 | INFO     | Epoch 13/150 - Train Loss: 0.016818, Val Loss: 0.013855[0m
2026-02-23 13:46:00,109 | INFO     | New best model saved with Val Loss: 0.013855
2026-02-23 13:48:07,549 | INFO     | Epoch 14/150 - Train Loss: 0.016059, Val Loss: 0.015111[0m
2026-02-23 13:50:15,109 | INFO     | Epoch 15/150 - Train Loss: 0.014808, Val Loss: 0.014080[0m
2026-02-23 13:52:22,430 | INFO     | Epoch 16/150 - Train Loss: 0.014138, Val Loss: 0.012419[0m
2026-02-23 13:52:22,481 | INFO     | New best model saved with Val Loss: 0.012419
2026-02-23 13:54:30,187 | INFO     | Epoch 17/150 - Train Loss: 0.012875, Val Loss: 0.014916[0m
2026-02-23 13:56:37,557 | INFO     | Epoch 18/150 - Train Loss: 0.013231, Val Loss: 0.010964[0m
2026-02-23 13:56:37,609 | INFO     | New best model saved with Val Loss: 0.010964
2026-02-23 13:58:44,924 | INFO     | Epoch 19/150 - Train Loss: 0.012089, Val Loss: 0.015594[0m
2026-02-23 14:00:53,023 | INFO     | Epoch 20/150 - Train Loss: 0.010365, Val Loss: 0.011493[0m
2026-02-23 14:03:01,026 | INFO     | Epoch 21/150 - Train Loss: 0.009898, Val Loss: 0.008229[0m
2026-02-23 14:03:01,082 | INFO     | New best model saved with Val Loss: 0.008229
2026-02-23 14:05:09,224 | INFO     | Epoch 22/150 - Train Loss: 0.009202, Val Loss: 0.010433[0m
2026-02-23 14:07:17,034 | INFO     | Epoch 23/150 - Train Loss: 0.009175, Val Loss: 0.007128[0m
2026-02-23 14:07:17,085 | INFO     | New best model saved with Val Loss: 0.007128
2026-02-23 14:09:24,823 | INFO     | Epoch 24/150 - Train Loss: 0.008012, Val Loss: 0.007557[0m
2026-02-23 14:11:32,830 | INFO     | Epoch 25/150 - Train Loss: 0.008042, Val Loss: 0.007262[0m
2026-02-23 14:13:40,522 | INFO     | Epoch 26/150 - Train Loss: 0.007274, Val Loss: 0.006146[0m
2026-02-23 14:13:40,580 | INFO     | New best model saved with Val Loss: 0.006146
2026-02-23 14:15:48,654 | INFO     | Epoch 27/150 - Train Loss: 0.007552, Val Loss: 0.012902[0m
2026-02-23 14:17:56,408 | INFO     | Epoch 28/150 - Train Loss: 0.006507, Val Loss: 0.004764[0m
2026-02-23 14:17:56,459 | INFO     | New best model saved with Val Loss: 0.004764
2026-02-23 14:20:04,272 | INFO     | Epoch 29/150 - Train Loss: 0.005975, Val Loss: 0.006148[0m
2026-02-23 14:22:11,967 | INFO     | Epoch 30/150 - Train Loss: 0.005399, Val Loss: 0.004823[0m
2026-02-23 14:24:19,617 | INFO     | Epoch 31/150 - Train Loss: 0.005270, Val Loss: 0.006759[0m
2026-02-23 14:26:27,739 | INFO     | Epoch 32/150 - Train Loss: 0.005623, Val Loss: 0.005786[0m
2026-02-23 14:28:35,426 | INFO     | Epoch 33/150 - Train Loss: 0.004703, Val Loss: 0.003359[0m
2026-02-23 14:28:35,483 | INFO     | New best model saved with Val Loss: 0.003359
2026-02-23 14:30:43,550 | INFO     | Epoch 34/150 - Train Loss: 0.004757, Val Loss: 0.004690[0m
2026-02-23 14:32:51,266 | INFO     | Epoch 35/150 - Train Loss: 0.004730, Val Loss: 0.003728[0m
2026-02-23 14:34:59,043 | INFO     | Epoch 36/150 - Train Loss: 0.004084, Val Loss: 0.003383[0m
2026-02-23 14:37:07,312 | INFO     | Epoch 37/150 - Train Loss: 0.004206, Val Loss: 0.004630[0m
2026-02-23 14:39:15,156 | INFO     | Epoch 38/150 - Train Loss: 0.004344, Val Loss: 0.003888[0m
2026-02-23 14:41:23,259 | INFO     | Epoch 39/150 - Train Loss: 0.003817, Val Loss: 0.004018[0m
2026-02-23 14:43:31,189 | INFO     | Epoch 40/150 - Train Loss: 0.003482, Val Loss: 0.003168[0m
2026-02-23 14:43:31,242 | INFO     | New best model saved with Val Loss: 0.003168
2026-02-23 14:45:39,275 | INFO     | Epoch 41/150 - Train Loss: 0.003591, Val Loss: 0.003589[0m
2026-02-23 14:47:47,460 | INFO     | Epoch 42/150 - Train Loss: 0.003538, Val Loss: 0.003146[0m
2026-02-23 14:47:47,509 | INFO     | New best model saved with Val Loss: 0.003146
2026-02-23 14:49:25,728 | INFO     | Epoch 43/150 - Train Loss: 0.003260, Val Loss: 0.003660[0m
2026-02-23 14:50:59,895 | INFO     | Epoch 44/150 - Train Loss: 0.003454, Val Loss: 0.002850[0m
2026-02-23 14:50:59,948 | INFO     | New best model saved with Val Loss: 0.002850
2026-02-23 14:52:34,203 | INFO     | Epoch 45/150 - Train Loss: 0.003209, Val Loss: 0.003872[0m
2026-02-23 14:54:08,464 | INFO     | Epoch 46/150 - Train Loss: 0.003106, Val Loss: 0.003275[0m
2026-02-23 14:55:42,672 | INFO     | Epoch 47/150 - Train Loss: 0.002778, Val Loss: 0.002663[0m
2026-02-23 14:55:42,726 | INFO     | New best model saved with Val Loss: 0.002663
2026-02-23 14:57:16,975 | INFO     | Epoch 48/150 - Train Loss: 0.002855, Val Loss: 0.003129[0m
2026-02-23 14:58:51,211 | INFO     | Epoch 49/150 - Train Loss: 0.003075, Val Loss: 0.002847[0m
2026-02-23 15:00:25,527 | INFO     | Epoch 50/150 - Train Loss: 0.003208, Val Loss: 0.002576[0m
2026-02-23 15:00:25,578 | INFO     | New best model saved with Val Loss: 0.002576
2026-02-23 15:02:00,040 | INFO     | Epoch 51/150 - Train Loss: 0.002071, Val Loss: 0.002133[0m
2026-02-23 15:02:00,087 | INFO     | New best model saved with Val Loss: 0.002133
2026-02-23 15:03:34,429 | INFO     | Epoch 52/150 - Train Loss: 0.002040, Val Loss: 0.002153[0m
2026-02-23 15:05:08,688 | INFO     | Epoch 53/150 - Train Loss: 0.001866, Val Loss: 0.001877[0m
2026-02-23 15:05:08,742 | INFO     | New best model saved with Val Loss: 0.001877
2026-02-23 15:06:42,990 | INFO     | Epoch 54/150 - Train Loss: 0.001801, Val Loss: 0.001956[0m
2026-02-23 15:08:17,228 | INFO     | Epoch 55/150 - Train Loss: 0.001843, Val Loss: 0.002296[0m
2026-02-23 15:09:51,414 | INFO     | Epoch 56/150 - Train Loss: 0.001811, Val Loss: 0.001893[0m
2026-02-23 15:11:25,596 | INFO     | Epoch 57/150 - Train Loss: 0.001770, Val Loss: 0.002076[0m
2026-02-23 15:12:59,795 | INFO     | Epoch 58/150 - Train Loss: 0.001883, Val Loss: 0.002099[0m
2026-02-23 15:14:34,008 | INFO     | Epoch 59/150 - Train Loss: 0.001794, Val Loss: 0.002002[0m
2026-02-23 15:16:08,187 | INFO     | Epoch 60/150 - Train Loss: 0.001695, Val Loss: 0.001955[0m
2026-02-23 15:17:42,545 | INFO     | Epoch 61/150 - Train Loss: 0.001678, Val Loss: 0.001772[0m
2026-02-23 15:17:42,596 | INFO     | New best model saved with Val Loss: 0.001772
2026-02-23 15:19:16,918 | INFO     | Epoch 62/150 - Train Loss: 0.001643, Val Loss: 0.001774[0m
2026-02-23 15:20:51,483 | INFO     | Epoch 63/150 - Train Loss: 0.001620, Val Loss: 0.002010[0m
2026-02-23 15:22:25,669 | INFO     | Epoch 64/150 - Train Loss: 0.001633, Val Loss: 0.001669[0m
2026-02-23 15:22:25,719 | INFO     | New best model saved with Val Loss: 0.001669
2026-02-23 15:24:00,167 | INFO     | Epoch 65/150 - Train Loss: 0.001534, Val Loss: 0.001642[0m
2026-02-23 15:24:00,222 | INFO     | New best model saved with Val Loss: 0.001642
2026-02-23 15:25:34,446 | INFO     | Epoch 66/150 - Train Loss: 0.001598, Val Loss: 0.001958[0m
2026-02-23 15:27:08,755 | INFO     | Epoch 67/150 - Train Loss: 0.001532, Val Loss: 0.001661[0m
2026-02-23 15:28:43,097 | INFO     | Epoch 68/150 - Train Loss: 0.001457, Val Loss: 0.001620[0m
2026-02-23 15:28:43,152 | INFO     | New best model saved with Val Loss: 0.001620
2026-02-23 15:30:17,393 | INFO     | Epoch 69/150 - Train Loss: 0.001438, Val Loss: 0.001584[0m
2026-02-23 15:30:17,438 | INFO     | New best model saved with Val Loss: 0.001584
2026-02-23 15:31:51,753 | INFO     | Epoch 70/150 - Train Loss: 0.001461, Val Loss: 0.001493[0m
2026-02-23 15:31:51,805 | INFO     | New best model saved with Val Loss: 0.001493
2026-02-23 15:33:26,113 | INFO     | Epoch 71/150 - Train Loss: 0.001444, Val Loss: 0.001560[0m
2026-02-23 15:35:00,343 | INFO     | Epoch 72/150 - Train Loss: 0.001454, Val Loss: 0.001567[0m
2026-02-23 15:36:34,611 | INFO     | Epoch 73/150 - Train Loss: 0.001400, Val Loss: 0.001596[0m
2026-02-23 15:38:08,824 | INFO     | Epoch 74/150 - Train Loss: 0.001413, Val Loss: 0.001665[0m
2026-02-23 15:39:42,973 | INFO     | Epoch 75/150 - Train Loss: 0.001331, Val Loss: 0.002164[0m
2026-02-23 15:41:16,728 | INFO     | Epoch 76/150 - Train Loss: 0.001449, Val Loss: 0.001611[0m
2026-02-23 15:42:51,259 | INFO     | Epoch 77/150 - Train Loss: 0.001315, Val Loss: 0.001550[0m
2026-02-23 15:44:26,068 | INFO     | Epoch 78/150 - Train Loss: 0.001346, Val Loss: 0.001634[0m
2026-02-23 15:46:00,552 | INFO     | Epoch 79/150 - Train Loss: 0.001286, Val Loss: 0.001356[0m
2026-02-23 15:46:00,605 | INFO     | New best model saved with Val Loss: 0.001356
2026-02-23 15:47:34,889 | INFO     | Epoch 80/150 - Train Loss: 0.001270, Val Loss: 0.001410[0m
2026-02-23 15:49:09,362 | INFO     | Epoch 81/150 - Train Loss: 0.001350, Val Loss: 0.001374[0m
2026-02-23 15:50:43,818 | INFO     | Epoch 82/150 - Train Loss: 0.001174, Val Loss: 0.001404[0m
2026-02-23 15:52:18,101 | INFO     | Epoch 83/150 - Train Loss: 0.001308, Val Loss: 0.001450[0m
2026-02-23 15:53:52,376 | INFO     | Epoch 84/150 - Train Loss: 0.001214, Val Loss: 0.001557[0m
2026-02-23 15:55:26,652 | INFO     | Epoch 85/150 - Train Loss: 0.001362, Val Loss: 0.001495[0m
2026-02-23 15:57:00,946 | INFO     | Epoch 86/150 - Train Loss: 0.001200, Val Loss: 0.001449[0m
2026-02-23 15:58:35,170 | INFO     | Epoch 87/150 - Train Loss: 0.001171, Val Loss: 0.001398[0m
2026-02-23 16:00:09,407 | INFO     | Epoch 88/150 - Train Loss: 0.001216, Val Loss: 0.001691[0m
2026-02-23 16:01:43,748 | INFO     | Epoch 89/150 - Train Loss: 0.001336, Val Loss: 0.001419[0m
2026-02-23 16:03:17,432 | INFO     | Epoch 90/150 - Train Loss: 0.001170, Val Loss: 0.001379[0m
2026-02-23 16:04:52,128 | INFO     | Epoch 91/150 - Train Loss: 0.001187, Val Loss: 0.001313[0m
2026-02-23 16:04:52,182 | INFO     | New best model saved with Val Loss: 0.001313
2026-02-23 16:06:26,442 | INFO     | Epoch 92/150 - Train Loss: 0.001127, Val Loss: 0.001365[0m
2026-02-23 16:08:00,743 | INFO     | Epoch 93/150 - Train Loss: 0.001234, Val Loss: 0.001317[0m
2026-02-23 16:09:35,086 | INFO     | Epoch 94/150 - Train Loss: 0.001109, Val Loss: 0.001485[0m
2026-02-23 16:11:09,604 | INFO     | Epoch 95/150 - Train Loss: 0.001098, Val Loss: 0.001346[0m
2026-02-23 16:12:43,989 | INFO     | Epoch 96/150 - Train Loss: 0.001124, Val Loss: 0.001321[0m
2026-02-23 16:14:18,132 | INFO     | Epoch 97/150 - Train Loss: 0.001137, Val Loss: 0.001470[0m
2026-02-23 16:15:52,461 | INFO     | Epoch 98/150 - Train Loss: 0.001105, Val Loss: 0.001441[0m
2026-02-23 16:17:26,762 | INFO     | Epoch 99/150 - Train Loss: 0.001141, Val Loss: 0.001337[0m
2026-02-23 16:19:01,067 | INFO     | Epoch 100/150 - Train Loss: 0.001050, Val Loss: 0.001340[0m
2026-02-23 16:20:34,961 | INFO     | Epoch 101/150 - Train Loss: 0.000834, Val Loss: 0.001074[0m
2026-02-23 16:20:35,014 | INFO     | New best model saved with Val Loss: 0.001074
2026-02-23 16:22:09,903 | INFO     | Epoch 102/150 - Train Loss: 0.000827, Val Loss: 0.001075[0m
2026-02-23 16:23:44,472 | INFO     | Epoch 103/150 - Train Loss: 0.000799, Val Loss: 0.001112[0m
2026-02-23 16:25:18,775 | INFO     | Epoch 104/150 - Train Loss: 0.000812, Val Loss: 0.001108[0m
2026-02-23 16:26:53,442 | INFO     | Epoch 105/150 - Train Loss: 0.000814, Val Loss: 0.001075[0m
2026-02-23 16:28:27,853 | INFO     | Epoch 106/150 - Train Loss: 0.000802, Val Loss: 0.001088[0m
2026-02-23 16:30:01,843 | INFO     | Epoch 107/150 - Train Loss: 0.000797, Val Loss: 0.001049[0m
2026-02-23 16:30:01,893 | INFO     | New best model saved with Val Loss: 0.001049
2026-02-23 16:31:36,117 | INFO     | Epoch 108/150 - Train Loss: 0.000797, Val Loss: 0.001159[0m
2026-02-23 16:33:10,538 | INFO     | Epoch 109/150 - Train Loss: 0.000795, Val Loss: 0.001116[0m
2026-02-23 16:34:45,161 | INFO     | Epoch 110/150 - Train Loss: 0.000793, Val Loss: 0.001160[0m
2026-02-23 16:36:19,853 | INFO     | Epoch 111/150 - Train Loss: 0.000793, Val Loss: 0.001131[0m
2026-02-23 16:37:53,971 | INFO     | Epoch 112/150 - Train Loss: 0.000760, Val Loss: 0.001146[0m
2026-02-23 16:39:27,891 | INFO     | Epoch 113/150 - Train Loss: 0.000764, Val Loss: 0.001097[0m
2026-02-23 16:41:02,571 | INFO     | Epoch 114/150 - Train Loss: 0.000770, Val Loss: 0.001076[0m
2026-02-23 16:42:36,878 | INFO     | Epoch 115/150 - Train Loss: 0.000759, Val Loss: 0.001052[0m
2026-02-23 16:44:10,939 | INFO     | Epoch 116/150 - Train Loss: 0.000749, Val Loss: 0.001135[0m
2026-02-23 16:45:45,296 | INFO     | Epoch 117/150 - Train Loss: 0.000760, Val Loss: 0.001216[0m
2026-02-23 16:47:19,699 | INFO     | Epoch 118/150 - Train Loss: 0.000742, Val Loss: 0.001106[0m
2026-02-23 16:48:54,136 | INFO     | Epoch 119/150 - Train Loss: 0.000764, Val Loss: 0.001029[0m
2026-02-23 16:48:54,189 | INFO     | New best model saved with Val Loss: 0.001029
2026-02-23 16:50:28,669 | INFO     | Epoch 120/150 - Train Loss: 0.000718, Val Loss: 0.001041[0m
2026-02-23 16:52:03,042 | INFO     | Epoch 121/150 - Train Loss: 0.000741, Val Loss: 0.001122[0m
2026-02-23 16:53:37,622 | INFO     | Epoch 122/150 - Train Loss: 0.000729, Val Loss: 0.001042[0m
2026-02-23 16:55:11,987 | INFO     | Epoch 123/150 - Train Loss: 0.000718, Val Loss: 0.001095[0m
2026-02-23 16:56:46,127 | INFO     | Epoch 124/150 - Train Loss: 0.000705, Val Loss: 0.001061[0m
2026-02-23 16:58:20,677 | INFO     | Epoch 125/150 - Train Loss: 0.000694, Val Loss: 0.001072[0m
2026-02-23 16:59:54,899 | INFO     | Epoch 126/150 - Train Loss: 0.000712, Val Loss: 0.001036[0m
2026-02-23 17:01:29,327 | INFO     | Epoch 127/150 - Train Loss: 0.000698, Val Loss: 0.001126[0m
2026-02-23 17:03:03,449 | INFO     | Epoch 128/150 - Train Loss: 0.000706, Val Loss: 0.001122[0m
2026-02-23 17:04:37,955 | INFO     | Epoch 129/150 - Train Loss: 0.000695, Val Loss: 0.001082[0m
2026-02-23 17:06:12,190 | INFO     | Epoch 130/150 - Train Loss: 0.000706, Val Loss: 0.001235[0m
2026-02-23 17:07:46,289 | INFO     | Epoch 131/150 - Train Loss: 0.000712, Val Loss: 0.001157[0m
2026-02-23 17:09:20,733 | INFO     | Epoch 132/150 - Train Loss: 0.000709, Val Loss: 0.001098[0m
2026-02-23 17:10:55,334 | INFO     | Epoch 133/150 - Train Loss: 0.000665, Val Loss: 0.001121[0m
2026-02-23 17:12:29,816 | INFO     | Epoch 134/150 - Train Loss: 0.000677, Val Loss: 0.001053[0m
2026-02-23 17:14:03,887 | INFO     | Epoch 135/150 - Train Loss: 0.000667, Val Loss: 0.001156[0m
2026-02-23 17:15:38,048 | INFO     | Epoch 136/150 - Train Loss: 0.000661, Val Loss: 0.001089[0m
2026-02-23 17:17:12,165 | INFO     | Epoch 137/150 - Train Loss: 0.000675, Val Loss: 0.001118[0m
2026-02-23 17:18:46,779 | INFO     | Epoch 138/150 - Train Loss: 0.000666, Val Loss: 0.001035[0m
2026-02-23 17:20:21,088 | INFO     | Epoch 139/150 - Train Loss: 0.000660, Val Loss: 0.001037[0m
2026-02-23 17:21:55,664 | INFO     | Epoch 140/150 - Train Loss: 0.000644, Val Loss: 0.001129[0m
2026-02-23 17:23:30,255 | INFO     | Epoch 141/150 - Train Loss: 0.000664, Val Loss: 0.001047[0m
2026-02-23 17:25:04,636 | INFO     | Epoch 142/150 - Train Loss: 0.000613, Val Loss: 0.001065[0m
2026-02-23 17:26:38,967 | INFO     | Epoch 143/150 - Train Loss: 0.000646, Val Loss: 0.001046[0m
2026-02-23 17:28:13,102 | INFO     | Epoch 144/150 - Train Loss: 0.000643, Val Loss: 0.001041[0m
2026-02-23 17:29:47,153 | INFO     | Epoch 145/150 - Train Loss: 0.000643, Val Loss: 0.001063[0m
2026-02-23 17:31:21,239 | INFO     | Epoch 146/150 - Train Loss: 0.000639, Val Loss: 0.001050[0m
2026-02-23 17:32:55,804 | INFO     | Epoch 147/150 - Train Loss: 0.000637, Val Loss: 0.001108[0m
2026-02-23 17:34:30,379 | INFO     | Epoch 148/150 - Train Loss: 0.000643, Val Loss: 0.001078[0m
2026-02-23 17:36:04,670 | INFO     | Epoch 149/150 - Train Loss: 0.000647, Val Loss: 0.001115[0m
2026-02-23 17:37:38,699 | INFO     | Epoch 150/150 - Train Loss: 0.000630, Val Loss: 0.001143[0m
2026-02-23 17:37:38,829 | INFO     | Final model saved to experiments_ShapeNet/ShapeNet_pressure/final_model.pth
2026-02-23 17:37:38,829 | INFO     | Testing the final model
2026-02-23 17:37:41,743 | INFO     | *******************[35mL2_erro:[0m
2026-02-23 17:37:41,743 | INFO     |  0.066056
2026-02-23 17:37:41,743 | INFO     | *******************[35mmse_loss:[0m
2026-02-23 17:37:41,743 | INFO     |  0.001274
2026-02-23 17:37:41,743 | INFO     | *******************[35minference_time:[0m
2026-02-23 17:37:41,743 | INFO     |  0.000000
2026-02-23 17:37:41,743 | INFO     | Testing the best model
2026-02-23 17:37:44,752 | INFO     | *******************[35mL2_erro:[0m
2026-02-23 17:37:44,753 | INFO     |  0.063881
2026-02-23 17:37:44,753 | INFO     | *******************[35mmse_loss:[0m
2026-02-23 17:37:44,753 | INFO     |  0.001174
2026-02-23 17:37:44,753 | INFO     | *******************[35minference_time:[0m
2026-02-23 17:37:44,753 | INFO     |  0.000000
2026-03-01 06:11:18,818 | INFO     | Config:
exp_name: ShapeNet_pressure
model:
  input_dim: 3
  output_dim: 1
  head_num: 8
  hidden_dim: 192
  res: true
  slice_num: 32
  layer_num: 8
  mlp_ratio: 1.5
  dropout: 0.1
training:
  input: x
  target: y
  x_mean:
  - 1.5163924
  - -2.8424793e-05
  - 0.59128469
  x_std:
  - 1.415569
  - 0.65566987
  - 0.38558245
  y_mean: -93.28388
  y_std: 121.19236
  batch_size: 1
  epochs: 150
  lr: 0.001
  scheduler_step: 50
  scheduler_gamma: 0.5
  max_grad_norm: 0.1
  num_workers: 1
  weight_decay: 0.0
  test_only: 1
  plt: 1
  gpus: '0'
  seed: 42
dataload:
  directory: /Users/zhangbojun/ShapeNet_dataset

2026-03-01 06:11:18,818 | INFO     | args.exp_name : ShapeNet_pressure
2026-03-01 06:11:18,818 | INFO     | Starting training with 1 GPUs
2026-03-01 06:11:19,387 | INFO     | Total trainable parameters: 2916609
2026-03-01 06:11:19,387 | INFO     | Data loaded: 440 training batches, 55 validation batches, 2 test batches
2026-03-01 06:11:19,387 | INFO     | Staring training for 150 epochs
2026-03-20 05:54:24,503 | INFO     | Config:
exp_name: ShapeNet_pressure
model:
  input_dim: 3
  output_dim: 1
  head_num: 8
  hidden_dim: 192
  res: true
  slice_num: 32
  layer_num: 8
  mlp_ratio: 1.5
  dropout: 0.1
training:
  input: x
  target: y
  x_mean:
  - 1.5163924
  - -2.8424793e-05
  - 0.59128469
  x_std:
  - 1.415569
  - 0.65566987
  - 0.38558245
  y_mean: -93.28388
  y_std: 121.19236
  batch_size: 1
  epochs: 150
  lr: 0.001
  scheduler_step: 50
  scheduler_gamma: 0.5
  max_grad_norm: 0.1
  num_workers: 1
  weight_decay: 0.0
  test_only: 1
  plt: 0
  gpus: '0'
  seed: 42
dataload:
  directory: /Users/zhangbojun/ShapeNet_dataset

2026-03-20 05:54:24,503 | INFO     | args.exp_name : ShapeNet_pressure
2026-03-20 05:54:24,503 | INFO     | Starting training with 1 GPUs
2026-03-20 05:54:25,190 | INFO     | Total trainable parameters: 2916609
2026-03-20 05:54:25,190 | INFO     | Data loaded: 440 training batches, 55 validation batches, 115 test batches
2026-03-20 05:54:25,190 | INFO     | Staring training for 150 epochs
