2025-12-20 09:26:36,700 | INFO     | Config:
exp_name: velocity_N10k_lr1e-3_e250_run2
model:
  input_dim: 3
  output_dim: 3
  head_num: 8
  hidden_dim: 256
  res: true
  slice_num: 32
  layer_num: 5
  mlp_ratio: 1.5
  dropout: 0.1
training:
  input: volume_anchor_position
  target: volume_anchor_velocity
  batch_size: 1
  epochs: 250
  lr: 0.001
  scheduler_step: 50
  scheduler_gamma: 0.5
  max_grad_norm: 0.1
  num_workers: 1
  weight_decay: 0.0
  test_only: 0
  gpus: '0'
  root_dir: /mnt/wjc_group/mae-zhangbj/DrivAerML_dataset/small
  seed: 42

2025-12-20 09:26:36,700 | INFO     | args.exp_name : velocity_N10k_lr1e-3_e250_run2
2025-12-20 09:26:36,700 | INFO     | Starting training with 1 GPUs
2025-12-20 09:26:37,179 | INFO     | Total trainable parameters: 3381835
2025-12-20 09:26:37,180 | INFO     | Data loaded: 380 training batches, 33 validation batches, 44 test batches
2025-12-20 09:26:37,181 | INFO     | Staring training for 250 epochs
2025-12-20 09:27:20,757 | INFO     | Config:
exp_name: velocity_N10k_lr1e-3_e250_run2
model:
  input_dim: 3
  output_dim: 3
  head_num: 8
  hidden_dim: 256
  res: true
  slice_num: 32
  layer_num: 5
  mlp_ratio: 1.5
  dropout: 0.1
training:
  input: volume_anchor_position
  target: volume_anchor_velocity
  batch_size: 1
  epochs: 250
  lr: 0.001
  scheduler_step: 50
  scheduler_gamma: 0.5
  max_grad_norm: 0.1
  num_workers: 1
  weight_decay: 0.0
  test_only: 0
  gpus: '0'
  root_dir: /mnt/wjc_group/mae-zhangbj/DrivAerML_dataset/small
  seed: 42

2025-12-20 09:27:20,757 | INFO     | args.exp_name : velocity_N10k_lr1e-3_e250_run2
2025-12-20 09:27:20,758 | INFO     | Starting training with 1 GPUs
2025-12-20 09:27:21,281 | INFO     | Total trainable parameters: 3381835
2025-12-20 09:27:21,281 | INFO     | Data loaded: 380 training batches, 33 validation batches, 44 test batches
2025-12-20 09:27:21,282 | INFO     | Staring training for 250 epochs
2025-12-20 09:33:50,240 | INFO     | Epoch 1/250 - Train Loss: 0.969726, Val Loss: 0.782319[0m
2025-12-20 09:33:50,266 | INFO     | New best model saved with Val Loss: 0.782319
2025-12-20 09:42:10,215 | INFO     | Epoch 2/250 - Train Loss: 0.731726, Val Loss: 0.671644[0m
2025-12-20 09:42:10,267 | INFO     | New best model saved with Val Loss: 0.671644
2025-12-20 09:50:30,007 | INFO     | Epoch 3/250 - Train Loss: 0.651589, Val Loss: 0.575160[0m
2025-12-20 09:50:30,060 | INFO     | New best model saved with Val Loss: 0.575160
2025-12-20 09:58:49,900 | INFO     | Epoch 4/250 - Train Loss: 0.546602, Val Loss: 0.476622[0m
2025-12-20 09:58:49,952 | INFO     | New best model saved with Val Loss: 0.476622
2025-12-20 10:07:09,781 | INFO     | Epoch 5/250 - Train Loss: 0.458901, Val Loss: 0.398493[0m
2025-12-20 10:07:09,833 | INFO     | New best model saved with Val Loss: 0.398493
2025-12-20 10:15:30,124 | INFO     | Epoch 6/250 - Train Loss: 0.378922, Val Loss: 0.307773[0m
2025-12-20 10:15:30,176 | INFO     | New best model saved with Val Loss: 0.307773
2025-12-20 10:23:50,257 | INFO     | Epoch 7/250 - Train Loss: 0.313087, Val Loss: 0.289891[0m
2025-12-20 10:23:50,308 | INFO     | New best model saved with Val Loss: 0.289891
2025-12-20 10:32:10,181 | INFO     | Epoch 8/250 - Train Loss: 0.284408, Val Loss: 0.273193[0m
2025-12-20 10:32:10,238 | INFO     | New best model saved with Val Loss: 0.273193
2025-12-20 10:40:30,098 | INFO     | Epoch 9/250 - Train Loss: 0.265494, Val Loss: 0.246552[0m
2025-12-20 10:40:30,126 | INFO     | New best model saved with Val Loss: 0.246552
2025-12-20 10:48:49,877 | INFO     | Epoch 10/250 - Train Loss: 0.246797, Val Loss: 0.228795[0m
2025-12-20 10:48:49,927 | INFO     | New best model saved with Val Loss: 0.228795
2025-12-20 10:57:06,173 | INFO     | Epoch 11/250 - Train Loss: 0.228274, Val Loss: 0.209647[0m
2025-12-20 10:57:06,222 | INFO     | New best model saved with Val Loss: 0.209647
2025-12-20 11:05:26,566 | INFO     | Epoch 12/250 - Train Loss: 0.214769, Val Loss: 0.201652[0m
2025-12-20 11:05:26,617 | INFO     | New best model saved with Val Loss: 0.201652
2025-12-20 11:13:46,937 | INFO     | Epoch 13/250 - Train Loss: 0.201633, Val Loss: 0.209024[0m
2025-12-20 11:22:07,012 | INFO     | Epoch 14/250 - Train Loss: 0.188602, Val Loss: 0.190378[0m
2025-12-20 11:22:07,056 | INFO     | New best model saved with Val Loss: 0.190378
2025-12-20 11:30:27,101 | INFO     | Epoch 15/250 - Train Loss: 0.179307, Val Loss: 0.163814[0m
2025-12-20 11:30:27,149 | INFO     | New best model saved with Val Loss: 0.163814
2025-12-20 11:38:47,449 | INFO     | Epoch 16/250 - Train Loss: 0.169580, Val Loss: 0.169468[0m
2025-12-20 11:47:07,353 | INFO     | Epoch 17/250 - Train Loss: 0.161896, Val Loss: 0.147315[0m
2025-12-20 11:47:07,395 | INFO     | New best model saved with Val Loss: 0.147315
2025-12-20 11:55:27,582 | INFO     | Epoch 18/250 - Train Loss: 0.154782, Val Loss: 0.146015[0m
2025-12-20 11:55:27,634 | INFO     | New best model saved with Val Loss: 0.146015
2025-12-20 12:03:47,669 | INFO     | Epoch 19/250 - Train Loss: 0.149207, Val Loss: 0.137062[0m
2025-12-20 12:03:47,721 | INFO     | New best model saved with Val Loss: 0.137062
2025-12-20 12:12:07,740 | INFO     | Epoch 20/250 - Train Loss: 0.142130, Val Loss: 0.138093[0m
2025-12-20 12:20:27,956 | INFO     | Epoch 21/250 - Train Loss: 0.138617, Val Loss: 0.127140[0m
2025-12-20 12:20:28,007 | INFO     | New best model saved with Val Loss: 0.127140
2025-12-20 12:28:47,728 | INFO     | Epoch 22/250 - Train Loss: 0.132265, Val Loss: 0.129825[0m
2025-12-20 12:37:07,514 | INFO     | Epoch 23/250 - Train Loss: 0.130860, Val Loss: 0.115528[0m
2025-12-20 12:37:07,566 | INFO     | New best model saved with Val Loss: 0.115528
2025-12-20 12:45:01,214 | INFO     | Epoch 24/250 - Train Loss: 0.124193, Val Loss: 0.118671[0m
2025-12-20 12:50:51,699 | INFO     | Epoch 25/250 - Train Loss: 0.121811, Val Loss: 0.117884[0m
2025-12-20 12:59:52,300 | INFO     | Epoch 26/250 - Train Loss: 0.117155, Val Loss: 0.111229[0m
2025-12-20 12:59:52,353 | INFO     | New best model saved with Val Loss: 0.111229
2025-12-20 13:10:42,624 | INFO     | Epoch 27/250 - Train Loss: 0.112820, Val Loss: 0.113999[0m
2025-12-20 13:21:33,092 | INFO     | Epoch 28/250 - Train Loss: 0.111869, Val Loss: 0.101413[0m
2025-12-20 13:21:33,140 | INFO     | New best model saved with Val Loss: 0.101413
2025-12-20 13:32:24,568 | INFO     | Epoch 29/250 - Train Loss: 0.107022, Val Loss: 0.104039[0m
2025-12-20 13:43:16,054 | INFO     | Epoch 30/250 - Train Loss: 0.105258, Val Loss: 0.104959[0m
2025-12-20 13:54:07,800 | INFO     | Epoch 31/250 - Train Loss: 0.104084, Val Loss: 0.104466[0m
2025-12-20 14:04:57,707 | INFO     | Epoch 32/250 - Train Loss: 0.101482, Val Loss: 0.092651[0m
2025-12-20 14:04:57,759 | INFO     | New best model saved with Val Loss: 0.092651
2025-12-20 14:15:47,490 | INFO     | Epoch 33/250 - Train Loss: 0.097120, Val Loss: 0.091891[0m
2025-12-20 14:15:47,541 | INFO     | New best model saved with Val Loss: 0.091891
2025-12-20 14:26:37,315 | INFO     | Epoch 34/250 - Train Loss: 0.096820, Val Loss: 0.096549[0m
2025-12-20 14:37:27,112 | INFO     | Epoch 35/250 - Train Loss: 0.092375, Val Loss: 0.088049[0m
2025-12-20 14:37:27,155 | INFO     | New best model saved with Val Loss: 0.088049
2025-12-20 14:48:17,238 | INFO     | Epoch 36/250 - Train Loss: 0.093158, Val Loss: 0.096480[0m
2025-12-20 14:59:07,142 | INFO     | Epoch 37/250 - Train Loss: 0.091123, Val Loss: 0.087315[0m
2025-12-20 14:59:07,194 | INFO     | New best model saved with Val Loss: 0.087315
2025-12-20 15:09:57,141 | INFO     | Epoch 38/250 - Train Loss: 0.089023, Val Loss: 0.084626[0m
2025-12-20 15:09:57,188 | INFO     | New best model saved with Val Loss: 0.084626
2025-12-20 15:20:47,309 | INFO     | Epoch 39/250 - Train Loss: 0.088291, Val Loss: 0.079525[0m
2025-12-20 15:20:47,362 | INFO     | New best model saved with Val Loss: 0.079525
2025-12-20 15:31:37,559 | INFO     | Epoch 40/250 - Train Loss: 0.086059, Val Loss: 0.082591[0m
2025-12-20 15:42:27,832 | INFO     | Epoch 41/250 - Train Loss: 0.084906, Val Loss: 0.082681[0m
2025-12-20 15:53:18,103 | INFO     | Epoch 42/250 - Train Loss: 0.084664, Val Loss: 0.077560[0m
2025-12-20 15:53:18,155 | INFO     | New best model saved with Val Loss: 0.077560
2025-12-20 16:04:08,811 | INFO     | Epoch 43/250 - Train Loss: 0.082120, Val Loss: 0.081377[0m
2025-12-20 16:14:59,158 | INFO     | Epoch 44/250 - Train Loss: 0.080841, Val Loss: 0.082071[0m
2025-12-20 16:25:49,606 | INFO     | Epoch 45/250 - Train Loss: 0.079375, Val Loss: 0.075124[0m
2025-12-20 16:25:49,656 | INFO     | New best model saved with Val Loss: 0.075124
2025-12-20 16:36:39,808 | INFO     | Epoch 46/250 - Train Loss: 0.078391, Val Loss: 0.082252[0m
2025-12-20 16:47:30,532 | INFO     | Epoch 47/250 - Train Loss: 0.077320, Val Loss: 0.073614[0m
2025-12-20 16:47:30,584 | INFO     | New best model saved with Val Loss: 0.073614
2025-12-20 16:58:20,214 | INFO     | Epoch 48/250 - Train Loss: 0.075980, Val Loss: 0.073962[0m
2025-12-20 17:06:01,144 | INFO     | Epoch 49/250 - Train Loss: 0.076075, Val Loss: 0.074847[0m
2025-12-20 17:11:51,462 | INFO     | Epoch 50/250 - Train Loss: 0.075326, Val Loss: 0.086893[0m
2025-12-20 17:17:41,988 | INFO     | Epoch 51/250 - Train Loss: 0.061423, Val Loss: 0.061077[0m
2025-12-20 17:17:42,038 | INFO     | New best model saved with Val Loss: 0.061077
2025-12-20 17:23:32,452 | INFO     | Epoch 52/250 - Train Loss: 0.060394, Val Loss: 0.060066[0m
2025-12-20 17:23:32,502 | INFO     | New best model saved with Val Loss: 0.060066
2025-12-20 17:29:22,927 | INFO     | Epoch 53/250 - Train Loss: 0.058764, Val Loss: 0.061398[0m
2025-12-20 17:35:13,405 | INFO     | Epoch 54/250 - Train Loss: 0.059018, Val Loss: 0.060394[0m
2025-12-20 17:41:03,795 | INFO     | Epoch 55/250 - Train Loss: 0.058091, Val Loss: 0.058519[0m
2025-12-20 17:41:03,845 | INFO     | New best model saved with Val Loss: 0.058519
2025-12-20 17:46:54,352 | INFO     | Epoch 56/250 - Train Loss: 0.057903, Val Loss: 0.058186[0m
2025-12-20 17:46:54,403 | INFO     | New best model saved with Val Loss: 0.058186
2025-12-20 17:52:44,877 | INFO     | Epoch 57/250 - Train Loss: 0.057686, Val Loss: 0.057180[0m
2025-12-20 17:52:44,927 | INFO     | New best model saved with Val Loss: 0.057180
2025-12-20 17:58:35,344 | INFO     | Epoch 58/250 - Train Loss: 0.056520, Val Loss: 0.057678[0m
2025-12-20 18:04:25,781 | INFO     | Epoch 59/250 - Train Loss: 0.056613, Val Loss: 0.057814[0m
2025-12-20 18:10:16,138 | INFO     | Epoch 60/250 - Train Loss: 0.054835, Val Loss: 0.055433[0m
2025-12-20 18:10:16,189 | INFO     | New best model saved with Val Loss: 0.055433
2025-12-20 18:16:06,782 | INFO     | Epoch 61/250 - Train Loss: 0.054901, Val Loss: 0.056093[0m
2025-12-20 18:21:57,240 | INFO     | Epoch 62/250 - Train Loss: 0.054271, Val Loss: 0.055500[0m
2025-12-20 18:27:47,719 | INFO     | Epoch 63/250 - Train Loss: 0.053045, Val Loss: 0.055806[0m
2025-12-20 18:33:38,207 | INFO     | Epoch 64/250 - Train Loss: 0.053180, Val Loss: 0.057176[0m
2025-12-20 18:39:28,636 | INFO     | Epoch 65/250 - Train Loss: 0.052849, Val Loss: 0.053805[0m
2025-12-20 18:39:28,687 | INFO     | New best model saved with Val Loss: 0.053805
2025-12-20 18:45:19,195 | INFO     | Epoch 66/250 - Train Loss: 0.052236, Val Loss: 0.056671[0m
2025-12-20 18:51:09,643 | INFO     | Epoch 67/250 - Train Loss: 0.051681, Val Loss: 0.052618[0m
2025-12-20 18:51:09,689 | INFO     | New best model saved with Val Loss: 0.052618
2025-12-20 18:57:00,127 | INFO     | Epoch 68/250 - Train Loss: 0.051084, Val Loss: 0.055785[0m
2025-12-20 19:02:50,656 | INFO     | Epoch 69/250 - Train Loss: 0.050979, Val Loss: 0.054590[0m
2025-12-20 19:08:40,972 | INFO     | Epoch 70/250 - Train Loss: 0.050040, Val Loss: 0.052202[0m
2025-12-20 19:08:41,023 | INFO     | New best model saved with Val Loss: 0.052202
2025-12-20 19:14:31,607 | INFO     | Epoch 71/250 - Train Loss: 0.049691, Val Loss: 0.052147[0m
2025-12-20 19:14:31,647 | INFO     | New best model saved with Val Loss: 0.052147
2025-12-20 19:20:22,164 | INFO     | Epoch 72/250 - Train Loss: 0.049305, Val Loss: 0.049957[0m
2025-12-20 19:20:22,220 | INFO     | New best model saved with Val Loss: 0.049957
2025-12-20 19:26:12,785 | INFO     | Epoch 73/250 - Train Loss: 0.048608, Val Loss: 0.054118[0m
2025-12-20 19:32:03,275 | INFO     | Epoch 74/250 - Train Loss: 0.048445, Val Loss: 0.049432[0m
2025-12-20 19:32:03,320 | INFO     | New best model saved with Val Loss: 0.049432
2025-12-20 19:37:53,823 | INFO     | Epoch 75/250 - Train Loss: 0.048653, Val Loss: 0.051462[0m
2025-12-20 19:43:44,404 | INFO     | Epoch 76/250 - Train Loss: 0.047627, Val Loss: 0.050912[0m
2025-12-20 19:49:34,883 | INFO     | Epoch 77/250 - Train Loss: 0.047736, Val Loss: 0.048243[0m
2025-12-20 19:49:34,931 | INFO     | New best model saved with Val Loss: 0.048243
2025-12-20 19:55:25,476 | INFO     | Epoch 78/250 - Train Loss: 0.047232, Val Loss: 0.051070[0m
2025-12-20 20:01:16,055 | INFO     | Epoch 79/250 - Train Loss: 0.046593, Val Loss: 0.048885[0m
2025-12-20 20:07:06,388 | INFO     | Epoch 80/250 - Train Loss: 0.046479, Val Loss: 0.049061[0m
2025-12-20 20:12:57,028 | INFO     | Epoch 81/250 - Train Loss: 0.045412, Val Loss: 0.049184[0m
2025-12-20 20:18:47,520 | INFO     | Epoch 82/250 - Train Loss: 0.045851, Val Loss: 0.048991[0m
2025-12-20 20:24:38,024 | INFO     | Epoch 83/250 - Train Loss: 0.045979, Val Loss: 0.053754[0m
2025-12-20 20:30:28,564 | INFO     | Epoch 84/250 - Train Loss: 0.045472, Val Loss: 0.048251[0m
2025-12-20 20:36:19,086 | INFO     | Epoch 85/250 - Train Loss: 0.044278, Val Loss: 0.050073[0m
2025-12-20 20:42:09,563 | INFO     | Epoch 86/250 - Train Loss: 0.044980, Val Loss: 0.046258[0m
2025-12-20 20:42:09,610 | INFO     | New best model saved with Val Loss: 0.046258
2025-12-20 20:48:00,165 | INFO     | Epoch 87/250 - Train Loss: 0.044078, Val Loss: 0.047299[0m
2025-12-20 20:53:50,724 | INFO     | Epoch 88/250 - Train Loss: 0.044053, Val Loss: 0.046955[0m
2025-12-20 20:59:41,195 | INFO     | Epoch 89/250 - Train Loss: 0.043744, Val Loss: 0.048860[0m
2025-12-20 21:05:31,603 | INFO     | Epoch 90/250 - Train Loss: 0.044378, Val Loss: 0.046772[0m
2025-12-20 21:11:22,185 | INFO     | Epoch 91/250 - Train Loss: 0.043579, Val Loss: 0.048033[0m
2025-12-20 21:17:12,700 | INFO     | Epoch 92/250 - Train Loss: 0.042936, Val Loss: 0.048178[0m
2025-12-20 21:23:03,233 | INFO     | Epoch 93/250 - Train Loss: 0.042596, Val Loss: 0.048400[0m
2025-12-20 21:28:53,768 | INFO     | Epoch 94/250 - Train Loss: 0.042478, Val Loss: 0.046358[0m
2025-12-20 21:34:44,288 | INFO     | Epoch 95/250 - Train Loss: 0.042867, Val Loss: 0.046547[0m
2025-12-20 21:40:34,777 | INFO     | Epoch 96/250 - Train Loss: 0.042078, Val Loss: 0.046723[0m
2025-12-20 21:46:25,203 | INFO     | Epoch 97/250 - Train Loss: 0.042310, Val Loss: 0.045245[0m
2025-12-20 21:46:25,254 | INFO     | New best model saved with Val Loss: 0.045245
2025-12-20 21:52:15,776 | INFO     | Epoch 98/250 - Train Loss: 0.041471, Val Loss: 0.047578[0m
2025-12-20 21:58:06,283 | INFO     | Epoch 99/250 - Train Loss: 0.042135, Val Loss: 0.046710[0m
2025-12-20 22:03:56,671 | INFO     | Epoch 100/250 - Train Loss: 0.040660, Val Loss: 0.045143[0m
2025-12-20 22:03:56,716 | INFO     | New best model saved with Val Loss: 0.045143
2025-12-20 22:09:47,300 | INFO     | Epoch 101/250 - Train Loss: 0.035073, Val Loss: 0.039992[0m
2025-12-20 22:09:47,346 | INFO     | New best model saved with Val Loss: 0.039992
2025-12-20 22:15:37,908 | INFO     | Epoch 102/250 - Train Loss: 0.034586, Val Loss: 0.038999[0m
2025-12-20 22:15:37,959 | INFO     | New best model saved with Val Loss: 0.038999
2025-12-20 22:21:28,484 | INFO     | Epoch 103/250 - Train Loss: 0.034510, Val Loss: 0.039943[0m
2025-12-20 22:27:18,952 | INFO     | Epoch 104/250 - Train Loss: 0.034605, Val Loss: 0.039664[0m
2025-12-20 22:33:09,422 | INFO     | Epoch 105/250 - Train Loss: 0.034337, Val Loss: 0.039289[0m
2025-12-20 22:38:59,960 | INFO     | Epoch 106/250 - Train Loss: 0.034057, Val Loss: 0.039201[0m
2025-12-20 22:44:50,465 | INFO     | Epoch 107/250 - Train Loss: 0.033900, Val Loss: 0.038891[0m
2025-12-20 22:44:50,516 | INFO     | New best model saved with Val Loss: 0.038891
2025-12-20 22:50:41,076 | INFO     | Epoch 108/250 - Train Loss: 0.033791, Val Loss: 0.038573[0m
2025-12-20 22:50:41,123 | INFO     | New best model saved with Val Loss: 0.038573
2025-12-20 22:56:31,635 | INFO     | Epoch 109/250 - Train Loss: 0.033747, Val Loss: 0.039898[0m
2025-12-20 23:02:22,072 | INFO     | Epoch 110/250 - Train Loss: 0.033691, Val Loss: 0.039352[0m
2025-12-20 23:08:12,652 | INFO     | Epoch 111/250 - Train Loss: 0.033444, Val Loss: 0.038923[0m
2025-12-20 23:14:03,171 | INFO     | Epoch 112/250 - Train Loss: 0.033282, Val Loss: 0.040082[0m
2025-12-20 23:19:53,753 | INFO     | Epoch 113/250 - Train Loss: 0.033007, Val Loss: 0.039167[0m
2025-12-20 23:25:44,228 | INFO     | Epoch 114/250 - Train Loss: 0.032842, Val Loss: 0.038633[0m
2025-12-20 23:31:34,741 | INFO     | Epoch 115/250 - Train Loss: 0.032827, Val Loss: 0.038353[0m
2025-12-20 23:31:34,795 | INFO     | New best model saved with Val Loss: 0.038353
2025-12-20 23:37:25,317 | INFO     | Epoch 116/250 - Train Loss: 0.032611, Val Loss: 0.038183[0m
2025-12-20 23:37:25,368 | INFO     | New best model saved with Val Loss: 0.038183
2025-12-20 23:43:15,792 | INFO     | Epoch 117/250 - Train Loss: 0.032398, Val Loss: 0.038597[0m
2025-12-20 23:49:06,319 | INFO     | Epoch 118/250 - Train Loss: 0.032384, Val Loss: 0.038414[0m
2025-12-20 23:54:56,883 | INFO     | Epoch 119/250 - Train Loss: 0.032283, Val Loss: 0.038655[0m
2025-12-21 00:00:47,319 | INFO     | Epoch 120/250 - Train Loss: 0.032061, Val Loss: 0.037727[0m
2025-12-21 00:00:47,369 | INFO     | New best model saved with Val Loss: 0.037727
2025-12-21 00:06:38,044 | INFO     | Epoch 121/250 - Train Loss: 0.032065, Val Loss: 0.037415[0m
2025-12-21 00:06:38,091 | INFO     | New best model saved with Val Loss: 0.037415
2025-12-21 00:12:28,672 | INFO     | Epoch 122/250 - Train Loss: 0.031659, Val Loss: 0.038214[0m
2025-12-21 00:18:19,294 | INFO     | Epoch 123/250 - Train Loss: 0.031756, Val Loss: 0.037483[0m
2025-12-21 00:24:09,860 | INFO     | Epoch 124/250 - Train Loss: 0.031609, Val Loss: 0.037626[0m
2025-12-21 00:30:00,487 | INFO     | Epoch 125/250 - Train Loss: 0.031402, Val Loss: 0.037877[0m
2025-12-21 00:35:51,025 | INFO     | Epoch 126/250 - Train Loss: 0.031380, Val Loss: 0.037845[0m
2025-12-21 00:41:41,572 | INFO     | Epoch 127/250 - Train Loss: 0.031053, Val Loss: 0.037021[0m
2025-12-21 00:41:41,622 | INFO     | New best model saved with Val Loss: 0.037021
2025-12-21 00:47:32,155 | INFO     | Epoch 128/250 - Train Loss: 0.031285, Val Loss: 0.037762[0m
2025-12-21 00:53:22,719 | INFO     | Epoch 129/250 - Train Loss: 0.030918, Val Loss: 0.038686[0m
2025-12-21 00:59:13,077 | INFO     | Epoch 130/250 - Train Loss: 0.031042, Val Loss: 0.037108[0m
2025-12-21 01:05:03,672 | INFO     | Epoch 131/250 - Train Loss: 0.030848, Val Loss: 0.037235[0m
2025-12-21 01:10:54,269 | INFO     | Epoch 132/250 - Train Loss: 0.030600, Val Loss: 0.037459[0m
2025-12-21 01:16:44,845 | INFO     | Epoch 133/250 - Train Loss: 0.030542, Val Loss: 0.037198[0m
2025-12-21 01:22:35,341 | INFO     | Epoch 134/250 - Train Loss: 0.030448, Val Loss: 0.036779[0m
2025-12-21 01:22:35,392 | INFO     | New best model saved with Val Loss: 0.036779
2025-12-21 01:28:25,969 | INFO     | Epoch 135/250 - Train Loss: 0.030467, Val Loss: 0.037572[0m
2025-12-21 01:34:16,524 | INFO     | Epoch 136/250 - Train Loss: 0.030285, Val Loss: 0.037410[0m
2025-12-21 01:40:07,097 | INFO     | Epoch 137/250 - Train Loss: 0.030164, Val Loss: 0.036579[0m
2025-12-21 01:40:07,147 | INFO     | New best model saved with Val Loss: 0.036579
2025-12-21 01:45:57,684 | INFO     | Epoch 138/250 - Train Loss: 0.030081, Val Loss: 0.037076[0m
2025-12-21 01:51:48,242 | INFO     | Epoch 139/250 - Train Loss: 0.029794, Val Loss: 0.036489[0m
2025-12-21 01:51:48,293 | INFO     | New best model saved with Val Loss: 0.036489
2025-12-21 01:57:38,777 | INFO     | Epoch 140/250 - Train Loss: 0.029807, Val Loss: 0.036942[0m
2025-12-21 02:03:29,443 | INFO     | Epoch 141/250 - Train Loss: 0.029490, Val Loss: 0.037199[0m
2025-12-21 02:09:19,995 | INFO     | Epoch 142/250 - Train Loss: 0.029832, Val Loss: 0.038502[0m
2025-12-21 02:15:10,572 | INFO     | Epoch 143/250 - Train Loss: 0.029488, Val Loss: 0.036693[0m
2025-12-21 02:21:01,189 | INFO     | Epoch 144/250 - Train Loss: 0.029584, Val Loss: 0.036896[0m
2025-12-21 02:26:51,768 | INFO     | Epoch 145/250 - Train Loss: 0.029436, Val Loss: 0.036942[0m
2025-12-21 02:32:42,348 | INFO     | Epoch 146/250 - Train Loss: 0.029290, Val Loss: 0.036609[0m
2025-12-21 02:38:32,857 | INFO     | Epoch 147/250 - Train Loss: 0.029090, Val Loss: 0.035480[0m
2025-12-21 02:38:32,907 | INFO     | New best model saved with Val Loss: 0.035480
2025-12-21 02:44:23,491 | INFO     | Epoch 148/250 - Train Loss: 0.029019, Val Loss: 0.036538[0m
2025-12-21 02:50:14,064 | INFO     | Epoch 149/250 - Train Loss: 0.029036, Val Loss: 0.037263[0m
2025-12-21 02:56:04,524 | INFO     | Epoch 150/250 - Train Loss: 0.028840, Val Loss: 0.035734[0m
2025-12-21 03:01:55,106 | INFO     | Epoch 151/250 - Train Loss: 0.026167, Val Loss: 0.033680[0m
2025-12-21 03:01:55,159 | INFO     | New best model saved with Val Loss: 0.033680
2025-12-21 03:07:45,679 | INFO     | Epoch 152/250 - Train Loss: 0.025942, Val Loss: 0.033762[0m
2025-12-21 03:13:36,255 | INFO     | Epoch 153/250 - Train Loss: 0.025965, Val Loss: 0.034454[0m
2025-12-21 03:19:26,840 | INFO     | Epoch 154/250 - Train Loss: 0.025964, Val Loss: 0.033890[0m
2025-12-21 03:25:17,365 | INFO     | Epoch 155/250 - Train Loss: 0.025852, Val Loss: 0.033439[0m
2025-12-21 03:25:17,415 | INFO     | New best model saved with Val Loss: 0.033439
2025-12-21 03:31:07,996 | INFO     | Epoch 156/250 - Train Loss: 0.025797, Val Loss: 0.033806[0m
2025-12-21 03:36:58,593 | INFO     | Epoch 157/250 - Train Loss: 0.025686, Val Loss: 0.033331[0m
2025-12-21 03:36:58,643 | INFO     | New best model saved with Val Loss: 0.033331
2025-12-21 03:42:49,259 | INFO     | Epoch 158/250 - Train Loss: 0.025669, Val Loss: 0.034030[0m
2025-12-21 03:48:39,769 | INFO     | Epoch 159/250 - Train Loss: 0.025719, Val Loss: 0.033431[0m
2025-12-21 03:54:30,243 | INFO     | Epoch 160/250 - Train Loss: 0.025567, Val Loss: 0.033533[0m
2025-12-21 04:00:20,905 | INFO     | Epoch 161/250 - Train Loss: 0.025436, Val Loss: 0.033838[0m
2025-12-21 04:06:11,519 | INFO     | Epoch 162/250 - Train Loss: 0.025320, Val Loss: 0.033415[0m
2025-12-21 04:12:02,087 | INFO     | Epoch 163/250 - Train Loss: 0.025324, Val Loss: 0.033550[0m
2025-12-21 04:17:52,689 | INFO     | Epoch 164/250 - Train Loss: 0.025237, Val Loss: 0.033424[0m
2025-12-21 04:23:43,266 | INFO     | Epoch 165/250 - Train Loss: 0.025226, Val Loss: 0.033434[0m
2025-12-21 04:29:33,908 | INFO     | Epoch 166/250 - Train Loss: 0.025197, Val Loss: 0.033872[0m
2025-12-21 04:35:24,495 | INFO     | Epoch 167/250 - Train Loss: 0.025111, Val Loss: 0.033540[0m
2025-12-21 04:41:15,112 | INFO     | Epoch 168/250 - Train Loss: 0.024919, Val Loss: 0.033236[0m
2025-12-21 04:41:15,162 | INFO     | New best model saved with Val Loss: 0.033236
2025-12-21 04:47:05,763 | INFO     | Epoch 169/250 - Train Loss: 0.024936, Val Loss: 0.033173[0m
2025-12-21 04:47:05,813 | INFO     | New best model saved with Val Loss: 0.033173
2025-12-21 04:52:56,224 | INFO     | Epoch 170/250 - Train Loss: 0.024948, Val Loss: 0.033023[0m
2025-12-21 04:52:56,274 | INFO     | New best model saved with Val Loss: 0.033023
2025-12-21 04:58:46,957 | INFO     | Epoch 171/250 - Train Loss: 0.024894, Val Loss: 0.032993[0m
2025-12-21 04:58:47,012 | INFO     | New best model saved with Val Loss: 0.032993
2025-12-21 05:04:37,607 | INFO     | Epoch 172/250 - Train Loss: 0.024723, Val Loss: 0.033154[0m
2025-12-21 05:10:28,245 | INFO     | Epoch 173/250 - Train Loss: 0.024784, Val Loss: 0.033233[0m
2025-12-21 05:16:18,815 | INFO     | Epoch 174/250 - Train Loss: 0.024744, Val Loss: 0.033200[0m
2025-12-21 05:22:09,343 | INFO     | Epoch 175/250 - Train Loss: 0.024585, Val Loss: 0.033121[0m
2025-12-21 05:27:59,931 | INFO     | Epoch 176/250 - Train Loss: 0.024485, Val Loss: 0.032789[0m
2025-12-21 05:27:59,981 | INFO     | New best model saved with Val Loss: 0.032789
2025-12-21 05:33:50,580 | INFO     | Epoch 177/250 - Train Loss: 0.024518, Val Loss: 0.032925[0m
2025-12-21 05:39:41,152 | INFO     | Epoch 178/250 - Train Loss: 0.024472, Val Loss: 0.033061[0m
2025-12-21 05:45:31,684 | INFO     | Epoch 179/250 - Train Loss: 0.024631, Val Loss: 0.032912[0m
2025-12-21 05:51:22,127 | INFO     | Epoch 180/250 - Train Loss: 0.024392, Val Loss: 0.032382[0m
2025-12-21 05:51:22,178 | INFO     | New best model saved with Val Loss: 0.032382
2025-12-21 05:57:12,852 | INFO     | Epoch 181/250 - Train Loss: 0.024308, Val Loss: 0.032753[0m
2025-12-21 06:03:03,450 | INFO     | Epoch 182/250 - Train Loss: 0.024176, Val Loss: 0.032524[0m
2025-12-21 06:08:54,027 | INFO     | Epoch 183/250 - Train Loss: 0.024170, Val Loss: 0.033304[0m
2025-12-21 06:14:44,593 | INFO     | Epoch 184/250 - Train Loss: 0.024171, Val Loss: 0.032955[0m
2025-12-21 06:20:35,189 | INFO     | Epoch 185/250 - Train Loss: 0.024106, Val Loss: 0.032560[0m
2025-12-21 06:26:25,765 | INFO     | Epoch 186/250 - Train Loss: 0.024074, Val Loss: 0.032555[0m
2025-12-21 06:32:16,344 | INFO     | Epoch 187/250 - Train Loss: 0.024130, Val Loss: 0.032435[0m
2025-12-21 06:38:06,931 | INFO     | Epoch 188/250 - Train Loss: 0.023932, Val Loss: 0.032899[0m
2025-12-21 06:43:57,580 | INFO     | Epoch 189/250 - Train Loss: 0.023806, Val Loss: 0.032527[0m
2025-12-21 06:49:47,980 | INFO     | Epoch 190/250 - Train Loss: 0.023923, Val Loss: 0.032821[0m
2025-12-21 06:55:38,577 | INFO     | Epoch 191/250 - Train Loss: 0.023723, Val Loss: 0.032582[0m
2025-12-21 07:01:29,151 | INFO     | Epoch 192/250 - Train Loss: 0.023758, Val Loss: 0.032878[0m
2025-12-21 07:07:19,726 | INFO     | Epoch 193/250 - Train Loss: 0.023798, Val Loss: 0.032582[0m
2025-12-21 07:13:10,305 | INFO     | Epoch 194/250 - Train Loss: 0.023733, Val Loss: 0.032306[0m
2025-12-21 07:13:10,355 | INFO     | New best model saved with Val Loss: 0.032306
2025-12-21 07:19:00,961 | INFO     | Epoch 195/250 - Train Loss: 0.023682, Val Loss: 0.033042[0m
2025-12-21 07:24:51,468 | INFO     | Epoch 196/250 - Train Loss: 0.023526, Val Loss: 0.032263[0m
2025-12-21 07:24:51,514 | INFO     | New best model saved with Val Loss: 0.032263
2025-12-21 07:30:42,121 | INFO     | Epoch 197/250 - Train Loss: 0.023591, Val Loss: 0.032520[0m
2025-12-21 07:36:32,688 | INFO     | Epoch 198/250 - Train Loss: 0.023461, Val Loss: 0.032283[0m
2025-12-21 07:42:23,292 | INFO     | Epoch 199/250 - Train Loss: 0.023397, Val Loss: 0.032620[0m
2025-12-21 07:48:13,721 | INFO     | Epoch 200/250 - Train Loss: 0.023389, Val Loss: 0.032221[0m
2025-12-21 07:48:13,771 | INFO     | New best model saved with Val Loss: 0.032221
2025-12-21 07:54:04,411 | INFO     | Epoch 201/250 - Train Loss: 0.022138, Val Loss: 0.031203[0m
2025-12-21 07:54:04,462 | INFO     | New best model saved with Val Loss: 0.031203
2025-12-21 07:59:55,045 | INFO     | Epoch 202/250 - Train Loss: 0.022022, Val Loss: 0.031410[0m
2025-12-21 08:05:45,601 | INFO     | Epoch 203/250 - Train Loss: 0.022059, Val Loss: 0.031818[0m
2025-12-21 08:11:36,245 | INFO     | Epoch 204/250 - Train Loss: 0.022006, Val Loss: 0.031563[0m
2025-12-21 08:17:26,855 | INFO     | Epoch 205/250 - Train Loss: 0.022008, Val Loss: 0.031414[0m
2025-12-21 08:23:17,455 | INFO     | Epoch 206/250 - Train Loss: 0.021932, Val Loss: 0.031397[0m
2025-12-21 08:29:08,065 | INFO     | Epoch 207/250 - Train Loss: 0.021939, Val Loss: 0.031407[0m
2025-12-21 08:34:58,616 | INFO     | Epoch 208/250 - Train Loss: 0.021946, Val Loss: 0.031418[0m
2025-12-21 08:40:49,236 | INFO     | Epoch 209/250 - Train Loss: 0.021873, Val Loss: 0.031191[0m
2025-12-21 08:40:49,287 | INFO     | New best model saved with Val Loss: 0.031191
2025-12-21 08:46:39,832 | INFO     | Epoch 210/250 - Train Loss: 0.021863, Val Loss: 0.031361[0m
2025-12-21 08:52:30,503 | INFO     | Epoch 211/250 - Train Loss: 0.021819, Val Loss: 0.031263[0m
2025-12-21 08:58:21,143 | INFO     | Epoch 212/250 - Train Loss: 0.021854, Val Loss: 0.031248[0m
2025-12-21 09:04:11,762 | INFO     | Epoch 213/250 - Train Loss: 0.021744, Val Loss: 0.031309[0m
2025-12-21 09:10:02,329 | INFO     | Epoch 214/250 - Train Loss: 0.021717, Val Loss: 0.031214[0m
2025-12-21 09:15:52,890 | INFO     | Epoch 215/250 - Train Loss: 0.021712, Val Loss: 0.031310[0m
2025-12-21 09:22:14,549 | INFO     | Epoch 216/250 - Train Loss: 0.021739, Val Loss: 0.031205[0m
2025-12-21 09:31:00,352 | INFO     | Epoch 217/250 - Train Loss: 0.021592, Val Loss: 0.031213[0m
2025-12-21 09:40:19,456 | INFO     | Epoch 218/250 - Train Loss: 0.021628, Val Loss: 0.031289[0m
2025-12-21 09:49:05,541 | INFO     | Epoch 219/250 - Train Loss: 0.021606, Val Loss: 0.030988[0m
2025-12-21 09:49:05,593 | INFO     | New best model saved with Val Loss: 0.030988
2025-12-21 09:57:51,672 | INFO     | Epoch 220/250 - Train Loss: 0.021552, Val Loss: 0.031153[0m
2025-12-21 10:06:37,885 | INFO     | Epoch 221/250 - Train Loss: 0.021539, Val Loss: 0.031215[0m
2025-12-21 10:15:24,087 | INFO     | Epoch 222/250 - Train Loss: 0.021513, Val Loss: 0.031256[0m
2025-12-21 10:24:10,243 | INFO     | Epoch 223/250 - Train Loss: 0.021486, Val Loss: 0.031359[0m
2025-12-21 10:32:56,369 | INFO     | Epoch 224/250 - Train Loss: 0.021470, Val Loss: 0.031032[0m
2025-12-21 10:41:42,561 | INFO     | Epoch 225/250 - Train Loss: 0.021423, Val Loss: 0.031190[0m
2025-12-21 10:50:28,702 | INFO     | Epoch 226/250 - Train Loss: 0.021425, Val Loss: 0.031541[0m
2025-12-21 10:59:14,908 | INFO     | Epoch 227/250 - Train Loss: 0.021390, Val Loss: 0.031202[0m
2025-12-21 11:08:01,057 | INFO     | Epoch 228/250 - Train Loss: 0.021333, Val Loss: 0.030978[0m
2025-12-21 11:08:01,109 | INFO     | New best model saved with Val Loss: 0.030978
2025-12-21 11:16:47,260 | INFO     | Epoch 229/250 - Train Loss: 0.021306, Val Loss: 0.031082[0m
2025-12-21 11:25:33,360 | INFO     | Epoch 230/250 - Train Loss: 0.021307, Val Loss: 0.031062[0m
2025-12-21 11:34:19,651 | INFO     | Epoch 231/250 - Train Loss: 0.021268, Val Loss: 0.030991[0m
2025-12-21 11:43:05,837 | INFO     | Epoch 232/250 - Train Loss: 0.021278, Val Loss: 0.031213[0m
2025-12-21 11:51:51,997 | INFO     | Epoch 233/250 - Train Loss: 0.021201, Val Loss: 0.030992[0m
2025-12-21 12:00:38,162 | INFO     | Epoch 234/250 - Train Loss: 0.021202, Val Loss: 0.031118[0m
2025-12-21 12:09:24,364 | INFO     | Epoch 235/250 - Train Loss: 0.021163, Val Loss: 0.031063[0m
2025-12-21 12:18:10,492 | INFO     | Epoch 236/250 - Train Loss: 0.021165, Val Loss: 0.031181[0m
2025-12-21 12:26:56,654 | INFO     | Epoch 237/250 - Train Loss: 0.021113, Val Loss: 0.030897[0m
2025-12-21 12:26:56,706 | INFO     | New best model saved with Val Loss: 0.030897
2025-12-21 12:35:42,829 | INFO     | Epoch 238/250 - Train Loss: 0.021111, Val Loss: 0.030885[0m
2025-12-21 12:35:42,881 | INFO     | New best model saved with Val Loss: 0.030885
2025-12-21 12:44:29,060 | INFO     | Epoch 239/250 - Train Loss: 0.021060, Val Loss: 0.030666[0m
2025-12-21 12:44:29,111 | INFO     | New best model saved with Val Loss: 0.030666
2025-12-21 12:53:15,230 | INFO     | Epoch 240/250 - Train Loss: 0.021063, Val Loss: 0.031126[0m
2025-12-21 13:02:01,479 | INFO     | Epoch 241/250 - Train Loss: 0.020990, Val Loss: 0.030855[0m
2025-12-21 13:11:56,312 | INFO     | Epoch 242/250 - Train Loss: 0.020978, Val Loss: 0.030854[0m
2025-12-21 13:23:13,726 | INFO     | Epoch 243/250 - Train Loss: 0.021007, Val Loss: 0.030944[0m
2025-12-21 13:34:30,748 | INFO     | Epoch 244/250 - Train Loss: 0.020910, Val Loss: 0.030993[0m
2025-12-21 13:45:47,457 | INFO     | Epoch 245/250 - Train Loss: 0.020896, Val Loss: 0.030828[0m
2025-12-21 13:57:04,137 | INFO     | Epoch 246/250 - Train Loss: 0.020909, Val Loss: 0.030715[0m
2025-12-21 14:08:20,949 | INFO     | Epoch 247/250 - Train Loss: 0.020840, Val Loss: 0.031068[0m
2025-12-21 14:19:37,840 | INFO     | Epoch 248/250 - Train Loss: 0.020875, Val Loss: 0.030764[0m
2025-12-21 14:30:55,933 | INFO     | Epoch 249/250 - Train Loss: 0.020840, Val Loss: 0.031178[0m
2025-12-21 14:41:30,822 | INFO     | Epoch 250/250 - Train Loss: 0.020848, Val Loss: 0.030776[0m
2025-12-21 14:41:30,947 | INFO     | Final model saved to experiments_DrivAerML/velocity_N10k_lr1e-3_e250_run2/final_model.pth
2025-12-21 14:41:30,948 | INFO     | Testing the final model
2025-12-21 14:41:45,402 | INFO     | *******************[35mL2_erro:[0m
2025-12-21 14:41:45,402 | INFO     |  0.117221
2025-12-21 14:41:45,402 | INFO     | *******************[35mmse_loss:[0m
2025-12-21 14:41:45,402 | INFO     |  0.029651
2025-12-21 14:41:45,402 | INFO     | *******************[35minference_time:[0m
2025-12-21 14:41:45,402 | INFO     |  0.011948
2025-12-21 14:41:45,402 | INFO     | Testing the best model
2025-12-21 14:42:00,376 | INFO     | *******************[35mL2_erro:[0m
2025-12-21 14:42:00,376 | INFO     |  0.117599
2025-12-21 14:42:00,376 | INFO     | *******************[35mmse_loss:[0m
2025-12-21 14:42:00,376 | INFO     |  0.029895
2025-12-21 14:42:00,376 | INFO     | *******************[35minference_time:[0m
2025-12-21 14:42:00,376 | INFO     |  0.012186
2025-12-22 09:12:56,945 | INFO     | Config:
exp_name: velocity_N10k_lr1e-3_e250_run2
model:
  input_dim: 3
  output_dim: 3
  head_num: 8
  hidden_dim: 256
  res: true
  slice_num: 32
  layer_num: 5
  mlp_ratio: 1.5
  dropout: 0.1
training:
  input: volume_anchor_position
  target: volume_anchor_velocity
  batch_size: 1
  epochs: 250
  lr: 0.001
  scheduler_step: 50
  scheduler_gamma: 0.5
  max_grad_norm: 0.1
  num_workers: 1
  weight_decay: 0.0
  test_only: 0
  gpus: '0'
  root_dir: /mnt/wjc_group/mae-zhangbj/DrivAerML_dataset/small
  seed: 42

2025-12-22 09:12:56,945 | INFO     | args.exp_name : velocity_N10k_lr1e-3_e250_run2
2025-12-22 09:12:56,946 | INFO     | Starting training with 1 GPUs
2025-12-22 09:12:57,673 | INFO     | Total trainable parameters: 3381835
2025-12-22 09:12:57,675 | INFO     | Data loaded: 380 training batches, 33 validation batches, 44 test batches
2025-12-22 09:12:57,676 | INFO     | Staring training for 250 epochs
2025-12-22 09:21:47,922 | INFO     | Epoch 1/250 - Train Loss: 0.969998, Val Loss: 0.808357[0m
2025-12-22 09:21:47,975 | INFO     | New best model saved with Val Loss: 0.808357
2025-12-22 09:30:33,320 | INFO     | Epoch 2/250 - Train Loss: 0.739438, Val Loss: 0.684829[0m
2025-12-22 09:30:33,372 | INFO     | New best model saved with Val Loss: 0.684829
2025-12-22 09:39:18,712 | INFO     | Epoch 3/250 - Train Loss: 0.664923, Val Loss: 0.631974[0m
2025-12-22 09:39:18,764 | INFO     | New best model saved with Val Loss: 0.631974
2025-12-22 09:48:03,736 | INFO     | Epoch 4/250 - Train Loss: 0.611263, Val Loss: 0.545063[0m
2025-12-22 09:48:03,787 | INFO     | New best model saved with Val Loss: 0.545063
2025-12-22 09:56:48,777 | INFO     | Epoch 5/250 - Train Loss: 0.509586, Val Loss: 0.460996[0m
2025-12-22 09:56:48,828 | INFO     | New best model saved with Val Loss: 0.460996
2025-12-22 10:05:33,817 | INFO     | Epoch 6/250 - Train Loss: 0.443456, Val Loss: 0.394311[0m
2025-12-22 10:05:33,869 | INFO     | New best model saved with Val Loss: 0.394311
2025-12-22 10:14:18,979 | INFO     | Epoch 7/250 - Train Loss: 0.377158, Val Loss: 0.330641[0m
2025-12-22 10:14:19,027 | INFO     | New best model saved with Val Loss: 0.330641
2025-12-22 10:23:04,168 | INFO     | Epoch 8/250 - Train Loss: 0.315028, Val Loss: 0.310216[0m
2025-12-22 10:23:04,219 | INFO     | New best model saved with Val Loss: 0.310216
2025-12-22 10:31:49,263 | INFO     | Epoch 9/250 - Train Loss: 0.289692, Val Loss: 0.264598[0m
2025-12-22 10:31:49,310 | INFO     | New best model saved with Val Loss: 0.264598
2025-12-22 10:40:34,392 | INFO     | Epoch 10/250 - Train Loss: 0.268690, Val Loss: 0.265558[0m
2025-12-22 10:49:19,649 | INFO     | Epoch 11/250 - Train Loss: 0.243450, Val Loss: 0.229053[0m
2025-12-22 10:49:19,706 | INFO     | New best model saved with Val Loss: 0.229053
2025-12-22 10:58:04,821 | INFO     | Epoch 12/250 - Train Loss: 0.230713, Val Loss: 0.212759[0m
2025-12-22 10:58:04,884 | INFO     | New best model saved with Val Loss: 0.212759
2025-12-22 11:06:50,030 | INFO     | Epoch 13/250 - Train Loss: 0.219906, Val Loss: 0.214825[0m
2025-12-22 11:15:35,135 | INFO     | Epoch 14/250 - Train Loss: 0.206016, Val Loss: 0.201156[0m
2025-12-22 11:15:35,183 | INFO     | New best model saved with Val Loss: 0.201156
2025-12-22 11:24:20,272 | INFO     | Epoch 15/250 - Train Loss: 0.198768, Val Loss: 0.210666[0m
2025-12-22 11:33:05,341 | INFO     | Epoch 16/250 - Train Loss: 0.193121, Val Loss: 0.193570[0m
2025-12-22 11:33:05,370 | INFO     | New best model saved with Val Loss: 0.193570
2025-12-22 11:41:50,449 | INFO     | Epoch 17/250 - Train Loss: 0.181368, Val Loss: 0.175742[0m
2025-12-22 11:41:50,490 | INFO     | New best model saved with Val Loss: 0.175742
2025-12-22 11:50:35,528 | INFO     | Epoch 18/250 - Train Loss: 0.175758, Val Loss: 0.163495[0m
2025-12-22 11:50:35,579 | INFO     | New best model saved with Val Loss: 0.163495
2025-12-22 11:59:20,551 | INFO     | Epoch 19/250 - Train Loss: 0.166755, Val Loss: 0.160865[0m
2025-12-22 11:59:20,604 | INFO     | New best model saved with Val Loss: 0.160865
2025-12-22 12:08:05,613 | INFO     | Epoch 20/250 - Train Loss: 0.161246, Val Loss: 0.146701[0m
2025-12-22 12:08:05,664 | INFO     | New best model saved with Val Loss: 0.146701
2025-12-22 12:16:50,755 | INFO     | Epoch 21/250 - Train Loss: 0.153830, Val Loss: 0.151028[0m
2025-12-22 12:25:35,721 | INFO     | Epoch 22/250 - Train Loss: 0.146317, Val Loss: 0.139191[0m
2025-12-22 12:25:35,773 | INFO     | New best model saved with Val Loss: 0.139191
2025-12-22 12:34:20,789 | INFO     | Epoch 23/250 - Train Loss: 0.141765, Val Loss: 0.129488[0m
2025-12-22 12:34:20,836 | INFO     | New best model saved with Val Loss: 0.129488
2025-12-22 12:43:05,772 | INFO     | Epoch 24/250 - Train Loss: 0.136520, Val Loss: 0.127191[0m
2025-12-22 12:43:05,823 | INFO     | New best model saved with Val Loss: 0.127191
2025-12-22 12:51:50,798 | INFO     | Epoch 25/250 - Train Loss: 0.133552, Val Loss: 0.128119[0m
2025-12-22 13:00:35,805 | INFO     | Epoch 26/250 - Train Loss: 0.126383, Val Loss: 0.119901[0m
2025-12-22 13:00:35,856 | INFO     | New best model saved with Val Loss: 0.119901
2025-12-22 13:09:20,869 | INFO     | Epoch 27/250 - Train Loss: 0.125745, Val Loss: 0.129491[0m
2025-12-22 13:18:05,854 | INFO     | Epoch 28/250 - Train Loss: 0.120382, Val Loss: 0.113088[0m
2025-12-22 13:18:05,914 | INFO     | New best model saved with Val Loss: 0.113088
2025-12-22 13:26:50,892 | INFO     | Epoch 29/250 - Train Loss: 0.115718, Val Loss: 0.115091[0m
2025-12-22 13:35:35,822 | INFO     | Epoch 30/250 - Train Loss: 0.112457, Val Loss: 0.110597[0m
2025-12-22 13:35:35,876 | INFO     | New best model saved with Val Loss: 0.110597
2025-12-22 13:44:20,936 | INFO     | Epoch 31/250 - Train Loss: 0.111876, Val Loss: 0.125596[0m
2025-12-22 13:53:05,910 | INFO     | Epoch 32/250 - Train Loss: 0.108473, Val Loss: 0.101578[0m
2025-12-22 13:53:05,964 | INFO     | New best model saved with Val Loss: 0.101578
2025-12-22 14:01:50,938 | INFO     | Epoch 33/250 - Train Loss: 0.105586, Val Loss: 0.096918[0m
2025-12-22 14:01:50,990 | INFO     | New best model saved with Val Loss: 0.096918
2025-12-22 14:10:36,060 | INFO     | Epoch 34/250 - Train Loss: 0.104185, Val Loss: 0.097640[0m
2025-12-22 14:19:21,119 | INFO     | Epoch 35/250 - Train Loss: 0.099989, Val Loss: 0.093014[0m
2025-12-22 14:19:21,171 | INFO     | New best model saved with Val Loss: 0.093014
2025-12-22 14:28:06,242 | INFO     | Epoch 36/250 - Train Loss: 0.099118, Val Loss: 0.096947[0m
2025-12-22 14:36:51,317 | INFO     | Epoch 37/250 - Train Loss: 0.096468, Val Loss: 0.101659[0m
2025-12-22 14:45:36,389 | INFO     | Epoch 38/250 - Train Loss: 0.094541, Val Loss: 0.089481[0m
2025-12-22 14:45:36,436 | INFO     | New best model saved with Val Loss: 0.089481
2025-12-22 14:54:21,529 | INFO     | Epoch 39/250 - Train Loss: 0.093940, Val Loss: 0.085293[0m
2025-12-22 14:54:21,581 | INFO     | New best model saved with Val Loss: 0.085293
2025-12-22 15:03:06,702 | INFO     | Epoch 40/250 - Train Loss: 0.092418, Val Loss: 0.093069[0m
2025-12-22 15:11:51,974 | INFO     | Epoch 41/250 - Train Loss: 0.089813, Val Loss: 0.086357[0m
2025-12-22 15:20:37,103 | INFO     | Epoch 42/250 - Train Loss: 0.089084, Val Loss: 0.083454[0m
2025-12-22 15:20:37,151 | INFO     | New best model saved with Val Loss: 0.083454
2025-12-22 15:29:22,362 | INFO     | Epoch 43/250 - Train Loss: 0.088128, Val Loss: 0.084293[0m
2025-12-22 15:38:07,449 | INFO     | Epoch 44/250 - Train Loss: 0.085184, Val Loss: 0.093727[0m
2025-12-22 15:46:52,534 | INFO     | Epoch 45/250 - Train Loss: 0.083444, Val Loss: 0.078740[0m
2025-12-22 15:46:52,586 | INFO     | New best model saved with Val Loss: 0.078740
2025-12-22 15:55:37,638 | INFO     | Epoch 46/250 - Train Loss: 0.083103, Val Loss: 0.083850[0m
2025-12-22 16:04:22,712 | INFO     | Epoch 47/250 - Train Loss: 0.080146, Val Loss: 0.078056[0m
2025-12-22 16:04:22,764 | INFO     | New best model saved with Val Loss: 0.078056
2025-12-22 16:13:07,813 | INFO     | Epoch 48/250 - Train Loss: 0.079394, Val Loss: 0.082184[0m
2025-12-22 16:21:52,853 | INFO     | Epoch 49/250 - Train Loss: 0.080615, Val Loss: 0.076372[0m
2025-12-22 16:21:52,905 | INFO     | New best model saved with Val Loss: 0.076372
2025-12-22 16:30:37,935 | INFO     | Epoch 50/250 - Train Loss: 0.078348, Val Loss: 0.073420[0m
2025-12-22 16:30:37,964 | INFO     | New best model saved with Val Loss: 0.073420
2025-12-22 16:39:23,101 | INFO     | Epoch 51/250 - Train Loss: 0.063552, Val Loss: 0.061727[0m
2025-12-22 16:39:23,153 | INFO     | New best model saved with Val Loss: 0.061727
2025-12-22 16:48:08,262 | INFO     | Epoch 52/250 - Train Loss: 0.062675, Val Loss: 0.062786[0m
2025-12-22 16:56:53,334 | INFO     | Epoch 53/250 - Train Loss: 0.062056, Val Loss: 0.062445[0m
2025-12-22 17:05:38,258 | INFO     | Epoch 54/250 - Train Loss: 0.061555, Val Loss: 0.063278[0m
2025-12-22 17:14:23,188 | INFO     | Epoch 55/250 - Train Loss: 0.060986, Val Loss: 0.060864[0m
2025-12-22 17:14:23,240 | INFO     | New best model saved with Val Loss: 0.060864
2025-12-22 17:23:08,205 | INFO     | Epoch 56/250 - Train Loss: 0.060123, Val Loss: 0.064722[0m
2025-12-22 17:31:53,110 | INFO     | Epoch 57/250 - Train Loss: 0.059961, Val Loss: 0.060186[0m
2025-12-22 17:31:53,166 | INFO     | New best model saved with Val Loss: 0.060186
2025-12-22 17:40:38,077 | INFO     | Epoch 58/250 - Train Loss: 0.058824, Val Loss: 0.060844[0m
2025-12-22 17:49:22,997 | INFO     | Epoch 59/250 - Train Loss: 0.059169, Val Loss: 0.061054[0m
2025-12-22 17:58:07,918 | INFO     | Epoch 60/250 - Train Loss: 0.057387, Val Loss: 0.059993[0m
2025-12-22 17:58:07,970 | INFO     | New best model saved with Val Loss: 0.059993
2025-12-22 18:06:53,023 | INFO     | Epoch 61/250 - Train Loss: 0.057418, Val Loss: 0.059244[0m
2025-12-22 18:06:53,075 | INFO     | New best model saved with Val Loss: 0.059244
2025-12-22 18:15:38,024 | INFO     | Epoch 62/250 - Train Loss: 0.056863, Val Loss: 0.061800[0m
2025-12-22 18:24:22,993 | INFO     | Epoch 63/250 - Train Loss: 0.056054, Val Loss: 0.058318[0m
2025-12-22 18:24:23,040 | INFO     | New best model saved with Val Loss: 0.058318
2025-12-22 18:33:08,045 | INFO     | Epoch 64/250 - Train Loss: 0.055973, Val Loss: 0.058752[0m
2025-12-22 18:41:52,987 | INFO     | Epoch 65/250 - Train Loss: 0.055165, Val Loss: 0.058440[0m
2025-12-22 18:50:37,939 | INFO     | Epoch 66/250 - Train Loss: 0.054488, Val Loss: 0.057676[0m
2025-12-22 18:50:37,986 | INFO     | New best model saved with Val Loss: 0.057676
2025-12-22 18:59:23,013 | INFO     | Epoch 67/250 - Train Loss: 0.054030, Val Loss: 0.056841[0m
2025-12-22 18:59:23,065 | INFO     | New best model saved with Val Loss: 0.056841
2025-12-22 19:08:07,981 | INFO     | Epoch 68/250 - Train Loss: 0.053600, Val Loss: 0.057675[0m
2025-12-22 19:16:52,894 | INFO     | Epoch 69/250 - Train Loss: 0.052951, Val Loss: 0.057699[0m
2025-12-22 19:25:37,810 | INFO     | Epoch 70/250 - Train Loss: 0.052680, Val Loss: 0.055080[0m
2025-12-22 19:25:37,865 | INFO     | New best model saved with Val Loss: 0.055080
2025-12-22 19:34:22,996 | INFO     | Epoch 71/250 - Train Loss: 0.052370, Val Loss: 0.054151[0m
2025-12-22 19:34:23,049 | INFO     | New best model saved with Val Loss: 0.054151
2025-12-22 19:43:08,051 | INFO     | Epoch 72/250 - Train Loss: 0.050968, Val Loss: 0.052694[0m
2025-12-22 19:43:08,104 | INFO     | New best model saved with Val Loss: 0.052694
2025-12-22 19:51:53,110 | INFO     | Epoch 73/250 - Train Loss: 0.051439, Val Loss: 0.053355[0m
2025-12-22 20:00:38,074 | INFO     | Epoch 74/250 - Train Loss: 0.050989, Val Loss: 0.053138[0m
2025-12-22 20:09:23,083 | INFO     | Epoch 75/250 - Train Loss: 0.050176, Val Loss: 0.054030[0m
2025-12-22 20:18:08,066 | INFO     | Epoch 76/250 - Train Loss: 0.050816, Val Loss: 0.053574[0m
2025-12-22 20:26:53,078 | INFO     | Epoch 77/250 - Train Loss: 0.049980, Val Loss: 0.052544[0m
2025-12-22 20:26:53,126 | INFO     | New best model saved with Val Loss: 0.052544
2025-12-22 20:35:38,150 | INFO     | Epoch 78/250 - Train Loss: 0.049617, Val Loss: 0.053286[0m
2025-12-22 20:44:23,101 | INFO     | Epoch 79/250 - Train Loss: 0.049027, Val Loss: 0.056392[0m
2025-12-22 20:53:08,029 | INFO     | Epoch 80/250 - Train Loss: 0.048361, Val Loss: 0.052493[0m
2025-12-22 20:53:08,081 | INFO     | New best model saved with Val Loss: 0.052493
2025-12-22 21:01:53,159 | INFO     | Epoch 81/250 - Train Loss: 0.048573, Val Loss: 0.053784[0m
2025-12-22 21:10:38,186 | INFO     | Epoch 82/250 - Train Loss: 0.047837, Val Loss: 0.050419[0m
2025-12-22 21:10:38,238 | INFO     | New best model saved with Val Loss: 0.050419
2025-12-22 21:19:23,273 | INFO     | Epoch 83/250 - Train Loss: 0.048167, Val Loss: 0.057027[0m
2025-12-22 21:28:08,289 | INFO     | Epoch 84/250 - Train Loss: 0.048078, Val Loss: 0.054593[0m
2025-12-22 21:36:53,268 | INFO     | Epoch 85/250 - Train Loss: 0.046590, Val Loss: 0.053297[0m
2025-12-22 21:45:38,234 | INFO     | Epoch 86/250 - Train Loss: 0.047307, Val Loss: 0.051570[0m
2025-12-22 21:54:23,206 | INFO     | Epoch 87/250 - Train Loss: 0.046156, Val Loss: 0.052454[0m
2025-12-22 22:03:08,190 | INFO     | Epoch 88/250 - Train Loss: 0.046268, Val Loss: 0.051940[0m
2025-12-22 22:11:53,147 | INFO     | Epoch 89/250 - Train Loss: 0.045784, Val Loss: 0.050905[0m
2025-12-22 22:20:38,104 | INFO     | Epoch 90/250 - Train Loss: 0.046000, Val Loss: 0.053608[0m
2025-12-22 22:29:23,185 | INFO     | Epoch 91/250 - Train Loss: 0.045174, Val Loss: 0.051267[0m
2025-12-22 22:38:08,163 | INFO     | Epoch 92/250 - Train Loss: 0.045548, Val Loss: 0.050665[0m
2025-12-22 22:46:53,162 | INFO     | Epoch 93/250 - Train Loss: 0.044773, Val Loss: 0.050259[0m
2025-12-22 22:46:53,210 | INFO     | New best model saved with Val Loss: 0.050259
2025-12-22 22:55:38,170 | INFO     | Epoch 94/250 - Train Loss: 0.044268, Val Loss: 0.048631[0m
2025-12-22 22:55:38,224 | INFO     | New best model saved with Val Loss: 0.048631
2025-12-22 23:04:23,222 | INFO     | Epoch 95/250 - Train Loss: 0.045142, Val Loss: 0.051065[0m
2025-12-22 23:13:08,149 | INFO     | Epoch 96/250 - Train Loss: 0.043844, Val Loss: 0.048121[0m
2025-12-22 23:13:08,202 | INFO     | New best model saved with Val Loss: 0.048121
2025-12-22 23:21:53,166 | INFO     | Epoch 97/250 - Train Loss: 0.043615, Val Loss: 0.047796[0m
2025-12-22 23:21:53,218 | INFO     | New best model saved with Val Loss: 0.047796
2025-12-22 23:30:38,238 | INFO     | Epoch 98/250 - Train Loss: 0.043569, Val Loss: 0.049402[0m
2025-12-22 23:39:23,135 | INFO     | Epoch 99/250 - Train Loss: 0.043089, Val Loss: 0.050202[0m
2025-12-22 23:48:08,046 | INFO     | Epoch 100/250 - Train Loss: 0.042899, Val Loss: 0.048438[0m
2025-12-22 23:56:53,057 | INFO     | Epoch 101/250 - Train Loss: 0.036911, Val Loss: 0.042465[0m
2025-12-22 23:56:53,103 | INFO     | New best model saved with Val Loss: 0.042465
2025-12-23 00:05:38,023 | INFO     | Epoch 102/250 - Train Loss: 0.036210, Val Loss: 0.042317[0m
2025-12-23 00:05:38,075 | INFO     | New best model saved with Val Loss: 0.042317
2025-12-23 00:14:23,018 | INFO     | Epoch 103/250 - Train Loss: 0.036233, Val Loss: 0.043317[0m
2025-12-23 00:23:07,970 | INFO     | Epoch 104/250 - Train Loss: 0.036072, Val Loss: 0.042727[0m
2025-12-23 00:31:52,930 | INFO     | Epoch 105/250 - Train Loss: 0.035882, Val Loss: 0.042795[0m
2025-12-23 00:40:37,897 | INFO     | Epoch 106/250 - Train Loss: 0.035754, Val Loss: 0.042138[0m
2025-12-23 00:40:37,948 | INFO     | New best model saved with Val Loss: 0.042138
2025-12-23 00:49:22,921 | INFO     | Epoch 107/250 - Train Loss: 0.035708, Val Loss: 0.042416[0m
2025-12-23 00:58:07,905 | INFO     | Epoch 108/250 - Train Loss: 0.035394, Val Loss: 0.041967[0m
2025-12-23 00:58:07,953 | INFO     | New best model saved with Val Loss: 0.041967
2025-12-23 01:06:52,843 | INFO     | Epoch 109/250 - Train Loss: 0.035251, Val Loss: 0.043138[0m
2025-12-23 01:15:37,768 | INFO     | Epoch 110/250 - Train Loss: 0.035073, Val Loss: 0.042316[0m
2025-12-23 01:24:22,774 | INFO     | Epoch 111/250 - Train Loss: 0.035161, Val Loss: 0.041926[0m
2025-12-23 01:24:22,829 | INFO     | New best model saved with Val Loss: 0.041926
2025-12-23 01:33:07,791 | INFO     | Epoch 112/250 - Train Loss: 0.034944, Val Loss: 0.042270[0m
2025-12-23 01:41:52,709 | INFO     | Epoch 113/250 - Train Loss: 0.034748, Val Loss: 0.041976[0m
2025-12-23 01:50:37,619 | INFO     | Epoch 114/250 - Train Loss: 0.034336, Val Loss: 0.040918[0m
2025-12-23 01:50:37,671 | INFO     | New best model saved with Val Loss: 0.040918
2025-12-23 01:59:22,653 | INFO     | Epoch 115/250 - Train Loss: 0.034171, Val Loss: 0.042866[0m
2025-12-23 02:08:07,569 | INFO     | Epoch 116/250 - Train Loss: 0.034050, Val Loss: 0.041209[0m
2025-12-23 02:16:52,499 | INFO     | Epoch 117/250 - Train Loss: 0.033879, Val Loss: 0.040830[0m
2025-12-23 02:16:52,550 | INFO     | New best model saved with Val Loss: 0.040830
2025-12-23 02:25:37,479 | INFO     | Epoch 118/250 - Train Loss: 0.034087, Val Loss: 0.040941[0m
2025-12-23 02:34:22,344 | INFO     | Epoch 119/250 - Train Loss: 0.033987, Val Loss: 0.041400[0m
2025-12-23 02:43:07,214 | INFO     | Epoch 120/250 - Train Loss: 0.033373, Val Loss: 0.041530[0m
2025-12-23 02:51:52,246 | INFO     | Epoch 121/250 - Train Loss: 0.033408, Val Loss: 0.041370[0m
2025-12-23 03:00:37,202 | INFO     | Epoch 122/250 - Train Loss: 0.033214, Val Loss: 0.040514[0m
2025-12-23 03:00:37,249 | INFO     | New best model saved with Val Loss: 0.040514
2025-12-23 03:09:22,173 | INFO     | Epoch 123/250 - Train Loss: 0.033181, Val Loss: 0.041469[0m
2025-12-23 03:18:07,107 | INFO     | Epoch 124/250 - Train Loss: 0.032891, Val Loss: 0.041014[0m
2025-12-23 03:26:52,085 | INFO     | Epoch 125/250 - Train Loss: 0.032954, Val Loss: 0.041706[0m
2025-12-23 03:35:37,053 | INFO     | Epoch 126/250 - Train Loss: 0.032806, Val Loss: 0.041596[0m
2025-12-23 03:44:21,991 | INFO     | Epoch 127/250 - Train Loss: 0.032604, Val Loss: 0.039371[0m
2025-12-23 03:44:22,042 | INFO     | New best model saved with Val Loss: 0.039371
2025-12-23 03:53:06,944 | INFO     | Epoch 128/250 - Train Loss: 0.032675, Val Loss: 0.041154[0m
2025-12-23 04:01:51,867 | INFO     | Epoch 129/250 - Train Loss: 0.032562, Val Loss: 0.040280[0m
2025-12-23 04:10:36,765 | INFO     | Epoch 130/250 - Train Loss: 0.032364, Val Loss: 0.041002[0m
2025-12-23 04:19:21,856 | INFO     | Epoch 131/250 - Train Loss: 0.031887, Val Loss: 0.039991[0m
2025-12-23 04:28:06,770 | INFO     | Epoch 132/250 - Train Loss: 0.032123, Val Loss: 0.040808[0m
2025-12-23 04:36:51,666 | INFO     | Epoch 133/250 - Train Loss: 0.031808, Val Loss: 0.039887[0m
2025-12-23 04:45:36,555 | INFO     | Epoch 134/250 - Train Loss: 0.031925, Val Loss: 0.040324[0m
2025-12-23 04:54:21,483 | INFO     | Epoch 135/250 - Train Loss: 0.031649, Val Loss: 0.039461[0m
2025-12-23 05:03:06,413 | INFO     | Epoch 136/250 - Train Loss: 0.031504, Val Loss: 0.040233[0m
2025-12-23 05:11:51,331 | INFO     | Epoch 137/250 - Train Loss: 0.031892, Val Loss: 0.040104[0m
2025-12-23 05:20:36,221 | INFO     | Epoch 138/250 - Train Loss: 0.031422, Val Loss: 0.040693[0m
2025-12-23 05:29:21,097 | INFO     | Epoch 139/250 - Train Loss: 0.031138, Val Loss: 0.040555[0m
2025-12-23 05:38:05,982 | INFO     | Epoch 140/250 - Train Loss: 0.030968, Val Loss: 0.039792[0m
2025-12-23 05:46:51,038 | INFO     | Epoch 141/250 - Train Loss: 0.031076, Val Loss: 0.039594[0m
2025-12-23 05:55:35,942 | INFO     | Epoch 142/250 - Train Loss: 0.030926, Val Loss: 0.039317[0m
2025-12-23 05:55:35,997 | INFO     | New best model saved with Val Loss: 0.039317
2025-12-23 06:04:20,951 | INFO     | Epoch 143/250 - Train Loss: 0.031041, Val Loss: 0.040084[0m
2025-12-23 06:13:05,865 | INFO     | Epoch 144/250 - Train Loss: 0.030941, Val Loss: 0.039599[0m
2025-12-23 06:21:50,774 | INFO     | Epoch 145/250 - Train Loss: 0.030661, Val Loss: 0.039042[0m
2025-12-23 06:21:50,825 | INFO     | New best model saved with Val Loss: 0.039042
2025-12-23 06:30:35,686 | INFO     | Epoch 146/250 - Train Loss: 0.030422, Val Loss: 0.039646[0m
2025-12-23 06:39:20,574 | INFO     | Epoch 147/250 - Train Loss: 0.030256, Val Loss: 0.039043[0m
2025-12-23 06:48:05,534 | INFO     | Epoch 148/250 - Train Loss: 0.030469, Val Loss: 0.038685[0m
2025-12-23 06:48:05,585 | INFO     | New best model saved with Val Loss: 0.038685
2025-12-23 06:56:50,443 | INFO     | Epoch 149/250 - Train Loss: 0.030002, Val Loss: 0.039190[0m
2025-12-23 07:05:35,293 | INFO     | Epoch 150/250 - Train Loss: 0.030067, Val Loss: 0.038317[0m
2025-12-23 07:05:35,344 | INFO     | New best model saved with Val Loss: 0.038317
2025-12-23 07:14:20,337 | INFO     | Epoch 151/250 - Train Loss: 0.027262, Val Loss: 0.036838[0m
2025-12-23 07:14:20,389 | INFO     | New best model saved with Val Loss: 0.036838
2025-12-23 07:23:05,324 | INFO     | Epoch 152/250 - Train Loss: 0.027074, Val Loss: 0.036768[0m
2025-12-23 07:23:05,388 | INFO     | New best model saved with Val Loss: 0.036768
2025-12-23 07:31:50,324 | INFO     | Epoch 153/250 - Train Loss: 0.027062, Val Loss: 0.036849[0m
2025-12-23 07:40:35,233 | INFO     | Epoch 154/250 - Train Loss: 0.026975, Val Loss: 0.036272[0m
2025-12-23 07:40:35,284 | INFO     | New best model saved with Val Loss: 0.036272
2025-12-23 07:49:20,171 | INFO     | Epoch 155/250 - Train Loss: 0.026905, Val Loss: 0.036258[0m
2025-12-23 07:49:20,222 | INFO     | New best model saved with Val Loss: 0.036258
2025-12-23 07:58:05,119 | INFO     | Epoch 156/250 - Train Loss: 0.026912, Val Loss: 0.037424[0m
2025-12-23 08:06:50,007 | INFO     | Epoch 157/250 - Train Loss: 0.026797, Val Loss: 0.036714[0m
2025-12-23 08:15:34,966 | INFO     | Epoch 158/250 - Train Loss: 0.026823, Val Loss: 0.036364[0m
2025-12-23 08:24:19,776 | INFO     | Epoch 159/250 - Train Loss: 0.026693, Val Loss: 0.036115[0m
2025-12-23 08:24:19,827 | INFO     | New best model saved with Val Loss: 0.036115
2025-12-23 08:33:04,685 | INFO     | Epoch 160/250 - Train Loss: 0.026645, Val Loss: 0.036425[0m
2025-12-23 08:41:49,671 | INFO     | Epoch 161/250 - Train Loss: 0.026490, Val Loss: 0.036369[0m
2025-12-23 08:50:34,618 | INFO     | Epoch 162/250 - Train Loss: 0.026485, Val Loss: 0.036664[0m
2025-12-23 08:59:19,743 | INFO     | Epoch 163/250 - Train Loss: 0.026382, Val Loss: 0.036710[0m
2025-12-23 09:08:05,286 | INFO     | Epoch 164/250 - Train Loss: 0.026435, Val Loss: 0.036384[0m
2025-12-23 09:16:50,817 | INFO     | Epoch 165/250 - Train Loss: 0.026368, Val Loss: 0.036524[0m
2025-12-23 09:25:36,425 | INFO     | Epoch 166/250 - Train Loss: 0.026194, Val Loss: 0.036604[0m
2025-12-23 09:34:21,966 | INFO     | Epoch 167/250 - Train Loss: 0.026111, Val Loss: 0.036580[0m
2025-12-23 09:43:07,538 | INFO     | Epoch 168/250 - Train Loss: 0.026119, Val Loss: 0.036457[0m
2025-12-23 09:51:53,031 | INFO     | Epoch 169/250 - Train Loss: 0.026013, Val Loss: 0.036567[0m
2025-12-23 10:00:38,543 | INFO     | Epoch 170/250 - Train Loss: 0.025918, Val Loss: 0.036221[0m
2025-12-23 10:09:24,183 | INFO     | Epoch 171/250 - Train Loss: 0.025901, Val Loss: 0.036394[0m
2025-12-23 10:18:09,652 | INFO     | Epoch 172/250 - Train Loss: 0.025827, Val Loss: 0.036335[0m
2025-12-23 10:26:55,178 | INFO     | Epoch 173/250 - Train Loss: 0.025882, Val Loss: 0.035853[0m
2025-12-23 10:26:55,242 | INFO     | New best model saved with Val Loss: 0.035853
2025-12-23 10:35:40,791 | INFO     | Epoch 174/250 - Train Loss: 0.025700, Val Loss: 0.036296[0m
2025-12-23 10:44:26,298 | INFO     | Epoch 175/250 - Train Loss: 0.025698, Val Loss: 0.036331[0m
2025-12-23 10:53:11,853 | INFO     | Epoch 176/250 - Train Loss: 0.025515, Val Loss: 0.036566[0m
2025-12-23 11:01:57,502 | INFO     | Epoch 177/250 - Train Loss: 0.025468, Val Loss: 0.036012[0m
2025-12-23 11:10:43,049 | INFO     | Epoch 178/250 - Train Loss: 0.025464, Val Loss: 0.036197[0m
2025-12-23 11:19:28,576 | INFO     | Epoch 179/250 - Train Loss: 0.025593, Val Loss: 0.035577[0m
2025-12-23 11:19:28,631 | INFO     | New best model saved with Val Loss: 0.035577
2025-12-23 11:28:14,154 | INFO     | Epoch 180/250 - Train Loss: 0.025387, Val Loss: 0.035590[0m
2025-12-23 11:36:59,876 | INFO     | Epoch 181/250 - Train Loss: 0.025382, Val Loss: 0.035802[0m
2025-12-23 11:45:45,460 | INFO     | Epoch 182/250 - Train Loss: 0.025234, Val Loss: 0.035681[0m
2025-12-23 11:54:30,684 | INFO     | Epoch 183/250 - Train Loss: 0.025151, Val Loss: 0.035753[0m
2025-12-23 12:03:15,619 | INFO     | Epoch 184/250 - Train Loss: 0.025124, Val Loss: 0.035947[0m
2025-12-23 12:12:00,599 | INFO     | Epoch 185/250 - Train Loss: 0.025115, Val Loss: 0.035889[0m
2025-12-23 12:20:45,571 | INFO     | Epoch 186/250 - Train Loss: 0.025052, Val Loss: 0.036049[0m
2025-12-23 12:29:30,538 | INFO     | Epoch 187/250 - Train Loss: 0.025121, Val Loss: 0.035654[0m
2025-12-23 12:38:15,526 | INFO     | Epoch 188/250 - Train Loss: 0.025070, Val Loss: 0.036093[0m
2025-12-23 12:47:00,439 | INFO     | Epoch 189/250 - Train Loss: 0.024977, Val Loss: 0.035763[0m
2025-12-23 12:55:45,296 | INFO     | Epoch 190/250 - Train Loss: 0.024827, Val Loss: 0.036087[0m
2025-12-23 13:04:30,417 | INFO     | Epoch 191/250 - Train Loss: 0.024783, Val Loss: 0.035770[0m
2025-12-23 13:13:15,401 | INFO     | Epoch 192/250 - Train Loss: 0.024836, Val Loss: 0.035886[0m
2025-12-23 13:22:00,382 | INFO     | Epoch 193/250 - Train Loss: 0.024700, Val Loss: 0.035403[0m
2025-12-23 13:22:00,432 | INFO     | New best model saved with Val Loss: 0.035403
2025-12-23 13:30:45,405 | INFO     | Epoch 194/250 - Train Loss: 0.024703, Val Loss: 0.035536[0m
2025-12-23 13:39:30,397 | INFO     | Epoch 195/250 - Train Loss: 0.024539, Val Loss: 0.036220[0m
2025-12-23 13:48:15,337 | INFO     | Epoch 196/250 - Train Loss: 0.024583, Val Loss: 0.035540[0m
2025-12-23 13:57:00,302 | INFO     | Epoch 197/250 - Train Loss: 0.024441, Val Loss: 0.035359[0m
2025-12-23 13:57:00,353 | INFO     | New best model saved with Val Loss: 0.035359
2025-12-23 14:05:45,337 | INFO     | Epoch 198/250 - Train Loss: 0.024390, Val Loss: 0.035892[0m
2025-12-23 14:14:30,278 | INFO     | Epoch 199/250 - Train Loss: 0.024496, Val Loss: 0.036463[0m
2025-12-23 14:23:15,185 | INFO     | Epoch 200/250 - Train Loss: 0.024420, Val Loss: 0.035289[0m
2025-12-23 14:23:15,237 | INFO     | New best model saved with Val Loss: 0.035289
2025-12-23 14:32:00,315 | INFO     | Epoch 201/250 - Train Loss: 0.023047, Val Loss: 0.034736[0m
2025-12-23 14:32:00,366 | INFO     | New best model saved with Val Loss: 0.034736
2025-12-23 14:40:45,357 | INFO     | Epoch 202/250 - Train Loss: 0.022930, Val Loss: 0.034573[0m
2025-12-23 14:40:45,411 | INFO     | New best model saved with Val Loss: 0.034573
2025-12-23 14:49:30,366 | INFO     | Epoch 203/250 - Train Loss: 0.022898, Val Loss: 0.035027[0m
2025-12-23 14:58:15,283 | INFO     | Epoch 204/250 - Train Loss: 0.022900, Val Loss: 0.035196[0m
2025-12-23 15:07:00,183 | INFO     | Epoch 205/250 - Train Loss: 0.022919, Val Loss: 0.034598[0m
2025-12-23 15:15:45,082 | INFO     | Epoch 206/250 - Train Loss: 0.022820, Val Loss: 0.034940[0m
2025-12-23 15:24:29,971 | INFO     | Epoch 207/250 - Train Loss: 0.022843, Val Loss: 0.034684[0m
2025-12-23 15:33:14,885 | INFO     | Epoch 208/250 - Train Loss: 0.022830, Val Loss: 0.035084[0m
2025-12-23 15:41:59,743 | INFO     | Epoch 209/250 - Train Loss: 0.022748, Val Loss: 0.034350[0m
2025-12-23 15:41:59,797 | INFO     | New best model saved with Val Loss: 0.034350
2025-12-23 15:50:44,614 | INFO     | Epoch 210/250 - Train Loss: 0.022714, Val Loss: 0.034528[0m
2025-12-23 15:59:29,618 | INFO     | Epoch 211/250 - Train Loss: 0.022677, Val Loss: 0.034380[0m
2025-12-23 16:08:14,580 | INFO     | Epoch 212/250 - Train Loss: 0.022664, Val Loss: 0.034533[0m
2025-12-23 16:16:59,507 | INFO     | Epoch 213/250 - Train Loss: 0.022632, Val Loss: 0.034977[0m
2025-12-23 16:25:44,717 | INFO     | Epoch 214/250 - Train Loss: 0.022538, Val Loss: 0.034880[0m
2025-12-23 16:34:29,727 | INFO     | Epoch 215/250 - Train Loss: 0.022576, Val Loss: 0.034634[0m
2025-12-23 16:43:15,617 | INFO     | Epoch 216/250 - Train Loss: 0.022597, Val Loss: 0.034930[0m
2025-12-23 16:52:00,756 | INFO     | Epoch 217/250 - Train Loss: 0.022503, Val Loss: 0.034596[0m
2025-12-23 17:00:46,445 | INFO     | Epoch 218/250 - Train Loss: 0.022488, Val Loss: 0.034505[0m
2025-12-23 17:09:31,877 | INFO     | Epoch 219/250 - Train Loss: 0.022447, Val Loss: 0.034570[0m
2025-12-23 17:18:17,087 | INFO     | Epoch 220/250 - Train Loss: 0.022424, Val Loss: 0.034783[0m
2025-12-23 17:27:02,631 | INFO     | Epoch 221/250 - Train Loss: 0.022363, Val Loss: 0.034645[0m
2025-12-23 17:35:48,100 | INFO     | Epoch 222/250 - Train Loss: 0.022356, Val Loss: 0.034560[0m
2025-12-23 17:44:33,553 | INFO     | Epoch 223/250 - Train Loss: 0.022317, Val Loss: 0.035056[0m
2025-12-23 17:53:18,974 | INFO     | Epoch 224/250 - Train Loss: 0.022278, Val Loss: 0.034924[0m
2025-12-23 18:02:04,475 | INFO     | Epoch 225/250 - Train Loss: 0.022298, Val Loss: 0.034766[0m
2025-12-23 18:10:49,922 | INFO     | Epoch 226/250 - Train Loss: 0.022215, Val Loss: 0.034882[0m
2025-12-23 18:19:35,350 | INFO     | Epoch 227/250 - Train Loss: 0.022195, Val Loss: 0.034473[0m
2025-12-23 18:28:20,784 | INFO     | Epoch 228/250 - Train Loss: 0.022201, Val Loss: 0.034916[0m
2025-12-23 18:37:06,151 | INFO     | Epoch 229/250 - Train Loss: 0.022157, Val Loss: 0.034736[0m
2025-12-23 18:45:51,575 | INFO     | Epoch 230/250 - Train Loss: 0.022078, Val Loss: 0.034799[0m
2025-12-23 18:54:37,092 | INFO     | Epoch 231/250 - Train Loss: 0.022142, Val Loss: 0.034542[0m
2025-12-23 19:03:22,539 | INFO     | Epoch 232/250 - Train Loss: 0.022095, Val Loss: 0.034452[0m
2025-12-23 19:12:07,999 | INFO     | Epoch 233/250 - Train Loss: 0.022029, Val Loss: 0.034667[0m
2025-12-23 19:20:53,464 | INFO     | Epoch 234/250 - Train Loss: 0.021987, Val Loss: 0.034659[0m
2025-12-23 19:29:38,914 | INFO     | Epoch 235/250 - Train Loss: 0.022031, Val Loss: 0.034931[0m
2025-12-23 19:38:24,335 | INFO     | Epoch 236/250 - Train Loss: 0.021913, Val Loss: 0.034611[0m
2025-12-23 19:47:09,764 | INFO     | Epoch 237/250 - Train Loss: 0.021973, Val Loss: 0.034660[0m
2025-12-23 19:55:55,247 | INFO     | Epoch 238/250 - Train Loss: 0.021879, Val Loss: 0.034727[0m
2025-12-23 20:04:40,648 | INFO     | Epoch 239/250 - Train Loss: 0.021875, Val Loss: 0.034541[0m
2025-12-23 20:13:26,058 | INFO     | Epoch 240/250 - Train Loss: 0.021839, Val Loss: 0.034837[0m
2025-12-23 20:22:11,586 | INFO     | Epoch 241/250 - Train Loss: 0.021832, Val Loss: 0.034363[0m
2025-12-23 20:30:57,008 | INFO     | Epoch 242/250 - Train Loss: 0.021766, Val Loss: 0.034466[0m
2025-12-23 20:39:42,473 | INFO     | Epoch 243/250 - Train Loss: 0.021764, Val Loss: 0.034538[0m
2025-12-23 20:48:27,974 | INFO     | Epoch 244/250 - Train Loss: 0.021738, Val Loss: 0.034404[0m
2025-12-23 20:57:13,440 | INFO     | Epoch 245/250 - Train Loss: 0.021703, Val Loss: 0.034609[0m
2025-12-23 21:05:58,853 | INFO     | Epoch 246/250 - Train Loss: 0.021611, Val Loss: 0.034326[0m
2025-12-23 21:05:58,908 | INFO     | New best model saved with Val Loss: 0.034326
2025-12-23 21:14:44,348 | INFO     | Epoch 247/250 - Train Loss: 0.021691, Val Loss: 0.034521[0m
2025-12-23 21:23:29,793 | INFO     | Epoch 248/250 - Train Loss: 0.021709, Val Loss: 0.034630[0m
2025-12-23 21:31:50,843 | INFO     | Epoch 249/250 - Train Loss: 0.021573, Val Loss: 0.034664[0m
2025-12-23 21:37:03,807 | INFO     | Epoch 250/250 - Train Loss: 0.021559, Val Loss: 0.034661[0m
2025-12-23 21:37:03,946 | INFO     | Final model saved to experiments_DrivAerML/velocity_N10k_lr1e-3_e250_run2/final_model.pth
2025-12-23 21:37:03,946 | INFO     | Testing the final model
2025-12-23 21:37:08,179 | INFO     | *******************[35mL2_erro:[0m
2025-12-23 21:37:08,179 | INFO     |  0.123104
2025-12-23 21:37:08,179 | INFO     | *******************[35mmse_loss:[0m
2025-12-23 21:37:08,179 | INFO     |  0.032762
2025-12-23 21:37:08,179 | INFO     | *******************[35minference_time:[0m
2025-12-23 21:37:08,179 | INFO     |  0.003025
2025-12-23 21:37:08,179 | INFO     | Testing the best model
2025-12-23 21:37:12,421 | INFO     | *******************[35mL2_erro:[0m
2025-12-23 21:37:12,421 | INFO     |  0.122731
2025-12-23 21:37:12,421 | INFO     | *******************[35mmse_loss:[0m
2025-12-23 21:37:12,421 | INFO     |  0.032656
2025-12-23 21:37:12,421 | INFO     | *******************[35minference_time:[0m
2025-12-23 21:37:12,421 | INFO     |  0.003135
