2026-01-04 16:27:47,080 | INFO     | Config:
exp_name: WW_spressure_N10k_lr1e-3_e250_run4
model:
  input_dim: 3
  output_dim: 1
  head_num: 8
  hidden_dim: 256
  res: true
  slice_num: 32
  layer_num: 8
  mlp_ratio: 1.5
  dropout: 0.1
training:
  input: x_pres
  target: y_pres
  x_mean:
  - 1.5160021
  - -5.4310558e-06
  - 0.58746094
  x_std:
  - 1.415669
  - 0.65769494
  - 0.38634354
  y_mean: -95.576584
  y_std: 123.44368
  batch_size: 1
  epochs: 250
  lr: 0.001
  scheduler_step: 50
  scheduler_gamma: 0.5
  max_grad_norm: 0.1
  num_workers: 1
  weight_decay: 0.0
  test_only: 0
  gpus: '0'
  seed: 42
dataload:
  directory: /mnt/wjc_group/mae-zhangbj/DrivAerNet++_dataset/E_S_WW_WM

2026-01-04 16:27:47,080 | INFO     | args.exp_name : WW_spressure_N10k_lr1e-3_e250_run4
2026-01-04 16:27:47,081 | INFO     | Starting training with 1 GPUs
2026-01-04 16:27:48,003 | INFO     | Total trainable parameters: 5172801
2026-01-04 16:27:48,004 | INFO     | Data loaded: 330 training batches, 85 validation batches, 82 test batches
2026-01-04 16:27:48,005 | INFO     | Staring training for 250 epochs
2026-01-04 16:31:27,834 | INFO     | Epoch 1/250 - Train Loss: 1.071875, Val Loss: 0.793525[0m
2026-01-04 16:31:27,877 | INFO     | New best model saved with Val Loss: 0.793525
2026-01-04 16:35:07,400 | INFO     | Epoch 2/250 - Train Loss: 0.526714, Val Loss: 0.450677[0m
2026-01-04 16:35:07,486 | INFO     | New best model saved with Val Loss: 0.450677
2026-01-04 16:38:47,075 | INFO     | Epoch 3/250 - Train Loss: 0.431842, Val Loss: 0.433960[0m
2026-01-04 16:38:47,159 | INFO     | New best model saved with Val Loss: 0.433960
2026-01-04 16:42:26,694 | INFO     | Epoch 4/250 - Train Loss: 0.414465, Val Loss: 0.395908[0m
2026-01-04 16:42:26,775 | INFO     | New best model saved with Val Loss: 0.395908
2026-01-04 16:46:06,315 | INFO     | Epoch 5/250 - Train Loss: 0.383314, Val Loss: 0.393312[0m
2026-01-04 16:46:06,399 | INFO     | New best model saved with Val Loss: 0.393312
2026-01-04 16:49:45,891 | INFO     | Epoch 6/250 - Train Loss: 0.373270, Val Loss: 0.364647[0m
2026-01-04 16:49:45,975 | INFO     | New best model saved with Val Loss: 0.364647
2026-01-04 16:53:25,521 | INFO     | Epoch 7/250 - Train Loss: 0.345869, Val Loss: 0.329554[0m
2026-01-04 16:53:25,603 | INFO     | New best model saved with Val Loss: 0.329554
2026-01-04 16:57:05,158 | INFO     | Epoch 8/250 - Train Loss: 0.329375, Val Loss: 0.323533[0m
2026-01-04 16:57:05,240 | INFO     | New best model saved with Val Loss: 0.323533
2026-01-04 17:00:44,765 | INFO     | Epoch 9/250 - Train Loss: 0.309960, Val Loss: 0.331927[0m
2026-01-04 17:04:24,322 | INFO     | Epoch 10/250 - Train Loss: 0.297857, Val Loss: 0.307957[0m
2026-01-04 17:04:24,414 | INFO     | New best model saved with Val Loss: 0.307957
2026-01-04 17:08:04,099 | INFO     | Epoch 11/250 - Train Loss: 0.284631, Val Loss: 0.315109[0m
2026-01-04 17:11:43,638 | INFO     | Epoch 12/250 - Train Loss: 0.272038, Val Loss: 0.279914[0m
2026-01-04 17:11:43,722 | INFO     | New best model saved with Val Loss: 0.279914
2026-01-04 17:15:23,270 | INFO     | Epoch 13/250 - Train Loss: 0.263861, Val Loss: 0.256597[0m
2026-01-04 17:15:23,354 | INFO     | New best model saved with Val Loss: 0.256597
2026-01-04 17:19:02,892 | INFO     | Epoch 14/250 - Train Loss: 0.250759, Val Loss: 0.255610[0m
2026-01-04 17:19:02,973 | INFO     | New best model saved with Val Loss: 0.255610
2026-01-04 17:22:42,504 | INFO     | Epoch 15/250 - Train Loss: 0.240332, Val Loss: 0.215149[0m
2026-01-04 17:22:42,588 | INFO     | New best model saved with Val Loss: 0.215149
2026-01-04 17:26:22,130 | INFO     | Epoch 16/250 - Train Loss: 0.224305, Val Loss: 0.209288[0m
2026-01-04 17:26:22,214 | INFO     | New best model saved with Val Loss: 0.209288
2026-01-04 17:30:01,800 | INFO     | Epoch 17/250 - Train Loss: 0.217857, Val Loss: 0.224754[0m
2026-01-04 17:33:41,369 | INFO     | Epoch 18/250 - Train Loss: 0.209860, Val Loss: 0.206174[0m
2026-01-04 17:33:41,453 | INFO     | New best model saved with Val Loss: 0.206174
2026-01-04 17:37:20,995 | INFO     | Epoch 19/250 - Train Loss: 0.201059, Val Loss: 0.209036[0m
2026-01-04 17:41:00,575 | INFO     | Epoch 20/250 - Train Loss: 0.194072, Val Loss: 0.173486[0m
2026-01-04 17:41:00,654 | INFO     | New best model saved with Val Loss: 0.173486
2026-01-04 17:44:40,354 | INFO     | Epoch 21/250 - Train Loss: 0.187032, Val Loss: 0.170881[0m
2026-01-04 17:44:40,428 | INFO     | New best model saved with Val Loss: 0.170881
2026-01-04 17:48:19,991 | INFO     | Epoch 22/250 - Train Loss: 0.177066, Val Loss: 0.161499[0m
2026-01-04 17:48:20,076 | INFO     | New best model saved with Val Loss: 0.161499
2026-01-04 17:51:59,581 | INFO     | Epoch 23/250 - Train Loss: 0.169969, Val Loss: 0.172683[0m
2026-01-04 17:55:39,147 | INFO     | Epoch 24/250 - Train Loss: 0.161966, Val Loss: 0.153872[0m
2026-01-04 17:55:39,225 | INFO     | New best model saved with Val Loss: 0.153872
2026-01-04 17:59:18,782 | INFO     | Epoch 25/250 - Train Loss: 0.159029, Val Loss: 0.159170[0m
2026-01-04 18:02:58,361 | INFO     | Epoch 26/250 - Train Loss: 0.149787, Val Loss: 0.149458[0m
2026-01-04 18:02:58,455 | INFO     | New best model saved with Val Loss: 0.149458
2026-01-04 18:06:38,027 | INFO     | Epoch 27/250 - Train Loss: 0.147341, Val Loss: 0.149578[0m
2026-01-04 18:10:17,613 | INFO     | Epoch 28/250 - Train Loss: 0.141055, Val Loss: 0.125602[0m
2026-01-04 18:10:17,706 | INFO     | New best model saved with Val Loss: 0.125602
2026-01-04 18:13:57,270 | INFO     | Epoch 29/250 - Train Loss: 0.141546, Val Loss: 0.140483[0m
2026-01-04 18:17:36,853 | INFO     | Epoch 30/250 - Train Loss: 0.133684, Val Loss: 0.126327[0m
2026-01-04 18:21:16,525 | INFO     | Epoch 31/250 - Train Loss: 0.125910, Val Loss: 0.115674[0m
2026-01-04 18:21:16,611 | INFO     | New best model saved with Val Loss: 0.115674
2026-01-04 18:24:56,189 | INFO     | Epoch 32/250 - Train Loss: 0.125314, Val Loss: 0.121673[0m
2026-01-04 18:28:35,809 | INFO     | Epoch 33/250 - Train Loss: 0.121551, Val Loss: 0.118970[0m
2026-01-04 18:32:15,416 | INFO     | Epoch 34/250 - Train Loss: 0.117506, Val Loss: 0.111051[0m
2026-01-04 18:32:15,498 | INFO     | New best model saved with Val Loss: 0.111051
2026-01-04 18:35:55,112 | INFO     | Epoch 35/250 - Train Loss: 0.112409, Val Loss: 0.107309[0m
2026-01-04 18:35:55,195 | INFO     | New best model saved with Val Loss: 0.107309
2026-01-04 18:39:34,805 | INFO     | Epoch 36/250 - Train Loss: 0.109506, Val Loss: 0.105300[0m
2026-01-04 18:39:34,886 | INFO     | New best model saved with Val Loss: 0.105300
2026-01-04 18:43:14,466 | INFO     | Epoch 37/250 - Train Loss: 0.109356, Val Loss: 0.110191[0m
2026-01-04 18:46:54,049 | INFO     | Epoch 38/250 - Train Loss: 0.103657, Val Loss: 0.097970[0m
2026-01-04 18:46:54,135 | INFO     | New best model saved with Val Loss: 0.097970
2026-01-04 18:50:33,726 | INFO     | Epoch 39/250 - Train Loss: 0.100944, Val Loss: 0.099589[0m
2026-01-04 18:54:13,326 | INFO     | Epoch 40/250 - Train Loss: 0.099150, Val Loss: 0.141805[0m
2026-01-04 18:57:53,004 | INFO     | Epoch 41/250 - Train Loss: 0.097353, Val Loss: 0.090508[0m
2026-01-04 18:57:53,082 | INFO     | New best model saved with Val Loss: 0.090508
2026-01-04 19:01:32,652 | INFO     | Epoch 42/250 - Train Loss: 0.095487, Val Loss: 0.096188[0m
2026-01-04 19:05:12,245 | INFO     | Epoch 43/250 - Train Loss: 0.093567, Val Loss: 0.102425[0m
2026-01-04 19:08:51,837 | INFO     | Epoch 44/250 - Train Loss: 0.089702, Val Loss: 0.083711[0m
2026-01-04 19:08:51,918 | INFO     | New best model saved with Val Loss: 0.083711
2026-01-04 19:12:31,487 | INFO     | Epoch 45/250 - Train Loss: 0.087985, Val Loss: 0.086594[0m
2026-01-04 19:16:11,015 | INFO     | Epoch 46/250 - Train Loss: 0.086662, Val Loss: 0.091493[0m
2026-01-04 19:19:50,548 | INFO     | Epoch 47/250 - Train Loss: 0.084345, Val Loss: 0.086159[0m
2026-01-04 19:23:30,095 | INFO     | Epoch 48/250 - Train Loss: 0.083830, Val Loss: 0.077254[0m
2026-01-04 19:23:30,186 | INFO     | New best model saved with Val Loss: 0.077254
2026-01-04 19:27:09,713 | INFO     | Epoch 49/250 - Train Loss: 0.083297, Val Loss: 0.077536[0m
2026-01-04 19:30:49,226 | INFO     | Epoch 50/250 - Train Loss: 0.079574, Val Loss: 0.075493[0m
2026-01-04 19:30:49,311 | INFO     | New best model saved with Val Loss: 0.075493
2026-01-04 19:34:28,929 | INFO     | Epoch 51/250 - Train Loss: 0.067450, Val Loss: 0.065412[0m
2026-01-04 19:34:29,009 | INFO     | New best model saved with Val Loss: 0.065412
2026-01-04 19:38:08,517 | INFO     | Epoch 52/250 - Train Loss: 0.065769, Val Loss: 0.064662[0m
2026-01-04 19:38:08,602 | INFO     | New best model saved with Val Loss: 0.064662
2026-01-04 19:41:48,127 | INFO     | Epoch 53/250 - Train Loss: 0.065163, Val Loss: 0.063561[0m
2026-01-04 19:41:48,211 | INFO     | New best model saved with Val Loss: 0.063561
2026-01-04 19:45:27,738 | INFO     | Epoch 54/250 - Train Loss: 0.065263, Val Loss: 0.065546[0m
2026-01-04 19:49:07,237 | INFO     | Epoch 55/250 - Train Loss: 0.064008, Val Loss: 0.063356[0m
2026-01-04 19:49:07,319 | INFO     | New best model saved with Val Loss: 0.063356
2026-01-04 19:52:46,834 | INFO     | Epoch 56/250 - Train Loss: 0.064482, Val Loss: 0.064496[0m
2026-01-04 19:56:26,342 | INFO     | Epoch 57/250 - Train Loss: 0.062427, Val Loss: 0.059954[0m
2026-01-04 19:56:26,426 | INFO     | New best model saved with Val Loss: 0.059954
2026-01-04 20:00:05,933 | INFO     | Epoch 58/250 - Train Loss: 0.062265, Val Loss: 0.061727[0m
2026-01-04 20:03:45,447 | INFO     | Epoch 59/250 - Train Loss: 0.061307, Val Loss: 0.063262[0m
2026-01-04 20:07:24,974 | INFO     | Epoch 60/250 - Train Loss: 0.061893, Val Loss: 0.061922[0m
2026-01-04 20:11:04,573 | INFO     | Epoch 61/250 - Train Loss: 0.060791, Val Loss: 0.062184[0m
2026-01-04 20:14:44,061 | INFO     | Epoch 62/250 - Train Loss: 0.060064, Val Loss: 0.060065[0m
2026-01-04 20:18:23,597 | INFO     | Epoch 63/250 - Train Loss: 0.059824, Val Loss: 0.062500[0m
2026-01-04 20:22:03,128 | INFO     | Epoch 64/250 - Train Loss: 0.058969, Val Loss: 0.058574[0m
2026-01-04 20:22:03,200 | INFO     | New best model saved with Val Loss: 0.058574
2026-01-04 20:25:42,738 | INFO     | Epoch 65/250 - Train Loss: 0.058261, Val Loss: 0.058691[0m
2026-01-04 20:29:22,271 | INFO     | Epoch 66/250 - Train Loss: 0.058204, Val Loss: 0.060343[0m
2026-01-04 20:33:01,752 | INFO     | Epoch 67/250 - Train Loss: 0.056958, Val Loss: 0.058049[0m
2026-01-04 20:33:01,838 | INFO     | New best model saved with Val Loss: 0.058049
2026-01-04 20:36:41,368 | INFO     | Epoch 68/250 - Train Loss: 0.057438, Val Loss: 0.056052[0m
2026-01-04 20:36:41,455 | INFO     | New best model saved with Val Loss: 0.056052
2026-01-04 20:40:20,981 | INFO     | Epoch 69/250 - Train Loss: 0.056606, Val Loss: 0.056721[0m
2026-01-04 20:44:00,502 | INFO     | Epoch 70/250 - Train Loss: 0.056644, Val Loss: 0.058519[0m
2026-01-04 20:47:40,142 | INFO     | Epoch 71/250 - Train Loss: 0.054872, Val Loss: 0.056969[0m
2026-01-04 20:51:19,645 | INFO     | Epoch 72/250 - Train Loss: 0.055822, Val Loss: 0.057742[0m
2026-01-04 20:54:59,179 | INFO     | Epoch 73/250 - Train Loss: 0.055244, Val Loss: 0.055868[0m
2026-01-04 20:54:59,263 | INFO     | New best model saved with Val Loss: 0.055868
2026-01-04 20:58:38,824 | INFO     | Epoch 74/250 - Train Loss: 0.054061, Val Loss: 0.058114[0m
2026-01-04 21:02:18,365 | INFO     | Epoch 75/250 - Train Loss: 0.054922, Val Loss: 0.052673[0m
2026-01-04 21:02:18,447 | INFO     | New best model saved with Val Loss: 0.052673
2026-01-04 21:05:57,976 | INFO     | Epoch 76/250 - Train Loss: 0.054341, Val Loss: 0.057228[0m
2026-01-04 21:09:37,436 | INFO     | Epoch 77/250 - Train Loss: 0.052703, Val Loss: 0.053507[0m
2026-01-04 21:13:17,001 | INFO     | Epoch 78/250 - Train Loss: 0.053174, Val Loss: 0.053584[0m
2026-01-04 21:16:56,513 | INFO     | Epoch 79/250 - Train Loss: 0.052819, Val Loss: 0.052318[0m
2026-01-04 21:16:56,596 | INFO     | New best model saved with Val Loss: 0.052318
2026-01-04 21:20:36,121 | INFO     | Epoch 80/250 - Train Loss: 0.052374, Val Loss: 0.054233[0m
2026-01-04 21:24:15,761 | INFO     | Epoch 81/250 - Train Loss: 0.051388, Val Loss: 0.051482[0m
2026-01-04 21:24:15,838 | INFO     | New best model saved with Val Loss: 0.051482
2026-01-04 21:27:55,388 | INFO     | Epoch 82/250 - Train Loss: 0.055490, Val Loss: 0.052652[0m
2026-01-04 21:31:34,923 | INFO     | Epoch 83/250 - Train Loss: 0.051277, Val Loss: 0.054288[0m
2026-01-04 21:35:14,462 | INFO     | Epoch 84/250 - Train Loss: 0.051112, Val Loss: 0.051613[0m
2026-01-04 21:38:54,009 | INFO     | Epoch 85/250 - Train Loss: 0.049492, Val Loss: 0.050415[0m
2026-01-04 21:38:54,092 | INFO     | New best model saved with Val Loss: 0.050415
2026-01-04 21:42:33,609 | INFO     | Epoch 86/250 - Train Loss: 0.050460, Val Loss: 0.051223[0m
2026-01-04 21:46:13,140 | INFO     | Epoch 87/250 - Train Loss: 0.049911, Val Loss: 0.052843[0m
2026-01-04 21:49:52,699 | INFO     | Epoch 88/250 - Train Loss: 0.049563, Val Loss: 0.053203[0m
2026-01-04 21:53:32,219 | INFO     | Epoch 89/250 - Train Loss: 0.050112, Val Loss: 0.052595[0m
2026-01-04 21:57:11,741 | INFO     | Epoch 90/250 - Train Loss: 0.049062, Val Loss: 0.052739[0m
2026-01-04 22:00:51,368 | INFO     | Epoch 91/250 - Train Loss: 0.049613, Val Loss: 0.050483[0m
2026-01-04 22:04:30,916 | INFO     | Epoch 92/250 - Train Loss: 0.047994, Val Loss: 0.051672[0m
2026-01-04 22:08:10,437 | INFO     | Epoch 93/250 - Train Loss: 0.049580, Val Loss: 0.051698[0m
2026-01-04 22:11:49,969 | INFO     | Epoch 94/250 - Train Loss: 0.047737, Val Loss: 0.050898[0m
2026-01-04 22:15:29,458 | INFO     | Epoch 95/250 - Train Loss: 0.046710, Val Loss: 0.054606[0m
2026-01-04 22:19:08,991 | INFO     | Epoch 96/250 - Train Loss: 0.048344, Val Loss: 0.051076[0m
2026-01-04 22:22:48,492 | INFO     | Epoch 97/250 - Train Loss: 0.048994, Val Loss: 0.051358[0m
2026-01-04 22:26:28,013 | INFO     | Epoch 98/250 - Train Loss: 0.047805, Val Loss: 0.049835[0m
2026-01-04 22:26:28,094 | INFO     | New best model saved with Val Loss: 0.049835
2026-01-04 22:30:07,640 | INFO     | Epoch 99/250 - Train Loss: 0.047025, Val Loss: 0.050542[0m
2026-01-04 22:33:47,170 | INFO     | Epoch 100/250 - Train Loss: 0.047285, Val Loss: 0.051027[0m
2026-01-04 22:37:26,827 | INFO     | Epoch 101/250 - Train Loss: 0.041207, Val Loss: 0.047463[0m
2026-01-04 22:37:26,912 | INFO     | New best model saved with Val Loss: 0.047463
2026-01-04 22:41:06,411 | INFO     | Epoch 102/250 - Train Loss: 0.039928, Val Loss: 0.046752[0m
2026-01-04 22:41:06,495 | INFO     | New best model saved with Val Loss: 0.046752
2026-01-04 22:44:46,027 | INFO     | Epoch 103/250 - Train Loss: 0.039728, Val Loss: 0.048510[0m
2026-01-04 22:48:25,561 | INFO     | Epoch 104/250 - Train Loss: 0.039803, Val Loss: 0.047501[0m
2026-01-04 22:52:05,058 | INFO     | Epoch 105/250 - Train Loss: 0.040035, Val Loss: 0.047603[0m
2026-01-04 22:55:44,563 | INFO     | Epoch 106/250 - Train Loss: 0.039177, Val Loss: 0.047068[0m
2026-01-04 22:59:24,095 | INFO     | Epoch 107/250 - Train Loss: 0.039888, Val Loss: 0.047652[0m
2026-01-04 23:03:03,588 | INFO     | Epoch 108/250 - Train Loss: 0.038835, Val Loss: 0.047553[0m
2026-01-04 23:06:43,114 | INFO     | Epoch 109/250 - Train Loss: 0.038919, Val Loss: 0.047042[0m
2026-01-04 23:10:22,625 | INFO     | Epoch 110/250 - Train Loss: 0.037933, Val Loss: 0.047405[0m
2026-01-04 23:14:02,205 | INFO     | Epoch 111/250 - Train Loss: 0.037512, Val Loss: 0.046466[0m
2026-01-04 23:14:02,292 | INFO     | New best model saved with Val Loss: 0.046466
2026-01-04 23:17:41,804 | INFO     | Epoch 112/250 - Train Loss: 0.038212, Val Loss: 0.048117[0m
2026-01-04 23:21:21,303 | INFO     | Epoch 113/250 - Train Loss: 0.041009, Val Loss: 0.048126[0m
2026-01-04 23:25:00,791 | INFO     | Epoch 114/250 - Train Loss: 0.039354, Val Loss: 0.050427[0m
2026-01-04 23:28:40,287 | INFO     | Epoch 115/250 - Train Loss: 0.037356, Val Loss: 0.048360[0m
2026-01-04 23:32:19,793 | INFO     | Epoch 116/250 - Train Loss: 0.036899, Val Loss: 0.049395[0m
2026-01-04 23:35:59,285 | INFO     | Epoch 117/250 - Train Loss: 0.037128, Val Loss: 0.047080[0m
2026-01-04 23:39:38,758 | INFO     | Epoch 118/250 - Train Loss: 0.036186, Val Loss: 0.046783[0m
2026-01-04 23:43:18,267 | INFO     | Epoch 119/250 - Train Loss: 0.035371, Val Loss: 0.048290[0m
2026-01-04 23:46:57,747 | INFO     | Epoch 120/250 - Train Loss: 0.036447, Val Loss: 0.047922[0m
2026-01-04 23:50:37,305 | INFO     | Epoch 121/250 - Train Loss: 0.039251, Val Loss: 0.047134[0m
2026-01-04 23:54:16,770 | INFO     | Epoch 122/250 - Train Loss: 0.037167, Val Loss: 0.049871[0m
2026-01-04 23:57:56,254 | INFO     | Epoch 123/250 - Train Loss: 0.036345, Val Loss: 0.048867[0m
2026-01-05 00:01:35,753 | INFO     | Epoch 124/250 - Train Loss: 0.034890, Val Loss: 0.047387[0m
2026-01-05 00:05:15,241 | INFO     | Epoch 125/250 - Train Loss: 0.035842, Val Loss: 0.047172[0m
2026-01-05 00:08:54,738 | INFO     | Epoch 126/250 - Train Loss: 0.036299, Val Loss: 0.054438[0m
2026-01-05 00:12:34,256 | INFO     | Epoch 127/250 - Train Loss: 0.037098, Val Loss: 0.048222[0m
2026-01-05 00:16:13,729 | INFO     | Epoch 128/250 - Train Loss: 0.035254, Val Loss: 0.046922[0m
2026-01-05 00:19:53,195 | INFO     | Epoch 129/250 - Train Loss: 0.034282, Val Loss: 0.047525[0m
2026-01-05 00:23:32,664 | INFO     | Epoch 130/250 - Train Loss: 0.033805, Val Loss: 0.047264[0m
2026-01-05 00:27:12,284 | INFO     | Epoch 131/250 - Train Loss: 0.035871, Val Loss: 0.050917[0m
2026-01-05 00:30:51,787 | INFO     | Epoch 132/250 - Train Loss: 0.034408, Val Loss: 0.049280[0m
2026-01-05 00:34:31,310 | INFO     | Epoch 133/250 - Train Loss: 0.035888, Val Loss: 0.050031[0m
2026-01-05 00:38:10,815 | INFO     | Epoch 134/250 - Train Loss: 0.034234, Val Loss: 0.046894[0m
2026-01-05 00:41:50,317 | INFO     | Epoch 135/250 - Train Loss: 0.033145, Val Loss: 0.047582[0m
2026-01-05 00:45:29,827 | INFO     | Epoch 136/250 - Train Loss: 0.032224, Val Loss: 0.046678[0m
2026-01-05 00:49:09,347 | INFO     | Epoch 137/250 - Train Loss: 0.032360, Val Loss: 0.047465[0m
2026-01-05 00:52:48,841 | INFO     | Epoch 138/250 - Train Loss: 0.035075, Val Loss: 0.047193[0m
2026-01-05 00:56:28,312 | INFO     | Epoch 139/250 - Train Loss: 0.033146, Val Loss: 0.048612[0m
2026-01-05 01:00:07,803 | INFO     | Epoch 140/250 - Train Loss: 0.034012, Val Loss: 0.050255[0m
2026-01-05 01:03:47,433 | INFO     | Epoch 141/250 - Train Loss: 0.034033, Val Loss: 0.048594[0m
2026-01-05 01:07:26,918 | INFO     | Epoch 142/250 - Train Loss: 0.033401, Val Loss: 0.047833[0m
2026-01-05 01:11:06,449 | INFO     | Epoch 143/250 - Train Loss: 0.032057, Val Loss: 0.047568[0m
2026-01-05 01:14:45,976 | INFO     | Epoch 144/250 - Train Loss: 0.032414, Val Loss: 0.047368[0m
2026-01-05 01:18:25,456 | INFO     | Epoch 145/250 - Train Loss: 0.033035, Val Loss: 0.048267[0m
2026-01-05 01:22:04,970 | INFO     | Epoch 146/250 - Train Loss: 0.030471, Val Loss: 0.048273[0m
2026-01-05 01:25:44,458 | INFO     | Epoch 147/250 - Train Loss: 0.030704, Val Loss: 0.046628[0m
2026-01-05 01:29:23,983 | INFO     | Epoch 148/250 - Train Loss: 0.032756, Val Loss: 0.048801[0m
2026-01-05 01:33:03,441 | INFO     | Epoch 149/250 - Train Loss: 0.037110, Val Loss: 0.047910[0m
2026-01-05 01:36:42,925 | INFO     | Epoch 150/250 - Train Loss: 0.033663, Val Loss: 0.051543[0m
2026-01-05 01:40:22,540 | INFO     | Epoch 151/250 - Train Loss: 0.029583, Val Loss: 0.047000[0m
2026-01-05 01:44:02,006 | INFO     | Epoch 152/250 - Train Loss: 0.028555, Val Loss: 0.046460[0m
2026-01-05 01:44:02,087 | INFO     | New best model saved with Val Loss: 0.046460
2026-01-05 01:47:41,548 | INFO     | Epoch 153/250 - Train Loss: 0.028448, Val Loss: 0.046625[0m
2026-01-05 01:51:20,865 | INFO     | Epoch 154/250 - Train Loss: 0.027740, Val Loss: 0.046447[0m
2026-01-05 01:51:20,945 | INFO     | New best model saved with Val Loss: 0.046447
2026-01-05 01:55:00,282 | INFO     | Epoch 155/250 - Train Loss: 0.027427, Val Loss: 0.046342[0m
2026-01-05 01:55:00,365 | INFO     | New best model saved with Val Loss: 0.046342
2026-01-05 01:58:39,822 | INFO     | Epoch 156/250 - Train Loss: 0.027081, Val Loss: 0.047556[0m
2026-01-05 02:02:19,287 | INFO     | Epoch 157/250 - Train Loss: 0.027217, Val Loss: 0.046303[0m
2026-01-05 02:02:19,365 | INFO     | New best model saved with Val Loss: 0.046303
2026-01-05 02:05:58,837 | INFO     | Epoch 158/250 - Train Loss: 0.026923, Val Loss: 0.046156[0m
2026-01-05 02:05:58,922 | INFO     | New best model saved with Val Loss: 0.046156
2026-01-05 02:09:38,388 | INFO     | Epoch 159/250 - Train Loss: 0.026816, Val Loss: 0.046052[0m
2026-01-05 02:09:38,472 | INFO     | New best model saved with Val Loss: 0.046052
2026-01-05 02:13:17,946 | INFO     | Epoch 160/250 - Train Loss: 0.026779, Val Loss: 0.047662[0m
2026-01-05 02:16:57,527 | INFO     | Epoch 161/250 - Train Loss: 0.026806, Val Loss: 0.046111[0m
2026-01-05 02:20:36,986 | INFO     | Epoch 162/250 - Train Loss: 0.026311, Val Loss: 0.047359[0m
2026-01-05 02:24:16,456 | INFO     | Epoch 163/250 - Train Loss: 0.026159, Val Loss: 0.047997[0m
2026-01-05 02:27:55,903 | INFO     | Epoch 164/250 - Train Loss: 0.026110, Val Loss: 0.046275[0m
2026-01-05 02:31:35,379 | INFO     | Epoch 165/250 - Train Loss: 0.025991, Val Loss: 0.047156[0m
2026-01-05 02:35:14,822 | INFO     | Epoch 166/250 - Train Loss: 0.026157, Val Loss: 0.046560[0m
2026-01-05 02:38:54,284 | INFO     | Epoch 167/250 - Train Loss: 0.027270, Val Loss: 0.047431[0m
2026-01-05 02:42:33,734 | INFO     | Epoch 168/250 - Train Loss: 0.027351, Val Loss: 0.047613[0m
2026-01-05 02:46:13,233 | INFO     | Epoch 169/250 - Train Loss: 0.025290, Val Loss: 0.046713[0m
2026-01-05 02:49:52,698 | INFO     | Epoch 170/250 - Train Loss: 0.025077, Val Loss: 0.046431[0m
2026-01-05 02:53:32,254 | INFO     | Epoch 171/250 - Train Loss: 0.024984, Val Loss: 0.046805[0m
2026-01-05 02:57:11,696 | INFO     | Epoch 172/250 - Train Loss: 0.024960, Val Loss: 0.046786[0m
2026-01-05 03:00:51,134 | INFO     | Epoch 173/250 - Train Loss: 0.024853, Val Loss: 0.046852[0m
2026-01-05 03:04:30,560 | INFO     | Epoch 174/250 - Train Loss: 0.024793, Val Loss: 0.047085[0m
2026-01-05 03:08:10,007 | INFO     | Epoch 175/250 - Train Loss: 0.024737, Val Loss: 0.046615[0m
2026-01-05 03:11:49,435 | INFO     | Epoch 176/250 - Train Loss: 0.024846, Val Loss: 0.047053[0m
2026-01-05 03:15:28,880 | INFO     | Epoch 177/250 - Train Loss: 0.024571, Val Loss: 0.047033[0m
2026-01-05 03:19:08,339 | INFO     | Epoch 178/250 - Train Loss: 0.024569, Val Loss: 0.047320[0m
2026-01-05 03:22:47,796 | INFO     | Epoch 179/250 - Train Loss: 0.024437, Val Loss: 0.047001[0m
2026-01-05 03:26:27,279 | INFO     | Epoch 180/250 - Train Loss: 0.024212, Val Loss: 0.046837[0m
2026-01-05 03:30:06,829 | INFO     | Epoch 181/250 - Train Loss: 0.024133, Val Loss: 0.048003[0m
2026-01-05 03:33:46,321 | INFO     | Epoch 182/250 - Train Loss: 0.024101, Val Loss: 0.047379[0m
2026-01-05 03:37:25,783 | INFO     | Epoch 183/250 - Train Loss: 0.024026, Val Loss: 0.046720[0m
2026-01-05 03:41:05,225 | INFO     | Epoch 184/250 - Train Loss: 0.023874, Val Loss: 0.047513[0m
2026-01-05 03:44:44,699 | INFO     | Epoch 185/250 - Train Loss: 0.023818, Val Loss: 0.046875[0m
2026-01-05 03:48:24,180 | INFO     | Epoch 186/250 - Train Loss: 0.023697, Val Loss: 0.047164[0m
2026-01-05 03:52:03,617 | INFO     | Epoch 187/250 - Train Loss: 0.024245, Val Loss: 0.049922[0m
2026-01-05 03:55:43,060 | INFO     | Epoch 188/250 - Train Loss: 0.024592, Val Loss: 0.047583[0m
2026-01-05 03:59:22,566 | INFO     | Epoch 189/250 - Train Loss: 0.032846, Val Loss: 0.048118[0m
2026-01-05 04:03:02,020 | INFO     | Epoch 190/250 - Train Loss: 0.028476, Val Loss: 0.053116[0m
2026-01-05 04:06:41,571 | INFO     | Epoch 191/250 - Train Loss: 0.027802, Val Loss: 0.048300[0m
2026-01-05 04:10:21,026 | INFO     | Epoch 192/250 - Train Loss: 0.025115, Val Loss: 0.046983[0m
2026-01-05 04:14:00,480 | INFO     | Epoch 193/250 - Train Loss: 0.023381, Val Loss: 0.047261[0m
2026-01-05 04:17:39,950 | INFO     | Epoch 194/250 - Train Loss: 0.022907, Val Loss: 0.046951[0m
2026-01-05 04:21:19,381 | INFO     | Epoch 195/250 - Train Loss: 0.022787, Val Loss: 0.046756[0m
2026-01-05 04:24:58,822 | INFO     | Epoch 196/250 - Train Loss: 0.022619, Val Loss: 0.046782[0m
2026-01-05 04:28:38,265 | INFO     | Epoch 197/250 - Train Loss: 0.022526, Val Loss: 0.046836[0m
2026-01-05 04:32:17,707 | INFO     | Epoch 198/250 - Train Loss: 0.023041, Val Loss: 0.047664[0m
2026-01-05 04:35:57,187 | INFO     | Epoch 199/250 - Train Loss: 0.028699, Val Loss: 0.047018[0m
2026-01-05 04:39:36,640 | INFO     | Epoch 200/250 - Train Loss: 0.023553, Val Loss: 0.046394[0m
2026-01-05 04:43:16,169 | INFO     | Epoch 201/250 - Train Loss: 0.022246, Val Loss: 0.046364[0m
2026-01-05 04:46:55,617 | INFO     | Epoch 202/250 - Train Loss: 0.022556, Val Loss: 0.046541[0m
2026-01-05 04:50:35,071 | INFO     | Epoch 203/250 - Train Loss: 0.022420, Val Loss: 0.046469[0m
2026-01-05 04:54:14,520 | INFO     | Epoch 204/250 - Train Loss: 0.022386, Val Loss: 0.046805[0m
2026-01-05 04:57:53,975 | INFO     | Epoch 205/250 - Train Loss: 0.021409, Val Loss: 0.046517[0m
2026-01-05 05:01:33,425 | INFO     | Epoch 206/250 - Train Loss: 0.021311, Val Loss: 0.046535[0m
2026-01-05 05:05:12,879 | INFO     | Epoch 207/250 - Train Loss: 0.021320, Val Loss: 0.046880[0m
2026-01-05 05:08:52,337 | INFO     | Epoch 208/250 - Train Loss: 0.021198, Val Loss: 0.046933[0m
2026-01-05 05:12:31,796 | INFO     | Epoch 209/250 - Train Loss: 0.021208, Val Loss: 0.046984[0m
2026-01-05 05:16:11,256 | INFO     | Epoch 210/250 - Train Loss: 0.021203, Val Loss: 0.046861[0m
2026-01-05 05:19:50,814 | INFO     | Epoch 211/250 - Train Loss: 0.021092, Val Loss: 0.046725[0m
2026-01-05 05:23:30,263 | INFO     | Epoch 212/250 - Train Loss: 0.021068, Val Loss: 0.046716[0m
2026-01-05 05:27:09,715 | INFO     | Epoch 213/250 - Train Loss: 0.020995, Val Loss: 0.047163[0m
2026-01-05 05:30:49,163 | INFO     | Epoch 214/250 - Train Loss: 0.021063, Val Loss: 0.047170[0m
2026-01-05 05:34:28,616 | INFO     | Epoch 215/250 - Train Loss: 0.020899, Val Loss: 0.046651[0m
2026-01-05 05:38:08,087 | INFO     | Epoch 216/250 - Train Loss: 0.020829, Val Loss: 0.046875[0m
2026-01-05 05:41:47,530 | INFO     | Epoch 217/250 - Train Loss: 0.020829, Val Loss: 0.046988[0m
2026-01-05 05:45:26,996 | INFO     | Epoch 218/250 - Train Loss: 0.020807, Val Loss: 0.046716[0m
2026-01-05 05:49:06,469 | INFO     | Epoch 219/250 - Train Loss: 0.020676, Val Loss: 0.047089[0m
2026-01-05 05:52:45,951 | INFO     | Epoch 220/250 - Train Loss: 0.020577, Val Loss: 0.046954[0m
2026-01-05 05:56:25,685 | INFO     | Epoch 221/250 - Train Loss: 0.020550, Val Loss: 0.047452[0m
2026-01-05 06:00:05,147 | INFO     | Epoch 222/250 - Train Loss: 0.020571, Val Loss: 0.046374[0m
2026-01-05 06:03:44,609 | INFO     | Epoch 223/250 - Train Loss: 0.020414, Val Loss: 0.047020[0m
2026-01-05 06:07:24,091 | INFO     | Epoch 224/250 - Train Loss: 0.020443, Val Loss: 0.046454[0m
2026-01-05 06:11:03,568 | INFO     | Epoch 225/250 - Train Loss: 0.020469, Val Loss: 0.047059[0m
2026-01-05 06:14:43,024 | INFO     | Epoch 226/250 - Train Loss: 0.020370, Val Loss: 0.046842[0m
2026-01-05 06:18:22,461 | INFO     | Epoch 227/250 - Train Loss: 0.020379, Val Loss: 0.046904[0m
2026-01-05 06:22:01,918 | INFO     | Epoch 228/250 - Train Loss: 0.020194, Val Loss: 0.047069[0m
2026-01-05 06:25:41,358 | INFO     | Epoch 229/250 - Train Loss: 0.020225, Val Loss: 0.046922[0m
2026-01-05 06:29:20,802 | INFO     | Epoch 230/250 - Train Loss: 0.020117, Val Loss: 0.046690[0m
2026-01-05 06:33:00,344 | INFO     | Epoch 231/250 - Train Loss: 0.020148, Val Loss: 0.046708[0m
2026-01-05 06:36:39,800 | INFO     | Epoch 232/250 - Train Loss: 0.020047, Val Loss: 0.046827[0m
2026-01-05 06:40:19,258 | INFO     | Epoch 233/250 - Train Loss: 0.019997, Val Loss: 0.047099[0m
2026-01-05 06:43:58,729 | INFO     | Epoch 234/250 - Train Loss: 0.019995, Val Loss: 0.046474[0m
2026-01-05 06:47:38,193 | INFO     | Epoch 235/250 - Train Loss: 0.019982, Val Loss: 0.046454[0m
2026-01-05 06:51:17,668 | INFO     | Epoch 236/250 - Train Loss: 0.019909, Val Loss: 0.046982[0m
2026-01-05 06:54:57,143 | INFO     | Epoch 237/250 - Train Loss: 0.019839, Val Loss: 0.046804[0m
2026-01-05 06:58:36,615 | INFO     | Epoch 238/250 - Train Loss: 0.019736, Val Loss: 0.046973[0m
2026-01-05 07:02:16,101 | INFO     | Epoch 239/250 - Train Loss: 0.019733, Val Loss: 0.046709[0m
2026-01-05 07:05:55,547 | INFO     | Epoch 240/250 - Train Loss: 0.019724, Val Loss: 0.046895[0m
2026-01-05 07:09:35,105 | INFO     | Epoch 241/250 - Train Loss: 0.019647, Val Loss: 0.047008[0m
2026-01-05 07:13:14,563 | INFO     | Epoch 242/250 - Train Loss: 0.019581, Val Loss: 0.046723[0m
2026-01-05 07:16:54,015 | INFO     | Epoch 243/250 - Train Loss: 0.019629, Val Loss: 0.046505[0m
2026-01-05 07:20:33,493 | INFO     | Epoch 244/250 - Train Loss: 0.019578, Val Loss: 0.047006[0m
2026-01-05 07:24:12,964 | INFO     | Epoch 245/250 - Train Loss: 0.019433, Val Loss: 0.047058[0m
2026-01-05 07:27:52,416 | INFO     | Epoch 246/250 - Train Loss: 0.019421, Val Loss: 0.047240[0m
2026-01-05 07:31:31,899 | INFO     | Epoch 247/250 - Train Loss: 0.019387, Val Loss: 0.046631[0m
2026-01-05 07:35:11,402 | INFO     | Epoch 248/250 - Train Loss: 0.019389, Val Loss: 0.047090[0m
2026-01-05 07:38:50,867 | INFO     | Epoch 249/250 - Train Loss: 0.019323, Val Loss: 0.047214[0m
2026-01-05 07:42:30,329 | INFO     | Epoch 250/250 - Train Loss: 0.019254, Val Loss: 0.046494[0m
2026-01-05 07:42:30,463 | INFO     | Final model saved to experiments_DrivAerNet++/WW_spressure_N10k_lr1e-3_e250_run4/final_model.pth
2026-01-05 07:42:30,463 | INFO     | Testing the final model
2026-01-05 07:42:42,540 | INFO     | *******************[35mL2_erro:[0m
2026-01-05 07:42:42,540 | INFO     |  0.167959
2026-01-05 07:42:42,540 | INFO     | *******************[35mmse_loss:[0m
2026-01-05 07:42:42,541 | INFO     |  0.046706
2026-01-05 07:42:42,541 | INFO     | *******************[35minference_time:[0m
2026-01-05 07:42:42,541 | INFO     |  0.000000
2026-01-05 07:42:42,541 | INFO     | Testing the best model
2026-01-05 07:42:54,652 | INFO     | *******************[35mL2_erro:[0m
2026-01-05 07:42:54,653 | INFO     |  0.166151
2026-01-05 07:42:54,653 | INFO     | *******************[35mmse_loss:[0m
2026-01-05 07:42:54,653 | INFO     |  0.045647
2026-01-05 07:42:54,653 | INFO     | *******************[35minference_time:[0m
2026-01-05 07:42:54,653 | INFO     |  0.000000
2026-01-05 09:49:55,020 | INFO     | Config:
exp_name: WW_spressure_N10k_lr1e-3_e250_run4
model:
  input_dim: 3
  output_dim: 1
  head_num: 8
  hidden_dim: 256
  res: true
  slice_num: 32
  layer_num: 8
  mlp_ratio: 1.5
  dropout: 0.1
training:
  input: x_pres
  target: y_pres
  x_mean:
  - 1.5160021
  - -5.4310558e-06
  - 0.58746094
  x_std:
  - 1.415669
  - 0.65769494
  - 0.38634354
  y_mean: -95.576584
  y_std: 123.44368
  batch_size: 1
  epochs: 250
  lr: 0.001
  scheduler_step: 50
  scheduler_gamma: 0.5
  max_grad_norm: 0.1
  num_workers: 1
  weight_decay: 0.0
  test_only: 0
  gpus: '0'
  seed: 42
dataload:
  directory: /mnt/wjc_group/mae-zhangbj/DrivAerNet++_dataset/E_S_WW_WM

2026-01-05 09:49:55,020 | INFO     | args.exp_name : WW_spressure_N10k_lr1e-3_e250_run4
2026-01-05 09:49:55,020 | INFO     | Starting training with 1 GPUs
2026-01-05 09:49:55,848 | INFO     | Total trainable parameters: 5172801
2026-01-05 09:49:55,849 | INFO     | Data loaded: 330 training batches, 85 validation batches, 82 test batches
2026-01-05 09:49:55,849 | INFO     | Staring training for 250 epochs
2026-01-05 09:50:08,317 | INFO     | Config:
exp_name: WW_spressure_N10k_lr1e-3_e250_run4
model:
  input_dim: 3
  output_dim: 1
  head_num: 8
  hidden_dim: 256
  res: true
  slice_num: 32
  layer_num: 8
  mlp_ratio: 1.5
  dropout: 0.1
training:
  input: x_pres
  target: y_pres
  x_mean:
  - 1.5160021
  - -5.4310558e-06
  - 0.58746094
  x_std:
  - 1.415669
  - 0.65769494
  - 0.38634354
  y_mean: -95.576584
  y_std: 123.44368
  batch_size: 1
  epochs: 250
  lr: 0.001
  scheduler_step: 50
  scheduler_gamma: 0.5
  max_grad_norm: 0.1
  num_workers: 1
  weight_decay: 0.0
  test_only: 0
  gpus: '0'
  seed: 42
dataload:
  directory: /mnt/wjc_group/mae-zhangbj/DrivAerNet++_dataset/E_S_WW_WM

2026-01-05 09:50:08,317 | INFO     | args.exp_name : WW_spressure_N10k_lr1e-3_e250_run4
2026-01-05 09:50:08,317 | INFO     | Starting training with 1 GPUs
2026-01-05 09:50:09,135 | INFO     | Total trainable parameters: 5172801
2026-01-05 09:50:09,135 | INFO     | Data loaded: 330 training batches, 85 validation batches, 82 test batches
2026-01-05 09:50:09,136 | INFO     | Staring training for 250 epochs
2026-01-05 09:50:49,989 | INFO     | Config:
exp_name: WW_spressure_N10k_lr1e-3_e250_run4
model:
  input_dim: 3
  output_dim: 1
  head_num: 8
  hidden_dim: 256
  res: true
  slice_num: 32
  layer_num: 8
  mlp_ratio: 1.5
  dropout: 0.1
training:
  input: x_pres
  target: y_pres
  x_mean:
  - 1.5160021
  - -5.4310558e-06
  - 0.58746094
  x_std:
  - 1.415669
  - 0.65769494
  - 0.38634354
  y_mean: -95.576584
  y_std: 123.44368
  batch_size: 1
  epochs: 250
  lr: 0.001
  scheduler_step: 50
  scheduler_gamma: 0.5
  max_grad_norm: 0.1
  num_workers: 1
  weight_decay: 0.0
  test_only: 0
  gpus: '0'
  seed: 42
dataload:
  directory: /mnt/wjc_group/mae-zhangbj/DrivAerNet++_dataset/E_S_WW_WM

2026-01-05 09:50:49,989 | INFO     | args.exp_name : WW_spressure_N10k_lr1e-3_e250_run4
2026-01-05 09:50:49,989 | INFO     | Starting training with 1 GPUs
2026-01-05 09:50:50,910 | INFO     | Total trainable parameters: 5172801
2026-01-05 09:50:50,910 | INFO     | Data loaded: 330 training batches, 85 validation batches, 82 test batches
2026-01-05 09:50:50,910 | INFO     | Staring training for 250 epochs
