2025-12-05 12:50:37,214 - INFO - args.exp_name : RTformer_s_wss
2025-12-05 12:50:37,217 - INFO - Starting training with 1 GPUs
2025-12-05 12:50:38,322 - INFO - Total trainable parameters: 4524867
2025-12-05 12:50:38,327 - INFO - Data loaded: 384 training batches, 33 validation batches, 48 test batches
2025-12-05 12:50:38,328 - INFO - Staring training for 150 epochs
2025-12-05 12:52:53,614 - INFO - Epoch 1/150 - Train Loss: 0.919740, Val Loss: 0.818135[0m
2025-12-05 12:52:53,868 - INFO - New best model saved with Val Loss: 0.818135
2025-12-05 12:54:44,176 - INFO - Epoch 2/150 - Train Loss: 0.770625, Val Loss: 0.747871[0m
2025-12-05 12:54:44,315 - INFO - New best model saved with Val Loss: 0.747871
2025-12-05 12:56:34,726 - INFO - Epoch 3/150 - Train Loss: 0.790198, Val Loss: 0.789874[0m
2025-12-05 12:58:17,717 - INFO - Epoch 4/150 - Train Loss: 0.849324, Val Loss: 0.850210[0m
2025-12-05 13:00:00,703 - INFO - Epoch 5/150 - Train Loss: 0.826309, Val Loss: 0.798918[0m
2025-12-05 13:01:49,493 - INFO - Epoch 6/150 - Train Loss: 0.786494, Val Loss: 0.787240[0m
2025-12-05 13:03:33,136 - INFO - Epoch 7/150 - Train Loss: 0.845332, Val Loss: 0.860373[0m
2025-12-05 13:05:42,584 - INFO - Epoch 8/150 - Train Loss: 0.840438, Val Loss: 0.818575[0m
2025-12-05 13:07:28,019 - INFO - Epoch 9/150 - Train Loss: 0.823441, Val Loss: 0.780120[0m
2025-12-05 13:09:12,451 - INFO - Epoch 10/150 - Train Loss: 0.780272, Val Loss: 0.777811[0m
2025-12-05 13:10:53,911 - INFO - Epoch 11/150 - Train Loss: 0.763090, Val Loss: 0.776601[0m
2025-12-05 13:12:24,017 - INFO - Epoch 12/150 - Train Loss: 0.765050, Val Loss: 0.770034[0m
2025-12-05 13:14:22,660 - INFO - Epoch 13/150 - Train Loss: 0.792104, Val Loss: 0.773027[0m
2025-12-05 13:16:14,167 - INFO - Epoch 14/150 - Train Loss: 0.763380, Val Loss: 0.753363[0m
2025-12-05 13:18:24,827 - INFO - Epoch 15/150 - Train Loss: 0.741185, Val Loss: 0.741972[0m
2025-12-05 13:18:25,179 - INFO - New best model saved with Val Loss: 0.741972
2025-12-05 13:20:48,594 - INFO - Epoch 16/150 - Train Loss: 0.757048, Val Loss: 0.735338[0m
2025-12-05 13:20:48,818 - INFO - New best model saved with Val Loss: 0.735338
2025-12-05 13:23:04,405 - INFO - Epoch 17/150 - Train Loss: 0.770129, Val Loss: 0.928661[0m
2025-12-05 13:25:49,599 - INFO - Epoch 18/150 - Train Loss: 0.772694, Val Loss: 0.744397[0m
2025-12-05 13:28:07,642 - INFO - Epoch 19/150 - Train Loss: 0.731259, Val Loss: 0.750948[0m
2025-12-05 13:30:49,349 - INFO - Epoch 20/150 - Train Loss: 0.723358, Val Loss: 0.715499[0m
2025-12-05 13:30:49,584 - INFO - New best model saved with Val Loss: 0.715499
2025-12-05 13:33:42,638 - INFO - Epoch 21/150 - Train Loss: 0.730681, Val Loss: 0.743381[0m
2025-12-05 13:36:39,607 - INFO - Epoch 22/150 - Train Loss: 0.830949, Val Loss: 0.897562[0m
2025-12-05 13:39:37,847 - INFO - Epoch 23/150 - Train Loss: 0.845078, Val Loss: 0.801476[0m
2025-12-05 13:42:26,909 - INFO - Epoch 24/150 - Train Loss: 0.795900, Val Loss: 0.796033[0m
2025-12-05 13:45:01,755 - INFO - Epoch 25/150 - Train Loss: 0.799992, Val Loss: 0.769647[0m
2025-12-05 13:47:41,097 - INFO - Epoch 26/150 - Train Loss: 0.761622, Val Loss: 0.750993[0m
2025-12-05 13:50:16,435 - INFO - Epoch 27/150 - Train Loss: 0.776197, Val Loss: 0.765754[0m
2025-12-05 13:52:52,708 - INFO - Epoch 28/150 - Train Loss: 0.738889, Val Loss: 0.750904[0m
2025-12-05 13:55:34,326 - INFO - Epoch 29/150 - Train Loss: 0.744279, Val Loss: 0.728987[0m
2025-12-05 13:57:54,147 - INFO - Epoch 30/150 - Train Loss: 0.743225, Val Loss: 0.732486[0m
2025-12-05 14:00:02,045 - INFO - Epoch 31/150 - Train Loss: 0.721731, Val Loss: 0.718663[0m
2025-12-05 14:02:09,327 - INFO - Epoch 32/150 - Train Loss: 0.711811, Val Loss: 0.716293[0m
2025-12-05 14:04:23,394 - INFO - Epoch 33/150 - Train Loss: 0.702031, Val Loss: 0.713758[0m
2025-12-05 14:04:23,579 - INFO - New best model saved with Val Loss: 0.713758
2025-12-05 14:06:46,150 - INFO - Epoch 34/150 - Train Loss: 0.705457, Val Loss: 0.705407[0m
2025-12-05 14:06:46,410 - INFO - New best model saved with Val Loss: 0.705407
2025-12-05 14:08:37,487 - INFO - Epoch 35/150 - Train Loss: 0.803374, Val Loss: 0.764977[0m
2025-12-05 14:10:24,839 - INFO - Epoch 36/150 - Train Loss: 0.762445, Val Loss: 0.732994[0m
2025-12-05 14:12:12,924 - INFO - Epoch 37/150 - Train Loss: 0.745604, Val Loss: 0.723748[0m
2025-12-05 14:14:00,958 - INFO - Epoch 38/150 - Train Loss: 0.710831, Val Loss: 0.709298[0m
2025-12-05 14:15:52,412 - INFO - Epoch 39/150 - Train Loss: 0.747756, Val Loss: 0.765859[0m
2025-12-05 14:17:37,526 - INFO - Epoch 40/150 - Train Loss: 0.724499, Val Loss: 0.712539[0m
2025-12-05 14:19:19,039 - INFO - Epoch 41/150 - Train Loss: 0.727544, Val Loss: 0.821264[0m
2025-12-05 14:21:11,598 - INFO - Epoch 42/150 - Train Loss: 0.734317, Val Loss: 0.715466[0m
2025-12-05 14:23:05,651 - INFO - Epoch 43/150 - Train Loss: 0.739324, Val Loss: 0.717753[0m
2025-12-05 14:25:02,617 - INFO - Epoch 44/150 - Train Loss: 0.731517, Val Loss: 0.710141[0m
2025-12-05 14:27:20,421 - INFO - Epoch 45/150 - Train Loss: 0.704625, Val Loss: 0.715624[0m
2025-12-05 14:30:12,635 - INFO - Epoch 46/150 - Train Loss: 0.721791, Val Loss: 0.718942[0m
2025-12-05 14:33:26,562 - INFO - Epoch 47/150 - Train Loss: 0.783038, Val Loss: 0.844782[0m
2025-12-05 14:36:56,221 - INFO - Epoch 48/150 - Train Loss: 0.828632, Val Loss: 0.803350[0m
2025-12-05 14:40:26,824 - INFO - Epoch 49/150 - Train Loss: 0.798669, Val Loss: 0.791323[0m
2025-12-05 14:44:07,691 - INFO - Epoch 50/150 - Train Loss: 0.754990, Val Loss: 0.737515[0m
2025-12-05 14:47:37,963 - INFO - Epoch 51/150 - Train Loss: 0.721882, Val Loss: 0.718308[0m
2025-12-05 14:50:56,922 - INFO - Epoch 52/150 - Train Loss: 0.707656, Val Loss: 0.712233[0m
2025-12-05 14:54:23,474 - INFO - Epoch 53/150 - Train Loss: 0.704705, Val Loss: 0.698280[0m
2025-12-05 14:54:23,891 - INFO - New best model saved with Val Loss: 0.698280
2025-12-05 14:57:49,341 - INFO - Epoch 54/150 - Train Loss: 0.730438, Val Loss: 0.800685[0m
2025-12-05 15:01:10,898 - INFO - Epoch 55/150 - Train Loss: 0.742603, Val Loss: 0.716267[0m
2025-12-05 15:04:48,329 - INFO - Epoch 56/150 - Train Loss: 0.724143, Val Loss: 0.801071[0m
2025-12-05 15:08:22,000 - INFO - Epoch 57/150 - Train Loss: 0.736593, Val Loss: 0.715189[0m
2025-12-05 15:11:51,954 - INFO - Epoch 58/150 - Train Loss: 0.700661, Val Loss: 0.699274[0m
2025-12-05 15:15:24,794 - INFO - Epoch 59/150 - Train Loss: 0.688885, Val Loss: 0.703727[0m
2025-12-05 15:18:25,947 - INFO - Epoch 60/150 - Train Loss: 0.682376, Val Loss: 0.685123[0m
2025-12-05 15:18:26,115 - INFO - New best model saved with Val Loss: 0.685123
2025-12-05 15:21:49,812 - INFO - Epoch 61/150 - Train Loss: 0.676668, Val Loss: 0.685289[0m
2025-12-05 15:25:00,156 - INFO - Epoch 62/150 - Train Loss: 0.668427, Val Loss: 0.668693[0m
2025-12-05 15:25:00,292 - INFO - New best model saved with Val Loss: 0.668693
2025-12-05 15:28:36,639 - INFO - Epoch 63/150 - Train Loss: 0.658958, Val Loss: 0.674797[0m
2025-12-05 15:32:15,436 - INFO - Epoch 64/150 - Train Loss: 0.651840, Val Loss: 0.662361[0m
2025-12-05 15:32:15,707 - INFO - New best model saved with Val Loss: 0.662361
2025-12-05 15:35:51,174 - INFO - Epoch 65/150 - Train Loss: 0.760469, Val Loss: 0.772404[0m
2025-12-05 15:39:22,525 - INFO - Epoch 66/150 - Train Loss: 0.750302, Val Loss: 0.733211[0m
2025-12-05 15:43:33,135 - INFO - Epoch 67/150 - Train Loss: 0.691911, Val Loss: 0.669672[0m
2025-12-05 15:47:00,146 - INFO - Epoch 68/150 - Train Loss: 0.673538, Val Loss: 0.675799[0m
2025-12-05 15:50:49,005 - INFO - Epoch 69/150 - Train Loss: 0.658566, Val Loss: 0.738013[0m
2025-12-05 15:54:30,597 - INFO - Epoch 70/150 - Train Loss: 0.735746, Val Loss: 0.670025[0m
2025-12-05 15:57:18,386 - INFO - Epoch 71/150 - Train Loss: 0.680982, Val Loss: 0.671585[0m
2025-12-05 16:00:41,806 - INFO - Epoch 72/150 - Train Loss: 0.686087, Val Loss: 0.665316[0m
2025-12-05 16:04:32,099 - INFO - Epoch 73/150 - Train Loss: 0.647138, Val Loss: 0.639119[0m
2025-12-05 16:04:32,322 - INFO - New best model saved with Val Loss: 0.639119
2025-12-05 16:07:57,276 - INFO - Epoch 74/150 - Train Loss: 0.617843, Val Loss: 0.703512[0m
2025-12-05 16:11:00,756 - INFO - Epoch 75/150 - Train Loss: 0.631692, Val Loss: 0.623888[0m
2025-12-05 16:11:00,853 - INFO - New best model saved with Val Loss: 0.623888
2025-12-05 16:14:04,334 - INFO - Epoch 76/150 - Train Loss: 0.686798, Val Loss: 0.751181[0m
2025-12-05 16:16:48,108 - INFO - Epoch 77/150 - Train Loss: 0.724630, Val Loss: 0.748433[0m
2025-12-05 16:19:33,124 - INFO - Epoch 78/150 - Train Loss: 0.714835, Val Loss: 0.724643[0m
2025-12-05 16:22:02,205 - INFO - Epoch 79/150 - Train Loss: 0.695071, Val Loss: 0.695395[0m
2025-12-05 16:25:10,971 - INFO - Epoch 80/150 - Train Loss: 0.730718, Val Loss: 0.764922[0m
2025-12-05 16:28:16,567 - INFO - Epoch 81/150 - Train Loss: 0.718097, Val Loss: 0.705730[0m
2025-12-05 16:31:14,214 - INFO - Epoch 82/150 - Train Loss: 0.687311, Val Loss: 0.713427[0m
2025-12-05 16:34:21,531 - INFO - Epoch 83/150 - Train Loss: 0.690312, Val Loss: 0.678585[0m
2025-12-05 16:37:15,098 - INFO - Epoch 84/150 - Train Loss: 0.698629, Val Loss: 0.760156[0m
2025-12-05 16:40:28,491 - INFO - Epoch 85/150 - Train Loss: 0.677237, Val Loss: 0.822153[0m
2025-12-05 16:43:44,595 - INFO - Epoch 86/150 - Train Loss: 0.780628, Val Loss: 0.796320[0m
2025-12-05 16:46:46,310 - INFO - Epoch 87/150 - Train Loss: 0.755168, Val Loss: 0.730457[0m
2025-12-05 16:49:58,088 - INFO - Epoch 88/150 - Train Loss: 0.713008, Val Loss: 0.709564[0m
2025-12-05 16:53:22,307 - INFO - Epoch 89/150 - Train Loss: 0.701673, Val Loss: 0.696656[0m
2025-12-05 16:56:36,409 - INFO - Epoch 90/150 - Train Loss: 0.688235, Val Loss: 0.694886[0m
2025-12-05 16:59:28,778 - INFO - Epoch 91/150 - Train Loss: 0.681857, Val Loss: 0.809776[0m
2025-12-05 17:02:35,681 - INFO - Epoch 92/150 - Train Loss: 0.680484, Val Loss: 0.684288[0m
2025-12-05 17:05:37,509 - INFO - Epoch 93/150 - Train Loss: 0.674001, Val Loss: 0.666128[0m
2025-12-05 17:08:35,096 - INFO - Epoch 94/150 - Train Loss: 0.664072, Val Loss: 0.646582[0m
2025-12-05 17:11:36,113 - INFO - Epoch 95/150 - Train Loss: 0.642207, Val Loss: 0.619062[0m
2025-12-05 17:11:36,441 - INFO - New best model saved with Val Loss: 0.619062
2025-12-05 17:14:08,330 - INFO - Epoch 96/150 - Train Loss: 0.624376, Val Loss: 0.621073[0m
2025-12-05 17:16:53,699 - INFO - Epoch 97/150 - Train Loss: 0.611748, Val Loss: 0.609465[0m
2025-12-05 17:16:53,937 - INFO - New best model saved with Val Loss: 0.609465
2025-12-05 17:19:51,691 - INFO - Epoch 98/150 - Train Loss: 0.608537, Val Loss: 0.595617[0m
2025-12-05 17:19:51,800 - INFO - New best model saved with Val Loss: 0.595617
2025-12-05 17:22:58,408 - INFO - Epoch 99/150 - Train Loss: 0.617562, Val Loss: 0.688887[0m
2025-12-05 17:26:05,708 - INFO - Epoch 100/150 - Train Loss: 0.636101, Val Loss: 0.625899[0m
2025-12-05 17:28:59,575 - INFO - Epoch 101/150 - Train Loss: 0.592183, Val Loss: 0.585017[0m
2025-12-05 17:28:59,688 - INFO - New best model saved with Val Loss: 0.585017
2025-12-05 17:31:53,609 - INFO - Epoch 102/150 - Train Loss: 0.579672, Val Loss: 0.633580[0m
2025-12-05 17:34:42,877 - INFO - Epoch 103/150 - Train Loss: 0.682210, Val Loss: 0.771767[0m
2025-12-05 17:37:43,427 - INFO - Epoch 104/150 - Train Loss: 0.828856, Val Loss: 0.775846[0m
2025-12-05 17:41:21,610 - INFO - Epoch 105/150 - Train Loss: 0.771988, Val Loss: 0.733436[0m
2025-12-05 17:45:02,546 - INFO - Epoch 106/150 - Train Loss: 0.736213, Val Loss: 0.741203[0m
2025-12-05 17:48:49,890 - INFO - Epoch 107/150 - Train Loss: 0.746313, Val Loss: 0.728653[0m
2025-12-05 17:52:38,369 - INFO - Epoch 108/150 - Train Loss: 0.710835, Val Loss: 0.716758[0m
2025-12-05 17:56:35,807 - INFO - Epoch 109/150 - Train Loss: 0.700722, Val Loss: 0.690108[0m
2025-12-05 18:00:35,254 - INFO - Epoch 110/150 - Train Loss: 0.711992, Val Loss: 0.700737[0m
2025-12-05 18:04:52,424 - INFO - Epoch 111/150 - Train Loss: 0.684860, Val Loss: 0.704569[0m
2025-12-05 18:08:39,024 - INFO - Epoch 112/150 - Train Loss: 0.667584, Val Loss: 0.693053[0m
2025-12-05 18:12:26,739 - INFO - Epoch 113/150 - Train Loss: 0.699691, Val Loss: 0.676848[0m
2025-12-05 18:16:11,550 - INFO - Epoch 114/150 - Train Loss: 0.673325, Val Loss: 0.685530[0m
2025-12-05 18:19:50,191 - INFO - Epoch 115/150 - Train Loss: 0.697269, Val Loss: 0.681926[0m
2025-12-05 18:23:44,729 - INFO - Epoch 116/150 - Train Loss: 0.672163, Val Loss: 0.684205[0m
2025-12-05 18:27:43,171 - INFO - Epoch 117/150 - Train Loss: 0.694353, Val Loss: 0.669535[0m
2025-12-05 18:31:58,964 - INFO - Epoch 118/150 - Train Loss: 0.663646, Val Loss: 0.660756[0m
2025-12-05 18:36:00,917 - INFO - Epoch 119/150 - Train Loss: 0.690319, Val Loss: 0.661543[0m
2025-12-05 18:39:55,059 - INFO - Epoch 120/150 - Train Loss: 0.685446, Val Loss: 0.687126[0m
2025-12-05 18:43:51,859 - INFO - Epoch 121/150 - Train Loss: 0.668168, Val Loss: 0.651281[0m
2025-12-05 18:47:55,098 - INFO - Epoch 122/150 - Train Loss: 0.638834, Val Loss: 0.641663[0m
2025-12-05 18:52:01,133 - INFO - Epoch 123/150 - Train Loss: 0.635523, Val Loss: 0.651875[0m
2025-12-05 18:56:02,902 - INFO - Epoch 124/150 - Train Loss: 0.623914, Val Loss: 0.627521[0m
2025-12-05 19:00:05,846 - INFO - Epoch 125/150 - Train Loss: 0.620276, Val Loss: 0.666170[0m
2025-12-05 19:04:13,848 - INFO - Epoch 126/150 - Train Loss: 0.638585, Val Loss: 0.675963[0m
2025-12-05 19:08:20,190 - INFO - Epoch 127/150 - Train Loss: 0.637230, Val Loss: 0.637419[0m
2025-12-05 19:12:19,354 - INFO - Epoch 128/150 - Train Loss: 0.623205, Val Loss: 0.612379[0m
2025-12-05 19:16:11,145 - INFO - Epoch 129/150 - Train Loss: 0.607955, Val Loss: 0.598426[0m
2025-12-05 19:20:13,150 - INFO - Epoch 130/150 - Train Loss: 0.599780, Val Loss: 0.601142[0m
2025-12-05 19:24:20,962 - INFO - Epoch 131/150 - Train Loss: 0.603188, Val Loss: 0.587613[0m
2025-12-05 19:28:37,690 - INFO - Epoch 132/150 - Train Loss: 0.593037, Val Loss: 0.582962[0m
2025-12-05 19:28:38,014 - INFO - New best model saved with Val Loss: 0.582962
2025-12-05 19:32:44,271 - INFO - Epoch 133/150 - Train Loss: 0.592906, Val Loss: 0.586492[0m
2025-12-05 19:36:42,761 - INFO - Epoch 134/150 - Train Loss: 0.567093, Val Loss: 0.599376[0m
2025-12-05 19:40:39,055 - INFO - Epoch 135/150 - Train Loss: 0.572173, Val Loss: 0.589061[0m
2025-12-05 19:44:48,554 - INFO - Epoch 136/150 - Train Loss: 0.587083, Val Loss: 0.598588[0m
2025-12-05 19:48:43,249 - INFO - Epoch 137/150 - Train Loss: 0.603722, Val Loss: 0.587705[0m
2025-12-05 19:52:54,816 - INFO - Epoch 138/150 - Train Loss: 0.685462, Val Loss: 0.692576[0m
2025-12-05 19:57:05,729 - INFO - Epoch 139/150 - Train Loss: 0.655277, Val Loss: 0.627213[0m
2025-12-05 20:01:17,947 - INFO - Epoch 140/150 - Train Loss: 0.596023, Val Loss: 0.610059[0m
2025-12-05 20:05:25,136 - INFO - Epoch 141/150 - Train Loss: 0.582316, Val Loss: 0.588869[0m
2025-12-05 20:09:42,120 - INFO - Epoch 142/150 - Train Loss: 0.556389, Val Loss: 0.563461[0m
2025-12-05 20:09:42,584 - INFO - New best model saved with Val Loss: 0.563461
2025-12-05 20:14:06,925 - INFO - Epoch 143/150 - Train Loss: 0.571772, Val Loss: 0.592023[0m
2025-12-05 20:18:50,857 - INFO - Epoch 144/150 - Train Loss: 0.548427, Val Loss: 0.552375[0m
2025-12-05 20:18:51,102 - INFO - New best model saved with Val Loss: 0.552375
2025-12-05 20:23:30,937 - INFO - Epoch 145/150 - Train Loss: 0.543776, Val Loss: 0.557044[0m
2025-12-05 20:28:03,215 - INFO - Epoch 146/150 - Train Loss: 0.540482, Val Loss: 0.532046[0m
2025-12-05 20:28:03,361 - INFO - New best model saved with Val Loss: 0.532046
2025-12-05 20:32:29,231 - INFO - Epoch 147/150 - Train Loss: 0.580373, Val Loss: 0.571221[0m
2025-12-05 20:36:56,913 - INFO - Epoch 148/150 - Train Loss: 0.683183, Val Loss: 0.678583[0m
2025-12-05 20:41:35,221 - INFO - Epoch 149/150 - Train Loss: 0.630043, Val Loss: 0.614267[0m
2025-12-05 20:46:00,480 - INFO - Epoch 150/150 - Train Loss: 0.588305, Val Loss: 0.582890[0m
2025-12-05 20:46:01,987 - INFO - Final model saved to experiments/RTformer_s_wss/final_model.pth
2025-12-05 20:46:02,059 - INFO - Testing the final model
2025-12-06 12:05:21,147 - INFO - args.exp_name : RTformer_s_wss
2025-12-06 12:05:21,158 - INFO - Starting training with 1 GPUs
2025-12-06 12:05:23,078 - INFO - Total trainable parameters: 4524867
2025-12-06 12:05:23,105 - INFO - Data loaded: 384 training batches, 33 validation batches, 48 test batches
2025-12-06 12:05:23,106 - INFO - Staring training for 150 epochs
2025-12-06 12:09:38,773 - INFO - Epoch 1/150 - Train Loss: 0.919740, Val Loss: 0.818135[0m
2025-12-06 12:09:39,058 - INFO - New best model saved with Val Loss: 0.818135
2025-12-06 12:13:34,962 - INFO - Epoch 2/150 - Train Loss: 0.770625, Val Loss: 0.747871[0m
2025-12-06 12:13:35,170 - INFO - New best model saved with Val Loss: 0.747871
2025-12-06 12:17:25,972 - INFO - Epoch 3/150 - Train Loss: 0.790198, Val Loss: 0.789874[0m
2025-12-06 12:21:26,218 - INFO - Epoch 4/150 - Train Loss: 0.849324, Val Loss: 0.850210[0m
2025-12-06 12:25:16,758 - INFO - Epoch 5/150 - Train Loss: 0.826309, Val Loss: 0.798918[0m
2025-12-06 12:47:58,418 - INFO - args.exp_name : RTformer_s_wss
2025-12-06 12:47:58,441 - INFO - Starting training with 1 GPUs
2025-12-06 12:47:59,549 - INFO - Total trainable parameters: 4524867
2025-12-06 12:47:59,551 - INFO - Data loaded: 384 training batches, 33 validation batches, 48 test batches
2025-12-06 12:47:59,552 - INFO - Staring training for 150 epochs
2025-12-06 12:51:07,147 - INFO - Epoch 1/150 - Train Loss: 0.919740, Val Loss: 0.818135[0m
2025-12-06 12:51:07,460 - INFO - New best model saved with Val Loss: 0.818135
2025-12-06 12:55:20,261 - INFO - Epoch 2/150 - Train Loss: 0.770625, Val Loss: 0.747871[0m
2025-12-06 12:55:20,501 - INFO - New best model saved with Val Loss: 0.747871
2025-12-06 12:59:28,119 - INFO - Epoch 3/150 - Train Loss: 0.790198, Val Loss: 0.789874[0m
2025-12-06 13:03:43,471 - INFO - Epoch 4/150 - Train Loss: 0.849324, Val Loss: 0.850210[0m
2025-12-06 13:07:51,419 - INFO - Epoch 5/150 - Train Loss: 0.826309, Val Loss: 0.798918[0m
2025-12-06 13:12:02,709 - INFO - Epoch 6/150 - Train Loss: 0.786494, Val Loss: 0.787240[0m
2025-12-06 13:16:19,646 - INFO - Epoch 7/150 - Train Loss: 0.845332, Val Loss: 0.860373[0m
2025-12-06 13:26:28,642 - INFO - args.exp_name : RTformer_s_wss
2025-12-06 13:26:28,658 - INFO - Starting training with 1 GPUs
2025-12-06 13:26:33,705 - INFO - Total trainable parameters: 4524867
2025-12-06 13:26:33,707 - INFO - Data loaded: 384 training batches, 33 validation batches, 48 test batches
2025-12-06 13:26:33,708 - INFO - Staring training for 150 epochs
2025-12-06 13:30:49,155 - INFO - Epoch 1/150 - Train Loss: 0.919740, Val Loss: 0.818135[0m
2025-12-06 13:30:49,397 - INFO - New best model saved with Val Loss: 0.818135
2025-12-06 13:34:53,376 - INFO - Epoch 2/150 - Train Loss: 0.770625, Val Loss: 0.747871[0m
2025-12-06 13:34:53,653 - INFO - New best model saved with Val Loss: 0.747871
2025-12-06 13:39:08,694 - INFO - Epoch 3/150 - Train Loss: 0.790198, Val Loss: 0.789874[0m
2025-12-06 13:43:15,185 - INFO - Epoch 4/150 - Train Loss: 0.849324, Val Loss: 0.850210[0m
2025-12-06 13:47:26,153 - INFO - Epoch 5/150 - Train Loss: 0.826309, Val Loss: 0.798918[0m
2025-12-06 13:51:28,975 - INFO - Epoch 6/150 - Train Loss: 0.786494, Val Loss: 0.787240[0m
2025-12-06 13:55:32,286 - INFO - Epoch 7/150 - Train Loss: 0.845332, Val Loss: 0.860373[0m
2025-12-06 13:59:30,919 - INFO - Epoch 8/150 - Train Loss: 0.840438, Val Loss: 0.818575[0m
2025-12-06 14:03:31,343 - INFO - Epoch 9/150 - Train Loss: 0.823441, Val Loss: 0.780120[0m
2025-12-06 14:07:37,571 - INFO - Epoch 10/150 - Train Loss: 0.780272, Val Loss: 0.777811[0m
2025-12-06 14:11:50,361 - INFO - Epoch 11/150 - Train Loss: 0.763090, Val Loss: 0.776601[0m
2025-12-06 14:16:06,653 - INFO - Epoch 12/150 - Train Loss: 0.765050, Val Loss: 0.770034[0m
2025-12-06 14:23:16,633 - INFO - args.exp_name : RTformer_s_wss
2025-12-06 14:23:16,665 - INFO - Starting training with 1 GPUs
2025-12-06 14:23:20,661 - INFO - Total trainable parameters: 4524867
2025-12-06 14:23:20,663 - INFO - Data loaded: 384 training batches, 33 validation batches, 48 test batches
2025-12-06 14:23:20,664 - INFO - Staring training for 150 epochs
2025-12-06 14:27:40,342 - INFO - Epoch 1/150 - Train Loss: 0.919740, Val Loss: 0.818135[0m
2025-12-06 14:27:40,464 - INFO - New best model saved with Val Loss: 0.818135
2025-12-06 14:31:53,843 - INFO - Epoch 2/150 - Train Loss: 0.770625, Val Loss: 0.747871[0m
2025-12-06 14:31:53,949 - INFO - New best model saved with Val Loss: 0.747871
2025-12-06 14:35:54,702 - INFO - Epoch 3/150 - Train Loss: 0.790198, Val Loss: 0.789874[0m
2025-12-06 14:40:09,110 - INFO - Epoch 4/150 - Train Loss: 0.849324, Val Loss: 0.850210[0m
2025-12-06 14:44:21,556 - INFO - Epoch 5/150 - Train Loss: 0.826309, Val Loss: 0.798918[0m
2025-12-06 14:48:24,519 - INFO - Epoch 6/150 - Train Loss: 0.786494, Val Loss: 0.787240[0m
2025-12-06 14:52:39,235 - INFO - Epoch 7/150 - Train Loss: 0.845332, Val Loss: 0.860373[0m
2025-12-06 14:57:03,545 - INFO - Epoch 8/150 - Train Loss: 0.840438, Val Loss: 0.818575[0m
2025-12-06 15:01:20,855 - INFO - Epoch 9/150 - Train Loss: 0.823441, Val Loss: 0.780120[0m
2025-12-06 15:05:32,244 - INFO - Epoch 10/150 - Train Loss: 0.780272, Val Loss: 0.777811[0m
2025-12-06 15:09:17,909 - INFO - Epoch 11/150 - Train Loss: 0.763090, Val Loss: 0.776601[0m
2025-12-06 15:13:16,095 - INFO - Epoch 12/150 - Train Loss: 0.765050, Val Loss: 0.770034[0m
2025-12-06 15:17:15,364 - INFO - Epoch 13/150 - Train Loss: 0.792104, Val Loss: 0.773027[0m
2025-12-06 15:21:25,009 - INFO - Epoch 14/150 - Train Loss: 0.763380, Val Loss: 0.753363[0m
2025-12-06 15:25:45,510 - INFO - Epoch 15/150 - Train Loss: 0.741185, Val Loss: 0.741972[0m
2025-12-06 15:25:45,795 - INFO - New best model saved with Val Loss: 0.741972
2025-12-06 15:29:49,584 - INFO - Epoch 16/150 - Train Loss: 0.757048, Val Loss: 0.735338[0m
2025-12-06 15:29:49,734 - INFO - New best model saved with Val Loss: 0.735338
2025-12-06 15:33:50,395 - INFO - Epoch 17/150 - Train Loss: 0.770129, Val Loss: 0.928661[0m
2025-12-06 15:37:43,180 - INFO - Epoch 18/150 - Train Loss: 0.772694, Val Loss: 0.744397[0m
2025-12-06 15:41:20,922 - INFO - Epoch 19/150 - Train Loss: 0.731259, Val Loss: 0.750948[0m
2025-12-06 15:45:19,207 - INFO - Epoch 20/150 - Train Loss: 0.723358, Val Loss: 0.715499[0m
2025-12-06 15:45:19,536 - INFO - New best model saved with Val Loss: 0.715499
2025-12-06 15:49:01,889 - INFO - Epoch 21/150 - Train Loss: 0.730681, Val Loss: 0.743381[0m
2025-12-06 15:52:53,057 - INFO - Epoch 22/150 - Train Loss: 0.830949, Val Loss: 0.897562[0m
2025-12-06 15:56:39,621 - INFO - Epoch 23/150 - Train Loss: 0.845078, Val Loss: 0.801476[0m
2025-12-06 16:00:37,166 - INFO - Epoch 24/150 - Train Loss: 0.795900, Val Loss: 0.796033[0m
2025-12-06 16:04:32,474 - INFO - Epoch 25/150 - Train Loss: 0.799992, Val Loss: 0.769647[0m
2025-12-06 16:08:34,349 - INFO - Epoch 26/150 - Train Loss: 0.761622, Val Loss: 0.750993[0m
2025-12-06 16:12:20,218 - INFO - Epoch 27/150 - Train Loss: 0.776197, Val Loss: 0.765754[0m
2025-12-06 16:16:02,652 - INFO - Epoch 28/150 - Train Loss: 0.738889, Val Loss: 0.750904[0m
2025-12-06 16:19:56,403 - INFO - Epoch 29/150 - Train Loss: 0.744279, Val Loss: 0.728987[0m
2025-12-06 16:23:41,362 - INFO - Epoch 30/150 - Train Loss: 0.743225, Val Loss: 0.732486[0m
2025-12-06 16:27:33,136 - INFO - Epoch 31/150 - Train Loss: 0.721731, Val Loss: 0.718663[0m
2025-12-06 16:31:18,242 - INFO - Epoch 32/150 - Train Loss: 0.711811, Val Loss: 0.716293[0m
2025-12-06 16:34:53,149 - INFO - Epoch 33/150 - Train Loss: 0.702031, Val Loss: 0.713758[0m
2025-12-06 16:34:53,401 - INFO - New best model saved with Val Loss: 0.713758
2025-12-06 16:38:36,819 - INFO - Epoch 34/150 - Train Loss: 0.705457, Val Loss: 0.705407[0m
2025-12-06 16:38:37,053 - INFO - New best model saved with Val Loss: 0.705407
2025-12-06 16:42:16,217 - INFO - Epoch 35/150 - Train Loss: 0.803374, Val Loss: 0.764977[0m
2025-12-06 16:45:57,600 - INFO - Epoch 36/150 - Train Loss: 0.762445, Val Loss: 0.732994[0m
2025-12-06 16:49:20,734 - INFO - Epoch 37/150 - Train Loss: 0.745604, Val Loss: 0.723748[0m
