2026-01-01 09:46:53,842 | INFO     | Config:
exp_name: wss_N10k_lr1e-3_e250
model:
  input_dim: 3
  output_dim: 3
  head_num: 8
  hidden_dim: 256
  res: true
  slice_num: 32
  layer_num: 5
  mlp_ratio: 1.5
  dropout: 0.1
training:
  input: surface_anchor_position
  target: surface_anchor_wallshearstress
  batch_size: 1
  epochs: 250
  lr: 0.001
  scheduler_step: 50
  scheduler_gamma: 0.5
  max_grad_norm: 0.1
  num_workers: 1
  weight_decay: 0.0
  test_only: 0
  gpus: '0'
  root_dir: /mnt/wjc_group/mae-zhangbj/drivaerML_N100_000
  seed: 42

2026-01-01 09:46:53,842 | INFO     | args.exp_name : wss_N10k_lr1e-3_e250
2026-01-01 09:46:53,842 | INFO     | Starting training with 1 GPUs
2026-01-01 09:46:54,171 | INFO     | Total trainable parameters: 3381835
2026-01-01 09:46:54,171 | INFO     | Data loaded: 380 training batches, 33 validation batches, 44 test batches
2026-01-01 09:46:54,172 | INFO     | Staring training for 250 epochs
2026-01-01 09:48:34,814 | INFO     | Config:
exp_name: wss_N10k_lr1e-3_e250
model:
  input_dim: 3
  output_dim: 3
  head_num: 8
  hidden_dim: 256
  res: true
  slice_num: 32
  layer_num: 5
  mlp_ratio: 1.5
  dropout: 0.1
training:
  input: surface_anchor_position
  target: surface_anchor_wallshearstress
  batch_size: 1
  epochs: 250
  lr: 0.001
  scheduler_step: 50
  scheduler_gamma: 0.5
  max_grad_norm: 0.1
  num_workers: 1
  weight_decay: 0.0
  test_only: 0
  gpus: '0'
  root_dir: /mnt/wjc_group/mae-zhangbj/DrivAerML_dataset/small
  seed: 42

2026-01-01 09:48:34,814 | INFO     | args.exp_name : wss_N10k_lr1e-3_e250
2026-01-01 09:48:34,814 | INFO     | Starting training with 1 GPUs
2026-01-01 09:48:35,300 | INFO     | Total trainable parameters: 3381835
2026-01-01 09:48:35,300 | INFO     | Data loaded: 380 training batches, 33 validation batches, 44 test batches
2026-01-01 09:48:35,301 | INFO     | Staring training for 250 epochs
2026-01-01 10:05:42,253 | INFO     | Epoch 1/250 - Train Loss: 0.992433, Val Loss: 0.848391[0m
2026-01-01 10:05:42,281 | INFO     | New best model saved with Val Loss: 0.848391
2026-01-01 10:26:08,323 | INFO     | Epoch 2/250 - Train Loss: 0.829994, Val Loss: 0.784769[0m
2026-01-01 10:26:08,377 | INFO     | New best model saved with Val Loss: 0.784769
2026-01-01 10:46:39,098 | INFO     | Epoch 3/250 - Train Loss: 0.777826, Val Loss: 0.743208[0m
2026-01-01 10:46:39,152 | INFO     | New best model saved with Val Loss: 0.743208
2026-01-01 11:07:04,497 | INFO     | Epoch 4/250 - Train Loss: 0.725143, Val Loss: 0.693620[0m
2026-01-01 11:07:04,550 | INFO     | New best model saved with Val Loss: 0.693620
2026-01-01 11:27:31,392 | INFO     | Epoch 5/250 - Train Loss: 0.719406, Val Loss: 0.699356[0m
2026-01-01 11:47:56,907 | INFO     | Epoch 6/250 - Train Loss: 0.698603, Val Loss: 0.579956[0m
2026-01-01 11:47:56,962 | INFO     | New best model saved with Val Loss: 0.579956
2026-01-01 12:08:21,204 | INFO     | Epoch 7/250 - Train Loss: 0.521566, Val Loss: 0.473377[0m
2026-01-01 12:08:21,258 | INFO     | New best model saved with Val Loss: 0.473377
2026-01-01 12:28:47,975 | INFO     | Epoch 8/250 - Train Loss: 0.460114, Val Loss: 0.431347[0m
2026-01-01 12:28:48,025 | INFO     | New best model saved with Val Loss: 0.431347
2026-01-01 12:49:12,700 | INFO     | Epoch 9/250 - Train Loss: 0.429980, Val Loss: 0.413113[0m
2026-01-01 12:49:12,749 | INFO     | New best model saved with Val Loss: 0.413113
2026-01-01 13:09:38,812 | INFO     | Epoch 10/250 - Train Loss: 0.408384, Val Loss: 0.388733[0m
2026-01-01 13:09:38,865 | INFO     | New best model saved with Val Loss: 0.388733
2026-01-01 13:30:03,333 | INFO     | Epoch 11/250 - Train Loss: 0.388246, Val Loss: 0.364834[0m
2026-01-01 13:30:03,386 | INFO     | New best model saved with Val Loss: 0.364834
2026-01-01 13:50:26,994 | INFO     | Epoch 12/250 - Train Loss: 0.367426, Val Loss: 0.343595[0m
2026-01-01 13:50:27,047 | INFO     | New best model saved with Val Loss: 0.343595
2026-01-01 14:10:52,400 | INFO     | Epoch 13/250 - Train Loss: 0.342918, Val Loss: 0.328883[0m
2026-01-01 14:10:52,451 | INFO     | New best model saved with Val Loss: 0.328883
2026-01-01 14:31:16,166 | INFO     | Epoch 14/250 - Train Loss: 0.323003, Val Loss: 0.300672[0m
2026-01-01 14:31:16,213 | INFO     | New best model saved with Val Loss: 0.300672
2026-01-01 14:51:41,298 | INFO     | Epoch 15/250 - Train Loss: 0.299032, Val Loss: 0.278126[0m
2026-01-01 14:51:41,347 | INFO     | New best model saved with Val Loss: 0.278126
2026-01-01 15:12:04,909 | INFO     | Epoch 16/250 - Train Loss: 0.281523, Val Loss: 0.266387[0m
2026-01-01 15:12:04,967 | INFO     | New best model saved with Val Loss: 0.266387
2026-01-01 15:32:28,781 | INFO     | Epoch 17/250 - Train Loss: 0.302293, Val Loss: 0.252000[0m
2026-01-01 15:32:28,837 | INFO     | New best model saved with Val Loss: 0.252000
2026-01-01 15:52:54,193 | INFO     | Epoch 18/250 - Train Loss: 0.266454, Val Loss: 0.252081[0m
2026-01-01 16:13:18,622 | INFO     | Epoch 19/250 - Train Loss: 0.255646, Val Loss: 0.231646[0m
2026-01-01 16:13:18,670 | INFO     | New best model saved with Val Loss: 0.231646
2026-01-01 16:33:41,080 | INFO     | Epoch 20/250 - Train Loss: 0.248433, Val Loss: 0.228532[0m
2026-01-01 16:33:41,131 | INFO     | New best model saved with Val Loss: 0.228532
2026-01-01 16:54:01,036 | INFO     | Epoch 21/250 - Train Loss: 0.241870, Val Loss: 0.226066[0m
2026-01-01 16:54:01,088 | INFO     | New best model saved with Val Loss: 0.226066
2026-01-01 17:14:23,603 | INFO     | Epoch 22/250 - Train Loss: 0.232944, Val Loss: 0.219316[0m
2026-01-01 17:14:23,657 | INFO     | New best model saved with Val Loss: 0.219316
2026-01-01 17:34:48,518 | INFO     | Epoch 23/250 - Train Loss: 0.228585, Val Loss: 0.215105[0m
2026-01-01 17:34:48,560 | INFO     | New best model saved with Val Loss: 0.215105
2026-01-01 17:55:13,733 | INFO     | Epoch 24/250 - Train Loss: 0.222593, Val Loss: 0.217289[0m
2026-01-01 18:15:37,492 | INFO     | Epoch 25/250 - Train Loss: 0.213478, Val Loss: 0.203491[0m
2026-01-01 18:15:37,544 | INFO     | New best model saved with Val Loss: 0.203491
2026-01-01 18:36:00,785 | INFO     | Epoch 26/250 - Train Loss: 0.208580, Val Loss: 0.197071[0m
2026-01-01 18:36:00,837 | INFO     | New best model saved with Val Loss: 0.197071
2026-01-01 18:56:26,162 | INFO     | Epoch 27/250 - Train Loss: 0.204527, Val Loss: 0.198607[0m
2026-01-01 19:16:52,643 | INFO     | Epoch 28/250 - Train Loss: 0.197761, Val Loss: 0.191756[0m
2026-01-01 19:16:52,696 | INFO     | New best model saved with Val Loss: 0.191756
2026-01-01 19:37:20,672 | INFO     | Epoch 29/250 - Train Loss: 0.191225, Val Loss: 0.178566[0m
2026-01-01 19:37:20,724 | INFO     | New best model saved with Val Loss: 0.178566
2026-01-01 19:57:48,657 | INFO     | Epoch 30/250 - Train Loss: 0.186787, Val Loss: 0.180490[0m
2026-01-01 20:18:15,557 | INFO     | Epoch 31/250 - Train Loss: 0.183577, Val Loss: 0.183490[0m
2026-01-01 20:38:44,149 | INFO     | Epoch 32/250 - Train Loss: 0.178844, Val Loss: 0.161957[0m
2026-01-01 20:38:44,201 | INFO     | New best model saved with Val Loss: 0.161957
2026-01-01 20:59:11,054 | INFO     | Epoch 33/250 - Train Loss: 0.171765, Val Loss: 0.163716[0m
2026-01-01 21:19:36,299 | INFO     | Epoch 34/250 - Train Loss: 0.171508, Val Loss: 0.161853[0m
2026-01-01 21:19:36,343 | INFO     | New best model saved with Val Loss: 0.161853
2026-01-01 21:39:59,861 | INFO     | Epoch 35/250 - Train Loss: 0.162338, Val Loss: 0.151889[0m
2026-01-01 21:39:59,913 | INFO     | New best model saved with Val Loss: 0.151889
2026-01-01 22:00:23,389 | INFO     | Epoch 36/250 - Train Loss: 0.163435, Val Loss: 0.155053[0m
2026-01-01 22:20:48,534 | INFO     | Epoch 37/250 - Train Loss: 0.155505, Val Loss: 0.148144[0m
2026-01-01 22:20:48,586 | INFO     | New best model saved with Val Loss: 0.148144
2026-01-01 22:41:12,598 | INFO     | Epoch 38/250 - Train Loss: 0.153389, Val Loss: 0.151571[0m
2026-01-01 23:01:40,442 | INFO     | Epoch 39/250 - Train Loss: 0.206524, Val Loss: 0.185298[0m
2026-01-01 23:22:07,013 | INFO     | Epoch 40/250 - Train Loss: 0.160073, Val Loss: 0.146847[0m
2026-01-01 23:22:07,075 | INFO     | New best model saved with Val Loss: 0.146847
2026-01-01 23:42:33,942 | INFO     | Epoch 41/250 - Train Loss: 0.147811, Val Loss: 0.140810[0m
2026-01-01 23:42:34,001 | INFO     | New best model saved with Val Loss: 0.140810
2026-01-02 00:03:02,230 | INFO     | Epoch 42/250 - Train Loss: 0.144577, Val Loss: 0.134348[0m
2026-01-02 00:03:02,280 | INFO     | New best model saved with Val Loss: 0.134348
2026-01-02 00:23:29,887 | INFO     | Epoch 43/250 - Train Loss: 0.141753, Val Loss: 0.134880[0m
2026-01-02 00:43:56,718 | INFO     | Epoch 44/250 - Train Loss: 0.139248, Val Loss: 0.139905[0m
2026-01-02 01:04:22,685 | INFO     | Epoch 45/250 - Train Loss: 0.137624, Val Loss: 0.125767[0m
2026-01-02 01:04:22,737 | INFO     | New best model saved with Val Loss: 0.125767
2026-01-02 01:24:48,454 | INFO     | Epoch 46/250 - Train Loss: 0.135609, Val Loss: 0.139281[0m
2026-01-02 01:45:12,904 | INFO     | Epoch 47/250 - Train Loss: 0.132365, Val Loss: 0.134139[0m
2026-01-02 02:05:33,637 | INFO     | Epoch 48/250 - Train Loss: 0.131637, Val Loss: 0.131658[0m
2026-01-02 02:25:57,943 | INFO     | Epoch 49/250 - Train Loss: 0.129458, Val Loss: 0.120658[0m
2026-01-02 02:25:57,995 | INFO     | New best model saved with Val Loss: 0.120658
2026-01-02 02:46:22,018 | INFO     | Epoch 50/250 - Train Loss: 0.127214, Val Loss: 0.120928[0m
2026-01-02 03:06:47,117 | INFO     | Epoch 51/250 - Train Loss: 0.107514, Val Loss: 0.103029[0m
2026-01-02 03:06:47,168 | INFO     | New best model saved with Val Loss: 0.103029
2026-01-02 03:27:11,362 | INFO     | Epoch 52/250 - Train Loss: 0.105466, Val Loss: 0.102404[0m
2026-01-02 03:27:11,414 | INFO     | New best model saved with Val Loss: 0.102404
2026-01-02 03:47:36,645 | INFO     | Epoch 53/250 - Train Loss: 0.105024, Val Loss: 0.099624[0m
2026-01-02 03:47:36,691 | INFO     | New best model saved with Val Loss: 0.099624
2026-01-02 04:08:00,034 | INFO     | Epoch 54/250 - Train Loss: 0.103454, Val Loss: 0.102359[0m
2026-01-02 04:28:23,109 | INFO     | Epoch 55/250 - Train Loss: 0.103051, Val Loss: 0.099552[0m
2026-01-02 04:28:23,162 | INFO     | New best model saved with Val Loss: 0.099552
2026-01-02 04:48:48,239 | INFO     | Epoch 56/250 - Train Loss: 0.101368, Val Loss: 0.098108[0m
2026-01-02 04:48:48,294 | INFO     | New best model saved with Val Loss: 0.098108
2026-01-02 05:09:12,081 | INFO     | Epoch 57/250 - Train Loss: 0.101040, Val Loss: 0.097247[0m
2026-01-02 05:09:12,132 | INFO     | New best model saved with Val Loss: 0.097247
2026-01-02 05:29:37,022 | INFO     | Epoch 58/250 - Train Loss: 0.098650, Val Loss: 0.096394[0m
2026-01-02 05:29:37,074 | INFO     | New best model saved with Val Loss: 0.096394
2026-01-02 05:50:00,584 | INFO     | Epoch 59/250 - Train Loss: 0.098623, Val Loss: 0.096619[0m
2026-01-02 06:10:24,110 | INFO     | Epoch 60/250 - Train Loss: 0.097167, Val Loss: 0.094654[0m
2026-01-02 06:10:24,163 | INFO     | New best model saved with Val Loss: 0.094654
2026-01-02 06:30:49,526 | INFO     | Epoch 61/250 - Train Loss: 0.096665, Val Loss: 0.093170[0m
2026-01-02 06:30:49,574 | INFO     | New best model saved with Val Loss: 0.093170
2026-01-02 06:51:13,826 | INFO     | Epoch 62/250 - Train Loss: 0.095363, Val Loss: 0.093975[0m
2026-01-02 07:11:37,931 | INFO     | Epoch 63/250 - Train Loss: 0.095243, Val Loss: 0.093581[0m
2026-01-02 07:32:01,178 | INFO     | Epoch 64/250 - Train Loss: 0.094222, Val Loss: 0.091368[0m
2026-01-02 07:32:01,231 | INFO     | New best model saved with Val Loss: 0.091368
2026-01-02 07:52:24,516 | INFO     | Epoch 65/250 - Train Loss: 0.093051, Val Loss: 0.091442[0m
2026-01-02 08:12:49,565 | INFO     | Epoch 66/250 - Train Loss: 0.091781, Val Loss: 0.095315[0m
2026-01-02 08:33:13,744 | INFO     | Epoch 67/250 - Train Loss: 0.091548, Val Loss: 0.088716[0m
2026-01-02 08:33:13,797 | INFO     | New best model saved with Val Loss: 0.088716
2026-01-02 08:53:39,088 | INFO     | Epoch 68/250 - Train Loss: 0.089855, Val Loss: 0.086822[0m
2026-01-02 08:53:39,137 | INFO     | New best model saved with Val Loss: 0.086822
2026-01-02 09:14:03,558 | INFO     | Epoch 69/250 - Train Loss: 0.090139, Val Loss: 0.090336[0m
2026-01-02 09:34:27,850 | INFO     | Epoch 70/250 - Train Loss: 0.089320, Val Loss: 0.088553[0m
2026-01-02 09:54:53,914 | INFO     | Epoch 71/250 - Train Loss: 0.087648, Val Loss: 0.087783[0m
2026-01-02 10:15:19,652 | INFO     | Epoch 72/250 - Train Loss: 0.088562, Val Loss: 0.083361[0m
2026-01-02 10:15:19,700 | INFO     | New best model saved with Val Loss: 0.083361
2026-01-02 10:35:43,467 | INFO     | Epoch 73/250 - Train Loss: 0.086993, Val Loss: 0.088278[0m
2026-01-02 10:56:07,242 | INFO     | Epoch 74/250 - Train Loss: 0.087375, Val Loss: 0.082560[0m
2026-01-02 10:56:07,297 | INFO     | New best model saved with Val Loss: 0.082560
2026-01-02 11:16:34,741 | INFO     | Epoch 75/250 - Train Loss: 0.085713, Val Loss: 0.086419[0m
2026-01-02 11:36:59,803 | INFO     | Epoch 76/250 - Train Loss: 0.084927, Val Loss: 0.085582[0m
2026-01-02 11:57:24,990 | INFO     | Epoch 77/250 - Train Loss: 0.084508, Val Loss: 0.083757[0m
2026-01-02 12:17:48,926 | INFO     | Epoch 78/250 - Train Loss: 0.084520, Val Loss: 0.080384[0m
2026-01-02 12:17:48,979 | INFO     | New best model saved with Val Loss: 0.080384
2026-01-02 12:38:12,761 | INFO     | Epoch 79/250 - Train Loss: 0.084135, Val Loss: 0.081512[0m
2026-01-02 12:58:38,173 | INFO     | Epoch 80/250 - Train Loss: 0.082913, Val Loss: 0.079766[0m
2026-01-02 12:58:38,225 | INFO     | New best model saved with Val Loss: 0.079766
2026-01-02 13:19:04,023 | INFO     | Epoch 81/250 - Train Loss: 0.083126, Val Loss: 0.080021[0m
2026-01-02 13:39:29,534 | INFO     | Epoch 82/250 - Train Loss: 0.081720, Val Loss: 0.088646[0m
2026-01-02 13:59:54,151 | INFO     | Epoch 83/250 - Train Loss: 0.083221, Val Loss: 0.086755[0m
2026-01-02 14:20:18,854 | INFO     | Epoch 84/250 - Train Loss: 0.081968, Val Loss: 0.079309[0m
2026-01-02 14:20:18,907 | INFO     | New best model saved with Val Loss: 0.079309
2026-01-02 14:40:45,256 | INFO     | Epoch 85/250 - Train Loss: 0.080585, Val Loss: 0.079796[0m
2026-01-02 15:01:10,798 | INFO     | Epoch 86/250 - Train Loss: 0.079987, Val Loss: 0.077657[0m
2026-01-02 15:01:10,851 | INFO     | New best model saved with Val Loss: 0.077657
2026-01-02 15:21:36,257 | INFO     | Epoch 87/250 - Train Loss: 0.079813, Val Loss: 0.078048[0m
2026-01-02 15:42:00,965 | INFO     | Epoch 88/250 - Train Loss: 0.078521, Val Loss: 0.079465[0m
2026-01-02 16:02:25,419 | INFO     | Epoch 89/250 - Train Loss: 0.078945, Val Loss: 0.076383[0m
2026-01-02 16:02:25,472 | INFO     | New best model saved with Val Loss: 0.076383
2026-01-02 16:22:50,812 | INFO     | Epoch 90/250 - Train Loss: 0.077415, Val Loss: 0.076739[0m
2026-01-02 16:43:15,754 | INFO     | Epoch 91/250 - Train Loss: 0.077858, Val Loss: 0.082472[0m
2026-01-02 17:03:40,553 | INFO     | Epoch 92/250 - Train Loss: 0.077004, Val Loss: 0.078652[0m
2026-01-02 17:24:04,317 | INFO     | Epoch 93/250 - Train Loss: 0.077596, Val Loss: 0.076929[0m
2026-01-02 17:44:29,026 | INFO     | Epoch 94/250 - Train Loss: 0.076372, Val Loss: 0.075721[0m
2026-01-02 17:44:29,083 | INFO     | New best model saved with Val Loss: 0.075721
2026-01-02 18:04:55,585 | INFO     | Epoch 95/250 - Train Loss: 0.076065, Val Loss: 0.076834[0m
2026-01-02 18:25:21,490 | INFO     | Epoch 96/250 - Train Loss: 0.074270, Val Loss: 0.075037[0m
2026-01-02 18:25:21,543 | INFO     | New best model saved with Val Loss: 0.075037
2026-01-02 18:45:46,085 | INFO     | Epoch 97/250 - Train Loss: 0.075434, Val Loss: 0.075140[0m
2026-01-02 19:06:10,445 | INFO     | Epoch 98/250 - Train Loss: 0.075467, Val Loss: 0.073251[0m
2026-01-02 19:06:10,498 | INFO     | New best model saved with Val Loss: 0.073251
2026-01-02 19:26:35,426 | INFO     | Epoch 99/250 - Train Loss: 0.075304, Val Loss: 0.072423[0m
2026-01-02 19:26:35,478 | INFO     | New best model saved with Val Loss: 0.072423
2026-01-02 19:47:01,694 | INFO     | Epoch 100/250 - Train Loss: 0.074385, Val Loss: 0.078145[0m
2026-01-02 20:07:26,940 | INFO     | Epoch 101/250 - Train Loss: 0.063674, Val Loss: 0.064851[0m
2026-01-02 20:07:26,984 | INFO     | New best model saved with Val Loss: 0.064851
2026-01-02 20:27:51,272 | INFO     | Epoch 102/250 - Train Loss: 0.063176, Val Loss: 0.063176[0m
2026-01-02 20:27:51,327 | INFO     | New best model saved with Val Loss: 0.063176
2026-01-02 20:48:15,753 | INFO     | Epoch 103/250 - Train Loss: 0.062765, Val Loss: 0.063491[0m
2026-01-02 21:08:41,226 | INFO     | Epoch 104/250 - Train Loss: 0.062723, Val Loss: 0.062031[0m
2026-01-02 21:08:41,269 | INFO     | New best model saved with Val Loss: 0.062031
2026-01-02 21:29:07,613 | INFO     | Epoch 105/250 - Train Loss: 0.062594, Val Loss: 0.064016[0m
2026-01-02 21:49:33,293 | INFO     | Epoch 106/250 - Train Loss: 0.061960, Val Loss: 0.062669[0m
2026-01-02 22:09:57,413 | INFO     | Epoch 107/250 - Train Loss: 0.062087, Val Loss: 0.062020[0m
2026-01-02 22:09:57,465 | INFO     | New best model saved with Val Loss: 0.062020
2026-01-02 22:30:21,664 | INFO     | Epoch 108/250 - Train Loss: 0.061717, Val Loss: 0.062916[0m
2026-01-02 22:50:47,747 | INFO     | Epoch 109/250 - Train Loss: 0.061255, Val Loss: 0.061103[0m
2026-01-02 22:50:47,810 | INFO     | New best model saved with Val Loss: 0.061103
2026-01-02 23:11:13,418 | INFO     | Epoch 110/250 - Train Loss: 0.061142, Val Loss: 0.063897[0m
2026-01-02 23:31:38,636 | INFO     | Epoch 111/250 - Train Loss: 0.060125, Val Loss: 0.060706[0m
2026-01-02 23:31:38,678 | INFO     | New best model saved with Val Loss: 0.060706
2026-01-02 23:52:03,189 | INFO     | Epoch 112/250 - Train Loss: 0.060541, Val Loss: 0.062218[0m
2026-01-03 00:12:27,673 | INFO     | Epoch 113/250 - Train Loss: 0.060932, Val Loss: 0.061790[0m
2026-01-03 00:32:53,917 | INFO     | Epoch 114/250 - Train Loss: 0.060359, Val Loss: 0.061803[0m
2026-01-03 00:53:18,965 | INFO     | Epoch 115/250 - Train Loss: 0.059834, Val Loss: 0.061351[0m
2026-01-03 01:13:43,914 | INFO     | Epoch 116/250 - Train Loss: 0.059327, Val Loss: 0.060718[0m
2026-01-03 01:34:05,591 | INFO     | Epoch 117/250 - Train Loss: 0.059304, Val Loss: 0.059311[0m
2026-01-03 01:34:05,644 | INFO     | New best model saved with Val Loss: 0.059311
2026-01-03 01:54:27,149 | INFO     | Epoch 118/250 - Train Loss: 0.059119, Val Loss: 0.061870[0m
2026-01-03 02:14:53,062 | INFO     | Epoch 119/250 - Train Loss: 0.058895, Val Loss: 0.061875[0m
2026-01-03 02:35:18,762 | INFO     | Epoch 120/250 - Train Loss: 0.058463, Val Loss: 0.059602[0m
2026-01-03 02:55:43,381 | INFO     | Epoch 121/250 - Train Loss: 0.057496, Val Loss: 0.061262[0m
2026-01-03 03:16:07,921 | INFO     | Epoch 122/250 - Train Loss: 0.058591, Val Loss: 0.061530[0m
2026-01-03 03:36:33,049 | INFO     | Epoch 123/250 - Train Loss: 0.058559, Val Loss: 0.059326[0m
2026-01-03 03:56:59,647 | INFO     | Epoch 124/250 - Train Loss: 0.057787, Val Loss: 0.058702[0m
2026-01-03 03:56:59,700 | INFO     | New best model saved with Val Loss: 0.058702
2026-01-03 04:17:24,723 | INFO     | Epoch 125/250 - Train Loss: 0.057948, Val Loss: 0.064065[0m
2026-01-03 04:37:48,880 | INFO     | Epoch 126/250 - Train Loss: 0.057492, Val Loss: 0.059327[0m
2026-01-03 04:58:07,625 | INFO     | Epoch 127/250 - Train Loss: 0.056550, Val Loss: 0.057623[0m
2026-01-03 04:58:07,678 | INFO     | New best model saved with Val Loss: 0.057623
2026-01-03 05:18:32,170 | INFO     | Epoch 128/250 - Train Loss: 0.056581, Val Loss: 0.059928[0m
2026-01-03 05:38:57,589 | INFO     | Epoch 129/250 - Train Loss: 0.056983, Val Loss: 0.056885[0m
2026-01-03 05:38:57,642 | INFO     | New best model saved with Val Loss: 0.056885
2026-01-03 05:59:22,475 | INFO     | Epoch 130/250 - Train Loss: 0.056347, Val Loss: 0.057641[0m
2026-01-03 06:19:46,415 | INFO     | Epoch 131/250 - Train Loss: 0.056844, Val Loss: 0.057383[0m
2026-01-03 06:40:06,441 | INFO     | Epoch 132/250 - Train Loss: 0.056040, Val Loss: 0.057465[0m
2026-01-03 07:00:31,214 | INFO     | Epoch 133/250 - Train Loss: 0.055699, Val Loss: 0.057124[0m
2026-01-03 07:20:56,053 | INFO     | Epoch 134/250 - Train Loss: 0.055784, Val Loss: 0.056436[0m
2026-01-03 07:20:56,105 | INFO     | New best model saved with Val Loss: 0.056436
2026-01-03 07:41:21,017 | INFO     | Epoch 135/250 - Train Loss: 0.055204, Val Loss: 0.058684[0m
2026-01-03 08:01:45,110 | INFO     | Epoch 136/250 - Train Loss: 0.055944, Val Loss: 0.057691[0m
2026-01-03 08:22:08,973 | INFO     | Epoch 137/250 - Train Loss: 0.055289, Val Loss: 0.059280[0m
2026-01-03 08:42:34,652 | INFO     | Epoch 138/250 - Train Loss: 0.055981, Val Loss: 0.059067[0m
2026-01-03 09:02:59,234 | INFO     | Epoch 139/250 - Train Loss: 0.054897, Val Loss: 0.055759[0m
2026-01-03 09:02:59,286 | INFO     | New best model saved with Val Loss: 0.055759
2026-01-03 09:23:24,080 | INFO     | Epoch 140/250 - Train Loss: 0.054723, Val Loss: 0.059015[0m
2026-01-03 09:43:48,376 | INFO     | Epoch 141/250 - Train Loss: 0.054451, Val Loss: 0.058601[0m
2026-01-03 10:04:12,729 | INFO     | Epoch 142/250 - Train Loss: 0.054445, Val Loss: 0.060345[0m
2026-01-03 10:24:38,743 | INFO     | Epoch 143/250 - Train Loss: 0.055192, Val Loss: 0.056157[0m
2026-01-03 10:45:03,134 | INFO     | Epoch 144/250 - Train Loss: 0.053603, Val Loss: 0.056852[0m
2026-01-03 11:05:27,110 | INFO     | Epoch 145/250 - Train Loss: 0.053850, Val Loss: 0.054176[0m
2026-01-03 11:05:27,162 | INFO     | New best model saved with Val Loss: 0.054176
2026-01-03 11:25:50,937 | INFO     | Epoch 146/250 - Train Loss: 0.053218, Val Loss: 0.057708[0m
2026-01-03 11:46:15,390 | INFO     | Epoch 147/250 - Train Loss: 0.054193, Val Loss: 0.057021[0m
2026-01-03 12:06:40,989 | INFO     | Epoch 148/250 - Train Loss: 0.052882, Val Loss: 0.054789[0m
2026-01-03 12:27:05,602 | INFO     | Epoch 149/250 - Train Loss: 0.053715, Val Loss: 0.054161[0m
2026-01-03 12:27:05,654 | INFO     | New best model saved with Val Loss: 0.054161
2026-01-03 12:47:29,170 | INFO     | Epoch 150/250 - Train Loss: 0.053227, Val Loss: 0.054119[0m
2026-01-03 12:47:29,223 | INFO     | New best model saved with Val Loss: 0.054119
2026-01-03 13:07:52,981 | INFO     | Epoch 151/250 - Train Loss: 0.047642, Val Loss: 0.050549[0m
2026-01-03 13:07:53,033 | INFO     | New best model saved with Val Loss: 0.050549
2026-01-03 13:28:17,850 | INFO     | Epoch 152/250 - Train Loss: 0.047302, Val Loss: 0.050669[0m
2026-01-03 13:48:43,669 | INFO     | Epoch 153/250 - Train Loss: 0.047260, Val Loss: 0.051300[0m
2026-01-03 14:09:08,634 | INFO     | Epoch 154/250 - Train Loss: 0.047220, Val Loss: 0.051210[0m
2026-01-03 14:29:32,762 | INFO     | Epoch 155/250 - Train Loss: 0.047335, Val Loss: 0.051172[0m
2026-01-03 14:49:56,970 | INFO     | Epoch 156/250 - Train Loss: 0.047209, Val Loss: 0.050102[0m
2026-01-03 14:49:57,016 | INFO     | New best model saved with Val Loss: 0.050102
2026-01-03 15:10:22,179 | INFO     | Epoch 157/250 - Train Loss: 0.046873, Val Loss: 0.049985[0m
2026-01-03 15:10:22,231 | INFO     | New best model saved with Val Loss: 0.049985
2026-01-03 15:30:48,175 | INFO     | Epoch 158/250 - Train Loss: 0.046950, Val Loss: 0.050486[0m
2026-01-03 15:51:13,889 | INFO     | Epoch 159/250 - Train Loss: 0.046682, Val Loss: 0.050299[0m
2026-01-03 16:11:38,302 | INFO     | Epoch 160/250 - Train Loss: 0.046534, Val Loss: 0.049764[0m
2026-01-03 16:11:38,358 | INFO     | New best model saved with Val Loss: 0.049764
2026-01-03 16:32:06,936 | INFO     | Epoch 161/250 - Train Loss: 0.046376, Val Loss: 0.050781[0m
2026-01-03 16:52:34,826 | INFO     | Epoch 162/250 - Train Loss: 0.046360, Val Loss: 0.050965[0m
2026-01-03 17:13:00,948 | INFO     | Epoch 163/250 - Train Loss: 0.046164, Val Loss: 0.049718[0m
2026-01-03 17:13:01,001 | INFO     | New best model saved with Val Loss: 0.049718
2026-01-03 17:33:26,210 | INFO     | Epoch 164/250 - Train Loss: 0.046323, Val Loss: 0.049106[0m
2026-01-03 17:33:26,254 | INFO     | New best model saved with Val Loss: 0.049106
2026-01-03 17:53:51,152 | INFO     | Epoch 165/250 - Train Loss: 0.046189, Val Loss: 0.050477[0m
2026-01-03 18:14:16,522 | INFO     | Epoch 166/250 - Train Loss: 0.045645, Val Loss: 0.049910[0m
2026-01-03 18:34:42,905 | INFO     | Epoch 167/250 - Train Loss: 0.045938, Val Loss: 0.048976[0m
2026-01-03 18:34:42,959 | INFO     | New best model saved with Val Loss: 0.048976
2026-01-03 18:55:08,016 | INFO     | Epoch 168/250 - Train Loss: 0.045607, Val Loss: 0.048489[0m
2026-01-03 18:55:08,070 | INFO     | New best model saved with Val Loss: 0.048489
2026-01-03 19:15:32,467 | INFO     | Epoch 169/250 - Train Loss: 0.045461, Val Loss: 0.048765[0m
2026-01-03 19:35:56,348 | INFO     | Epoch 170/250 - Train Loss: 0.045272, Val Loss: 0.048411[0m
2026-01-03 19:35:56,402 | INFO     | New best model saved with Val Loss: 0.048411
2026-01-03 19:56:21,213 | INFO     | Epoch 171/250 - Train Loss: 0.045538, Val Loss: 0.049144[0m
2026-01-03 20:16:48,287 | INFO     | Epoch 172/250 - Train Loss: 0.045269, Val Loss: 0.048164[0m
2026-01-03 20:16:48,339 | INFO     | New best model saved with Val Loss: 0.048164
2026-01-03 20:37:13,486 | INFO     | Epoch 173/250 - Train Loss: 0.045377, Val Loss: 0.049091[0m
2026-01-03 20:57:37,835 | INFO     | Epoch 174/250 - Train Loss: 0.045123, Val Loss: 0.048840[0m
2026-01-03 21:18:02,217 | INFO     | Epoch 175/250 - Train Loss: 0.044917, Val Loss: 0.048636[0m
2026-01-03 21:38:27,762 | INFO     | Epoch 176/250 - Train Loss: 0.045045, Val Loss: 0.048927[0m
2026-01-03 21:58:52,967 | INFO     | Epoch 177/250 - Train Loss: 0.044888, Val Loss: 0.049549[0m
2026-01-03 22:19:17,791 | INFO     | Epoch 178/250 - Train Loss: 0.044809, Val Loss: 0.049003[0m
2026-01-03 22:39:41,790 | INFO     | Epoch 179/250 - Train Loss: 0.044898, Val Loss: 0.049794[0m
2026-01-03 23:00:05,770 | INFO     | Epoch 180/250 - Train Loss: 0.044936, Val Loss: 0.048067[0m
2026-01-03 23:00:05,828 | INFO     | New best model saved with Val Loss: 0.048067
2026-01-03 23:20:32,731 | INFO     | Epoch 181/250 - Train Loss: 0.044314, Val Loss: 0.048575[0m
2026-01-03 23:40:58,964 | INFO     | Epoch 182/250 - Train Loss: 0.044222, Val Loss: 0.048699[0m
2026-01-04 00:01:24,358 | INFO     | Epoch 183/250 - Train Loss: 0.044291, Val Loss: 0.048285[0m
2026-01-04 00:21:48,555 | INFO     | Epoch 184/250 - Train Loss: 0.044208, Val Loss: 0.047500[0m
2026-01-04 00:21:48,606 | INFO     | New best model saved with Val Loss: 0.047500
2026-01-04 00:42:13,229 | INFO     | Epoch 185/250 - Train Loss: 0.044434, Val Loss: 0.047932[0m
2026-01-04 01:02:38,939 | INFO     | Epoch 186/250 - Train Loss: 0.043965, Val Loss: 0.047767[0m
2026-01-04 01:23:05,265 | INFO     | Epoch 187/250 - Train Loss: 0.044088, Val Loss: 0.047698[0m
2026-01-04 01:43:30,841 | INFO     | Epoch 188/250 - Train Loss: 0.044107, Val Loss: 0.048442[0m
2026-01-04 02:03:55,539 | INFO     | Epoch 189/250 - Train Loss: 0.044253, Val Loss: 0.047769[0m
2026-01-04 02:24:22,347 | INFO     | Epoch 190/250 - Train Loss: 0.043636, Val Loss: 0.047442[0m
2026-01-04 02:24:22,400 | INFO     | New best model saved with Val Loss: 0.047442
2026-01-04 02:44:47,866 | INFO     | Epoch 191/250 - Train Loss: 0.043588, Val Loss: 0.047394[0m
2026-01-04 02:44:47,918 | INFO     | New best model saved with Val Loss: 0.047394
2026-01-04 03:05:13,622 | INFO     | Epoch 192/250 - Train Loss: 0.043379, Val Loss: 0.047225[0m
2026-01-04 03:05:13,675 | INFO     | New best model saved with Val Loss: 0.047225
2026-01-04 03:25:39,503 | INFO     | Epoch 193/250 - Train Loss: 0.043674, Val Loss: 0.047604[0m
2026-01-04 03:46:06,053 | INFO     | Epoch 194/250 - Train Loss: 0.043460, Val Loss: 0.049345[0m
2026-01-04 04:06:32,429 | INFO     | Epoch 195/250 - Train Loss: 0.043472, Val Loss: 0.046651[0m
2026-01-04 04:06:32,482 | INFO     | New best model saved with Val Loss: 0.046651
2026-01-04 04:26:57,511 | INFO     | Epoch 196/250 - Train Loss: 0.043247, Val Loss: 0.047398[0m
2026-01-04 04:47:22,103 | INFO     | Epoch 197/250 - Train Loss: 0.043267, Val Loss: 0.046689[0m
2026-01-04 05:07:45,730 | INFO     | Epoch 198/250 - Train Loss: 0.043062, Val Loss: 0.047045[0m
2026-01-04 05:28:09,397 | INFO     | Epoch 199/250 - Train Loss: 0.042903, Val Loss: 0.048368[0m
2026-01-04 05:48:34,670 | INFO     | Epoch 200/250 - Train Loss: 0.043323, Val Loss: 0.046573[0m
2026-01-04 05:48:34,725 | INFO     | New best model saved with Val Loss: 0.046573
2026-01-04 06:08:59,297 | INFO     | Epoch 201/250 - Train Loss: 0.040216, Val Loss: 0.045599[0m
2026-01-04 06:08:59,350 | INFO     | New best model saved with Val Loss: 0.045599
2026-01-04 06:29:23,902 | INFO     | Epoch 202/250 - Train Loss: 0.040115, Val Loss: 0.044904[0m
2026-01-04 06:29:23,954 | INFO     | New best model saved with Val Loss: 0.044904
2026-01-04 06:49:47,558 | INFO     | Epoch 203/250 - Train Loss: 0.040154, Val Loss: 0.045808[0m
2026-01-04 07:10:11,222 | INFO     | Epoch 204/250 - Train Loss: 0.040169, Val Loss: 0.045119[0m
2026-01-04 07:30:36,598 | INFO     | Epoch 205/250 - Train Loss: 0.040078, Val Loss: 0.044976[0m
2026-01-04 07:51:01,670 | INFO     | Epoch 206/250 - Train Loss: 0.039870, Val Loss: 0.044652[0m
2026-01-04 07:51:01,722 | INFO     | New best model saved with Val Loss: 0.044652
2026-01-04 08:11:25,975 | INFO     | Epoch 207/250 - Train Loss: 0.040016, Val Loss: 0.044876[0m
2026-01-04 08:31:49,700 | INFO     | Epoch 208/250 - Train Loss: 0.039855, Val Loss: 0.044792[0m
2026-01-04 08:52:13,914 | INFO     | Epoch 209/250 - Train Loss: 0.040029, Val Loss: 0.044698[0m
2026-01-04 09:12:39,224 | INFO     | Epoch 210/250 - Train Loss: 0.039889, Val Loss: 0.044468[0m
2026-01-04 09:12:39,276 | INFO     | New best model saved with Val Loss: 0.044468
2026-01-04 09:33:04,931 | INFO     | Epoch 211/250 - Train Loss: 0.039734, Val Loss: 0.044182[0m
2026-01-04 09:33:04,984 | INFO     | New best model saved with Val Loss: 0.044182
2026-01-04 09:53:28,769 | INFO     | Epoch 212/250 - Train Loss: 0.039660, Val Loss: 0.044308[0m
2026-01-04 10:13:52,686 | INFO     | Epoch 213/250 - Train Loss: 0.039611, Val Loss: 0.043974[0m
2026-01-04 10:13:52,739 | INFO     | New best model saved with Val Loss: 0.043974
2026-01-04 10:34:17,633 | INFO     | Epoch 214/250 - Train Loss: 0.039522, Val Loss: 0.044334[0m
2026-01-04 10:54:42,061 | INFO     | Epoch 215/250 - Train Loss: 0.039571, Val Loss: 0.044798[0m
2026-01-04 11:15:07,230 | INFO     | Epoch 216/250 - Train Loss: 0.039511, Val Loss: 0.044271[0m
2026-01-04 11:35:31,018 | INFO     | Epoch 217/250 - Train Loss: 0.039375, Val Loss: 0.044534[0m
2026-01-04 11:55:54,857 | INFO     | Epoch 218/250 - Train Loss: 0.039425, Val Loss: 0.044155[0m
2026-01-04 12:16:20,378 | INFO     | Epoch 219/250 - Train Loss: 0.039456, Val Loss: 0.044141[0m
2026-01-04 12:36:44,949 | INFO     | Epoch 220/250 - Train Loss: 0.039302, Val Loss: 0.044531[0m
2026-01-04 12:57:09,831 | INFO     | Epoch 221/250 - Train Loss: 0.039156, Val Loss: 0.044426[0m
2026-01-04 13:17:33,649 | INFO     | Epoch 222/250 - Train Loss: 0.039100, Val Loss: 0.043926[0m
2026-01-04 13:17:33,703 | INFO     | New best model saved with Val Loss: 0.043926
2026-01-04 13:37:57,513 | INFO     | Epoch 223/250 - Train Loss: 0.039182, Val Loss: 0.043877[0m
2026-01-04 13:37:57,566 | INFO     | New best model saved with Val Loss: 0.043877
2026-01-04 13:58:22,998 | INFO     | Epoch 224/250 - Train Loss: 0.039056, Val Loss: 0.044133[0m
2026-01-04 14:18:47,766 | INFO     | Epoch 225/250 - Train Loss: 0.039036, Val Loss: 0.044133[0m
2026-01-04 14:39:12,980 | INFO     | Epoch 226/250 - Train Loss: 0.038961, Val Loss: 0.043543[0m
2026-01-04 14:39:13,035 | INFO     | New best model saved with Val Loss: 0.043543
2026-01-04 14:59:37,229 | INFO     | Epoch 227/250 - Train Loss: 0.038986, Val Loss: 0.043501[0m
2026-01-04 14:59:37,282 | INFO     | New best model saved with Val Loss: 0.043501
2026-01-04 15:20:01,349 | INFO     | Epoch 228/250 - Train Loss: 0.038901, Val Loss: 0.044079[0m
2026-01-04 15:40:27,031 | INFO     | Epoch 229/250 - Train Loss: 0.038823, Val Loss: 0.043459[0m
2026-01-04 15:40:27,078 | INFO     | New best model saved with Val Loss: 0.043459
2026-01-04 16:00:52,484 | INFO     | Epoch 230/250 - Train Loss: 0.038760, Val Loss: 0.044348[0m
2026-01-04 16:21:16,751 | INFO     | Epoch 231/250 - Train Loss: 0.038796, Val Loss: 0.043909[0m
2026-01-04 16:41:40,598 | INFO     | Epoch 232/250 - Train Loss: 0.038798, Val Loss: 0.043867[0m
2026-01-04 17:02:05,244 | INFO     | Epoch 233/250 - Train Loss: 0.038791, Val Loss: 0.043366[0m
2026-01-04 17:02:05,297 | INFO     | New best model saved with Val Loss: 0.043366
2026-01-04 17:22:30,067 | INFO     | Epoch 234/250 - Train Loss: 0.038620, Val Loss: 0.043355[0m
2026-01-04 17:22:30,122 | INFO     | New best model saved with Val Loss: 0.043355
2026-01-04 17:42:55,738 | INFO     | Epoch 235/250 - Train Loss: 0.038790, Val Loss: 0.042967[0m
2026-01-04 17:42:55,791 | INFO     | New best model saved with Val Loss: 0.042967
2026-01-04 18:03:19,652 | INFO     | Epoch 236/250 - Train Loss: 0.038431, Val Loss: 0.043998[0m
2026-01-04 18:23:43,621 | INFO     | Epoch 237/250 - Train Loss: 0.038371, Val Loss: 0.043301[0m
2026-01-04 18:44:10,029 | INFO     | Epoch 238/250 - Train Loss: 0.038283, Val Loss: 0.043198[0m
2026-01-04 19:04:34,280 | INFO     | Epoch 239/250 - Train Loss: 0.038452, Val Loss: 0.043237[0m
2026-01-04 19:24:59,871 | INFO     | Epoch 240/250 - Train Loss: 0.038319, Val Loss: 0.043505[0m
2026-01-04 19:45:23,823 | INFO     | Epoch 241/250 - Train Loss: 0.038231, Val Loss: 0.043541[0m
2026-01-04 20:05:47,790 | INFO     | Epoch 242/250 - Train Loss: 0.038327, Val Loss: 0.043477[0m
2026-01-04 20:26:13,551 | INFO     | Epoch 243/250 - Train Loss: 0.038266, Val Loss: 0.044066[0m
2026-01-04 20:46:38,173 | INFO     | Epoch 244/250 - Train Loss: 0.038153, Val Loss: 0.043542[0m
2026-01-04 21:07:03,322 | INFO     | Epoch 245/250 - Train Loss: 0.038146, Val Loss: 0.043123[0m
2026-01-04 21:27:27,370 | INFO     | Epoch 246/250 - Train Loss: 0.038025, Val Loss: 0.043240[0m
2026-01-04 21:47:51,390 | INFO     | Epoch 247/250 - Train Loss: 0.038288, Val Loss: 0.042769[0m
2026-01-04 21:47:51,442 | INFO     | New best model saved with Val Loss: 0.042769
2026-01-04 22:08:18,235 | INFO     | Epoch 248/250 - Train Loss: 0.037904, Val Loss: 0.043540[0m
2026-01-04 22:28:44,223 | INFO     | Epoch 249/250 - Train Loss: 0.038074, Val Loss: 0.043534[0m
2026-01-04 22:48:51,495 | INFO     | Epoch 250/250 - Train Loss: 0.037899, Val Loss: 0.042922[0m
2026-01-04 22:48:51,615 | INFO     | Final model saved to experiments_DrivAerML/wss_N10k_lr1e-3_e250/final_model.pth
2026-01-04 22:48:51,615 | INFO     | Testing the final model
2026-01-04 22:49:22,585 | INFO     | *******************[35mL2_erro:[0m
2026-01-04 22:49:22,585 | INFO     |  0.174992
2026-01-04 22:49:22,585 | INFO     | *******************[35mmse_loss:[0m
2026-01-04 22:49:22,585 | INFO     |  0.040124
2026-01-04 22:49:22,585 | INFO     | *******************[35minference_time:[0m
2026-01-04 22:49:22,585 | INFO     |  0.025351
2026-01-04 22:49:22,585 | INFO     | Testing the best model
2026-01-04 22:49:54,552 | INFO     | *******************[35mL2_erro:[0m
2026-01-04 22:49:54,552 | INFO     |  0.175427
2026-01-04 22:49:54,552 | INFO     | *******************[35mmse_loss:[0m
2026-01-04 22:49:54,552 | INFO     |  0.040341
2026-01-04 22:49:54,552 | INFO     | *******************[35minference_time:[0m
2026-01-04 22:49:54,552 | INFO     |  0.025579
