2025-12-22 17:46:49,656 | INFO     | Config:
exp_name: velocity_N10k_lr1e-3_e250_justOne
model:
  input_dim: 3
  output_dim: 3
  head_num: 8
  hidden_dim: 256
  res: true
  slice_num: 32
  layer_num: 5
  mlp_ratio: 1.5
  dropout: 0.1
training:
  input: volume_anchor_position
  target: volume_anchor_velocity
  batch_size: 1
  epochs: 250
  lr: 0.001
  scheduler_step: 50
  scheduler_gamma: 0.5
  max_grad_norm: 0.1
  num_workers: 1
  weight_decay: 0.0
  test_only: 0
  gpus: '0'
  root_dir: /mnt/wjc_group/mae-zhangbj/DrivAerML_dataset/small
  seed: 42

2025-12-22 17:46:49,656 | INFO     | args.exp_name : velocity_N10k_lr1e-3_e250_justOne
2025-12-22 17:46:49,656 | INFO     | Starting training with 1 GPUs
2025-12-22 17:46:49,941 | INFO     | Total trainable parameters: 3381835
2025-12-22 17:46:49,942 | INFO     | Data loaded: 380 training batches, 33 validation batches, 44 test batches
2025-12-22 17:46:49,942 | INFO     | Staring training for 250 epochs
2025-12-22 17:49:21,956 | INFO     | Epoch 1/250 - Train Loss: 0.975881, Val Loss: 0.828468[0m
2025-12-22 17:49:21,984 | INFO     | New best model saved with Val Loss: 0.828468
2025-12-22 17:51:54,092 | INFO     | Epoch 2/250 - Train Loss: 0.740280, Val Loss: 0.672891[0m
2025-12-22 17:51:54,145 | INFO     | New best model saved with Val Loss: 0.672891
2025-12-22 17:54:26,345 | INFO     | Epoch 3/250 - Train Loss: 0.634632, Val Loss: 0.575610[0m
2025-12-22 17:54:26,397 | INFO     | New best model saved with Val Loss: 0.575610
2025-12-22 17:56:58,595 | INFO     | Epoch 4/250 - Train Loss: 0.494310, Val Loss: 0.413159[0m
2025-12-22 17:56:58,642 | INFO     | New best model saved with Val Loss: 0.413159
2025-12-22 17:59:30,731 | INFO     | Epoch 5/250 - Train Loss: 0.393200, Val Loss: 0.341191[0m
2025-12-22 17:59:30,782 | INFO     | New best model saved with Val Loss: 0.341191
2025-12-22 18:02:02,857 | INFO     | Epoch 6/250 - Train Loss: 0.325658, Val Loss: 0.291647[0m
2025-12-22 18:02:02,908 | INFO     | New best model saved with Val Loss: 0.291647
2025-12-22 18:04:35,045 | INFO     | Epoch 7/250 - Train Loss: 0.295740, Val Loss: 0.274936[0m
2025-12-22 18:04:35,096 | INFO     | New best model saved with Val Loss: 0.274936
2025-12-22 18:07:07,180 | INFO     | Epoch 8/250 - Train Loss: 0.273490, Val Loss: 0.267080[0m
2025-12-22 18:07:07,231 | INFO     | New best model saved with Val Loss: 0.267080
2025-12-22 18:09:39,263 | INFO     | Epoch 9/250 - Train Loss: 0.254841, Val Loss: 0.240684[0m
2025-12-22 18:09:39,314 | INFO     | New best model saved with Val Loss: 0.240684
2025-12-22 18:12:11,324 | INFO     | Epoch 10/250 - Train Loss: 0.251475, Val Loss: 0.284846[0m
2025-12-22 18:14:43,436 | INFO     | Epoch 11/250 - Train Loss: 0.235516, Val Loss: 0.204521[0m
2025-12-22 18:14:43,486 | INFO     | New best model saved with Val Loss: 0.204521
2025-12-22 18:17:15,484 | INFO     | Epoch 12/250 - Train Loss: 0.215588, Val Loss: 0.208479[0m
2025-12-22 18:19:47,480 | INFO     | Epoch 13/250 - Train Loss: 0.208767, Val Loss: 0.203551[0m
2025-12-22 18:19:47,531 | INFO     | New best model saved with Val Loss: 0.203551
2025-12-22 18:22:19,436 | INFO     | Epoch 14/250 - Train Loss: 0.195658, Val Loss: 0.186089[0m
2025-12-22 18:22:19,482 | INFO     | New best model saved with Val Loss: 0.186089
2025-12-22 18:24:51,481 | INFO     | Epoch 15/250 - Train Loss: 0.189608, Val Loss: 0.178986[0m
2025-12-22 18:24:51,533 | INFO     | New best model saved with Val Loss: 0.178986
2025-12-22 18:27:23,437 | INFO     | Epoch 16/250 - Train Loss: 0.181515, Val Loss: 0.182882[0m
2025-12-22 18:29:55,444 | INFO     | Epoch 17/250 - Train Loss: 0.170676, Val Loss: 0.161956[0m
2025-12-22 18:29:55,494 | INFO     | New best model saved with Val Loss: 0.161956
2025-12-22 18:32:27,492 | INFO     | Epoch 18/250 - Train Loss: 0.169108, Val Loss: 0.148161[0m
2025-12-22 18:32:27,542 | INFO     | New best model saved with Val Loss: 0.148161
2025-12-22 18:34:59,524 | INFO     | Epoch 19/250 - Train Loss: 0.155134, Val Loss: 0.146122[0m
2025-12-22 18:34:59,574 | INFO     | New best model saved with Val Loss: 0.146122
2025-12-22 18:37:31,581 | INFO     | Epoch 20/250 - Train Loss: 0.148896, Val Loss: 0.142313[0m
2025-12-22 18:37:31,632 | INFO     | New best model saved with Val Loss: 0.142313
2025-12-22 18:40:03,732 | INFO     | Epoch 21/250 - Train Loss: 0.144329, Val Loss: 0.127263[0m
2025-12-22 18:40:03,783 | INFO     | New best model saved with Val Loss: 0.127263
2025-12-22 18:42:35,810 | INFO     | Epoch 22/250 - Train Loss: 0.134858, Val Loss: 0.130248[0m
2025-12-22 18:45:07,848 | INFO     | Epoch 23/250 - Train Loss: 0.130306, Val Loss: 0.114269[0m
2025-12-22 18:45:07,899 | INFO     | New best model saved with Val Loss: 0.114269
2025-12-22 18:47:39,945 | INFO     | Epoch 24/250 - Train Loss: 0.131987, Val Loss: 0.127172[0m
2025-12-22 18:50:11,949 | INFO     | Epoch 25/250 - Train Loss: 0.125696, Val Loss: 0.110722[0m
2025-12-22 18:50:11,995 | INFO     | New best model saved with Val Loss: 0.110722
2025-12-22 18:52:44,038 | INFO     | Epoch 26/250 - Train Loss: 0.114555, Val Loss: 0.109244[0m
2025-12-22 18:52:44,094 | INFO     | New best model saved with Val Loss: 0.109244
2025-12-22 18:55:16,104 | INFO     | Epoch 27/250 - Train Loss: 0.109962, Val Loss: 0.106785[0m
2025-12-22 18:55:16,154 | INFO     | New best model saved with Val Loss: 0.106785
2025-12-22 18:57:48,129 | INFO     | Epoch 28/250 - Train Loss: 0.106529, Val Loss: 0.098308[0m
2025-12-22 18:57:48,180 | INFO     | New best model saved with Val Loss: 0.098308
2025-12-22 19:00:20,160 | INFO     | Epoch 29/250 - Train Loss: 0.103764, Val Loss: 0.101916[0m
2025-12-22 19:02:52,040 | INFO     | Epoch 30/250 - Train Loss: 0.102854, Val Loss: 0.103686[0m
2025-12-22 19:05:24,110 | INFO     | Epoch 31/250 - Train Loss: 0.098054, Val Loss: 0.101283[0m
2025-12-22 19:07:56,081 | INFO     | Epoch 32/250 - Train Loss: 0.100480, Val Loss: 0.163968[0m
2025-12-22 19:10:28,058 | INFO     | Epoch 33/250 - Train Loss: 0.097941, Val Loss: 0.088475[0m
2025-12-22 19:10:28,100 | INFO     | New best model saved with Val Loss: 0.088475
2025-12-22 19:13:00,096 | INFO     | Epoch 34/250 - Train Loss: 0.091645, Val Loss: 0.094880[0m
2025-12-22 19:15:32,073 | INFO     | Epoch 35/250 - Train Loss: 0.088812, Val Loss: 0.082954[0m
2025-12-22 19:15:32,123 | INFO     | New best model saved with Val Loss: 0.082954
2025-12-22 19:18:04,098 | INFO     | Epoch 36/250 - Train Loss: 0.087142, Val Loss: 0.091698[0m
2025-12-22 19:20:35,973 | INFO     | Epoch 37/250 - Train Loss: 0.087692, Val Loss: 0.086041[0m
2025-12-22 19:23:07,974 | INFO     | Epoch 38/250 - Train Loss: 0.083786, Val Loss: 0.080756[0m
2025-12-22 19:23:08,025 | INFO     | New best model saved with Val Loss: 0.080756
2025-12-22 19:25:40,048 | INFO     | Epoch 39/250 - Train Loss: 0.083680, Val Loss: 0.075783[0m
2025-12-22 19:25:40,099 | INFO     | New best model saved with Val Loss: 0.075783
2025-12-22 19:28:12,104 | INFO     | Epoch 40/250 - Train Loss: 0.081363, Val Loss: 0.082951[0m
2025-12-22 19:30:44,100 | INFO     | Epoch 41/250 - Train Loss: 0.080491, Val Loss: 0.080640[0m
2025-12-22 19:33:16,013 | INFO     | Epoch 42/250 - Train Loss: 0.084532, Val Loss: 0.087570[0m
2025-12-22 19:35:47,897 | INFO     | Epoch 43/250 - Train Loss: 0.079972, Val Loss: 0.072328[0m
2025-12-22 19:35:47,948 | INFO     | New best model saved with Val Loss: 0.072328
2025-12-22 19:38:19,831 | INFO     | Epoch 44/250 - Train Loss: 0.076436, Val Loss: 0.076130[0m
2025-12-22 19:40:51,688 | INFO     | Epoch 45/250 - Train Loss: 0.074913, Val Loss: 0.069050[0m
2025-12-22 19:40:51,734 | INFO     | New best model saved with Val Loss: 0.069050
2025-12-22 19:43:23,612 | INFO     | Epoch 46/250 - Train Loss: 0.073593, Val Loss: 0.078553[0m
2025-12-22 19:45:55,485 | INFO     | Epoch 47/250 - Train Loss: 0.074225, Val Loss: 0.065657[0m
2025-12-22 19:45:55,536 | INFO     | New best model saved with Val Loss: 0.065657
2025-12-22 19:48:27,412 | INFO     | Epoch 48/250 - Train Loss: 0.070976, Val Loss: 0.086173[0m
2025-12-22 19:50:59,321 | INFO     | Epoch 49/250 - Train Loss: 0.073095, Val Loss: 0.068683[0m
2025-12-22 19:53:31,192 | INFO     | Epoch 50/250 - Train Loss: 0.069878, Val Loss: 0.069191[0m
2025-12-22 19:56:03,172 | INFO     | Epoch 51/250 - Train Loss: 0.057131, Val Loss: 0.055637[0m
2025-12-22 19:56:03,218 | INFO     | New best model saved with Val Loss: 0.055637
2025-12-22 19:58:35,096 | INFO     | Epoch 52/250 - Train Loss: 0.055742, Val Loss: 0.055458[0m
2025-12-22 19:58:35,148 | INFO     | New best model saved with Val Loss: 0.055458
2025-12-22 20:01:07,042 | INFO     | Epoch 53/250 - Train Loss: 0.055704, Val Loss: 0.057308[0m
2025-12-22 20:03:38,943 | INFO     | Epoch 54/250 - Train Loss: 0.054926, Val Loss: 0.055173[0m
2025-12-22 20:03:38,991 | INFO     | New best model saved with Val Loss: 0.055173
2025-12-22 20:06:10,877 | INFO     | Epoch 55/250 - Train Loss: 0.055047, Val Loss: 0.053010[0m
2025-12-22 20:06:10,927 | INFO     | New best model saved with Val Loss: 0.053010
2025-12-22 20:08:42,789 | INFO     | Epoch 56/250 - Train Loss: 0.054129, Val Loss: 0.057275[0m
2025-12-22 20:11:14,652 | INFO     | Epoch 57/250 - Train Loss: 0.053855, Val Loss: 0.054576[0m
2025-12-22 20:13:46,525 | INFO     | Epoch 58/250 - Train Loss: 0.052740, Val Loss: 0.054362[0m
2025-12-22 20:16:18,376 | INFO     | Epoch 59/250 - Train Loss: 0.053280, Val Loss: 0.055330[0m
2025-12-22 20:18:50,230 | INFO     | Epoch 60/250 - Train Loss: 0.052216, Val Loss: 0.057311[0m
2025-12-22 20:21:22,188 | INFO     | Epoch 61/250 - Train Loss: 0.051541, Val Loss: 0.054585[0m
2025-12-22 20:23:54,070 | INFO     | Epoch 62/250 - Train Loss: 0.050801, Val Loss: 0.056478[0m
2025-12-22 20:26:25,937 | INFO     | Epoch 63/250 - Train Loss: 0.050942, Val Loss: 0.051988[0m
2025-12-22 20:26:25,988 | INFO     | New best model saved with Val Loss: 0.051988
2025-12-22 20:28:57,861 | INFO     | Epoch 64/250 - Train Loss: 0.050041, Val Loss: 0.059044[0m
2025-12-22 20:31:29,735 | INFO     | Epoch 65/250 - Train Loss: 0.050748, Val Loss: 0.049887[0m
2025-12-22 20:31:29,781 | INFO     | New best model saved with Val Loss: 0.049887
2025-12-22 20:34:01,661 | INFO     | Epoch 66/250 - Train Loss: 0.049053, Val Loss: 0.053234[0m
2025-12-22 20:36:33,543 | INFO     | Epoch 67/250 - Train Loss: 0.048846, Val Loss: 0.052059[0m
2025-12-22 20:39:05,411 | INFO     | Epoch 68/250 - Train Loss: 0.048664, Val Loss: 0.050655[0m
2025-12-22 20:41:37,318 | INFO     | Epoch 69/250 - Train Loss: 0.048668, Val Loss: 0.049759[0m
2025-12-22 20:41:37,369 | INFO     | New best model saved with Val Loss: 0.049759
2025-12-22 20:44:09,245 | INFO     | Epoch 70/250 - Train Loss: 0.047699, Val Loss: 0.051045[0m
2025-12-22 20:46:41,223 | INFO     | Epoch 71/250 - Train Loss: 0.047305, Val Loss: 0.048543[0m
2025-12-22 20:46:41,270 | INFO     | New best model saved with Val Loss: 0.048543
2025-12-22 20:49:13,169 | INFO     | Epoch 72/250 - Train Loss: 0.046449, Val Loss: 0.048368[0m
2025-12-22 20:49:13,219 | INFO     | New best model saved with Val Loss: 0.048368
2025-12-22 20:51:45,101 | INFO     | Epoch 73/250 - Train Loss: 0.046646, Val Loss: 0.049354[0m
2025-12-22 20:54:16,964 | INFO     | Epoch 74/250 - Train Loss: 0.046773, Val Loss: 0.047852[0m
2025-12-22 20:54:17,015 | INFO     | New best model saved with Val Loss: 0.047852
2025-12-22 20:56:48,926 | INFO     | Epoch 75/250 - Train Loss: 0.045704, Val Loss: 0.047465[0m
2025-12-22 20:56:48,988 | INFO     | New best model saved with Val Loss: 0.047465
2025-12-22 20:59:20,901 | INFO     | Epoch 76/250 - Train Loss: 0.045964, Val Loss: 0.046782[0m
2025-12-22 20:59:20,953 | INFO     | New best model saved with Val Loss: 0.046782
2025-12-22 21:01:52,833 | INFO     | Epoch 77/250 - Train Loss: 0.045567, Val Loss: 0.048893[0m
2025-12-22 21:04:24,691 | INFO     | Epoch 78/250 - Train Loss: 0.051256, Val Loss: 0.049288[0m
2025-12-22 21:06:56,552 | INFO     | Epoch 79/250 - Train Loss: 0.044438, Val Loss: 0.048348[0m
2025-12-22 21:09:28,461 | INFO     | Epoch 80/250 - Train Loss: 0.044170, Val Loss: 0.046735[0m
2025-12-22 21:09:28,510 | INFO     | New best model saved with Val Loss: 0.046735
2025-12-22 21:12:00,480 | INFO     | Epoch 81/250 - Train Loss: 0.044164, Val Loss: 0.049149[0m
2025-12-22 21:14:32,349 | INFO     | Epoch 82/250 - Train Loss: 0.043857, Val Loss: 0.045030[0m
2025-12-22 21:14:32,401 | INFO     | New best model saved with Val Loss: 0.045030
2025-12-22 21:17:04,280 | INFO     | Epoch 83/250 - Train Loss: 0.043981, Val Loss: 0.047947[0m
2025-12-22 21:19:36,307 | INFO     | Epoch 84/250 - Train Loss: 0.043797, Val Loss: 0.049727[0m
2025-12-22 21:22:08,205 | INFO     | Epoch 85/250 - Train Loss: 0.044263, Val Loss: 0.049036[0m
2025-12-22 21:24:40,089 | INFO     | Epoch 86/250 - Train Loss: 0.043018, Val Loss: 0.043452[0m
2025-12-22 21:24:40,141 | INFO     | New best model saved with Val Loss: 0.043452
2025-12-22 21:27:12,033 | INFO     | Epoch 87/250 - Train Loss: 0.042099, Val Loss: 0.045838[0m
2025-12-22 21:29:43,899 | INFO     | Epoch 88/250 - Train Loss: 0.042493, Val Loss: 0.044888[0m
2025-12-22 21:32:15,782 | INFO     | Epoch 89/250 - Train Loss: 0.041956, Val Loss: 0.045819[0m
2025-12-22 21:34:47,663 | INFO     | Epoch 90/250 - Train Loss: 0.042142, Val Loss: 0.046826[0m
2025-12-22 21:37:19,662 | INFO     | Epoch 91/250 - Train Loss: 0.041844, Val Loss: 0.045680[0m
2025-12-22 21:39:51,566 | INFO     | Epoch 92/250 - Train Loss: 0.041175, Val Loss: 0.046486[0m
2025-12-22 21:42:23,457 | INFO     | Epoch 93/250 - Train Loss: 0.041820, Val Loss: 0.044558[0m
2025-12-22 21:44:55,352 | INFO     | Epoch 94/250 - Train Loss: 0.041278, Val Loss: 0.044595[0m
2025-12-22 21:47:27,211 | INFO     | Epoch 95/250 - Train Loss: 0.040714, Val Loss: 0.043131[0m
2025-12-22 21:47:27,261 | INFO     | New best model saved with Val Loss: 0.043131
2025-12-22 21:49:59,141 | INFO     | Epoch 96/250 - Train Loss: 0.040443, Val Loss: 0.045474[0m
2025-12-22 21:52:31,026 | INFO     | Epoch 97/250 - Train Loss: 0.040469, Val Loss: 0.042095[0m
2025-12-22 21:52:31,077 | INFO     | New best model saved with Val Loss: 0.042095
2025-12-22 21:55:02,950 | INFO     | Epoch 98/250 - Train Loss: 0.040762, Val Loss: 0.045462[0m
2025-12-22 21:57:34,829 | INFO     | Epoch 99/250 - Train Loss: 0.040372, Val Loss: 0.043868[0m
2025-12-22 22:00:06,714 | INFO     | Epoch 100/250 - Train Loss: 0.039179, Val Loss: 0.042454[0m
2025-12-22 22:02:38,685 | INFO     | Epoch 101/250 - Train Loss: 0.033861, Val Loss: 0.037614[0m
2025-12-22 22:02:38,746 | INFO     | New best model saved with Val Loss: 0.037614
2025-12-22 22:05:10,630 | INFO     | Epoch 102/250 - Train Loss: 0.033251, Val Loss: 0.038742[0m
2025-12-22 22:07:42,529 | INFO     | Epoch 103/250 - Train Loss: 0.033357, Val Loss: 0.038352[0m
2025-12-22 22:10:14,412 | INFO     | Epoch 104/250 - Train Loss: 0.033238, Val Loss: 0.037810[0m
2025-12-22 22:12:46,319 | INFO     | Epoch 105/250 - Train Loss: 0.033077, Val Loss: 0.037292[0m
2025-12-22 22:12:46,375 | INFO     | New best model saved with Val Loss: 0.037292
2025-12-22 22:15:18,261 | INFO     | Epoch 106/250 - Train Loss: 0.032911, Val Loss: 0.039076[0m
2025-12-22 22:17:50,185 | INFO     | Epoch 107/250 - Train Loss: 0.032780, Val Loss: 0.037901[0m
2025-12-22 22:20:22,069 | INFO     | Epoch 108/250 - Train Loss: 0.032500, Val Loss: 0.037918[0m
2025-12-22 22:22:53,982 | INFO     | Epoch 109/250 - Train Loss: 0.032514, Val Loss: 0.037266[0m
2025-12-22 22:22:54,028 | INFO     | New best model saved with Val Loss: 0.037266
2025-12-22 22:25:25,911 | INFO     | Epoch 110/250 - Train Loss: 0.032413, Val Loss: 0.037683[0m
2025-12-22 22:27:57,874 | INFO     | Epoch 111/250 - Train Loss: 0.032301, Val Loss: 0.036874[0m
2025-12-22 22:27:57,925 | INFO     | New best model saved with Val Loss: 0.036874
2025-12-22 22:30:29,818 | INFO     | Epoch 112/250 - Train Loss: 0.032037, Val Loss: 0.038096[0m
2025-12-22 22:33:01,686 | INFO     | Epoch 113/250 - Train Loss: 0.032011, Val Loss: 0.037065[0m
2025-12-22 22:35:33,561 | INFO     | Epoch 114/250 - Train Loss: 0.031622, Val Loss: 0.037109[0m
2025-12-22 22:38:05,440 | INFO     | Epoch 115/250 - Train Loss: 0.031597, Val Loss: 0.036337[0m
2025-12-22 22:38:05,486 | INFO     | New best model saved with Val Loss: 0.036337
2025-12-22 22:40:37,373 | INFO     | Epoch 116/250 - Train Loss: 0.031332, Val Loss: 0.036844[0m
2025-12-22 22:43:09,236 | INFO     | Epoch 117/250 - Train Loss: 0.031497, Val Loss: 0.036741[0m
2025-12-22 22:45:41,109 | INFO     | Epoch 118/250 - Train Loss: 0.030989, Val Loss: 0.036507[0m
2025-12-22 22:48:12,973 | INFO     | Epoch 119/250 - Train Loss: 0.031394, Val Loss: 0.037019[0m
2025-12-22 22:50:44,838 | INFO     | Epoch 120/250 - Train Loss: 0.031149, Val Loss: 0.036273[0m
2025-12-22 22:50:44,889 | INFO     | New best model saved with Val Loss: 0.036273
2025-12-22 22:53:16,862 | INFO     | Epoch 121/250 - Train Loss: 0.030845, Val Loss: 0.036233[0m
2025-12-22 22:53:16,913 | INFO     | New best model saved with Val Loss: 0.036233
2025-12-22 22:55:48,785 | INFO     | Epoch 122/250 - Train Loss: 0.030498, Val Loss: 0.036071[0m
2025-12-22 22:55:48,842 | INFO     | New best model saved with Val Loss: 0.036071
2025-12-22 22:58:20,698 | INFO     | Epoch 123/250 - Train Loss: 0.030631, Val Loss: 0.036823[0m
2025-12-22 23:00:52,589 | INFO     | Epoch 124/250 - Train Loss: 0.030645, Val Loss: 0.035784[0m
2025-12-22 23:00:52,640 | INFO     | New best model saved with Val Loss: 0.035784
2025-12-22 23:03:24,511 | INFO     | Epoch 125/250 - Train Loss: 0.030410, Val Loss: 0.040057[0m
2025-12-22 23:05:56,380 | INFO     | Epoch 126/250 - Train Loss: 0.030329, Val Loss: 0.038078[0m
2025-12-22 23:08:28,241 | INFO     | Epoch 127/250 - Train Loss: 0.030327, Val Loss: 0.036789[0m
2025-12-22 23:11:00,118 | INFO     | Epoch 128/250 - Train Loss: 0.029884, Val Loss: 0.035873[0m
2025-12-22 23:13:31,986 | INFO     | Epoch 129/250 - Train Loss: 0.029676, Val Loss: 0.035414[0m
2025-12-22 23:13:32,031 | INFO     | New best model saved with Val Loss: 0.035414
2025-12-22 23:16:03,914 | INFO     | Epoch 130/250 - Train Loss: 0.030230, Val Loss: 0.036318[0m
2025-12-22 23:18:35,887 | INFO     | Epoch 131/250 - Train Loss: 0.029727, Val Loss: 0.035853[0m
2025-12-22 23:21:07,766 | INFO     | Epoch 132/250 - Train Loss: 0.029738, Val Loss: 0.036624[0m
2025-12-22 23:23:39,653 | INFO     | Epoch 133/250 - Train Loss: 0.029312, Val Loss: 0.034557[0m
2025-12-22 23:23:39,708 | INFO     | New best model saved with Val Loss: 0.034557
2025-12-22 23:26:11,604 | INFO     | Epoch 134/250 - Train Loss: 0.029322, Val Loss: 0.035257[0m
2025-12-22 23:28:43,501 | INFO     | Epoch 135/250 - Train Loss: 0.029270, Val Loss: 0.035805[0m
2025-12-22 23:31:15,380 | INFO     | Epoch 136/250 - Train Loss: 0.029211, Val Loss: 0.035962[0m
2025-12-22 23:33:47,264 | INFO     | Epoch 137/250 - Train Loss: 0.029312, Val Loss: 0.036323[0m
2025-12-22 23:36:19,158 | INFO     | Epoch 138/250 - Train Loss: 0.029155, Val Loss: 0.034664[0m
2025-12-22 23:38:51,034 | INFO     | Epoch 139/250 - Train Loss: 0.028905, Val Loss: 0.034943[0m
2025-12-22 23:41:22,893 | INFO     | Epoch 140/250 - Train Loss: 0.028704, Val Loss: 0.036106[0m
2025-12-22 23:43:54,865 | INFO     | Epoch 141/250 - Train Loss: 0.028875, Val Loss: 0.035874[0m
2025-12-22 23:46:26,712 | INFO     | Epoch 142/250 - Train Loss: 0.028611, Val Loss: 0.035709[0m
2025-12-22 23:48:58,578 | INFO     | Epoch 143/250 - Train Loss: 0.028715, Val Loss: 0.034866[0m
2025-12-22 23:51:30,432 | INFO     | Epoch 144/250 - Train Loss: 0.028605, Val Loss: 0.034749[0m
2025-12-22 23:54:02,301 | INFO     | Epoch 145/250 - Train Loss: 0.028316, Val Loss: 0.034905[0m
2025-12-22 23:56:34,180 | INFO     | Epoch 146/250 - Train Loss: 0.028431, Val Loss: 0.035831[0m
2025-12-22 23:59:06,042 | INFO     | Epoch 147/250 - Train Loss: 0.028059, Val Loss: 0.034921[0m
2025-12-23 00:01:37,929 | INFO     | Epoch 148/250 - Train Loss: 0.028038, Val Loss: 0.035259[0m
2025-12-23 00:04:09,806 | INFO     | Epoch 149/250 - Train Loss: 0.028304, Val Loss: 0.035352[0m
2025-12-23 00:06:41,681 | INFO     | Epoch 150/250 - Train Loss: 0.028042, Val Loss: 0.034507[0m
2025-12-23 00:06:41,742 | INFO     | New best model saved with Val Loss: 0.034507
2025-12-23 00:09:13,759 | INFO     | Epoch 151/250 - Train Loss: 0.025299, Val Loss: 0.032409[0m
2025-12-23 00:09:13,810 | INFO     | New best model saved with Val Loss: 0.032409
2025-12-23 00:11:45,679 | INFO     | Epoch 152/250 - Train Loss: 0.024978, Val Loss: 0.032668[0m
2025-12-23 00:14:17,555 | INFO     | Epoch 153/250 - Train Loss: 0.025019, Val Loss: 0.033233[0m
2025-12-23 00:16:49,426 | INFO     | Epoch 154/250 - Train Loss: 0.025001, Val Loss: 0.032088[0m
2025-12-23 00:16:49,481 | INFO     | New best model saved with Val Loss: 0.032088
2025-12-23 00:19:21,336 | INFO     | Epoch 155/250 - Train Loss: 0.024901, Val Loss: 0.032314[0m
2025-12-23 00:21:53,206 | INFO     | Epoch 156/250 - Train Loss: 0.024909, Val Loss: 0.032574[0m
2025-12-23 00:24:25,061 | INFO     | Epoch 157/250 - Train Loss: 0.024735, Val Loss: 0.032057[0m
2025-12-23 00:24:25,112 | INFO     | New best model saved with Val Loss: 0.032057
2025-12-23 00:26:56,985 | INFO     | Epoch 158/250 - Train Loss: 0.024772, Val Loss: 0.032436[0m
2025-12-23 00:29:28,850 | INFO     | Epoch 159/250 - Train Loss: 0.024719, Val Loss: 0.031913[0m
2025-12-23 00:29:28,901 | INFO     | New best model saved with Val Loss: 0.031913
2025-12-23 00:32:00,800 | INFO     | Epoch 160/250 - Train Loss: 0.024554, Val Loss: 0.031958[0m
2025-12-23 00:34:32,790 | INFO     | Epoch 161/250 - Train Loss: 0.024518, Val Loss: 0.031904[0m
2025-12-23 00:34:32,844 | INFO     | New best model saved with Val Loss: 0.031904
2025-12-23 00:37:04,708 | INFO     | Epoch 162/250 - Train Loss: 0.024531, Val Loss: 0.032036[0m
2025-12-23 00:39:36,598 | INFO     | Epoch 163/250 - Train Loss: 0.024435, Val Loss: 0.032227[0m
2025-12-23 00:42:08,462 | INFO     | Epoch 164/250 - Train Loss: 0.024424, Val Loss: 0.032128[0m
2025-12-23 00:44:40,314 | INFO     | Epoch 165/250 - Train Loss: 0.024258, Val Loss: 0.032468[0m
2025-12-23 00:47:12,190 | INFO     | Epoch 166/250 - Train Loss: 0.024286, Val Loss: 0.031554[0m
2025-12-23 00:47:12,241 | INFO     | New best model saved with Val Loss: 0.031554
2025-12-23 00:49:44,116 | INFO     | Epoch 167/250 - Train Loss: 0.024103, Val Loss: 0.032413[0m
2025-12-23 00:52:15,969 | INFO     | Epoch 168/250 - Train Loss: 0.024184, Val Loss: 0.031502[0m
2025-12-23 00:52:16,020 | INFO     | New best model saved with Val Loss: 0.031502
2025-12-23 00:54:47,898 | INFO     | Epoch 169/250 - Train Loss: 0.024015, Val Loss: 0.031735[0m
2025-12-23 00:57:19,778 | INFO     | Epoch 170/250 - Train Loss: 0.023995, Val Loss: 0.031368[0m
2025-12-23 00:57:19,829 | INFO     | New best model saved with Val Loss: 0.031368
2025-12-23 00:59:51,817 | INFO     | Epoch 171/250 - Train Loss: 0.023935, Val Loss: 0.031770[0m
2025-12-23 01:02:23,727 | INFO     | Epoch 172/250 - Train Loss: 0.023806, Val Loss: 0.031884[0m
2025-12-23 01:04:55,617 | INFO     | Epoch 173/250 - Train Loss: 0.023927, Val Loss: 0.032260[0m
2025-12-23 01:07:27,497 | INFO     | Epoch 174/250 - Train Loss: 0.023738, Val Loss: 0.031556[0m
2025-12-23 01:09:59,375 | INFO     | Epoch 175/250 - Train Loss: 0.023755, Val Loss: 0.031611[0m
2025-12-23 01:12:31,244 | INFO     | Epoch 176/250 - Train Loss: 0.023679, Val Loss: 0.031861[0m
2025-12-23 01:15:03,142 | INFO     | Epoch 177/250 - Train Loss: 0.023711, Val Loss: 0.031443[0m
2025-12-23 01:17:34,975 | INFO     | Epoch 178/250 - Train Loss: 0.023588, Val Loss: 0.032015[0m
2025-12-23 01:20:06,824 | INFO     | Epoch 179/250 - Train Loss: 0.023583, Val Loss: 0.031086[0m
2025-12-23 01:20:06,871 | INFO     | New best model saved with Val Loss: 0.031086
2025-12-23 01:22:38,729 | INFO     | Epoch 180/250 - Train Loss: 0.023443, Val Loss: 0.031373[0m
2025-12-23 01:25:10,669 | INFO     | Epoch 181/250 - Train Loss: 0.023491, Val Loss: 0.031222[0m
2025-12-23 01:27:42,526 | INFO     | Epoch 182/250 - Train Loss: 0.023383, Val Loss: 0.031680[0m
2025-12-23 01:30:14,384 | INFO     | Epoch 183/250 - Train Loss: 0.023289, Val Loss: 0.031163[0m
2025-12-23 01:32:46,244 | INFO     | Epoch 184/250 - Train Loss: 0.023456, Val Loss: 0.031713[0m
2025-12-23 01:35:18,097 | INFO     | Epoch 185/250 - Train Loss: 0.023249, Val Loss: 0.031282[0m
2025-12-23 01:37:49,953 | INFO     | Epoch 186/250 - Train Loss: 0.023181, Val Loss: 0.031137[0m
2025-12-23 01:40:21,807 | INFO     | Epoch 187/250 - Train Loss: 0.023191, Val Loss: 0.031555[0m
2025-12-23 01:42:53,652 | INFO     | Epoch 188/250 - Train Loss: 0.023095, Val Loss: 0.031574[0m
2025-12-23 01:45:25,517 | INFO     | Epoch 189/250 - Train Loss: 0.022992, Val Loss: 0.031096[0m
2025-12-23 01:47:57,367 | INFO     | Epoch 190/250 - Train Loss: 0.023085, Val Loss: 0.031318[0m
2025-12-23 01:50:29,342 | INFO     | Epoch 191/250 - Train Loss: 0.022864, Val Loss: 0.031212[0m
2025-12-23 01:53:01,230 | INFO     | Epoch 192/250 - Train Loss: 0.022948, Val Loss: 0.032043[0m
2025-12-23 01:55:33,125 | INFO     | Epoch 193/250 - Train Loss: 0.022887, Val Loss: 0.030820[0m
2025-12-23 01:55:33,171 | INFO     | New best model saved with Val Loss: 0.030820
2025-12-23 01:58:05,056 | INFO     | Epoch 194/250 - Train Loss: 0.022882, Val Loss: 0.031417[0m
2025-12-23 02:00:36,912 | INFO     | Epoch 195/250 - Train Loss: 0.022812, Val Loss: 0.033293[0m
2025-12-23 02:03:08,752 | INFO     | Epoch 196/250 - Train Loss: 0.022739, Val Loss: 0.030888[0m
2025-12-23 02:05:40,613 | INFO     | Epoch 197/250 - Train Loss: 0.022653, Val Loss: 0.031034[0m
2025-12-23 02:08:12,493 | INFO     | Epoch 198/250 - Train Loss: 0.022690, Val Loss: 0.031272[0m
2025-12-23 02:10:44,401 | INFO     | Epoch 199/250 - Train Loss: 0.022616, Val Loss: 0.031195[0m
2025-12-23 02:13:16,268 | INFO     | Epoch 200/250 - Train Loss: 0.022608, Val Loss: 0.030895[0m
2025-12-23 02:15:48,238 | INFO     | Epoch 201/250 - Train Loss: 0.021341, Val Loss: 0.029910[0m
2025-12-23 02:15:48,285 | INFO     | New best model saved with Val Loss: 0.029910
2025-12-23 02:18:20,137 | INFO     | Epoch 202/250 - Train Loss: 0.021241, Val Loss: 0.030017[0m
2025-12-23 02:20:52,008 | INFO     | Epoch 203/250 - Train Loss: 0.021215, Val Loss: 0.030120[0m
2025-12-23 02:23:23,866 | INFO     | Epoch 204/250 - Train Loss: 0.021222, Val Loss: 0.030120[0m
2025-12-23 02:25:55,738 | INFO     | Epoch 205/250 - Train Loss: 0.021194, Val Loss: 0.029797[0m
2025-12-23 02:25:55,789 | INFO     | New best model saved with Val Loss: 0.029797
2025-12-23 02:28:27,665 | INFO     | Epoch 206/250 - Train Loss: 0.021136, Val Loss: 0.030302[0m
2025-12-23 02:30:59,528 | INFO     | Epoch 207/250 - Train Loss: 0.021158, Val Loss: 0.029827[0m
2025-12-23 02:33:31,386 | INFO     | Epoch 208/250 - Train Loss: 0.021139, Val Loss: 0.030220[0m
2025-12-23 02:36:03,240 | INFO     | Epoch 209/250 - Train Loss: 0.021130, Val Loss: 0.029841[0m
2025-12-23 02:38:35,122 | INFO     | Epoch 210/250 - Train Loss: 0.021064, Val Loss: 0.029780[0m
2025-12-23 02:38:35,173 | INFO     | New best model saved with Val Loss: 0.029780
2025-12-23 02:41:07,134 | INFO     | Epoch 211/250 - Train Loss: 0.021032, Val Loss: 0.030135[0m
2025-12-23 02:43:38,994 | INFO     | Epoch 212/250 - Train Loss: 0.021006, Val Loss: 0.030236[0m
2025-12-23 02:46:10,872 | INFO     | Epoch 213/250 - Train Loss: 0.021008, Val Loss: 0.029769[0m
2025-12-23 02:46:10,924 | INFO     | New best model saved with Val Loss: 0.029769
2025-12-23 02:48:42,794 | INFO     | Epoch 214/250 - Train Loss: 0.020908, Val Loss: 0.029779[0m
2025-12-23 02:51:14,665 | INFO     | Epoch 215/250 - Train Loss: 0.020944, Val Loss: 0.029650[0m
2025-12-23 02:51:14,716 | INFO     | New best model saved with Val Loss: 0.029650
2025-12-23 02:53:46,575 | INFO     | Epoch 216/250 - Train Loss: 0.020878, Val Loss: 0.030092[0m
2025-12-23 02:56:18,441 | INFO     | Epoch 217/250 - Train Loss: 0.020840, Val Loss: 0.029811[0m
2025-12-23 02:58:50,293 | INFO     | Epoch 218/250 - Train Loss: 0.020847, Val Loss: 0.029922[0m
2025-12-23 03:01:22,155 | INFO     | Epoch 219/250 - Train Loss: 0.020794, Val Loss: 0.029574[0m
2025-12-23 03:01:22,206 | INFO     | New best model saved with Val Loss: 0.029574
2025-12-23 03:03:54,061 | INFO     | Epoch 220/250 - Train Loss: 0.020780, Val Loss: 0.029950[0m
2025-12-23 03:06:26,017 | INFO     | Epoch 221/250 - Train Loss: 0.020746, Val Loss: 0.029798[0m
2025-12-23 03:08:57,878 | INFO     | Epoch 222/250 - Train Loss: 0.020704, Val Loss: 0.029449[0m
2025-12-23 03:08:57,920 | INFO     | New best model saved with Val Loss: 0.029449
2025-12-23 03:11:29,762 | INFO     | Epoch 223/250 - Train Loss: 0.020689, Val Loss: 0.030198[0m
2025-12-23 03:14:01,617 | INFO     | Epoch 224/250 - Train Loss: 0.020665, Val Loss: 0.030118[0m
2025-12-23 03:16:33,480 | INFO     | Epoch 225/250 - Train Loss: 0.020636, Val Loss: 0.029911[0m
2025-12-23 03:19:05,348 | INFO     | Epoch 226/250 - Train Loss: 0.020605, Val Loss: 0.029686[0m
2025-12-23 03:21:37,198 | INFO     | Epoch 227/250 - Train Loss: 0.020586, Val Loss: 0.029769[0m
2025-12-23 03:24:09,057 | INFO     | Epoch 228/250 - Train Loss: 0.020573, Val Loss: 0.029789[0m
2025-12-23 03:26:40,920 | INFO     | Epoch 229/250 - Train Loss: 0.020582, Val Loss: 0.029599[0m
2025-12-23 03:29:12,757 | INFO     | Epoch 230/250 - Train Loss: 0.020519, Val Loss: 0.029716[0m
2025-12-23 03:31:44,696 | INFO     | Epoch 231/250 - Train Loss: 0.020501, Val Loss: 0.029479[0m
2025-12-23 03:34:16,550 | INFO     | Epoch 232/250 - Train Loss: 0.020478, Val Loss: 0.029671[0m
2025-12-23 03:36:48,402 | INFO     | Epoch 233/250 - Train Loss: 0.020394, Val Loss: 0.029534[0m
2025-12-23 03:39:20,277 | INFO     | Epoch 234/250 - Train Loss: 0.020429, Val Loss: 0.029776[0m
2025-12-23 03:41:52,132 | INFO     | Epoch 235/250 - Train Loss: 0.020368, Val Loss: 0.029644[0m
2025-12-23 03:44:23,995 | INFO     | Epoch 236/250 - Train Loss: 0.020301, Val Loss: 0.029251[0m
2025-12-23 03:44:24,045 | INFO     | New best model saved with Val Loss: 0.029251
2025-12-23 03:46:55,920 | INFO     | Epoch 237/250 - Train Loss: 0.020360, Val Loss: 0.029488[0m
2025-12-23 03:49:27,781 | INFO     | Epoch 238/250 - Train Loss: 0.020327, Val Loss: 0.029242[0m
2025-12-23 03:49:27,832 | INFO     | New best model saved with Val Loss: 0.029242
2025-12-23 03:51:59,709 | INFO     | Epoch 239/250 - Train Loss: 0.020292, Val Loss: 0.029427[0m
2025-12-23 03:54:31,578 | INFO     | Epoch 240/250 - Train Loss: 0.020273, Val Loss: 0.029436[0m
2025-12-23 03:57:03,540 | INFO     | Epoch 241/250 - Train Loss: 0.020271, Val Loss: 0.029398[0m
2025-12-23 03:59:35,407 | INFO     | Epoch 242/250 - Train Loss: 0.020224, Val Loss: 0.029330[0m
2025-12-23 04:02:07,278 | INFO     | Epoch 243/250 - Train Loss: 0.020183, Val Loss: 0.029721[0m
2025-12-23 04:04:39,137 | INFO     | Epoch 244/250 - Train Loss: 0.020143, Val Loss: 0.029553[0m
2025-12-23 04:07:11,007 | INFO     | Epoch 245/250 - Train Loss: 0.020161, Val Loss: 0.029249[0m
2025-12-23 04:09:42,860 | INFO     | Epoch 246/250 - Train Loss: 0.020091, Val Loss: 0.029418[0m
2025-12-23 04:12:14,713 | INFO     | Epoch 247/250 - Train Loss: 0.020117, Val Loss: 0.029319[0m
2025-12-23 04:14:46,577 | INFO     | Epoch 248/250 - Train Loss: 0.020068, Val Loss: 0.029566[0m
2025-12-23 04:17:18,453 | INFO     | Epoch 249/250 - Train Loss: 0.020067, Val Loss: 0.029634[0m
2025-12-23 04:19:50,351 | INFO     | Epoch 250/250 - Train Loss: 0.020087, Val Loss: 0.029257[0m
2025-12-23 04:19:50,476 | INFO     | Final model saved to experiments_DrivAerML/velocity_N10k_lr1e-3_e250_justOne/final_model.pth
2025-12-23 04:19:50,476 | INFO     | Testing the final model
2025-12-23 04:19:54,629 | INFO     | *******************[35mL2_erro:[0m
2025-12-23 04:19:54,629 | INFO     |  0.113971
2025-12-23 04:19:54,629 | INFO     | *******************[35mmse_loss:[0m
2025-12-23 04:19:54,629 | INFO     |  0.027973
2025-12-23 04:19:54,629 | INFO     | *******************[35minference_time:[0m
2025-12-23 04:19:54,629 | INFO     |  0.003865
2025-12-23 04:19:54,629 | INFO     | Testing the best model
2025-12-23 04:19:58,778 | INFO     | *******************[35mL2_erro:[0m
2025-12-23 04:19:58,778 | INFO     |  0.114632
2025-12-23 04:19:58,778 | INFO     | *******************[35mmse_loss:[0m
2025-12-23 04:19:58,778 | INFO     |  0.028331
2025-12-23 04:19:58,778 | INFO     | *******************[35minference_time:[0m
2025-12-23 04:19:58,778 | INFO     |  0.003883
