2025-12-05 11:00:09,974 - INFO - args.exp_name : RTformer_s_pressure
2025-12-05 11:00:09,977 - INFO - Starting training with 1 GPUs
2025-12-05 11:00:16,045 - INFO - Total trainable parameters: 4524867
2025-12-05 11:00:16,055 - INFO - Data loaded: 384 training batches, 33 validation batches, 48 test batches
2025-12-05 11:00:16,056 - INFO - Staring training for 150 epochs
2025-12-05 11:04:03,519 - INFO - Epoch 1/150 - Train Loss: 0.669265, Val Loss: 0.532957[0m
2025-12-05 11:04:03,738 - INFO - New best model saved with Val Loss: 0.532957
2025-12-05 11:08:28,104 - INFO - Epoch 2/150 - Train Loss: 0.484099, Val Loss: 0.454419[0m
2025-12-05 11:08:28,373 - INFO - New best model saved with Val Loss: 0.454419
2025-12-05 11:12:49,939 - INFO - Epoch 3/150 - Train Loss: 0.389813, Val Loss: 0.387399[0m
2025-12-05 11:12:50,170 - INFO - New best model saved with Val Loss: 0.387399
2025-12-05 11:15:17,764 - INFO - Epoch 4/150 - Train Loss: 0.336207, Val Loss: 0.313468[0m
2025-12-05 11:15:18,006 - INFO - New best model saved with Val Loss: 0.313468
2025-12-05 11:16:54,762 - INFO - Epoch 5/150 - Train Loss: 0.301480, Val Loss: 0.296709[0m
2025-12-05 11:16:55,060 - INFO - New best model saved with Val Loss: 0.296709
2025-12-05 11:18:26,047 - INFO - Epoch 6/150 - Train Loss: 0.297129, Val Loss: 0.295314[0m
2025-12-05 11:18:26,171 - INFO - New best model saved with Val Loss: 0.295314
2025-12-05 11:19:54,435 - INFO - Epoch 7/150 - Train Loss: 0.286854, Val Loss: 0.282181[0m
2025-12-05 11:19:54,736 - INFO - New best model saved with Val Loss: 0.282181
2025-12-05 11:21:21,327 - INFO - Epoch 8/150 - Train Loss: 0.352404, Val Loss: 0.447450[0m
2025-12-05 11:22:44,480 - INFO - Epoch 9/150 - Train Loss: 0.562256, Val Loss: 0.821160[0m
2025-12-05 11:24:15,294 - INFO - Epoch 10/150 - Train Loss: 0.624917, Val Loss: 0.507871[0m
2025-12-05 11:25:45,446 - INFO - Epoch 11/150 - Train Loss: 0.681714, Val Loss: 0.733092[0m
2025-12-05 11:27:26,363 - INFO - Epoch 12/150 - Train Loss: 0.667125, Val Loss: 0.616536[0m
2025-12-05 11:31:27,642 - INFO - Epoch 13/150 - Train Loss: 0.560366, Val Loss: 0.516297[0m
2025-12-05 11:35:35,337 - INFO - Epoch 14/150 - Train Loss: 0.510905, Val Loss: 0.490354[0m
2025-12-05 11:39:44,804 - INFO - Epoch 15/150 - Train Loss: 0.552644, Val Loss: 0.510196[0m
2025-12-05 11:43:42,552 - INFO - Epoch 16/150 - Train Loss: 0.744449, Val Loss: 0.847448[0m
2025-12-05 11:47:42,734 - INFO - Epoch 17/150 - Train Loss: 0.758383, Val Loss: 0.646249[0m
2025-12-05 11:50:49,978 - INFO - Epoch 18/150 - Train Loss: 0.595434, Val Loss: 0.540809[0m
2025-12-05 11:54:01,723 - INFO - Epoch 19/150 - Train Loss: 0.531645, Val Loss: 0.497088[0m
2025-12-05 11:56:41,777 - INFO - Epoch 20/150 - Train Loss: 0.490142, Val Loss: 0.471062[0m
2025-12-05 11:59:59,971 - INFO - Epoch 21/150 - Train Loss: 0.467758, Val Loss: 0.478223[0m
2025-12-05 12:03:49,304 - INFO - Epoch 22/150 - Train Loss: 0.461450, Val Loss: 0.457272[0m
2025-12-05 12:07:31,388 - INFO - Epoch 23/150 - Train Loss: 0.452838, Val Loss: 0.503831[0m
2025-12-05 12:11:16,169 - INFO - Epoch 24/150 - Train Loss: 0.485505, Val Loss: 0.470483[0m
2025-12-05 12:14:45,212 - INFO - Epoch 25/150 - Train Loss: 0.477816, Val Loss: 0.615897[0m
2025-12-05 12:17:44,061 - INFO - Epoch 26/150 - Train Loss: 0.758413, Val Loss: 0.592735[0m
2025-12-05 12:20:37,395 - INFO - Epoch 27/150 - Train Loss: 0.750346, Val Loss: 0.634490[0m
2025-12-05 12:26:37,491 - INFO - args.exp_name : RTformer_s_pressure
2025-12-05 12:26:37,502 - INFO - Starting training with 1 GPUs
2025-12-05 12:26:39,314 - INFO - Total trainable parameters: 4524353
2025-12-05 12:26:39,316 - INFO - Data loaded: 384 training batches, 33 validation batches, 48 test batches
2025-12-05 12:26:39,317 - INFO - Staring training for 150 epochs
2025-12-05 12:29:31,593 - INFO - Epoch 1/150 - Train Loss: 0.817361, Val Loss: 0.688704[0m
2025-12-05 12:29:31,851 - INFO - New best model saved with Val Loss: 0.688704
2025-12-05 12:32:12,442 - INFO - Epoch 2/150 - Train Loss: 0.615378, Val Loss: 0.528904[0m
2025-12-05 12:32:12,537 - INFO - New best model saved with Val Loss: 0.528904
2025-12-05 12:34:49,871 - INFO - Epoch 3/150 - Train Loss: 0.516123, Val Loss: 0.452299[0m
2025-12-05 12:34:50,026 - INFO - New best model saved with Val Loss: 0.452299
2025-12-05 12:37:44,035 - INFO - Epoch 4/150 - Train Loss: 0.748761, Val Loss: 0.764647[0m
2025-12-05 12:40:50,143 - INFO - Epoch 5/150 - Train Loss: 0.738339, Val Loss: 0.736591[0m
2025-12-05 12:43:20,689 - INFO - Epoch 6/150 - Train Loss: 0.744882, Val Loss: 0.828640[0m
2025-12-05 12:46:19,371 - INFO - Epoch 7/150 - Train Loss: 0.746863, Val Loss: 0.641537[0m
2025-12-05 12:49:06,879 - INFO - Epoch 8/150 - Train Loss: 0.743487, Val Loss: 0.823631[0m
2025-12-05 12:51:47,049 - INFO - Epoch 9/150 - Train Loss: 0.822659, Val Loss: 0.762164[0m
2025-12-05 12:53:38,345 - INFO - Epoch 10/150 - Train Loss: 0.774613, Val Loss: 0.726047[0m
2025-12-05 12:55:19,582 - INFO - Epoch 11/150 - Train Loss: 0.682966, Val Loss: 0.702179[0m
2025-12-05 12:57:16,900 - INFO - Epoch 12/150 - Train Loss: 0.762216, Val Loss: 0.731779[0m
2025-12-05 12:59:13,744 - INFO - Epoch 13/150 - Train Loss: 0.723995, Val Loss: 0.674040[0m
2025-12-05 13:01:15,525 - INFO - Epoch 14/150 - Train Loss: 0.696785, Val Loss: 0.773195[0m
2025-12-05 13:03:21,325 - INFO - Epoch 15/150 - Train Loss: 0.720646, Val Loss: 0.692574[0m
2025-12-05 13:05:23,442 - INFO - Epoch 16/150 - Train Loss: 0.673225, Val Loss: 0.730346[0m
2025-12-05 13:07:27,720 - INFO - Epoch 17/150 - Train Loss: 0.681487, Val Loss: 0.646920[0m
2025-12-05 13:09:13,162 - INFO - Epoch 18/150 - Train Loss: 0.656484, Val Loss: 0.635227[0m
2025-12-05 13:10:55,150 - INFO - Epoch 19/150 - Train Loss: 0.639692, Val Loss: 0.646742[0m
2025-12-05 13:12:23,803 - INFO - Epoch 20/150 - Train Loss: 0.657274, Val Loss: 0.642381[0m
2025-12-05 13:14:21,954 - INFO - Epoch 21/150 - Train Loss: 0.607026, Val Loss: 0.622035[0m
2025-12-05 13:16:15,904 - INFO - Epoch 22/150 - Train Loss: 0.592870, Val Loss: 0.557945[0m
2025-12-05 13:18:24,526 - INFO - Epoch 23/150 - Train Loss: 0.573110, Val Loss: 0.553391[0m
2025-12-05 13:20:47,736 - INFO - Epoch 24/150 - Train Loss: 0.546885, Val Loss: 0.530812[0m
2025-12-05 13:23:04,332 - INFO - Epoch 25/150 - Train Loss: 0.598581, Val Loss: 0.675200[0m
2025-12-05 13:25:49,607 - INFO - Epoch 26/150 - Train Loss: 0.721706, Val Loss: 0.926548[0m
2025-12-05 13:28:08,450 - INFO - Epoch 27/150 - Train Loss: 0.686211, Val Loss: 0.746537[0m
2025-12-05 13:30:48,823 - INFO - Epoch 28/150 - Train Loss: 0.682277, Val Loss: 0.579853[0m
2025-12-05 13:33:42,769 - INFO - Epoch 29/150 - Train Loss: 0.666255, Val Loss: 0.671011[0m
2025-12-05 13:36:38,983 - INFO - Epoch 30/150 - Train Loss: 0.667869, Val Loss: 0.780274[0m
2025-12-05 13:39:37,863 - INFO - Epoch 31/150 - Train Loss: 0.679421, Val Loss: 0.657114[0m
2025-12-05 13:42:25,703 - INFO - Epoch 32/150 - Train Loss: 0.634445, Val Loss: 0.605361[0m
2025-12-05 13:45:01,029 - INFO - Epoch 33/150 - Train Loss: 0.796221, Val Loss: 0.792640[0m
2025-12-05 13:47:39,827 - INFO - Epoch 34/150 - Train Loss: 0.757112, Val Loss: 0.725119[0m
2025-12-05 13:50:15,839 - INFO - Epoch 35/150 - Train Loss: 0.736195, Val Loss: 0.720549[0m
2025-12-05 13:52:51,763 - INFO - Epoch 36/150 - Train Loss: 0.733835, Val Loss: 0.714848[0m
2025-12-05 13:55:33,135 - INFO - Epoch 37/150 - Train Loss: 0.722963, Val Loss: 0.709917[0m
2025-12-05 13:57:53,658 - INFO - Epoch 38/150 - Train Loss: 0.719085, Val Loss: 0.721440[0m
2025-12-05 14:00:03,146 - INFO - Epoch 39/150 - Train Loss: 0.720904, Val Loss: 0.714768[0m
2025-12-05 14:02:10,862 - INFO - Epoch 40/150 - Train Loss: 0.763670, Val Loss: 0.710265[0m
2025-12-05 14:04:21,566 - INFO - Epoch 41/150 - Train Loss: 0.835134, Val Loss: 0.819264[0m
2025-12-05 14:06:44,584 - INFO - Epoch 42/150 - Train Loss: 0.836057, Val Loss: 0.904553[0m
2025-12-05 14:08:35,745 - INFO - Epoch 43/150 - Train Loss: 0.770767, Val Loss: 0.698083[0m
2025-12-05 14:10:22,976 - INFO - Epoch 44/150 - Train Loss: 0.862745, Val Loss: 0.882115[0m
2025-12-05 14:12:08,525 - INFO - Epoch 45/150 - Train Loss: 0.819604, Val Loss: 0.758066[0m
2025-12-05 14:13:45,167 - INFO - Epoch 46/150 - Train Loss: 0.796865, Val Loss: 0.749978[0m
2025-12-05 14:15:23,493 - INFO - Epoch 47/150 - Train Loss: 0.716667, Val Loss: 0.676327[0m
2025-12-05 14:17:11,176 - INFO - Epoch 48/150 - Train Loss: 0.712866, Val Loss: 0.687653[0m
2025-12-05 14:18:48,279 - INFO - Epoch 49/150 - Train Loss: 0.688509, Val Loss: 0.676563[0m
2025-12-05 14:20:25,969 - INFO - Epoch 50/150 - Train Loss: 0.675207, Val Loss: 0.668192[0m
2025-12-05 14:22:13,119 - INFO - Epoch 51/150 - Train Loss: 0.668751, Val Loss: 0.657124[0m
2025-12-05 14:23:56,022 - INFO - Epoch 52/150 - Train Loss: 0.659895, Val Loss: 0.644866[0m
2025-12-05 14:25:35,106 - INFO - Epoch 53/150 - Train Loss: 0.649852, Val Loss: 0.658153[0m
2025-12-05 14:27:46,826 - INFO - Epoch 54/150 - Train Loss: 0.649523, Val Loss: 0.674973[0m
2025-12-05 14:30:10,807 - INFO - Epoch 55/150 - Train Loss: 0.904447, Val Loss: 0.960758[0m
2025-12-05 14:33:25,835 - INFO - Epoch 56/150 - Train Loss: 0.935667, Val Loss: 0.893264[0m
2025-12-05 14:36:56,122 - INFO - Epoch 57/150 - Train Loss: 0.768535, Val Loss: 0.656823[0m
2025-12-05 14:40:26,780 - INFO - Epoch 58/150 - Train Loss: 0.655802, Val Loss: 0.597383[0m
2025-12-05 14:44:07,641 - INFO - Epoch 59/150 - Train Loss: 0.596452, Val Loss: 0.574758[0m
2025-12-05 14:47:37,510 - INFO - Epoch 60/150 - Train Loss: 0.623721, Val Loss: 0.650182[0m
2025-12-05 14:50:56,864 - INFO - Epoch 61/150 - Train Loss: 0.667901, Val Loss: 0.633500[0m
2025-12-05 14:54:23,082 - INFO - Epoch 62/150 - Train Loss: 0.639740, Val Loss: 0.611348[0m
2025-12-05 14:57:48,924 - INFO - Epoch 63/150 - Train Loss: 0.609833, Val Loss: 0.590884[0m
2025-12-05 15:01:10,440 - INFO - Epoch 64/150 - Train Loss: 0.585979, Val Loss: 0.584773[0m
2025-12-05 15:04:48,228 - INFO - Epoch 65/150 - Train Loss: 0.579041, Val Loss: 0.551997[0m
2025-12-05 15:08:21,912 - INFO - Epoch 66/150 - Train Loss: 0.576231, Val Loss: 0.528332[0m
2025-12-05 15:11:51,666 - INFO - Epoch 67/150 - Train Loss: 0.534273, Val Loss: 0.513130[0m
2025-12-05 15:15:24,786 - INFO - Epoch 68/150 - Train Loss: 0.576138, Val Loss: 0.636069[0m
2025-12-05 15:18:25,441 - INFO - Epoch 69/150 - Train Loss: 0.615984, Val Loss: 0.611210[0m
2025-12-05 15:21:48,950 - INFO - Epoch 70/150 - Train Loss: 0.555759, Val Loss: 0.543457[0m
2025-12-05 15:25:00,079 - INFO - Epoch 71/150 - Train Loss: 0.511206, Val Loss: 0.496167[0m
2025-12-05 15:28:35,867 - INFO - Epoch 72/150 - Train Loss: 0.485710, Val Loss: 0.484509[0m
2025-12-05 15:32:15,363 - INFO - Epoch 73/150 - Train Loss: 0.478651, Val Loss: 0.491869[0m
2025-12-05 15:35:50,049 - INFO - Epoch 74/150 - Train Loss: 0.470734, Val Loss: 0.477166[0m
2025-12-05 15:39:22,433 - INFO - Epoch 75/150 - Train Loss: 0.488321, Val Loss: 0.520669[0m
2025-12-05 15:43:33,047 - INFO - Epoch 76/150 - Train Loss: 0.488588, Val Loss: 0.479651[0m
2025-12-05 15:47:00,083 - INFO - Epoch 77/150 - Train Loss: 0.475674, Val Loss: 0.473443[0m
2025-12-05 15:50:48,960 - INFO - Epoch 78/150 - Train Loss: 0.496316, Val Loss: 0.463826[0m
2025-12-05 15:54:29,086 - INFO - Epoch 79/150 - Train Loss: 0.450541, Val Loss: 0.451878[0m
2025-12-05 15:54:29,307 - INFO - New best model saved with Val Loss: 0.451878
2025-12-05 15:57:18,389 - INFO - Epoch 80/150 - Train Loss: 0.453885, Val Loss: 0.459181[0m
2025-12-05 16:00:41,736 - INFO - Epoch 81/150 - Train Loss: 0.439946, Val Loss: 0.428679[0m
2025-12-05 16:00:41,938 - INFO - New best model saved with Val Loss: 0.428679
2025-12-05 16:04:31,837 - INFO - Epoch 82/150 - Train Loss: 0.429489, Val Loss: 0.430135[0m
2025-12-05 16:07:57,289 - INFO - Epoch 83/150 - Train Loss: 0.426489, Val Loss: 0.423506[0m
2025-12-05 16:07:57,430 - INFO - New best model saved with Val Loss: 0.423506
2025-12-05 16:11:00,642 - INFO - Epoch 84/150 - Train Loss: 0.422984, Val Loss: 0.420876[0m
2025-12-05 16:11:00,721 - INFO - New best model saved with Val Loss: 0.420876
2025-12-05 16:14:02,157 - INFO - Epoch 85/150 - Train Loss: 0.415280, Val Loss: 0.434433[0m
2025-12-05 16:16:47,710 - INFO - Epoch 86/150 - Train Loss: 0.412384, Val Loss: 0.406750[0m
2025-12-05 16:16:47,799 - INFO - New best model saved with Val Loss: 0.406750
2025-12-05 16:19:31,233 - INFO - Epoch 87/150 - Train Loss: 0.405718, Val Loss: 0.401302[0m
2025-12-05 16:19:31,386 - INFO - New best model saved with Val Loss: 0.401302
2025-12-05 16:22:03,255 - INFO - Epoch 88/150 - Train Loss: 0.402891, Val Loss: 0.408406[0m
2025-12-05 16:25:10,507 - INFO - Epoch 89/150 - Train Loss: 0.401924, Val Loss: 0.408194[0m
2025-12-05 16:28:15,276 - INFO - Epoch 90/150 - Train Loss: 0.552327, Val Loss: 0.475340[0m
2025-12-05 16:31:13,955 - INFO - Epoch 91/150 - Train Loss: 0.733966, Val Loss: 0.753769[0m
2025-12-05 16:34:21,165 - INFO - Epoch 92/150 - Train Loss: 0.751561, Val Loss: 0.789104[0m
2025-12-05 16:37:15,097 - INFO - Epoch 93/150 - Train Loss: 0.606372, Val Loss: 0.562338[0m
2025-12-05 16:40:28,404 - INFO - Epoch 94/150 - Train Loss: 0.540313, Val Loss: 0.510763[0m
2025-12-05 16:43:44,246 - INFO - Epoch 95/150 - Train Loss: 0.496262, Val Loss: 0.512965[0m
2025-12-05 16:46:45,786 - INFO - Epoch 96/150 - Train Loss: 0.469917, Val Loss: 0.462355[0m
2025-12-05 16:49:57,426 - INFO - Epoch 97/150 - Train Loss: 0.446795, Val Loss: 0.450595[0m
2025-12-05 16:53:22,366 - INFO - Epoch 98/150 - Train Loss: 0.448887, Val Loss: 0.438086[0m
2025-12-05 16:56:36,351 - INFO - Epoch 99/150 - Train Loss: 0.433407, Val Loss: 0.426849[0m
2025-12-05 16:59:28,769 - INFO - Epoch 100/150 - Train Loss: 0.430249, Val Loss: 0.429936[0m
2025-12-05 17:02:35,671 - INFO - Epoch 101/150 - Train Loss: 0.419231, Val Loss: 0.423198[0m
2025-12-05 17:05:37,626 - INFO - Epoch 102/150 - Train Loss: 0.413773, Val Loss: 0.413065[0m
2025-12-05 17:08:35,085 - INFO - Epoch 103/150 - Train Loss: 0.410300, Val Loss: 0.407500[0m
2025-12-05 17:11:35,984 - INFO - Epoch 104/150 - Train Loss: 0.406991, Val Loss: 0.408503[0m
2025-12-05 17:14:08,321 - INFO - Epoch 105/150 - Train Loss: 0.403999, Val Loss: 0.407576[0m
2025-12-05 17:16:53,673 - INFO - Epoch 106/150 - Train Loss: 0.559696, Val Loss: 0.446206[0m
2025-12-05 17:19:51,803 - INFO - Epoch 107/150 - Train Loss: 0.432847, Val Loss: 0.425584[0m
2025-12-05 17:22:57,573 - INFO - Epoch 108/150 - Train Loss: 0.420442, Val Loss: 0.414649[0m
2025-12-05 17:26:05,714 - INFO - Epoch 109/150 - Train Loss: 0.413244, Val Loss: 0.413389[0m
2025-12-05 17:28:59,551 - INFO - Epoch 110/150 - Train Loss: 0.409505, Val Loss: 0.432497[0m
2025-12-05 17:31:53,756 - INFO - Epoch 111/150 - Train Loss: 0.406443, Val Loss: 0.421512[0m
2025-12-05 17:34:42,476 - INFO - Epoch 112/150 - Train Loss: 0.759313, Val Loss: 0.754694[0m
2025-12-05 17:37:42,931 - INFO - Epoch 113/150 - Train Loss: 0.717260, Val Loss: 0.659607[0m
2025-12-05 17:41:21,446 - INFO - Epoch 114/150 - Train Loss: 0.588751, Val Loss: 0.546039[0m
2025-12-05 17:45:02,753 - INFO - Epoch 115/150 - Train Loss: 0.516912, Val Loss: 0.493436[0m
2025-12-05 17:48:48,811 - INFO - Epoch 116/150 - Train Loss: 0.480810, Val Loss: 0.480747[0m
2025-12-05 17:52:38,399 - INFO - Epoch 117/150 - Train Loss: 0.458337, Val Loss: 0.466865[0m
2025-12-05 17:56:35,899 - INFO - Epoch 118/150 - Train Loss: 0.458643, Val Loss: 0.530765[0m
2025-12-05 18:01:45,627 - INFO - Epoch 119/150 - Train Loss: 0.490311, Val Loss: 0.471053[0m
2025-12-05 18:08:10,682 - INFO - Epoch 120/150 - Train Loss: 0.461280, Val Loss: 0.451672[0m
2025-12-05 18:12:02,276 - INFO - Epoch 121/150 - Train Loss: 0.446615, Val Loss: 0.440920[0m
2025-12-05 18:16:08,900 - INFO - Epoch 122/150 - Train Loss: 0.447926, Val Loss: 0.448669[0m
2025-12-05 18:19:50,208 - INFO - Epoch 123/150 - Train Loss: 0.435767, Val Loss: 0.432493[0m
2025-12-05 18:23:43,411 - INFO - Epoch 124/150 - Train Loss: 0.427518, Val Loss: 0.467201[0m
2025-12-05 18:27:43,134 - INFO - Epoch 125/150 - Train Loss: 0.423971, Val Loss: 0.512011[0m
2025-12-05 18:31:59,073 - INFO - Epoch 126/150 - Train Loss: 0.447890, Val Loss: 0.436675[0m
2025-12-05 18:36:00,957 - INFO - Epoch 127/150 - Train Loss: 0.425545, Val Loss: 0.420822[0m
2025-12-05 18:39:55,112 - INFO - Epoch 128/150 - Train Loss: 0.418688, Val Loss: 0.417156[0m
2025-12-05 18:43:52,722 - INFO - Epoch 129/150 - Train Loss: 0.407507, Val Loss: 0.404664[0m
2025-12-05 18:47:54,950 - INFO - Epoch 130/150 - Train Loss: 0.395804, Val Loss: 0.402198[0m
2025-12-05 18:52:01,150 - INFO - Epoch 131/150 - Train Loss: 0.394287, Val Loss: 0.394477[0m
2025-12-05 18:52:01,295 - INFO - New best model saved with Val Loss: 0.394477
2025-12-05 18:56:02,589 - INFO - Epoch 132/150 - Train Loss: 0.391990, Val Loss: 0.432599[0m
2025-12-05 19:00:05,927 - INFO - Epoch 133/150 - Train Loss: 0.737700, Val Loss: 0.697517[0m
2025-12-05 19:04:12,807 - INFO - Epoch 134/150 - Train Loss: 0.572203, Val Loss: 0.486682[0m
2025-12-05 19:08:21,918 - INFO - Epoch 135/150 - Train Loss: 0.457569, Val Loss: 0.437147[0m
2025-12-05 19:12:20,721 - INFO - Epoch 136/150 - Train Loss: 0.452956, Val Loss: 0.446336[0m
2025-12-05 19:16:11,117 - INFO - Epoch 137/150 - Train Loss: 0.434281, Val Loss: 0.435469[0m
2025-12-05 19:20:13,141 - INFO - Epoch 138/150 - Train Loss: 0.425040, Val Loss: 0.456688[0m
2025-12-05 19:24:21,573 - INFO - Epoch 139/150 - Train Loss: 0.486157, Val Loss: 0.486574[0m
2025-12-05 19:28:37,672 - INFO - Epoch 140/150 - Train Loss: 0.441351, Val Loss: 0.423232[0m
2025-12-05 19:32:44,647 - INFO - Epoch 141/150 - Train Loss: 0.415258, Val Loss: 0.441456[0m
2025-12-05 19:36:42,930 - INFO - Epoch 142/150 - Train Loss: 0.405292, Val Loss: 0.408539[0m
2025-12-05 19:40:40,547 - INFO - Epoch 143/150 - Train Loss: 0.402068, Val Loss: 0.402606[0m
2025-12-05 19:44:47,660 - INFO - Epoch 144/150 - Train Loss: 0.398181, Val Loss: 0.402147[0m
2025-12-05 19:48:43,270 - INFO - Epoch 145/150 - Train Loss: 0.394613, Val Loss: 0.403321[0m
2025-12-05 19:52:54,929 - INFO - Epoch 146/150 - Train Loss: 0.394280, Val Loss: 0.425664[0m
2025-12-05 19:57:05,716 - INFO - Epoch 147/150 - Train Loss: 0.396789, Val Loss: 0.403345[0m
2025-12-05 20:01:18,075 - INFO - Epoch 148/150 - Train Loss: 0.410814, Val Loss: 0.414219[0m
2025-12-05 20:05:25,256 - INFO - Epoch 149/150 - Train Loss: 0.397246, Val Loss: 0.413396[0m
2025-12-05 20:09:42,107 - INFO - Epoch 150/150 - Train Loss: 0.396375, Val Loss: 0.396762[0m
2025-12-05 20:09:43,021 - INFO - Final model saved to experiments/RTformer_s_pressure/final_model.pth
2025-12-05 20:09:43,047 - INFO - Testing the final model
2025-12-05 20:11:10,903 - INFO - *******************[35mL2_erro:[0m
2025-12-05 20:11:10,903 - INFO -  0.464299
2025-12-05 20:11:10,903 - INFO - *******************[35mmse_loss:[0m
2025-12-05 20:11:10,903 - INFO -  0.368876
2025-12-05 20:11:10,903 - INFO - *******************[35minference_time:[0m
2025-12-05 20:11:10,903 - INFO -  0.060528
2025-12-05 20:11:10,910 - INFO - Testing the best model
2025-12-05 20:12:45,463 - INFO - *******************[35mL2_erro:[0m
2025-12-05 20:12:45,464 - INFO -  0.466518
2025-12-05 20:12:45,464 - INFO - *******************[35mmse_loss:[0m
2025-12-05 20:12:45,464 - INFO -  0.372389
2025-12-05 20:12:45,464 - INFO - *******************[35minference_time:[0m
2025-12-05 20:12:45,464 - INFO -  0.043318
