2025-12-04 17:13:22,955 - INFO - args.exp_name : RopeTransolver
2025-12-04 17:13:22,956 - INFO - Starting training with 1 GPUs
2025-12-04 17:13:23,520 - INFO - Total trainable parameters: 4524867
2025-12-04 17:13:23,521 - INFO - Data loaded: 384 training batches, 33 validation batches, 48 test batches
2025-12-04 17:13:23,522 - INFO - Staring training for 300 epochs
2025-12-04 17:14:36,940 - INFO - Epoch 1/300 - Train Loss: 0.841931, Val Loss: 0.671070[0m
2025-12-04 17:14:37,010 - INFO - New best model saved with Val Loss: 0.671070
2025-12-04 17:15:49,161 - INFO - Epoch 2/300 - Train Loss: 0.618122, Val Loss: 0.564468[0m
2025-12-04 17:15:49,219 - INFO - New best model saved with Val Loss: 0.564468
2025-12-04 17:17:01,022 - INFO - Epoch 3/300 - Train Loss: 0.485888, Val Loss: 0.455495[0m
2025-12-04 17:17:01,080 - INFO - New best model saved with Val Loss: 0.455495
2025-12-04 17:18:13,044 - INFO - Epoch 4/300 - Train Loss: 0.432620, Val Loss: 0.381549[0m
2025-12-04 17:18:13,101 - INFO - New best model saved with Val Loss: 0.381549
2025-12-04 17:19:24,586 - INFO - Epoch 5/300 - Train Loss: 0.388457, Val Loss: 0.351980[0m
2025-12-04 17:19:24,641 - INFO - New best model saved with Val Loss: 0.351980
2025-12-04 17:20:36,846 - INFO - Epoch 6/300 - Train Loss: 0.314970, Val Loss: 0.325490[0m
2025-12-04 17:20:36,955 - INFO - New best model saved with Val Loss: 0.325490
2025-12-04 17:21:48,754 - INFO - Epoch 7/300 - Train Loss: 0.284178, Val Loss: 0.268283[0m
2025-12-04 17:21:48,811 - INFO - New best model saved with Val Loss: 0.268283
2025-12-04 17:23:00,383 - INFO - Epoch 8/300 - Train Loss: 0.254683, Val Loss: 0.264694[0m
2025-12-04 17:23:00,502 - INFO - New best model saved with Val Loss: 0.264694
2025-12-04 17:24:11,409 - INFO - Epoch 9/300 - Train Loss: 0.232057, Val Loss: 0.221807[0m
2025-12-04 17:24:11,469 - INFO - New best model saved with Val Loss: 0.221807
2025-12-04 17:25:23,306 - INFO - Epoch 10/300 - Train Loss: 0.209175, Val Loss: 0.193575[0m
2025-12-04 17:25:23,365 - INFO - New best model saved with Val Loss: 0.193575
2025-12-04 17:26:35,237 - INFO - Epoch 11/300 - Train Loss: 0.188648, Val Loss: 0.171958[0m
2025-12-04 17:26:35,314 - INFO - New best model saved with Val Loss: 0.171958
2025-12-04 17:27:46,815 - INFO - Epoch 12/300 - Train Loss: 0.174172, Val Loss: 0.172494[0m
2025-12-04 17:28:58,422 - INFO - Epoch 13/300 - Train Loss: 0.159144, Val Loss: 0.148781[0m
2025-12-04 17:28:58,515 - INFO - New best model saved with Val Loss: 0.148781
2025-12-04 17:30:09,714 - INFO - Epoch 14/300 - Train Loss: 0.147595, Val Loss: 0.139748[0m
2025-12-04 17:30:09,812 - INFO - New best model saved with Val Loss: 0.139748
2025-12-04 17:31:21,075 - INFO - Epoch 15/300 - Train Loss: 0.136751, Val Loss: 0.128951[0m
2025-12-04 17:31:21,195 - INFO - New best model saved with Val Loss: 0.128951
2025-12-04 17:32:32,728 - INFO - Epoch 16/300 - Train Loss: 0.126233, Val Loss: 0.126530[0m
2025-12-04 17:32:32,813 - INFO - New best model saved with Val Loss: 0.126530
2025-12-04 17:33:43,874 - INFO - Epoch 17/300 - Train Loss: 0.118114, Val Loss: 0.115497[0m
2025-12-04 17:33:44,037 - INFO - New best model saved with Val Loss: 0.115497
2025-12-04 17:34:55,583 - INFO - Epoch 18/300 - Train Loss: 0.111366, Val Loss: 0.109176[0m
2025-12-04 17:34:55,680 - INFO - New best model saved with Val Loss: 0.109176
2025-12-04 17:36:07,165 - INFO - Epoch 19/300 - Train Loss: 0.106518, Val Loss: 0.108245[0m
2025-12-04 17:36:07,269 - INFO - New best model saved with Val Loss: 0.108245
2025-12-04 17:37:18,065 - INFO - Epoch 20/300 - Train Loss: 0.142764, Val Loss: 0.233384[0m
2025-12-04 17:38:29,578 - INFO - Epoch 21/300 - Train Loss: 0.126548, Val Loss: 0.106994[0m
2025-12-04 17:38:29,664 - INFO - New best model saved with Val Loss: 0.106994
2025-12-04 17:39:41,256 - INFO - Epoch 22/300 - Train Loss: 0.093091, Val Loss: 0.099816[0m
2025-12-04 17:39:41,349 - INFO - New best model saved with Val Loss: 0.099816
2025-12-04 17:40:52,743 - INFO - Epoch 23/300 - Train Loss: 0.084885, Val Loss: 0.080452[0m
2025-12-04 17:40:52,953 - INFO - New best model saved with Val Loss: 0.080452
2025-12-04 17:42:04,308 - INFO - Epoch 24/300 - Train Loss: 0.081315, Val Loss: 0.080726[0m
2025-12-04 17:43:15,684 - INFO - Epoch 25/300 - Train Loss: 0.077240, Val Loss: 0.081758[0m
2025-12-04 17:44:26,445 - INFO - Epoch 26/300 - Train Loss: 0.075613, Val Loss: 0.074110[0m
2025-12-04 17:44:26,545 - INFO - New best model saved with Val Loss: 0.074110
2025-12-04 17:45:37,826 - INFO - Epoch 27/300 - Train Loss: 0.072438, Val Loss: 0.073159[0m
2025-12-04 17:45:37,949 - INFO - New best model saved with Val Loss: 0.073159
2025-12-04 17:46:48,829 - INFO - Epoch 28/300 - Train Loss: 0.070165, Val Loss: 0.070583[0m
2025-12-04 17:46:48,954 - INFO - New best model saved with Val Loss: 0.070583
2025-12-04 17:48:00,582 - INFO - Epoch 29/300 - Train Loss: 0.069596, Val Loss: 0.068301[0m
2025-12-04 17:48:00,664 - INFO - New best model saved with Val Loss: 0.068301
2025-12-04 17:49:12,192 - INFO - Epoch 30/300 - Train Loss: 0.064872, Val Loss: 0.067929[0m
2025-12-04 17:49:12,353 - INFO - New best model saved with Val Loss: 0.067929
2025-12-04 17:50:23,932 - INFO - Epoch 31/300 - Train Loss: 0.064372, Val Loss: 0.066376[0m
2025-12-04 17:50:24,057 - INFO - New best model saved with Val Loss: 0.066376
2025-12-04 17:51:35,148 - INFO - Epoch 32/300 - Train Loss: 0.061546, Val Loss: 0.064897[0m
2025-12-04 17:51:35,233 - INFO - New best model saved with Val Loss: 0.064897
2025-12-04 17:52:46,130 - INFO - Epoch 33/300 - Train Loss: 0.070290, Val Loss: 0.077394[0m
2025-12-04 17:53:57,749 - INFO - Epoch 34/300 - Train Loss: 0.059839, Val Loss: 0.061334[0m
2025-12-04 17:53:57,852 - INFO - New best model saved with Val Loss: 0.061334
2025-12-04 17:55:08,493 - INFO - Epoch 35/300 - Train Loss: 0.056106, Val Loss: 0.056775[0m
2025-12-04 17:55:08,563 - INFO - New best model saved with Val Loss: 0.056775
2025-12-04 17:56:19,819 - INFO - Epoch 36/300 - Train Loss: 0.053741, Val Loss: 0.063632[0m
2025-12-04 17:57:31,064 - INFO - Epoch 37/300 - Train Loss: 0.053406, Val Loss: 0.054782[0m
2025-12-04 17:57:31,203 - INFO - New best model saved with Val Loss: 0.054782
2025-12-04 17:58:42,223 - INFO - Epoch 38/300 - Train Loss: 0.050208, Val Loss: 0.057247[0m
2025-12-04 17:59:53,484 - INFO - Epoch 39/300 - Train Loss: 0.050743, Val Loss: 0.054844[0m
2025-12-04 18:01:04,138 - INFO - Epoch 40/300 - Train Loss: 0.050392, Val Loss: 0.054531[0m
2025-12-04 18:01:04,247 - INFO - New best model saved with Val Loss: 0.054531
2025-12-04 18:02:16,001 - INFO - Epoch 41/300 - Train Loss: 0.048106, Val Loss: 0.046879[0m
2025-12-04 18:02:16,083 - INFO - New best model saved with Val Loss: 0.046879
2025-12-04 18:03:27,255 - INFO - Epoch 42/300 - Train Loss: 0.048478, Val Loss: 0.049698[0m
2025-12-04 18:04:39,002 - INFO - Epoch 43/300 - Train Loss: 0.044770, Val Loss: 0.048765[0m
2025-12-04 18:05:50,852 - INFO - Epoch 44/300 - Train Loss: 0.051170, Val Loss: 0.056318[0m
2025-12-04 18:07:01,969 - INFO - Epoch 45/300 - Train Loss: 0.044802, Val Loss: 0.045575[0m
2025-12-04 18:07:02,059 - INFO - New best model saved with Val Loss: 0.045575
2025-12-04 18:08:13,476 - INFO - Epoch 46/300 - Train Loss: 0.041049, Val Loss: 0.047829[0m
2025-12-04 18:09:25,432 - INFO - Epoch 47/300 - Train Loss: 0.041165, Val Loss: 0.046474[0m
2025-12-04 18:10:37,586 - INFO - Epoch 48/300 - Train Loss: 0.039860, Val Loss: 0.045831[0m
2025-12-04 18:11:49,158 - INFO - Epoch 49/300 - Train Loss: 0.039736, Val Loss: 0.041577[0m
2025-12-04 18:11:49,236 - INFO - New best model saved with Val Loss: 0.041577
2025-12-04 18:13:01,155 - INFO - Epoch 50/300 - Train Loss: 0.040717, Val Loss: 0.044294[0m
2025-12-04 18:14:12,690 - INFO - Epoch 51/300 - Train Loss: 0.039943, Val Loss: 0.044130[0m
2025-12-04 18:15:24,247 - INFO - Epoch 52/300 - Train Loss: 0.038147, Val Loss: 0.042073[0m
2025-12-04 18:16:35,695 - INFO - Epoch 53/300 - Train Loss: 0.038846, Val Loss: 0.039755[0m
2025-12-04 18:16:35,797 - INFO - New best model saved with Val Loss: 0.039755
2025-12-04 18:17:49,082 - INFO - Epoch 54/300 - Train Loss: 0.035611, Val Loss: 0.040240[0m
2025-12-04 18:18:59,288 - INFO - Epoch 55/300 - Train Loss: 0.037351, Val Loss: 0.040620[0m
2025-12-04 18:20:08,748 - INFO - Epoch 56/300 - Train Loss: 0.035393, Val Loss: 0.042539[0m
2025-12-04 18:21:17,214 - INFO - Epoch 57/300 - Train Loss: 0.035437, Val Loss: 0.037222[0m
2025-12-04 18:21:17,300 - INFO - New best model saved with Val Loss: 0.037222
2025-12-04 18:22:27,364 - INFO - Epoch 58/300 - Train Loss: 0.034045, Val Loss: 0.040208[0m
2025-12-04 18:23:37,356 - INFO - Epoch 59/300 - Train Loss: 0.033483, Val Loss: 0.037674[0m
2025-12-04 18:24:46,647 - INFO - Epoch 60/300 - Train Loss: 0.060765, Val Loss: 0.050657[0m
2025-12-04 18:25:56,711 - INFO - Epoch 61/300 - Train Loss: 0.035538, Val Loss: 0.036665[0m
2025-12-04 18:25:56,794 - INFO - New best model saved with Val Loss: 0.036665
2025-12-04 18:27:06,938 - INFO - Epoch 62/300 - Train Loss: 0.030745, Val Loss: 0.034415[0m
2025-12-04 18:27:07,021 - INFO - New best model saved with Val Loss: 0.034415
2025-12-04 18:28:16,602 - INFO - Epoch 63/300 - Train Loss: 0.030548, Val Loss: 0.036072[0m
2025-12-04 18:29:25,544 - INFO - Epoch 64/300 - Train Loss: 0.030347, Val Loss: 0.033161[0m
2025-12-04 18:29:25,612 - INFO - New best model saved with Val Loss: 0.033161
2025-12-04 18:30:35,873 - INFO - Epoch 65/300 - Train Loss: 0.029375, Val Loss: 0.035011[0m
2025-12-04 18:31:45,420 - INFO - Epoch 66/300 - Train Loss: 0.029634, Val Loss: 0.035321[0m
2025-12-04 18:32:54,682 - INFO - Epoch 67/300 - Train Loss: 0.029819, Val Loss: 0.034397[0m
2025-12-04 18:34:03,583 - INFO - Epoch 68/300 - Train Loss: 0.029141, Val Loss: 0.035616[0m
2025-12-04 18:35:12,552 - INFO - Epoch 69/300 - Train Loss: 0.030485, Val Loss: 0.048358[0m
2025-12-04 18:36:21,683 - INFO - Epoch 70/300 - Train Loss: 0.060039, Val Loss: 0.037672[0m
2025-12-04 18:37:31,923 - INFO - Epoch 71/300 - Train Loss: 0.028603, Val Loss: 0.033104[0m
2025-12-04 18:37:31,991 - INFO - New best model saved with Val Loss: 0.033104
2025-12-04 18:38:39,811 - INFO - Epoch 72/300 - Train Loss: 0.027234, Val Loss: 0.032588[0m
2025-12-04 18:38:39,898 - INFO - New best model saved with Val Loss: 0.032588
2025-12-04 18:39:47,137 - INFO - Epoch 73/300 - Train Loss: 0.027063, Val Loss: 0.032437[0m
2025-12-04 18:39:47,196 - INFO - New best model saved with Val Loss: 0.032437
2025-12-04 18:40:54,657 - INFO - Epoch 74/300 - Train Loss: 0.026763, Val Loss: 0.032675[0m
2025-12-04 18:42:00,509 - INFO - Epoch 75/300 - Train Loss: 0.026403, Val Loss: 0.032670[0m
2025-12-04 18:43:08,693 - INFO - Epoch 76/300 - Train Loss: 0.027242, Val Loss: 0.032985[0m
2025-12-04 18:44:14,722 - INFO - Epoch 77/300 - Train Loss: 0.027942, Val Loss: 0.030219[0m
2025-12-04 18:44:14,796 - INFO - New best model saved with Val Loss: 0.030219
2025-12-04 18:45:21,891 - INFO - Epoch 78/300 - Train Loss: 0.026688, Val Loss: 0.032500[0m
2025-12-04 18:46:28,260 - INFO - Epoch 79/300 - Train Loss: 0.028360, Val Loss: 0.036185[0m
2025-12-04 18:47:37,831 - INFO - Epoch 80/300 - Train Loss: 0.026404, Val Loss: 0.030554[0m
2025-12-04 18:48:46,469 - INFO - Epoch 81/300 - Train Loss: 0.025906, Val Loss: 0.030915[0m
2025-12-04 18:49:53,717 - INFO - Epoch 82/300 - Train Loss: 0.027329, Val Loss: 0.031933[0m
2025-12-04 18:51:00,067 - INFO - Epoch 83/300 - Train Loss: 0.025400, Val Loss: 0.031063[0m
2025-12-04 18:52:07,153 - INFO - Epoch 84/300 - Train Loss: 0.025936, Val Loss: 0.034270[0m
2025-12-04 18:53:16,036 - INFO - Epoch 85/300 - Train Loss: 0.024482, Val Loss: 0.029113[0m
2025-12-04 18:53:16,127 - INFO - New best model saved with Val Loss: 0.029113
2025-12-04 18:54:22,225 - INFO - Epoch 86/300 - Train Loss: 0.024438, Val Loss: 0.030336[0m
2025-12-04 18:55:27,498 - INFO - Epoch 87/300 - Train Loss: 0.024878, Val Loss: 0.032985[0m
2025-12-04 18:56:33,766 - INFO - Epoch 88/300 - Train Loss: 0.024049, Val Loss: 0.031466[0m
2025-12-04 18:57:40,525 - INFO - Epoch 89/300 - Train Loss: 0.023469, Val Loss: 0.029906[0m
2025-12-04 18:58:50,193 - INFO - Epoch 90/300 - Train Loss: 0.023573, Val Loss: 0.029904[0m
2025-12-04 18:59:58,040 - INFO - Epoch 91/300 - Train Loss: 0.023832, Val Loss: 0.029035[0m
2025-12-04 18:59:58,117 - INFO - New best model saved with Val Loss: 0.029035
2025-12-04 19:01:03,738 - INFO - Epoch 92/300 - Train Loss: 0.024155, Val Loss: 0.033031[0m
2025-12-04 19:02:10,905 - INFO - Epoch 93/300 - Train Loss: 0.022658, Val Loss: 0.027131[0m
2025-12-04 19:02:10,970 - INFO - New best model saved with Val Loss: 0.027131
2025-12-04 19:03:17,214 - INFO - Epoch 94/300 - Train Loss: 0.022135, Val Loss: 0.028099[0m
2025-12-04 19:04:26,139 - INFO - Epoch 95/300 - Train Loss: 0.022274, Val Loss: 0.030827[0m
2025-12-04 19:05:32,301 - INFO - Epoch 96/300 - Train Loss: 0.022512, Val Loss: 0.027527[0m
2025-12-04 19:06:37,926 - INFO - Epoch 97/300 - Train Loss: 0.023045, Val Loss: 0.030859[0m
2025-12-04 19:07:44,275 - INFO - Epoch 98/300 - Train Loss: 0.024213, Val Loss: 0.028895[0m
2025-12-04 19:08:50,843 - INFO - Epoch 99/300 - Train Loss: 0.020978, Val Loss: 0.027289[0m
2025-12-04 19:09:56,294 - INFO - Epoch 100/300 - Train Loss: 0.020266, Val Loss: 0.025495[0m
2025-12-04 19:09:56,383 - INFO - New best model saved with Val Loss: 0.025495
2025-12-04 19:11:01,746 - INFO - Epoch 101/300 - Train Loss: 0.013727, Val Loss: 0.019526[0m
2025-12-04 19:11:01,831 - INFO - New best model saved with Val Loss: 0.019526
2025-12-04 19:12:07,126 - INFO - Epoch 102/300 - Train Loss: 0.012685, Val Loss: 0.019212[0m
2025-12-04 19:12:07,208 - INFO - New best model saved with Val Loss: 0.019212
2025-12-04 19:13:12,177 - INFO - Epoch 103/300 - Train Loss: 0.012377, Val Loss: 0.019018[0m
2025-12-04 19:13:12,272 - INFO - New best model saved with Val Loss: 0.019018
2025-12-04 19:14:19,483 - INFO - Epoch 104/300 - Train Loss: 0.012183, Val Loss: 0.018915[0m
2025-12-04 19:14:19,552 - INFO - New best model saved with Val Loss: 0.018915
2025-12-04 19:15:25,994 - INFO - Epoch 105/300 - Train Loss: 0.012034, Val Loss: 0.018834[0m
2025-12-04 19:15:26,049 - INFO - New best model saved with Val Loss: 0.018834
2025-12-04 19:16:34,739 - INFO - Epoch 106/300 - Train Loss: 0.011913, Val Loss: 0.018840[0m
2025-12-04 19:17:41,725 - INFO - Epoch 107/300 - Train Loss: 0.011782, Val Loss: 0.018750[0m
2025-12-04 19:17:41,799 - INFO - New best model saved with Val Loss: 0.018750
2025-12-04 19:18:48,160 - INFO - Epoch 108/300 - Train Loss: 0.011666, Val Loss: 0.018598[0m
2025-12-04 19:18:48,238 - INFO - New best model saved with Val Loss: 0.018598
2025-12-04 19:19:53,672 - INFO - Epoch 109/300 - Train Loss: 0.011577, Val Loss: 0.018631[0m
2025-12-04 19:20:59,656 - INFO - Epoch 110/300 - Train Loss: 0.011467, Val Loss: 0.018478[0m
2025-12-04 19:20:59,723 - INFO - New best model saved with Val Loss: 0.018478
2025-12-04 19:22:05,246 - INFO - Epoch 111/300 - Train Loss: 0.011363, Val Loss: 0.018458[0m
2025-12-04 19:22:05,324 - INFO - New best model saved with Val Loss: 0.018458
2025-12-04 19:23:10,977 - INFO - Epoch 112/300 - Train Loss: 0.011281, Val Loss: 0.018463[0m
2025-12-04 19:24:18,840 - INFO - Epoch 113/300 - Train Loss: 0.011174, Val Loss: 0.018412[0m
2025-12-04 19:24:18,922 - INFO - New best model saved with Val Loss: 0.018412
2025-12-04 19:25:26,530 - INFO - Epoch 114/300 - Train Loss: 0.011087, Val Loss: 0.018338[0m
2025-12-04 19:25:26,601 - INFO - New best model saved with Val Loss: 0.018338
2025-12-04 19:26:33,773 - INFO - Epoch 115/300 - Train Loss: 0.011003, Val Loss: 0.018153[0m
2025-12-04 19:26:33,870 - INFO - New best model saved with Val Loss: 0.018153
2025-12-04 19:27:40,769 - INFO - Epoch 116/300 - Train Loss: 0.010936, Val Loss: 0.018165[0m
2025-12-04 19:28:46,924 - INFO - Epoch 117/300 - Train Loss: 0.010831, Val Loss: 0.018171[0m
2025-12-04 19:29:53,824 - INFO - Epoch 118/300 - Train Loss: 0.010785, Val Loss: 0.018120[0m
2025-12-04 19:29:53,895 - INFO - New best model saved with Val Loss: 0.018120
2025-12-04 19:30:59,879 - INFO - Epoch 119/300 - Train Loss: 0.010698, Val Loss: 0.018058[0m
2025-12-04 19:30:59,946 - INFO - New best model saved with Val Loss: 0.018058
2025-12-04 19:32:07,910 - INFO - Epoch 120/300 - Train Loss: 0.010626, Val Loss: 0.018022[0m
2025-12-04 19:32:08,008 - INFO - New best model saved with Val Loss: 0.018022
2025-12-04 19:33:15,075 - INFO - Epoch 121/300 - Train Loss: 0.010550, Val Loss: 0.017976[0m
2025-12-04 19:33:15,142 - INFO - New best model saved with Val Loss: 0.017976
2025-12-04 19:34:22,254 - INFO - Epoch 122/300 - Train Loss: 0.010481, Val Loss: 0.018038[0m
2025-12-04 19:35:30,629 - INFO - Epoch 123/300 - Train Loss: 0.010409, Val Loss: 0.017961[0m
2025-12-04 19:35:30,715 - INFO - New best model saved with Val Loss: 0.017961
2025-12-04 19:36:37,846 - INFO - Epoch 124/300 - Train Loss: 0.010349, Val Loss: 0.017969[0m
2025-12-04 19:37:45,827 - INFO - Epoch 125/300 - Train Loss: 0.010337, Val Loss: 0.017983[0m
2025-12-04 19:38:51,982 - INFO - Epoch 126/300 - Train Loss: 0.010221, Val Loss: 0.017880[0m
2025-12-04 19:38:52,056 - INFO - New best model saved with Val Loss: 0.017880
2025-12-04 19:39:59,883 - INFO - Epoch 127/300 - Train Loss: 0.010167, Val Loss: 0.017934[0m
2025-12-04 19:41:06,720 - INFO - Epoch 128/300 - Train Loss: 0.010105, Val Loss: 0.017855[0m
2025-12-04 19:41:06,793 - INFO - New best model saved with Val Loss: 0.017855
2025-12-04 19:42:13,280 - INFO - Epoch 129/300 - Train Loss: 0.010050, Val Loss: 0.017868[0m
2025-12-04 19:43:21,649 - INFO - Epoch 130/300 - Train Loss: 0.010004, Val Loss: 0.017905[0m
2025-12-04 19:44:31,738 - INFO - Epoch 131/300 - Train Loss: 0.009952, Val Loss: 0.017697[0m
2025-12-04 19:44:31,805 - INFO - New best model saved with Val Loss: 0.017697
2025-12-04 19:45:41,168 - INFO - Epoch 132/300 - Train Loss: 0.009861, Val Loss: 0.017803[0m
2025-12-04 19:46:50,203 - INFO - Epoch 133/300 - Train Loss: 0.009842, Val Loss: 0.017794[0m
2025-12-04 19:47:55,952 - INFO - Epoch 134/300 - Train Loss: 0.009791, Val Loss: 0.017695[0m
2025-12-04 19:47:56,038 - INFO - New best model saved with Val Loss: 0.017695
2025-12-04 19:49:01,919 - INFO - Epoch 135/300 - Train Loss: 0.009717, Val Loss: 0.017763[0m
2025-12-04 19:50:08,879 - INFO - Epoch 136/300 - Train Loss: 0.009694, Val Loss: 0.017606[0m
2025-12-04 19:50:08,954 - INFO - New best model saved with Val Loss: 0.017606
2025-12-04 19:51:15,308 - INFO - Epoch 137/300 - Train Loss: 0.009628, Val Loss: 0.017753[0m
2025-12-04 19:52:22,313 - INFO - Epoch 138/300 - Train Loss: 0.009577, Val Loss: 0.017568[0m
2025-12-04 19:52:22,370 - INFO - New best model saved with Val Loss: 0.017568
2025-12-04 19:53:31,846 - INFO - Epoch 139/300 - Train Loss: 0.009543, Val Loss: 0.017640[0m
2025-12-04 19:54:40,086 - INFO - Epoch 140/300 - Train Loss: 0.009456, Val Loss: 0.017491[0m
2025-12-04 19:54:40,159 - INFO - New best model saved with Val Loss: 0.017491
2025-12-04 19:55:47,860 - INFO - Epoch 141/300 - Train Loss: 0.009448, Val Loss: 0.017500[0m
2025-12-04 19:56:54,713 - INFO - Epoch 142/300 - Train Loss: 0.009395, Val Loss: 0.017413[0m
2025-12-04 19:56:54,770 - INFO - New best model saved with Val Loss: 0.017413
2025-12-04 19:58:00,195 - INFO - Epoch 143/300 - Train Loss: 0.009352, Val Loss: 0.017575[0m
2025-12-04 19:59:06,428 - INFO - Epoch 144/300 - Train Loss: 0.009283, Val Loss: 0.017536[0m
2025-12-04 20:00:11,647 - INFO - Epoch 145/300 - Train Loss: 0.009245, Val Loss: 0.017554[0m
2025-12-04 20:01:16,476 - INFO - Epoch 146/300 - Train Loss: 0.009239, Val Loss: 0.017555[0m
2025-12-04 20:02:23,074 - INFO - Epoch 147/300 - Train Loss: 0.009174, Val Loss: 0.017584[0m
2025-12-04 20:03:30,975 - INFO - Epoch 148/300 - Train Loss: 0.009140, Val Loss: 0.017323[0m
2025-12-04 20:03:31,033 - INFO - New best model saved with Val Loss: 0.017323
2025-12-04 20:04:39,445 - INFO - Epoch 149/300 - Train Loss: 0.009074, Val Loss: 0.017443[0m
2025-12-04 20:05:46,153 - INFO - Epoch 150/300 - Train Loss: 0.009061, Val Loss: 0.017395[0m
2025-12-04 20:06:51,686 - INFO - Epoch 151/300 - Train Loss: 0.008998, Val Loss: 0.017523[0m
2025-12-04 20:07:57,002 - INFO - Epoch 152/300 - Train Loss: 0.008962, Val Loss: 0.017327[0m
2025-12-04 20:09:03,229 - INFO - Epoch 153/300 - Train Loss: 0.008937, Val Loss: 0.017519[0m
2025-12-04 20:10:10,350 - INFO - Epoch 154/300 - Train Loss: 0.008885, Val Loss: 0.017391[0m
2025-12-04 20:11:16,247 - INFO - Epoch 155/300 - Train Loss: 0.008845, Val Loss: 0.017397[0m
2025-12-04 20:12:22,675 - INFO - Epoch 156/300 - Train Loss: 0.008825, Val Loss: 0.017366[0m
2025-12-04 20:13:28,771 - INFO - Epoch 157/300 - Train Loss: 0.008756, Val Loss: 0.017323[0m
2025-12-04 20:14:36,454 - INFO - Epoch 158/300 - Train Loss: 0.008743, Val Loss: 0.017430[0m
2025-12-04 20:15:43,862 - INFO - Epoch 159/300 - Train Loss: 0.008695, Val Loss: 0.017317[0m
2025-12-04 20:15:43,931 - INFO - New best model saved with Val Loss: 0.017317
2025-12-04 20:16:50,344 - INFO - Epoch 160/300 - Train Loss: 0.008664, Val Loss: 0.017253[0m
2025-12-04 20:16:50,415 - INFO - New best model saved with Val Loss: 0.017253
2025-12-04 20:17:56,993 - INFO - Epoch 161/300 - Train Loss: 0.008623, Val Loss: 0.017297[0m
2025-12-04 20:19:01,060 - INFO - Epoch 162/300 - Train Loss: 0.008589, Val Loss: 0.017337[0m
2025-12-04 20:20:06,374 - INFO - Epoch 163/300 - Train Loss: 0.008546, Val Loss: 0.017193[0m
2025-12-04 20:20:06,448 - INFO - New best model saved with Val Loss: 0.017193
2025-12-04 20:21:12,251 - INFO - Epoch 164/300 - Train Loss: 0.008530, Val Loss: 0.017381[0m
2025-12-04 20:22:18,804 - INFO - Epoch 165/300 - Train Loss: 0.008511, Val Loss: 0.017216[0m
2025-12-04 20:23:23,628 - INFO - Epoch 166/300 - Train Loss: 0.008438, Val Loss: 0.017336[0m
2025-12-04 20:24:29,965 - INFO - Epoch 167/300 - Train Loss: 0.008417, Val Loss: 0.017270[0m
2025-12-04 20:25:35,602 - INFO - Epoch 168/300 - Train Loss: 0.008395, Val Loss: 0.017266[0m
2025-12-04 20:26:42,485 - INFO - Epoch 169/300 - Train Loss: 0.008368, Val Loss: 0.017295[0m
2025-12-04 20:27:47,978 - INFO - Epoch 170/300 - Train Loss: 0.008352, Val Loss: 0.017267[0m
2025-12-04 20:28:54,715 - INFO - Epoch 171/300 - Train Loss: 0.008275, Val Loss: 0.017164[0m
2025-12-04 20:28:54,796 - INFO - New best model saved with Val Loss: 0.017164
2025-12-04 20:30:01,225 - INFO - Epoch 172/300 - Train Loss: 0.008300, Val Loss: 0.017187[0m
2025-12-04 20:31:08,342 - INFO - Epoch 173/300 - Train Loss: 0.008232, Val Loss: 0.017194[0m
2025-12-04 20:32:15,714 - INFO - Epoch 174/300 - Train Loss: 0.008182, Val Loss: 0.017088[0m
2025-12-04 20:32:15,789 - INFO - New best model saved with Val Loss: 0.017088
2025-12-04 20:33:23,359 - INFO - Epoch 175/300 - Train Loss: 0.008161, Val Loss: 0.017258[0m
2025-12-04 20:34:27,885 - INFO - Epoch 176/300 - Train Loss: 0.008137, Val Loss: 0.017125[0m
2025-12-04 20:35:33,091 - INFO - Epoch 177/300 - Train Loss: 0.008146, Val Loss: 0.017183[0m
2025-12-04 20:36:40,056 - INFO - Epoch 178/300 - Train Loss: 0.008090, Val Loss: 0.017067[0m
2025-12-04 20:36:40,141 - INFO - New best model saved with Val Loss: 0.017067
2025-12-04 20:37:46,117 - INFO - Epoch 179/300 - Train Loss: 0.008063, Val Loss: 0.017104[0m
2025-12-04 20:38:54,073 - INFO - Epoch 180/300 - Train Loss: 0.008015, Val Loss: 0.017057[0m
2025-12-04 20:38:54,129 - INFO - New best model saved with Val Loss: 0.017057
2025-12-04 20:40:02,306 - INFO - Epoch 181/300 - Train Loss: 0.007989, Val Loss: 0.016945[0m
2025-12-04 20:40:02,361 - INFO - New best model saved with Val Loss: 0.016945
2025-12-04 20:41:10,771 - INFO - Epoch 182/300 - Train Loss: 0.007967, Val Loss: 0.017000[0m
2025-12-04 20:42:18,488 - INFO - Epoch 183/300 - Train Loss: 0.007986, Val Loss: 0.017111[0m
2025-12-04 20:43:25,056 - INFO - Epoch 184/300 - Train Loss: 0.007907, Val Loss: 0.017114[0m
2025-12-04 20:44:35,557 - INFO - Epoch 185/300 - Train Loss: 0.007870, Val Loss: 0.017222[0m
2025-12-04 20:45:44,862 - INFO - Epoch 186/300 - Train Loss: 0.007856, Val Loss: 0.017133[0m
2025-12-04 20:46:52,735 - INFO - Epoch 187/300 - Train Loss: 0.007819, Val Loss: 0.016984[0m
2025-12-04 20:48:00,094 - INFO - Epoch 188/300 - Train Loss: 0.007789, Val Loss: 0.016998[0m
2025-12-04 20:49:07,741 - INFO - Epoch 189/300 - Train Loss: 0.007792, Val Loss: 0.017001[0m
2025-12-04 20:50:15,542 - INFO - Epoch 190/300 - Train Loss: 0.007750, Val Loss: 0.017074[0m
2025-12-04 20:51:24,010 - INFO - Epoch 191/300 - Train Loss: 0.007757, Val Loss: 0.016987[0m
2025-12-04 20:52:31,970 - INFO - Epoch 192/300 - Train Loss: 0.007679, Val Loss: 0.016981[0m
2025-12-04 20:53:40,169 - INFO - Epoch 193/300 - Train Loss: 0.007680, Val Loss: 0.016995[0m
2025-12-04 20:54:47,971 - INFO - Epoch 194/300 - Train Loss: 0.007638, Val Loss: 0.016923[0m
2025-12-04 20:54:48,038 - INFO - New best model saved with Val Loss: 0.016923
2025-12-04 20:55:55,836 - INFO - Epoch 195/300 - Train Loss: 0.007620, Val Loss: 0.017013[0m
2025-12-04 20:57:03,856 - INFO - Epoch 196/300 - Train Loss: 0.007605, Val Loss: 0.016945[0m
2025-12-04 20:58:09,933 - INFO - Epoch 197/300 - Train Loss: 0.007580, Val Loss: 0.017158[0m
2025-12-04 20:59:18,502 - INFO - Epoch 198/300 - Train Loss: 0.007565, Val Loss: 0.017085[0m
2025-12-04 21:00:26,341 - INFO - Epoch 199/300 - Train Loss: 0.007527, Val Loss: 0.016966[0m
2025-12-04 21:01:34,136 - INFO - Epoch 200/300 - Train Loss: 0.007486, Val Loss: 0.016959[0m
2025-12-04 21:02:42,333 - INFO - Epoch 201/300 - Train Loss: 0.006991, Val Loss: 0.016543[0m
2025-12-04 21:02:42,447 - INFO - New best model saved with Val Loss: 0.016543
2025-12-04 21:03:52,065 - INFO - Epoch 202/300 - Train Loss: 0.006913, Val Loss: 0.016561[0m
2025-12-04 21:05:01,699 - INFO - Epoch 203/300 - Train Loss: 0.006897, Val Loss: 0.016552[0m
2025-12-04 21:06:10,485 - INFO - Epoch 204/300 - Train Loss: 0.006888, Val Loss: 0.016536[0m
2025-12-04 21:06:10,567 - INFO - New best model saved with Val Loss: 0.016536
2025-12-04 21:07:20,778 - INFO - Epoch 205/300 - Train Loss: 0.006882, Val Loss: 0.016566[0m
2025-12-04 21:08:29,523 - INFO - Epoch 206/300 - Train Loss: 0.006874, Val Loss: 0.016549[0m
2025-12-04 21:09:39,126 - INFO - Epoch 207/300 - Train Loss: 0.006870, Val Loss: 0.016548[0m
2025-12-04 21:10:47,103 - INFO - Epoch 208/300 - Train Loss: 0.006864, Val Loss: 0.016558[0m
2025-12-04 21:11:55,837 - INFO - Epoch 209/300 - Train Loss: 0.006860, Val Loss: 0.016553[0m
2025-12-04 21:13:04,383 - INFO - Epoch 210/300 - Train Loss: 0.006854, Val Loss: 0.016537[0m
2025-12-04 21:14:13,172 - INFO - Epoch 211/300 - Train Loss: 0.006849, Val Loss: 0.016559[0m
2025-12-04 21:15:22,186 - INFO - Epoch 212/300 - Train Loss: 0.006845, Val Loss: 0.016543[0m
2025-12-04 21:16:28,814 - INFO - Epoch 213/300 - Train Loss: 0.006842, Val Loss: 0.016565[0m
2025-12-04 21:17:37,681 - INFO - Epoch 214/300 - Train Loss: 0.006836, Val Loss: 0.016583[0m
2025-12-04 21:18:44,468 - INFO - Epoch 215/300 - Train Loss: 0.006831, Val Loss: 0.016551[0m
2025-12-04 21:19:50,589 - INFO - Epoch 216/300 - Train Loss: 0.006828, Val Loss: 0.016578[0m
2025-12-04 21:20:56,988 - INFO - Epoch 217/300 - Train Loss: 0.006824, Val Loss: 0.016554[0m
2025-12-04 21:22:03,440 - INFO - Epoch 218/300 - Train Loss: 0.006819, Val Loss: 0.016549[0m
2025-12-04 21:23:10,108 - INFO - Epoch 219/300 - Train Loss: 0.006815, Val Loss: 0.016566[0m
2025-12-04 21:24:17,536 - INFO - Epoch 220/300 - Train Loss: 0.006811, Val Loss: 0.016528[0m
2025-12-04 21:24:17,802 - INFO - New best model saved with Val Loss: 0.016528
2025-12-04 21:25:24,240 - INFO - Epoch 221/300 - Train Loss: 0.006807, Val Loss: 0.016554[0m
2025-12-04 21:26:33,193 - INFO - Epoch 222/300 - Train Loss: 0.006803, Val Loss: 0.016552[0m
2025-12-04 21:27:41,247 - INFO - Epoch 223/300 - Train Loss: 0.006798, Val Loss: 0.016555[0m
2025-12-04 21:28:49,225 - INFO - Epoch 224/300 - Train Loss: 0.006793, Val Loss: 0.016585[0m
2025-12-04 21:29:59,873 - INFO - Epoch 225/300 - Train Loss: 0.006790, Val Loss: 0.016551[0m
2025-12-04 21:31:07,823 - INFO - Epoch 226/300 - Train Loss: 0.006785, Val Loss: 0.016545[0m
2025-12-04 21:32:15,874 - INFO - Epoch 227/300 - Train Loss: 0.006783, Val Loss: 0.016548[0m
2025-12-04 21:33:24,581 - INFO - Epoch 228/300 - Train Loss: 0.006779, Val Loss: 0.016573[0m
2025-12-04 21:34:32,735 - INFO - Epoch 229/300 - Train Loss: 0.006775, Val Loss: 0.016567[0m
2025-12-04 21:35:38,910 - INFO - Epoch 230/300 - Train Loss: 0.006770, Val Loss: 0.016545[0m
2025-12-04 21:36:46,119 - INFO - Epoch 231/300 - Train Loss: 0.006768, Val Loss: 0.016570[0m
2025-12-04 21:37:55,090 - INFO - Epoch 232/300 - Train Loss: 0.006763, Val Loss: 0.016557[0m
2025-12-04 21:39:02,650 - INFO - Epoch 233/300 - Train Loss: 0.006760, Val Loss: 0.016541[0m
2025-12-04 21:40:07,851 - INFO - Epoch 234/300 - Train Loss: 0.006756, Val Loss: 0.016541[0m
2025-12-04 21:41:13,398 - INFO - Epoch 235/300 - Train Loss: 0.006753, Val Loss: 0.016550[0m
2025-12-04 21:42:20,667 - INFO - Epoch 236/300 - Train Loss: 0.006747, Val Loss: 0.016542[0m
2025-12-04 21:43:26,077 - INFO - Epoch 237/300 - Train Loss: 0.006745, Val Loss: 0.016551[0m
2025-12-04 21:44:32,785 - INFO - Epoch 238/300 - Train Loss: 0.006742, Val Loss: 0.016574[0m
2025-12-04 21:45:39,077 - INFO - Epoch 239/300 - Train Loss: 0.006738, Val Loss: 0.016545[0m
2025-12-04 21:46:47,432 - INFO - Epoch 240/300 - Train Loss: 0.006735, Val Loss: 0.016542[0m
2025-12-04 21:47:54,775 - INFO - Epoch 241/300 - Train Loss: 0.006730, Val Loss: 0.016543[0m
2025-12-04 21:49:02,393 - INFO - Epoch 242/300 - Train Loss: 0.006727, Val Loss: 0.016561[0m
2025-12-04 21:50:08,373 - INFO - Epoch 243/300 - Train Loss: 0.006722, Val Loss: 0.016549[0m
2025-12-04 21:51:13,802 - INFO - Epoch 244/300 - Train Loss: 0.006719, Val Loss: 0.016558[0m
2025-12-04 21:52:18,562 - INFO - Epoch 245/300 - Train Loss: 0.006717, Val Loss: 0.016539[0m
2025-12-04 21:53:24,409 - INFO - Epoch 246/300 - Train Loss: 0.006712, Val Loss: 0.016575[0m
2025-12-04 21:54:49,876 - INFO - Epoch 247/300 - Train Loss: 0.006710, Val Loss: 0.016591[0m
2025-12-04 21:56:51,492 - INFO - Epoch 248/300 - Train Loss: 0.006705, Val Loss: 0.016531[0m
2025-12-04 22:02:42,155 - INFO - Epoch 249/300 - Train Loss: 0.006701, Val Loss: 0.016562[0m
2025-12-04 22:11:45,074 - INFO - Epoch 250/300 - Train Loss: 0.006698, Val Loss: 0.016563[0m
2025-12-04 22:16:23,875 - INFO - Epoch 251/300 - Train Loss: 0.006695, Val Loss: 0.016558[0m
2025-12-04 22:17:34,621 - INFO - Epoch 252/300 - Train Loss: 0.006691, Val Loss: 0.016571[0m
2025-12-04 22:18:44,508 - INFO - Epoch 253/300 - Train Loss: 0.006687, Val Loss: 0.016541[0m
2025-12-04 22:19:55,243 - INFO - Epoch 254/300 - Train Loss: 0.006684, Val Loss: 0.016527[0m
2025-12-04 22:19:55,341 - INFO - New best model saved with Val Loss: 0.016527
2025-12-04 22:21:04,770 - INFO - Epoch 255/300 - Train Loss: 0.006681, Val Loss: 0.016530[0m
2025-12-04 22:22:14,815 - INFO - Epoch 256/300 - Train Loss: 0.006678, Val Loss: 0.016553[0m
2025-12-04 22:23:24,816 - INFO - Epoch 257/300 - Train Loss: 0.006675, Val Loss: 0.016554[0m
2025-12-04 22:24:35,045 - INFO - Epoch 258/300 - Train Loss: 0.006671, Val Loss: 0.016546[0m
2025-12-04 22:25:45,070 - INFO - Epoch 259/300 - Train Loss: 0.006668, Val Loss: 0.016561[0m
2025-12-04 22:26:55,112 - INFO - Epoch 260/300 - Train Loss: 0.006663, Val Loss: 0.016542[0m
2025-12-04 22:28:05,286 - INFO - Epoch 261/300 - Train Loss: 0.006660, Val Loss: 0.016530[0m
2025-12-04 22:29:15,513 - INFO - Epoch 262/300 - Train Loss: 0.006656, Val Loss: 0.016548[0m
2025-12-04 22:30:25,645 - INFO - Epoch 263/300 - Train Loss: 0.006654, Val Loss: 0.016550[0m
2025-12-04 22:31:35,912 - INFO - Epoch 264/300 - Train Loss: 0.006651, Val Loss: 0.016550[0m
2025-12-04 22:32:46,592 - INFO - Epoch 265/300 - Train Loss: 0.006647, Val Loss: 0.016530[0m
2025-12-04 22:33:57,599 - INFO - Epoch 266/300 - Train Loss: 0.006644, Val Loss: 0.016536[0m
2025-12-04 22:35:08,173 - INFO - Epoch 267/300 - Train Loss: 0.006641, Val Loss: 0.016545[0m
2025-12-04 22:36:19,295 - INFO - Epoch 268/300 - Train Loss: 0.006636, Val Loss: 0.016530[0m
2025-12-04 22:37:30,129 - INFO - Epoch 269/300 - Train Loss: 0.006633, Val Loss: 0.016546[0m
2025-12-04 22:55:21,893 - INFO - Epoch 270/300 - Train Loss: 0.006629, Val Loss: 0.016567[0m
2025-12-04 23:30:18,580 - INFO - Epoch 271/300 - Train Loss: 0.006626, Val Loss: 0.016538[0m
2025-12-04 23:47:03,391 - INFO - Epoch 272/300 - Train Loss: 0.006623, Val Loss: 0.016526[0m
2025-12-04 23:47:03,836 - INFO - New best model saved with Val Loss: 0.016526
2025-12-04 23:55:16,149 - INFO - Epoch 273/300 - Train Loss: 0.006619, Val Loss: 0.016537[0m
2025-12-04 23:56:27,239 - INFO - Epoch 274/300 - Train Loss: 0.006616, Val Loss: 0.016531[0m
2025-12-04 23:57:38,449 - INFO - Epoch 275/300 - Train Loss: 0.006614, Val Loss: 0.016532[0m
2025-12-04 23:58:50,110 - INFO - Epoch 276/300 - Train Loss: 0.006610, Val Loss: 0.016568[0m
2025-12-05 00:00:01,998 - INFO - Epoch 277/300 - Train Loss: 0.006607, Val Loss: 0.016552[0m
2025-12-05 00:01:16,668 - INFO - Epoch 278/300 - Train Loss: 0.006603, Val Loss: 0.016545[0m
2025-12-05 00:02:27,140 - INFO - Epoch 279/300 - Train Loss: 0.006600, Val Loss: 0.016547[0m
2025-12-05 00:03:37,507 - INFO - Epoch 280/300 - Train Loss: 0.006596, Val Loss: 0.016537[0m
2025-12-05 00:04:48,049 - INFO - Epoch 281/300 - Train Loss: 0.006593, Val Loss: 0.016524[0m
2025-12-05 00:04:48,150 - INFO - New best model saved with Val Loss: 0.016524
2025-12-05 00:05:58,953 - INFO - Epoch 282/300 - Train Loss: 0.006591, Val Loss: 0.016532[0m
2025-12-05 00:07:10,023 - INFO - Epoch 283/300 - Train Loss: 0.006587, Val Loss: 0.016542[0m
2025-12-05 00:08:20,902 - INFO - Epoch 284/300 - Train Loss: 0.006583, Val Loss: 0.016531[0m
2025-12-05 00:09:32,526 - INFO - Epoch 285/300 - Train Loss: 0.006580, Val Loss: 0.016517[0m
2025-12-05 00:09:32,599 - INFO - New best model saved with Val Loss: 0.016517
2025-12-05 00:10:44,120 - INFO - Epoch 286/300 - Train Loss: 0.006577, Val Loss: 0.016539[0m
2025-12-05 00:11:54,919 - INFO - Epoch 287/300 - Train Loss: 0.006573, Val Loss: 0.016533[0m
2025-12-05 00:13:07,146 - INFO - Epoch 288/300 - Train Loss: 0.006571, Val Loss: 0.016533[0m
2025-12-05 00:14:18,552 - INFO - Epoch 289/300 - Train Loss: 0.006567, Val Loss: 0.016561[0m
2025-12-05 00:15:30,766 - INFO - Epoch 290/300 - Train Loss: 0.006563, Val Loss: 0.016532[0m
2025-12-05 00:16:44,448 - INFO - Epoch 291/300 - Train Loss: 0.006562, Val Loss: 0.016534[0m
2025-12-05 00:17:55,502 - INFO - Epoch 292/300 - Train Loss: 0.006557, Val Loss: 0.016541[0m
2025-12-05 00:19:06,477 - INFO - Epoch 293/300 - Train Loss: 0.006555, Val Loss: 0.016557[0m
2025-12-05 00:20:17,600 - INFO - Epoch 294/300 - Train Loss: 0.006552, Val Loss: 0.016520[0m
2025-12-05 00:21:28,459 - INFO - Epoch 295/300 - Train Loss: 0.006548, Val Loss: 0.016566[0m
2025-12-05 00:49:09,057 - INFO - Epoch 296/300 - Train Loss: 0.006545, Val Loss: 0.016538[0m
2025-12-05 01:08:27,066 - INFO - Epoch 297/300 - Train Loss: 0.006540, Val Loss: 0.016524[0m
2025-12-05 01:11:52,604 - INFO - Epoch 298/300 - Train Loss: 0.006538, Val Loss: 0.016531[0m
2025-12-05 01:13:03,713 - INFO - Epoch 299/300 - Train Loss: 0.006535, Val Loss: 0.016518[0m
2025-12-05 01:14:14,930 - INFO - Epoch 300/300 - Train Loss: 0.006532, Val Loss: 0.016520[0m
2025-12-05 01:14:15,150 - INFO - Final model saved to experiments/RopeTransolver/final_model.pth
2025-12-05 01:14:15,372 - INFO - Testing the final model
2025-12-05 01:14:35,082 - INFO - *******************[35mL2_erro:[0m
2025-12-05 01:14:35,082 - INFO -  0.997869
2025-12-05 01:14:35,083 - INFO - *******************[35mmse_loss:[0m
2025-12-05 01:14:35,083 - INFO -  114984.921875
2025-12-05 01:14:35,083 - INFO - Testing the best model
2025-12-05 01:14:46,592 - INFO - *******************[35mL2_erro:[0m
2025-12-05 01:14:46,592 - INFO -  0.997868
2025-12-05 01:14:46,592 - INFO - *******************[35mmse_loss:[0m
2025-12-05 01:14:46,592 - INFO -  114984.875000
