2025-12-26 11:55:18,050 | INFO     | Config:
exp_name: WWC_spressure_N10k_lr1e-3_e250
model:
  input_dim: 3
  output_dim: 1
  head_num: 8
  hidden_dim: 256
  res: true
  slice_num: 32
  layer_num: 5
  mlp_ratio: 1.5
  dropout: 0.1
training:
  target: y_pres
  x_mean:
  - 1.5163924
  - -2.8424793e-05
  - 0.59128469
  x_std:
  - 1.415569
  - 0.65566987
  - 0.38558245
  y_mean: -93.28388
  y_std: 121.19236
  batch_size: 1
  epochs: 250
  lr: 0.001
  scheduler_step: 50
  scheduler_gamma: 0.5
  max_grad_norm: 0.1
  num_workers: 1
  weight_decay: 0.0
  test_only: 0
  gpus: '0'
  seed: 42
dataload:
  directory: /mnt/wjc_group/mae-zhangbj/DrivAerNet++_dataset/E_S_WWC_WM

2025-12-26 11:55:18,050 | INFO     | args.exp_name : WWC_spressure_N10k_lr1e-3_e250
2025-12-26 11:55:18,050 | INFO     | Starting training with 1 GPUs
2025-12-26 11:55:18,851 | INFO     | Total trainable parameters: 3381321
2025-12-26 11:55:18,851 | INFO     | Data loaded: 456 training batches, 117 validation batches, 109 test batches
2025-12-26 11:55:18,852 | INFO     | Staring training for 250 epochs
2025-12-26 11:58:29,064 | INFO     | Epoch 1/250 - Train Loss: 0.774697, Val Loss: 0.447761[0m
2025-12-26 11:58:29,092 | INFO     | New best model saved with Val Loss: 0.447761
2025-12-26 12:01:39,114 | INFO     | Epoch 2/250 - Train Loss: 0.400628, Val Loss: 0.362637[0m
2025-12-26 12:01:39,169 | INFO     | New best model saved with Val Loss: 0.362637
2025-12-26 12:04:49,200 | INFO     | Epoch 3/250 - Train Loss: 0.368763, Val Loss: 0.368076[0m
2025-12-26 12:07:59,109 | INFO     | Epoch 4/250 - Train Loss: 0.335515, Val Loss: 0.306889[0m
2025-12-26 12:07:59,162 | INFO     | New best model saved with Val Loss: 0.306889
2025-12-26 12:11:09,203 | INFO     | Epoch 5/250 - Train Loss: 0.311294, Val Loss: 0.282213[0m
2025-12-26 12:11:09,256 | INFO     | New best model saved with Val Loss: 0.282213
2025-12-26 12:14:19,128 | INFO     | Epoch 6/250 - Train Loss: 0.276866, Val Loss: 0.243807[0m
2025-12-26 12:14:19,178 | INFO     | New best model saved with Val Loss: 0.243807
2025-12-26 12:17:29,057 | INFO     | Epoch 7/250 - Train Loss: 0.250128, Val Loss: 0.224277[0m
2025-12-26 12:17:29,112 | INFO     | New best model saved with Val Loss: 0.224277
2025-12-26 12:20:38,970 | INFO     | Epoch 8/250 - Train Loss: 0.242066, Val Loss: 0.233579[0m
2025-12-26 12:23:48,807 | INFO     | Epoch 9/250 - Train Loss: 0.211089, Val Loss: 0.199440[0m
2025-12-26 12:23:48,860 | INFO     | New best model saved with Val Loss: 0.199440
2025-12-26 12:26:58,691 | INFO     | Epoch 10/250 - Train Loss: 0.191729, Val Loss: 0.169485[0m
2025-12-26 12:26:58,745 | INFO     | New best model saved with Val Loss: 0.169485
2025-12-26 12:30:08,712 | INFO     | Epoch 11/250 - Train Loss: 0.174384, Val Loss: 0.163417[0m
2025-12-26 12:30:08,767 | INFO     | New best model saved with Val Loss: 0.163417
2025-12-26 12:33:18,613 | INFO     | Epoch 12/250 - Train Loss: 0.161416, Val Loss: 0.143171[0m
2025-12-26 12:33:18,665 | INFO     | New best model saved with Val Loss: 0.143171
2025-12-26 12:36:28,535 | INFO     | Epoch 13/250 - Train Loss: 0.147427, Val Loss: 0.121704[0m
2025-12-26 12:36:28,589 | INFO     | New best model saved with Val Loss: 0.121704
2025-12-26 12:39:38,447 | INFO     | Epoch 14/250 - Train Loss: 0.142704, Val Loss: 0.132628[0m
2025-12-26 12:42:48,290 | INFO     | Epoch 15/250 - Train Loss: 0.188844, Val Loss: 0.142143[0m
2025-12-26 12:45:58,143 | INFO     | Epoch 16/250 - Train Loss: 0.136462, Val Loss: 0.127996[0m
2025-12-26 12:49:07,967 | INFO     | Epoch 17/250 - Train Loss: 0.127125, Val Loss: 0.116830[0m
2025-12-26 12:49:08,017 | INFO     | New best model saved with Val Loss: 0.116830
2025-12-26 12:52:17,857 | INFO     | Epoch 18/250 - Train Loss: 0.121934, Val Loss: 0.129148[0m
2025-12-26 12:55:27,717 | INFO     | Epoch 19/250 - Train Loss: 0.117341, Val Loss: 0.103352[0m
2025-12-26 12:55:27,771 | INFO     | New best model saved with Val Loss: 0.103352
2025-12-26 12:58:37,599 | INFO     | Epoch 20/250 - Train Loss: 0.109606, Val Loss: 0.106442[0m
2025-12-26 13:01:47,573 | INFO     | Epoch 21/250 - Train Loss: 0.108039, Val Loss: 0.098844[0m
2025-12-26 13:01:47,626 | INFO     | New best model saved with Val Loss: 0.098844
2025-12-26 13:04:57,456 | INFO     | Epoch 22/250 - Train Loss: 0.101579, Val Loss: 0.097756[0m
2025-12-26 13:04:57,513 | INFO     | New best model saved with Val Loss: 0.097756
2025-12-26 13:08:07,373 | INFO     | Epoch 23/250 - Train Loss: 0.100509, Val Loss: 0.083786[0m
2025-12-26 13:08:07,422 | INFO     | New best model saved with Val Loss: 0.083786
2025-12-26 13:11:17,275 | INFO     | Epoch 24/250 - Train Loss: 0.095212, Val Loss: 0.087761[0m
2025-12-26 13:14:27,123 | INFO     | Epoch 25/250 - Train Loss: 0.092430, Val Loss: 0.082167[0m
2025-12-26 13:14:27,177 | INFO     | New best model saved with Val Loss: 0.082167
2025-12-26 13:17:37,045 | INFO     | Epoch 26/250 - Train Loss: 0.090722, Val Loss: 0.080942[0m
2025-12-26 13:17:37,093 | INFO     | New best model saved with Val Loss: 0.080942
2025-12-26 13:20:46,893 | INFO     | Epoch 27/250 - Train Loss: 0.087642, Val Loss: 0.078137[0m
2025-12-26 13:20:46,936 | INFO     | New best model saved with Val Loss: 0.078137
2025-12-26 13:23:56,748 | INFO     | Epoch 28/250 - Train Loss: 0.084908, Val Loss: 0.076702[0m
2025-12-26 13:23:56,787 | INFO     | New best model saved with Val Loss: 0.076702
2025-12-26 13:27:06,669 | INFO     | Epoch 29/250 - Train Loss: 0.083069, Val Loss: 0.084873[0m
2025-12-26 13:30:16,511 | INFO     | Epoch 30/250 - Train Loss: 0.082078, Val Loss: 0.083415[0m
2025-12-26 13:33:26,483 | INFO     | Epoch 31/250 - Train Loss: 0.079260, Val Loss: 0.080959[0m
2025-12-26 13:36:36,377 | INFO     | Epoch 32/250 - Train Loss: 0.077556, Val Loss: 0.074545[0m
2025-12-26 13:36:36,431 | INFO     | New best model saved with Val Loss: 0.074545
2025-12-26 13:39:46,247 | INFO     | Epoch 33/250 - Train Loss: 0.075690, Val Loss: 0.070403[0m
2025-12-26 13:39:46,295 | INFO     | New best model saved with Val Loss: 0.070403
2025-12-26 13:42:56,107 | INFO     | Epoch 34/250 - Train Loss: 0.073724, Val Loss: 0.070732[0m
2025-12-26 13:46:05,954 | INFO     | Epoch 35/250 - Train Loss: 0.072378, Val Loss: 0.067833[0m
2025-12-26 13:46:06,009 | INFO     | New best model saved with Val Loss: 0.067833
2025-12-26 13:49:15,835 | INFO     | Epoch 36/250 - Train Loss: 0.071578, Val Loss: 0.065759[0m
2025-12-26 13:49:15,895 | INFO     | New best model saved with Val Loss: 0.065759
2025-12-26 13:52:25,738 | INFO     | Epoch 37/250 - Train Loss: 0.071127, Val Loss: 0.063599[0m
2025-12-26 13:52:25,793 | INFO     | New best model saved with Val Loss: 0.063599
2025-12-26 13:55:35,657 | INFO     | Epoch 38/250 - Train Loss: 0.067656, Val Loss: 0.067240[0m
2025-12-26 13:58:45,476 | INFO     | Epoch 39/250 - Train Loss: 0.068002, Val Loss: 0.071935[0m
2025-12-26 14:01:55,323 | INFO     | Epoch 40/250 - Train Loss: 0.069282, Val Loss: 0.061197[0m
2025-12-26 14:01:55,375 | INFO     | New best model saved with Val Loss: 0.061197
2025-12-26 14:05:05,333 | INFO     | Epoch 41/250 - Train Loss: 0.089837, Val Loss: 0.068950[0m
2025-12-26 14:08:15,137 | INFO     | Epoch 42/250 - Train Loss: 0.068205, Val Loss: 0.066039[0m
2025-12-26 14:11:24,991 | INFO     | Epoch 43/250 - Train Loss: 0.064551, Val Loss: 0.067744[0m
2025-12-26 14:14:34,839 | INFO     | Epoch 44/250 - Train Loss: 0.063020, Val Loss: 0.058562[0m
2025-12-26 14:14:34,897 | INFO     | New best model saved with Val Loss: 0.058562
2025-12-26 14:17:44,710 | INFO     | Epoch 45/250 - Train Loss: 0.062029, Val Loss: 0.058296[0m
2025-12-26 14:17:44,763 | INFO     | New best model saved with Val Loss: 0.058296
2025-12-26 14:20:54,598 | INFO     | Epoch 46/250 - Train Loss: 0.062220, Val Loss: 0.064208[0m
2025-12-26 14:24:04,420 | INFO     | Epoch 47/250 - Train Loss: 0.062411, Val Loss: 0.057938[0m
2025-12-26 14:24:04,474 | INFO     | New best model saved with Val Loss: 0.057938
2025-12-26 14:27:14,302 | INFO     | Epoch 48/250 - Train Loss: 0.061408, Val Loss: 0.062064[0m
2025-12-26 14:30:24,135 | INFO     | Epoch 49/250 - Train Loss: 0.060693, Val Loss: 0.057786[0m
2025-12-26 14:30:24,188 | INFO     | New best model saved with Val Loss: 0.057786
2025-12-26 14:33:34,029 | INFO     | Epoch 50/250 - Train Loss: 0.059579, Val Loss: 0.053754[0m
2025-12-26 14:33:34,083 | INFO     | New best model saved with Val Loss: 0.053754
2025-12-26 14:36:44,034 | INFO     | Epoch 51/250 - Train Loss: 0.052278, Val Loss: 0.049823[0m
2025-12-26 14:36:44,088 | INFO     | New best model saved with Val Loss: 0.049823
2025-12-26 14:39:53,914 | INFO     | Epoch 52/250 - Train Loss: 0.050956, Val Loss: 0.048292[0m
2025-12-26 14:39:53,967 | INFO     | New best model saved with Val Loss: 0.048292
2025-12-26 14:43:03,833 | INFO     | Epoch 53/250 - Train Loss: 0.051379, Val Loss: 0.049229[0m
2025-12-26 14:46:13,683 | INFO     | Epoch 54/250 - Train Loss: 0.050861, Val Loss: 0.048283[0m
2025-12-26 14:46:13,733 | INFO     | New best model saved with Val Loss: 0.048283
2025-12-26 14:49:23,569 | INFO     | Epoch 55/250 - Train Loss: 0.049779, Val Loss: 0.049545[0m
2025-12-26 14:52:33,417 | INFO     | Epoch 56/250 - Train Loss: 0.049987, Val Loss: 0.047438[0m
2025-12-26 14:52:33,467 | INFO     | New best model saved with Val Loss: 0.047438
2025-12-26 14:55:43,303 | INFO     | Epoch 57/250 - Train Loss: 0.049866, Val Loss: 0.056218[0m
2025-12-26 14:58:53,164 | INFO     | Epoch 58/250 - Train Loss: 0.049273, Val Loss: 0.048826[0m
2025-12-26 15:02:02,996 | INFO     | Epoch 59/250 - Train Loss: 0.049221, Val Loss: 0.048913[0m
2025-12-26 15:05:12,841 | INFO     | Epoch 60/250 - Train Loss: 0.048891, Val Loss: 0.046143[0m
2025-12-26 15:05:12,896 | INFO     | New best model saved with Val Loss: 0.046143
2025-12-26 15:08:22,863 | INFO     | Epoch 61/250 - Train Loss: 0.048675, Val Loss: 0.049390[0m
2025-12-26 15:11:32,719 | INFO     | Epoch 62/250 - Train Loss: 0.048145, Val Loss: 0.049833[0m
2025-12-26 15:14:42,569 | INFO     | Epoch 63/250 - Train Loss: 0.048392, Val Loss: 0.048897[0m
2025-12-26 15:17:52,435 | INFO     | Epoch 64/250 - Train Loss: 0.047591, Val Loss: 0.047354[0m
2025-12-26 15:21:02,262 | INFO     | Epoch 65/250 - Train Loss: 0.047168, Val Loss: 0.046468[0m
2025-12-26 15:24:12,089 | INFO     | Epoch 66/250 - Train Loss: 0.047329, Val Loss: 0.045550[0m
2025-12-26 15:24:12,141 | INFO     | New best model saved with Val Loss: 0.045550
2025-12-26 15:27:21,942 | INFO     | Epoch 67/250 - Train Loss: 0.046462, Val Loss: 0.048169[0m
2025-12-26 15:30:31,657 | INFO     | Epoch 68/250 - Train Loss: 0.048075, Val Loss: 0.047092[0m
2025-12-26 15:33:41,365 | INFO     | Epoch 69/250 - Train Loss: 0.046284, Val Loss: 0.046505[0m
2025-12-26 15:36:51,091 | INFO     | Epoch 70/250 - Train Loss: 0.046501, Val Loss: 0.045416[0m
2025-12-26 15:36:51,148 | INFO     | New best model saved with Val Loss: 0.045416
2025-12-26 15:40:01,010 | INFO     | Epoch 71/250 - Train Loss: 0.045959, Val Loss: 0.045178[0m
2025-12-26 15:40:01,062 | INFO     | New best model saved with Val Loss: 0.045178
2025-12-26 15:43:10,812 | INFO     | Epoch 72/250 - Train Loss: 0.046574, Val Loss: 0.045974[0m
2025-12-26 15:46:20,527 | INFO     | Epoch 73/250 - Train Loss: 0.045430, Val Loss: 0.051149[0m
2025-12-26 15:49:30,249 | INFO     | Epoch 74/250 - Train Loss: 0.045695, Val Loss: 0.045903[0m
2025-12-26 15:52:39,986 | INFO     | Epoch 75/250 - Train Loss: 0.045089, Val Loss: 0.045117[0m
2025-12-26 15:52:40,040 | INFO     | New best model saved with Val Loss: 0.045117
2025-12-26 15:55:49,748 | INFO     | Epoch 76/250 - Train Loss: 0.045809, Val Loss: 0.043962[0m
2025-12-26 15:55:49,802 | INFO     | New best model saved with Val Loss: 0.043962
2025-12-26 15:58:59,559 | INFO     | Epoch 77/250 - Train Loss: 0.044398, Val Loss: 0.043569[0m
2025-12-26 15:58:59,613 | INFO     | New best model saved with Val Loss: 0.043569
2025-12-26 16:02:09,352 | INFO     | Epoch 78/250 - Train Loss: 0.044370, Val Loss: 0.046625[0m
2025-12-26 16:05:19,089 | INFO     | Epoch 79/250 - Train Loss: 0.044374, Val Loss: 0.046405[0m
2025-12-26 16:08:28,833 | INFO     | Epoch 80/250 - Train Loss: 0.044734, Val Loss: 0.044223[0m
2025-12-26 16:11:38,805 | INFO     | Epoch 81/250 - Train Loss: 0.044508, Val Loss: 0.046711[0m
2025-12-26 16:14:48,638 | INFO     | Epoch 82/250 - Train Loss: 0.044804, Val Loss: 0.046325[0m
2025-12-26 16:17:58,515 | INFO     | Epoch 83/250 - Train Loss: 0.044473, Val Loss: 0.045029[0m
2025-12-26 16:21:08,354 | INFO     | Epoch 84/250 - Train Loss: 0.044055, Val Loss: 0.073033[0m
2025-12-26 16:24:18,222 | INFO     | Epoch 85/250 - Train Loss: 0.045382, Val Loss: 0.045384[0m
2025-12-26 16:27:28,054 | INFO     | Epoch 86/250 - Train Loss: 0.042940, Val Loss: 0.045443[0m
2025-12-26 16:30:37,900 | INFO     | Epoch 87/250 - Train Loss: 0.043107, Val Loss: 0.043479[0m
2025-12-26 16:30:37,947 | INFO     | New best model saved with Val Loss: 0.043479
2025-12-26 16:33:47,774 | INFO     | Epoch 88/250 - Train Loss: 0.042564, Val Loss: 0.045791[0m
2025-12-26 16:36:57,615 | INFO     | Epoch 89/250 - Train Loss: 0.044184, Val Loss: 0.043785[0m
2025-12-26 16:40:07,503 | INFO     | Epoch 90/250 - Train Loss: 0.042157, Val Loss: 0.045003[0m
2025-12-26 16:43:17,466 | INFO     | Epoch 91/250 - Train Loss: 0.044164, Val Loss: 0.045472[0m
2025-12-26 16:46:27,358 | INFO     | Epoch 92/250 - Train Loss: 0.041169, Val Loss: 0.042505[0m
2025-12-26 16:46:27,411 | INFO     | New best model saved with Val Loss: 0.042505
2025-12-26 16:49:37,277 | INFO     | Epoch 93/250 - Train Loss: 0.042240, Val Loss: 0.044498[0m
2025-12-26 16:52:47,141 | INFO     | Epoch 94/250 - Train Loss: 0.042590, Val Loss: 0.044268[0m
2025-12-26 16:55:56,976 | INFO     | Epoch 95/250 - Train Loss: 0.041631, Val Loss: 0.046001[0m
2025-12-26 16:59:06,803 | INFO     | Epoch 96/250 - Train Loss: 0.041788, Val Loss: 0.045636[0m
2025-12-26 17:02:16,597 | INFO     | Epoch 97/250 - Train Loss: 0.041151, Val Loss: 0.043462[0m
2025-12-26 17:05:26,426 | INFO     | Epoch 98/250 - Train Loss: 0.042024, Val Loss: 0.043507[0m
2025-12-26 17:08:36,261 | INFO     | Epoch 99/250 - Train Loss: 0.040771, Val Loss: 0.043058[0m
2025-12-26 17:11:46,128 | INFO     | Epoch 100/250 - Train Loss: 0.041751, Val Loss: 0.045693[0m
2025-12-26 17:14:56,094 | INFO     | Epoch 101/250 - Train Loss: 0.037356, Val Loss: 0.041333[0m
2025-12-26 17:14:56,147 | INFO     | New best model saved with Val Loss: 0.041333
2025-12-26 17:18:06,018 | INFO     | Epoch 102/250 - Train Loss: 0.036254, Val Loss: 0.040306[0m
2025-12-26 17:18:06,067 | INFO     | New best model saved with Val Loss: 0.040306
2025-12-26 17:21:15,928 | INFO     | Epoch 103/250 - Train Loss: 0.035830, Val Loss: 0.040355[0m
2025-12-26 17:24:25,795 | INFO     | Epoch 104/250 - Train Loss: 0.036113, Val Loss: 0.040418[0m
2025-12-26 17:27:35,659 | INFO     | Epoch 105/250 - Train Loss: 0.036050, Val Loss: 0.041469[0m
2025-12-26 17:30:45,579 | INFO     | Epoch 106/250 - Train Loss: 0.035681, Val Loss: 0.040833[0m
2025-12-26 17:33:55,479 | INFO     | Epoch 107/250 - Train Loss: 0.035295, Val Loss: 0.040819[0m
2025-12-26 17:37:05,352 | INFO     | Epoch 108/250 - Train Loss: 0.037161, Val Loss: 0.045384[0m
2025-12-26 17:40:15,243 | INFO     | Epoch 109/250 - Train Loss: 0.035827, Val Loss: 0.040098[0m
2025-12-26 17:40:15,298 | INFO     | New best model saved with Val Loss: 0.040098
2025-12-26 17:43:25,167 | INFO     | Epoch 110/250 - Train Loss: 0.035398, Val Loss: 0.040430[0m
2025-12-26 17:46:35,143 | INFO     | Epoch 111/250 - Train Loss: 0.034983, Val Loss: 0.040381[0m
2025-12-26 17:49:45,016 | INFO     | Epoch 112/250 - Train Loss: 0.034950, Val Loss: 0.040841[0m
2025-12-26 17:52:54,977 | INFO     | Epoch 113/250 - Train Loss: 0.036806, Val Loss: 0.041208[0m
2025-12-26 17:56:04,890 | INFO     | Epoch 114/250 - Train Loss: 0.034747, Val Loss: 0.040592[0m
2025-12-26 17:59:14,721 | INFO     | Epoch 115/250 - Train Loss: 0.034077, Val Loss: 0.041147[0m
2025-12-26 18:02:24,588 | INFO     | Epoch 116/250 - Train Loss: 0.034768, Val Loss: 0.040432[0m
2025-12-26 18:05:34,460 | INFO     | Epoch 117/250 - Train Loss: 0.033594, Val Loss: 0.041291[0m
2025-12-26 18:08:44,320 | INFO     | Epoch 118/250 - Train Loss: 0.033474, Val Loss: 0.040920[0m
2025-12-26 18:11:54,204 | INFO     | Epoch 119/250 - Train Loss: 0.033245, Val Loss: 0.040681[0m
2025-12-26 18:15:04,065 | INFO     | Epoch 120/250 - Train Loss: 0.033520, Val Loss: 0.040994[0m
2025-12-26 18:18:14,054 | INFO     | Epoch 121/250 - Train Loss: 0.034980, Val Loss: 0.043059[0m
2025-12-26 18:21:23,931 | INFO     | Epoch 122/250 - Train Loss: 0.035530, Val Loss: 0.040351[0m
2025-12-26 18:24:33,783 | INFO     | Epoch 123/250 - Train Loss: 0.033946, Val Loss: 0.040672[0m
2025-12-26 18:27:43,638 | INFO     | Epoch 124/250 - Train Loss: 0.032782, Val Loss: 0.040414[0m
2025-12-26 18:30:53,501 | INFO     | Epoch 125/250 - Train Loss: 0.032649, Val Loss: 0.041314[0m
2025-12-26 18:34:03,349 | INFO     | Epoch 126/250 - Train Loss: 0.032406, Val Loss: 0.040497[0m
2025-12-26 18:37:13,211 | INFO     | Epoch 127/250 - Train Loss: 0.033827, Val Loss: 0.046853[0m
2025-12-26 18:40:23,060 | INFO     | Epoch 128/250 - Train Loss: 0.034656, Val Loss: 0.040173[0m
2025-12-26 18:43:32,914 | INFO     | Epoch 129/250 - Train Loss: 0.032938, Val Loss: 0.040012[0m
2025-12-26 18:43:32,968 | INFO     | New best model saved with Val Loss: 0.040012
2025-12-26 18:46:42,854 | INFO     | Epoch 130/250 - Train Loss: 0.033728, Val Loss: 0.040879[0m
2025-12-26 18:49:52,821 | INFO     | Epoch 131/250 - Train Loss: 0.032726, Val Loss: 0.040575[0m
2025-12-26 18:53:02,701 | INFO     | Epoch 132/250 - Train Loss: 0.033334, Val Loss: 0.040893[0m
2025-12-26 18:56:12,572 | INFO     | Epoch 133/250 - Train Loss: 0.031935, Val Loss: 0.040605[0m
2025-12-26 18:59:22,457 | INFO     | Epoch 134/250 - Train Loss: 0.031296, Val Loss: 0.040468[0m
2025-12-26 19:02:32,323 | INFO     | Epoch 135/250 - Train Loss: 0.031460, Val Loss: 0.040479[0m
2025-12-26 19:05:42,183 | INFO     | Epoch 136/250 - Train Loss: 0.031719, Val Loss: 0.040548[0m
2025-12-26 19:08:52,070 | INFO     | Epoch 137/250 - Train Loss: 0.033341, Val Loss: 0.042046[0m
2025-12-26 19:12:01,905 | INFO     | Epoch 138/250 - Train Loss: 0.031325, Val Loss: 0.040831[0m
2025-12-26 19:15:11,776 | INFO     | Epoch 139/250 - Train Loss: 0.031787, Val Loss: 0.041252[0m
2025-12-26 19:18:21,663 | INFO     | Epoch 140/250 - Train Loss: 0.034616, Val Loss: 0.040756[0m
2025-12-26 19:21:31,651 | INFO     | Epoch 141/250 - Train Loss: 0.032642, Val Loss: 0.041278[0m
2025-12-26 19:24:41,501 | INFO     | Epoch 142/250 - Train Loss: 0.033248, Val Loss: 0.040822[0m
2025-12-26 19:27:51,392 | INFO     | Epoch 143/250 - Train Loss: 0.031534, Val Loss: 0.041471[0m
2025-12-26 19:31:01,284 | INFO     | Epoch 144/250 - Train Loss: 0.031837, Val Loss: 0.040429[0m
2025-12-26 19:34:11,146 | INFO     | Epoch 145/250 - Train Loss: 0.033537, Val Loss: 0.042644[0m
2025-12-26 19:37:21,036 | INFO     | Epoch 146/250 - Train Loss: 0.031692, Val Loss: 0.042540[0m
2025-12-26 19:40:30,881 | INFO     | Epoch 147/250 - Train Loss: 0.032446, Val Loss: 0.040680[0m
2025-12-26 19:43:40,736 | INFO     | Epoch 148/250 - Train Loss: 0.031413, Val Loss: 0.041012[0m
2025-12-26 19:46:50,614 | INFO     | Epoch 149/250 - Train Loss: 0.030984, Val Loss: 0.040281[0m
2025-12-26 19:50:00,510 | INFO     | Epoch 150/250 - Train Loss: 0.030639, Val Loss: 0.040308[0m
2025-12-26 19:53:10,513 | INFO     | Epoch 151/250 - Train Loss: 0.028206, Val Loss: 0.039702[0m
2025-12-26 19:53:10,563 | INFO     | New best model saved with Val Loss: 0.039702
2025-12-26 19:56:20,449 | INFO     | Epoch 152/250 - Train Loss: 0.027855, Val Loss: 0.039595[0m
2025-12-26 19:56:20,509 | INFO     | New best model saved with Val Loss: 0.039595
2025-12-26 19:59:30,383 | INFO     | Epoch 153/250 - Train Loss: 0.027781, Val Loss: 0.039481[0m
2025-12-26 19:59:30,436 | INFO     | New best model saved with Val Loss: 0.039481
2025-12-26 20:02:40,312 | INFO     | Epoch 154/250 - Train Loss: 0.027720, Val Loss: 0.039372[0m
2025-12-26 20:02:40,365 | INFO     | New best model saved with Val Loss: 0.039372
2025-12-26 20:05:50,248 | INFO     | Epoch 155/250 - Train Loss: 0.027824, Val Loss: 0.040199[0m
2025-12-26 20:09:00,113 | INFO     | Epoch 156/250 - Train Loss: 0.027745, Val Loss: 0.039923[0m
2025-12-26 20:12:09,981 | INFO     | Epoch 157/250 - Train Loss: 0.027565, Val Loss: 0.039781[0m
2025-12-26 20:15:19,871 | INFO     | Epoch 158/250 - Train Loss: 0.027474, Val Loss: 0.040549[0m
2025-12-26 20:18:29,764 | INFO     | Epoch 159/250 - Train Loss: 0.027407, Val Loss: 0.040350[0m
2025-12-26 20:21:39,640 | INFO     | Epoch 160/250 - Train Loss: 0.027923, Val Loss: 0.039834[0m
2025-12-26 20:24:49,589 | INFO     | Epoch 161/250 - Train Loss: 0.029493, Val Loss: 0.041978[0m
2025-12-26 20:27:59,435 | INFO     | Epoch 162/250 - Train Loss: 0.027869, Val Loss: 0.040006[0m
2025-12-26 20:31:09,299 | INFO     | Epoch 163/250 - Train Loss: 0.026891, Val Loss: 0.039851[0m
2025-12-26 20:34:19,167 | INFO     | Epoch 164/250 - Train Loss: 0.027157, Val Loss: 0.040050[0m
2025-12-26 20:37:29,048 | INFO     | Epoch 165/250 - Train Loss: 0.030273, Val Loss: 0.040389[0m
2025-12-26 20:40:38,907 | INFO     | Epoch 166/250 - Train Loss: 0.027108, Val Loss: 0.039960[0m
2025-12-26 20:43:48,755 | INFO     | Epoch 167/250 - Train Loss: 0.026476, Val Loss: 0.039847[0m
2025-12-26 20:46:58,591 | INFO     | Epoch 168/250 - Train Loss: 0.026439, Val Loss: 0.041049[0m
2025-12-26 20:50:08,458 | INFO     | Epoch 169/250 - Train Loss: 0.027516, Val Loss: 0.040380[0m
2025-12-26 20:53:18,313 | INFO     | Epoch 170/250 - Train Loss: 0.026494, Val Loss: 0.040441[0m
2025-12-26 20:56:28,283 | INFO     | Epoch 171/250 - Train Loss: 0.026402, Val Loss: 0.040021[0m
2025-12-26 20:59:38,177 | INFO     | Epoch 172/250 - Train Loss: 0.026401, Val Loss: 0.040328[0m
2025-12-26 21:02:48,106 | INFO     | Epoch 173/250 - Train Loss: 0.026368, Val Loss: 0.040801[0m
2025-12-26 21:05:58,007 | INFO     | Epoch 174/250 - Train Loss: 0.026284, Val Loss: 0.040982[0m
2025-12-26 21:09:07,880 | INFO     | Epoch 175/250 - Train Loss: 0.026764, Val Loss: 0.040338[0m
2025-12-26 21:12:17,754 | INFO     | Epoch 176/250 - Train Loss: 0.026179, Val Loss: 0.041067[0m
2025-12-26 21:15:27,631 | INFO     | Epoch 177/250 - Train Loss: 0.027013, Val Loss: 0.040199[0m
2025-12-26 21:18:37,516 | INFO     | Epoch 178/250 - Train Loss: 0.026026, Val Loss: 0.040505[0m
2025-12-26 21:21:47,406 | INFO     | Epoch 179/250 - Train Loss: 0.026009, Val Loss: 0.040029[0m
2025-12-26 21:24:57,324 | INFO     | Epoch 180/250 - Train Loss: 0.025989, Val Loss: 0.040492[0m
2025-12-26 21:28:07,324 | INFO     | Epoch 181/250 - Train Loss: 0.025727, Val Loss: 0.040254[0m
2025-12-26 21:31:17,217 | INFO     | Epoch 182/250 - Train Loss: 0.025774, Val Loss: 0.040450[0m
2025-12-26 21:34:27,114 | INFO     | Epoch 183/250 - Train Loss: 0.025751, Val Loss: 0.040956[0m
2025-12-26 21:37:37,036 | INFO     | Epoch 184/250 - Train Loss: 0.025943, Val Loss: 0.040757[0m
2025-12-26 21:40:46,945 | INFO     | Epoch 185/250 - Train Loss: 0.025622, Val Loss: 0.040817[0m
2025-12-26 21:43:56,819 | INFO     | Epoch 186/250 - Train Loss: 0.026069, Val Loss: 0.040639[0m
2025-12-26 21:47:06,729 | INFO     | Epoch 187/250 - Train Loss: 0.026262, Val Loss: 0.040473[0m
2025-12-26 21:50:16,640 | INFO     | Epoch 188/250 - Train Loss: 0.025228, Val Loss: 0.040294[0m
2025-12-26 21:53:26,575 | INFO     | Epoch 189/250 - Train Loss: 0.025625, Val Loss: 0.040248[0m
2025-12-26 21:56:36,523 | INFO     | Epoch 190/250 - Train Loss: 0.025185, Val Loss: 0.040371[0m
2025-12-26 21:59:46,584 | INFO     | Epoch 191/250 - Train Loss: 0.025322, Val Loss: 0.040486[0m
2025-12-26 22:02:56,490 | INFO     | Epoch 192/250 - Train Loss: 0.025412, Val Loss: 0.040598[0m
2025-12-26 22:06:06,392 | INFO     | Epoch 193/250 - Train Loss: 0.026343, Val Loss: 0.041342[0m
2025-12-26 22:09:16,256 | INFO     | Epoch 194/250 - Train Loss: 0.025668, Val Loss: 0.040815[0m
2025-12-26 22:12:26,151 | INFO     | Epoch 195/250 - Train Loss: 0.025803, Val Loss: 0.040286[0m
2025-12-26 22:15:36,037 | INFO     | Epoch 196/250 - Train Loss: 0.025095, Val Loss: 0.040786[0m
2025-12-26 22:18:45,935 | INFO     | Epoch 197/250 - Train Loss: 0.024694, Val Loss: 0.040451[0m
2025-12-26 22:21:55,817 | INFO     | Epoch 198/250 - Train Loss: 0.024705, Val Loss: 0.041224[0m
2025-12-26 22:25:05,633 | INFO     | Epoch 199/250 - Train Loss: 0.024548, Val Loss: 0.041077[0m
2025-12-26 22:28:15,488 | INFO     | Epoch 200/250 - Train Loss: 0.025159, Val Loss: 0.040224[0m
2025-12-26 22:31:25,450 | INFO     | Epoch 201/250 - Train Loss: 0.023708, Val Loss: 0.040199[0m
2025-12-26 22:34:35,310 | INFO     | Epoch 202/250 - Train Loss: 0.023487, Val Loss: 0.040045[0m
2025-12-26 22:37:45,157 | INFO     | Epoch 203/250 - Train Loss: 0.023473, Val Loss: 0.039969[0m
2025-12-26 22:40:55,067 | INFO     | Epoch 204/250 - Train Loss: 0.023578, Val Loss: 0.040106[0m
2025-12-26 22:44:04,905 | INFO     | Epoch 205/250 - Train Loss: 0.023324, Val Loss: 0.040250[0m
2025-12-26 22:47:14,738 | INFO     | Epoch 206/250 - Train Loss: 0.023520, Val Loss: 0.040447[0m
2025-12-26 22:50:24,613 | INFO     | Epoch 207/250 - Train Loss: 0.023170, Val Loss: 0.040453[0m
2025-12-26 22:53:34,472 | INFO     | Epoch 208/250 - Train Loss: 0.023229, Val Loss: 0.040516[0m
2025-12-26 22:56:44,347 | INFO     | Epoch 209/250 - Train Loss: 0.023103, Val Loss: 0.040662[0m
2025-12-26 22:59:54,253 | INFO     | Epoch 210/250 - Train Loss: 0.023123, Val Loss: 0.040230[0m
2025-12-26 23:03:04,219 | INFO     | Epoch 211/250 - Train Loss: 0.023049, Val Loss: 0.040455[0m
2025-12-26 23:06:14,100 | INFO     | Epoch 212/250 - Train Loss: 0.022969, Val Loss: 0.040533[0m
2025-12-26 23:09:23,980 | INFO     | Epoch 213/250 - Train Loss: 0.023221, Val Loss: 0.040874[0m
2025-12-26 23:12:33,853 | INFO     | Epoch 214/250 - Train Loss: 0.023134, Val Loss: 0.040463[0m
2025-12-26 23:15:43,690 | INFO     | Epoch 215/250 - Train Loss: 0.022916, Val Loss: 0.040681[0m
2025-12-26 23:18:53,551 | INFO     | Epoch 216/250 - Train Loss: 0.022939, Val Loss: 0.040486[0m
2025-12-26 23:22:03,421 | INFO     | Epoch 217/250 - Train Loss: 0.022805, Val Loss: 0.040217[0m
2025-12-26 23:25:13,266 | INFO     | Epoch 218/250 - Train Loss: 0.022907, Val Loss: 0.040806[0m
2025-12-26 23:28:23,134 | INFO     | Epoch 219/250 - Train Loss: 0.022998, Val Loss: 0.040527[0m
2025-12-26 23:31:32,999 | INFO     | Epoch 220/250 - Train Loss: 0.022859, Val Loss: 0.040383[0m
2025-12-26 23:34:42,957 | INFO     | Epoch 221/250 - Train Loss: 0.022789, Val Loss: 0.040580[0m
2025-12-26 23:37:52,673 | INFO     | Epoch 222/250 - Train Loss: 0.022788, Val Loss: 0.040741[0m
2025-12-26 23:41:02,399 | INFO     | Epoch 223/250 - Train Loss: 0.023336, Val Loss: 0.040172[0m
2025-12-26 23:44:12,150 | INFO     | Epoch 224/250 - Train Loss: 0.022607, Val Loss: 0.040623[0m
2025-12-26 23:47:21,860 | INFO     | Epoch 225/250 - Train Loss: 0.022863, Val Loss: 0.040544[0m
2025-12-26 23:50:31,588 | INFO     | Epoch 226/250 - Train Loss: 0.022447, Val Loss: 0.040610[0m
2025-12-26 23:53:41,301 | INFO     | Epoch 227/250 - Train Loss: 0.022424, Val Loss: 0.040617[0m
2025-12-26 23:56:51,017 | INFO     | Epoch 228/250 - Train Loss: 0.022595, Val Loss: 0.040546[0m
2025-12-27 00:00:00,724 | INFO     | Epoch 229/250 - Train Loss: 0.022903, Val Loss: 0.040997[0m
2025-12-27 00:03:10,473 | INFO     | Epoch 230/250 - Train Loss: 0.022408, Val Loss: 0.040658[0m
2025-12-27 00:06:20,316 | INFO     | Epoch 231/250 - Train Loss: 0.023233, Val Loss: 0.040675[0m
2025-12-27 00:09:30,056 | INFO     | Epoch 232/250 - Train Loss: 0.022362, Val Loss: 0.040575[0m
2025-12-27 00:12:39,800 | INFO     | Epoch 233/250 - Train Loss: 0.022283, Val Loss: 0.040925[0m
2025-12-27 00:15:49,552 | INFO     | Epoch 234/250 - Train Loss: 0.022613, Val Loss: 0.040595[0m
2025-12-27 00:18:59,283 | INFO     | Epoch 235/250 - Train Loss: 0.022241, Val Loss: 0.040787[0m
2025-12-27 00:22:09,041 | INFO     | Epoch 236/250 - Train Loss: 0.022227, Val Loss: 0.041111[0m
2025-12-27 00:25:18,776 | INFO     | Epoch 237/250 - Train Loss: 0.022166, Val Loss: 0.040547[0m
2025-12-27 00:28:28,503 | INFO     | Epoch 238/250 - Train Loss: 0.022178, Val Loss: 0.040989[0m
2025-12-27 00:31:38,243 | INFO     | Epoch 239/250 - Train Loss: 0.022084, Val Loss: 0.040532[0m
2025-12-27 00:34:48,010 | INFO     | Epoch 240/250 - Train Loss: 0.022690, Val Loss: 0.040512[0m
2025-12-27 00:37:57,863 | INFO     | Epoch 241/250 - Train Loss: 0.024204, Val Loss: 0.041302[0m
2025-12-27 00:41:07,611 | INFO     | Epoch 242/250 - Train Loss: 0.022247, Val Loss: 0.040550[0m
2025-12-27 00:44:17,367 | INFO     | Epoch 243/250 - Train Loss: 0.022105, Val Loss: 0.040953[0m
2025-12-27 00:47:27,095 | INFO     | Epoch 244/250 - Train Loss: 0.021943, Val Loss: 0.040513[0m
2025-12-27 00:50:36,849 | INFO     | Epoch 245/250 - Train Loss: 0.021918, Val Loss: 0.040974[0m
2025-12-27 00:53:46,590 | INFO     | Epoch 246/250 - Train Loss: 0.022033, Val Loss: 0.040811[0m
2025-12-27 00:56:56,314 | INFO     | Epoch 247/250 - Train Loss: 0.021811, Val Loss: 0.040742[0m
2025-12-27 01:00:06,082 | INFO     | Epoch 248/250 - Train Loss: 0.022235, Val Loss: 0.040865[0m
2025-12-27 01:03:15,848 | INFO     | Epoch 249/250 - Train Loss: 0.022253, Val Loss: 0.041358[0m
2025-12-27 01:06:25,603 | INFO     | Epoch 250/250 - Train Loss: 0.022173, Val Loss: 0.040772[0m
2025-12-27 01:06:25,731 | INFO     | Final model saved to experiments_DrivAerNet++/WWC_spressure_N10k_lr1e-3_e250/final_model.pth
2025-12-27 01:06:25,731 | INFO     | Testing the final model
2025-12-27 01:06:35,835 | INFO     | *******************[35mL2_erro:[0m
2025-12-27 01:06:35,835 | INFO     |  0.152992
2025-12-27 01:06:35,835 | INFO     | *******************[35mmse_loss:[0m
2025-12-27 01:06:35,835 | INFO     |  0.038117
2025-12-27 01:06:35,835 | INFO     | *******************[35minference_time:[0m
2025-12-27 01:06:35,835 | INFO     |  0.000000
2025-12-27 01:06:35,836 | INFO     | Testing the best model
2025-12-27 01:06:45,983 | INFO     | *******************[35mL2_erro:[0m
2025-12-27 01:06:45,983 | INFO     |  0.150474
2025-12-27 01:06:45,983 | INFO     | *******************[35mmse_loss:[0m
2025-12-27 01:06:45,983 | INFO     |  0.036903
2025-12-27 01:06:45,984 | INFO     | *******************[35minference_time:[0m
2025-12-27 01:06:45,984 | INFO     |  0.000000
2025-12-27 14:32:10,174 | INFO     | Config:
exp_name: WWC_spressure_N10k_lr1e-3_e250
model:
  input_dim: 3
  output_dim: 1
  head_num: 8
  hidden_dim: 256
  res: true
  slice_num: 32
  layer_num: 5
  mlp_ratio: 1.5
  dropout: 0.1
training:
  input: x_pres
  target: y_pres
  x_mean:
  - 1.5163924
  - -2.8424793e-05
  - 0.59128469
  x_std:
  - 1.415569
  - 0.65566987
  - 0.38558245
  y_mean: -93.28388
  y_std: 121.19236
  batch_size: 1
  epochs: 250
  lr: 0.001
  scheduler_step: 50
  scheduler_gamma: 0.5
  max_grad_norm: 0.1
  num_workers: 1
  weight_decay: 0.0
  test_only: 0
  gpus: '0'
  seed: 42
dataload:
  directory: /mnt/wjc_group/mae-zhangbj/DrivAerNet++_dataset/E_S_WWC_WM

2025-12-27 14:32:10,174 | INFO     | args.exp_name : WWC_spressure_N10k_lr1e-3_e250
2025-12-27 14:32:10,174 | INFO     | Starting training with 1 GPUs
2025-12-27 14:32:11,256 | INFO     | Total trainable parameters: 3381321
2025-12-27 14:32:11,256 | INFO     | Data loaded: 456 training batches, 117 validation batches, 109 test batches
2025-12-27 14:32:11,258 | INFO     | Staring training for 250 epochs
2025-12-27 14:39:50,043 | INFO     | Epoch 1/250 - Train Loss: 0.798267, Val Loss: 0.453754[0m
2025-12-27 14:39:50,097 | INFO     | New best model saved with Val Loss: 0.453754
2025-12-27 14:50:47,049 | INFO     | Epoch 2/250 - Train Loss: 0.412025, Val Loss: 0.372492[0m
2025-12-27 14:50:47,105 | INFO     | New best model saved with Val Loss: 0.372492
2025-12-27 15:01:44,309 | INFO     | Epoch 3/250 - Train Loss: 0.358039, Val Loss: 0.371280[0m
2025-12-27 15:01:44,360 | INFO     | New best model saved with Val Loss: 0.371280
2025-12-27 15:12:40,437 | INFO     | Epoch 4/250 - Train Loss: 0.332289, Val Loss: 0.299803[0m
2025-12-27 15:12:40,491 | INFO     | New best model saved with Val Loss: 0.299803
2025-12-27 15:23:38,439 | INFO     | Epoch 5/250 - Train Loss: 0.309831, Val Loss: 0.311119[0m
2025-12-27 15:34:35,574 | INFO     | Epoch 6/250 - Train Loss: 0.293228, Val Loss: 0.271894[0m
2025-12-27 15:34:35,628 | INFO     | New best model saved with Val Loss: 0.271894
2025-12-27 15:45:32,844 | INFO     | Epoch 7/250 - Train Loss: 0.278677, Val Loss: 0.247567[0m
2025-12-27 15:45:32,896 | INFO     | New best model saved with Val Loss: 0.247567
2025-12-27 15:56:29,989 | INFO     | Epoch 8/250 - Train Loss: 0.257544, Val Loss: 0.243709[0m
2025-12-27 15:56:30,043 | INFO     | New best model saved with Val Loss: 0.243709
2025-12-27 16:07:27,314 | INFO     | Epoch 9/250 - Train Loss: 0.234650, Val Loss: 0.213613[0m
2025-12-27 16:07:27,363 | INFO     | New best model saved with Val Loss: 0.213613
2025-12-27 16:18:24,573 | INFO     | Epoch 10/250 - Train Loss: 0.215401, Val Loss: 0.214300[0m
2025-12-27 16:29:21,675 | INFO     | Epoch 11/250 - Train Loss: 0.193245, Val Loss: 0.195453[0m
2025-12-27 16:29:21,732 | INFO     | New best model saved with Val Loss: 0.195453
2025-12-27 16:40:18,791 | INFO     | Epoch 12/250 - Train Loss: 0.180944, Val Loss: 0.174487[0m
2025-12-27 16:40:18,845 | INFO     | New best model saved with Val Loss: 0.174487
2025-12-27 16:51:15,903 | INFO     | Epoch 13/250 - Train Loss: 0.171059, Val Loss: 0.159119[0m
2025-12-27 16:51:15,960 | INFO     | New best model saved with Val Loss: 0.159119
2025-12-27 17:02:13,026 | INFO     | Epoch 14/250 - Train Loss: 0.160924, Val Loss: 0.148754[0m
2025-12-27 17:02:13,079 | INFO     | New best model saved with Val Loss: 0.148754
2025-12-27 17:13:10,257 | INFO     | Epoch 15/250 - Train Loss: 0.152715, Val Loss: 0.138556[0m
2025-12-27 17:13:10,317 | INFO     | New best model saved with Val Loss: 0.138556
2025-12-27 17:24:07,431 | INFO     | Epoch 16/250 - Train Loss: 0.145177, Val Loss: 0.128909[0m
2025-12-27 17:24:07,486 | INFO     | New best model saved with Val Loss: 0.128909
2025-12-27 17:35:04,644 | INFO     | Epoch 17/250 - Train Loss: 0.136472, Val Loss: 0.129126[0m
2025-12-27 17:46:01,742 | INFO     | Epoch 18/250 - Train Loss: 0.135727, Val Loss: 0.120417[0m
2025-12-27 17:46:01,795 | INFO     | New best model saved with Val Loss: 0.120417
2025-12-27 17:56:58,926 | INFO     | Epoch 19/250 - Train Loss: 0.125930, Val Loss: 0.122357[0m
2025-12-27 18:07:56,140 | INFO     | Epoch 20/250 - Train Loss: 0.120099, Val Loss: 0.105157[0m
2025-12-27 18:07:56,194 | INFO     | New best model saved with Val Loss: 0.105157
2025-12-27 18:18:53,306 | INFO     | Epoch 21/250 - Train Loss: 0.115458, Val Loss: 0.105808[0m
2025-12-27 18:29:50,434 | INFO     | Epoch 22/250 - Train Loss: 0.111285, Val Loss: 0.103544[0m
2025-12-27 18:29:50,490 | INFO     | New best model saved with Val Loss: 0.103544
2025-12-27 18:40:47,656 | INFO     | Epoch 23/250 - Train Loss: 0.107643, Val Loss: 0.096531[0m
2025-12-27 18:40:47,716 | INFO     | New best model saved with Val Loss: 0.096531
2025-12-27 18:51:44,024 | INFO     | Epoch 24/250 - Train Loss: 0.105574, Val Loss: 0.105130[0m
2025-12-27 19:02:40,307 | INFO     | Epoch 25/250 - Train Loss: 0.101834, Val Loss: 0.096446[0m
2025-12-27 19:02:40,359 | INFO     | New best model saved with Val Loss: 0.096446
2025-12-27 19:13:36,552 | INFO     | Epoch 26/250 - Train Loss: 0.096630, Val Loss: 0.085549[0m
2025-12-27 19:13:36,604 | INFO     | New best model saved with Val Loss: 0.085549
2025-12-27 19:24:32,845 | INFO     | Epoch 27/250 - Train Loss: 0.095576, Val Loss: 0.087185[0m
2025-12-27 19:35:28,994 | INFO     | Epoch 28/250 - Train Loss: 0.090431, Val Loss: 0.087423[0m
2025-12-27 19:46:25,191 | INFO     | Epoch 29/250 - Train Loss: 0.089794, Val Loss: 0.155795[0m
2025-12-27 19:57:21,357 | INFO     | Epoch 30/250 - Train Loss: 0.093051, Val Loss: 0.073632[0m
2025-12-27 19:57:21,404 | INFO     | New best model saved with Val Loss: 0.073632
2025-12-27 20:08:17,591 | INFO     | Epoch 31/250 - Train Loss: 0.084678, Val Loss: 0.073956[0m
2025-12-27 20:19:13,814 | INFO     | Epoch 32/250 - Train Loss: 0.082896, Val Loss: 0.077014[0m
2025-12-27 20:30:09,965 | INFO     | Epoch 33/250 - Train Loss: 0.080326, Val Loss: 0.077072[0m
2025-12-27 20:41:06,227 | INFO     | Epoch 34/250 - Train Loss: 0.080878, Val Loss: 0.074312[0m
2025-12-27 20:52:02,388 | INFO     | Epoch 35/250 - Train Loss: 0.079681, Val Loss: 0.074316[0m
2025-12-27 21:02:58,746 | INFO     | Epoch 36/250 - Train Loss: 0.075604, Val Loss: 0.070606[0m
2025-12-27 21:02:58,801 | INFO     | New best model saved with Val Loss: 0.070606
2025-12-27 21:13:54,841 | INFO     | Epoch 37/250 - Train Loss: 0.074878, Val Loss: 0.073302[0m
2025-12-27 21:24:51,028 | INFO     | Epoch 38/250 - Train Loss: 0.074039, Val Loss: 0.067458[0m
2025-12-27 21:24:51,081 | INFO     | New best model saved with Val Loss: 0.067458
2025-12-27 21:35:47,305 | INFO     | Epoch 39/250 - Train Loss: 0.072920, Val Loss: 0.070154[0m
2025-12-27 21:46:43,433 | INFO     | Epoch 40/250 - Train Loss: 0.071443, Val Loss: 0.065400[0m
2025-12-27 21:46:43,488 | INFO     | New best model saved with Val Loss: 0.065400
2025-12-27 21:57:39,781 | INFO     | Epoch 41/250 - Train Loss: 0.069988, Val Loss: 0.065283[0m
2025-12-27 21:57:39,834 | INFO     | New best model saved with Val Loss: 0.065283
2025-12-27 22:08:36,051 | INFO     | Epoch 42/250 - Train Loss: 0.070596, Val Loss: 0.066036[0m
2025-12-27 22:19:32,290 | INFO     | Epoch 43/250 - Train Loss: 0.070365, Val Loss: 0.066016[0m
2025-12-27 22:30:28,540 | INFO     | Epoch 44/250 - Train Loss: 0.067753, Val Loss: 0.062394[0m
2025-12-27 22:30:28,593 | INFO     | New best model saved with Val Loss: 0.062394
2025-12-27 22:41:24,906 | INFO     | Epoch 45/250 - Train Loss: 0.066221, Val Loss: 0.062332[0m
2025-12-27 22:41:24,947 | INFO     | New best model saved with Val Loss: 0.062332
2025-12-27 22:52:21,112 | INFO     | Epoch 46/250 - Train Loss: 0.065176, Val Loss: 0.059626[0m
2025-12-27 22:52:21,168 | INFO     | New best model saved with Val Loss: 0.059626
2025-12-27 23:03:17,398 | INFO     | Epoch 47/250 - Train Loss: 0.064607, Val Loss: 0.061107[0m
2025-12-27 23:14:13,561 | INFO     | Epoch 48/250 - Train Loss: 0.068727, Val Loss: 0.060392[0m
2025-12-27 23:25:09,758 | INFO     | Epoch 49/250 - Train Loss: 0.064098, Val Loss: 0.064161[0m
2025-12-27 23:36:05,967 | INFO     | Epoch 50/250 - Train Loss: 0.062326, Val Loss: 0.057070[0m
2025-12-27 23:36:06,020 | INFO     | New best model saved with Val Loss: 0.057070
2025-12-27 23:47:02,286 | INFO     | Epoch 51/250 - Train Loss: 0.053872, Val Loss: 0.049763[0m
2025-12-27 23:47:02,341 | INFO     | New best model saved with Val Loss: 0.049763
2025-12-27 23:57:58,472 | INFO     | Epoch 52/250 - Train Loss: 0.053335, Val Loss: 0.050486[0m
2025-12-28 00:08:54,775 | INFO     | Epoch 53/250 - Train Loss: 0.053141, Val Loss: 0.051392[0m
2025-12-28 00:19:50,968 | INFO     | Epoch 54/250 - Train Loss: 0.052663, Val Loss: 0.050469[0m
2025-12-28 00:30:47,289 | INFO     | Epoch 55/250 - Train Loss: 0.052812, Val Loss: 0.049585[0m
2025-12-28 00:30:47,344 | INFO     | New best model saved with Val Loss: 0.049585
2025-12-28 00:41:43,646 | INFO     | Epoch 56/250 - Train Loss: 0.051978, Val Loss: 0.050120[0m
2025-12-28 00:52:39,763 | INFO     | Epoch 57/250 - Train Loss: 0.051518, Val Loss: 0.050531[0m
2025-12-28 01:03:35,836 | INFO     | Epoch 58/250 - Train Loss: 0.051311, Val Loss: 0.050208[0m
2025-12-28 01:14:32,073 | INFO     | Epoch 59/250 - Train Loss: 0.051554, Val Loss: 0.048778[0m
2025-12-28 01:14:32,127 | INFO     | New best model saved with Val Loss: 0.048778
2025-12-28 01:25:28,353 | INFO     | Epoch 60/250 - Train Loss: 0.050114, Val Loss: 0.048595[0m
2025-12-28 01:25:28,405 | INFO     | New best model saved with Val Loss: 0.048595
2025-12-28 01:36:24,626 | INFO     | Epoch 61/250 - Train Loss: 0.050363, Val Loss: 0.050454[0m
2025-12-28 01:47:20,943 | INFO     | Epoch 62/250 - Train Loss: 0.050262, Val Loss: 0.049475[0m
2025-12-28 01:58:17,217 | INFO     | Epoch 63/250 - Train Loss: 0.049495, Val Loss: 0.048734[0m
2025-12-28 02:09:13,490 | INFO     | Epoch 64/250 - Train Loss: 0.049573, Val Loss: 0.049051[0m
2025-12-28 02:20:09,671 | INFO     | Epoch 65/250 - Train Loss: 0.050048, Val Loss: 0.047530[0m
2025-12-28 02:20:09,726 | INFO     | New best model saved with Val Loss: 0.047530
2025-12-28 02:31:05,908 | INFO     | Epoch 66/250 - Train Loss: 0.048955, Val Loss: 0.048109[0m
2025-12-28 02:42:02,103 | INFO     | Epoch 67/250 - Train Loss: 0.049084, Val Loss: 0.048344[0m
2025-12-28 02:52:58,354 | INFO     | Epoch 68/250 - Train Loss: 0.048127, Val Loss: 0.047785[0m
2025-12-28 03:03:54,626 | INFO     | Epoch 69/250 - Train Loss: 0.048213, Val Loss: 0.047929[0m
2025-12-28 03:14:50,891 | INFO     | Epoch 70/250 - Train Loss: 0.047564, Val Loss: 0.047688[0m
2025-12-28 03:25:47,109 | INFO     | Epoch 71/250 - Train Loss: 0.048315, Val Loss: 0.046713[0m
2025-12-28 03:25:47,161 | INFO     | New best model saved with Val Loss: 0.046713
2025-12-28 03:36:43,322 | INFO     | Epoch 72/250 - Train Loss: 0.048500, Val Loss: 0.044871[0m
2025-12-28 03:36:43,378 | INFO     | New best model saved with Val Loss: 0.044871
2025-12-28 03:47:39,558 | INFO     | Epoch 73/250 - Train Loss: 0.047339, Val Loss: 0.046605[0m
2025-12-28 03:58:35,768 | INFO     | Epoch 74/250 - Train Loss: 0.047508, Val Loss: 0.049152[0m
2025-12-28 04:09:31,925 | INFO     | Epoch 75/250 - Train Loss: 0.046877, Val Loss: 0.046248[0m
2025-12-28 04:20:28,198 | INFO     | Epoch 76/250 - Train Loss: 0.046737, Val Loss: 0.047467[0m
2025-12-28 04:31:24,369 | INFO     | Epoch 77/250 - Train Loss: 0.046856, Val Loss: 0.045360[0m
2025-12-28 04:42:20,643 | INFO     | Epoch 78/250 - Train Loss: 0.046253, Val Loss: 0.050678[0m
2025-12-28 04:53:17,011 | INFO     | Epoch 79/250 - Train Loss: 0.047145, Val Loss: 0.044751[0m
2025-12-28 04:53:17,058 | INFO     | New best model saved with Val Loss: 0.044751
2025-12-28 05:04:13,230 | INFO     | Epoch 80/250 - Train Loss: 0.046053, Val Loss: 0.044745[0m
2025-12-28 05:04:13,285 | INFO     | New best model saved with Val Loss: 0.044745
2025-12-28 05:15:09,542 | INFO     | Epoch 81/250 - Train Loss: 0.047330, Val Loss: 0.044972[0m
2025-12-28 05:26:05,782 | INFO     | Epoch 82/250 - Train Loss: 0.045697, Val Loss: 0.050970[0m
2025-12-28 05:37:02,021 | INFO     | Epoch 83/250 - Train Loss: 0.046062, Val Loss: 0.045694[0m
2025-12-28 05:47:58,186 | INFO     | Epoch 84/250 - Train Loss: 0.044964, Val Loss: 0.045287[0m
2025-12-28 05:58:54,394 | INFO     | Epoch 85/250 - Train Loss: 0.044991, Val Loss: 0.046430[0m
2025-12-28 06:09:50,563 | INFO     | Epoch 86/250 - Train Loss: 0.047208, Val Loss: 0.044633[0m
2025-12-28 06:09:50,616 | INFO     | New best model saved with Val Loss: 0.044633
2025-12-28 06:20:46,854 | INFO     | Epoch 87/250 - Train Loss: 0.045665, Val Loss: 0.044813[0m
2025-12-28 06:31:43,140 | INFO     | Epoch 88/250 - Train Loss: 0.044815, Val Loss: 0.045423[0m
2025-12-28 06:42:39,395 | INFO     | Epoch 89/250 - Train Loss: 0.044214, Val Loss: 0.045928[0m
2025-12-28 06:53:35,542 | INFO     | Epoch 90/250 - Train Loss: 0.044690, Val Loss: 0.047238[0m
2025-12-28 07:04:31,675 | INFO     | Epoch 91/250 - Train Loss: 0.045630, Val Loss: 0.044143[0m
2025-12-28 07:04:31,728 | INFO     | New best model saved with Val Loss: 0.044143
2025-12-28 07:15:28,019 | INFO     | Epoch 92/250 - Train Loss: 0.043717, Val Loss: 0.046791[0m
2025-12-28 07:26:24,279 | INFO     | Epoch 93/250 - Train Loss: 0.045943, Val Loss: 0.045492[0m
2025-12-28 07:37:20,598 | INFO     | Epoch 94/250 - Train Loss: 0.045153, Val Loss: 0.046783[0m
2025-12-28 07:48:16,729 | INFO     | Epoch 95/250 - Train Loss: 0.043706, Val Loss: 0.047404[0m
2025-12-28 07:59:12,953 | INFO     | Epoch 96/250 - Train Loss: 0.043963, Val Loss: 0.045889[0m
2025-12-28 08:10:09,126 | INFO     | Epoch 97/250 - Train Loss: 0.044215, Val Loss: 0.046802[0m
2025-12-28 08:21:05,325 | INFO     | Epoch 98/250 - Train Loss: 0.043489, Val Loss: 0.043995[0m
2025-12-28 08:21:05,377 | INFO     | New best model saved with Val Loss: 0.043995
2025-12-28 08:32:01,632 | INFO     | Epoch 99/250 - Train Loss: 0.043297, Val Loss: 0.043608[0m
2025-12-28 08:32:01,684 | INFO     | New best model saved with Val Loss: 0.043608
2025-12-28 08:42:57,981 | INFO     | Epoch 100/250 - Train Loss: 0.045120, Val Loss: 0.045118[0m
2025-12-28 08:53:54,136 | INFO     | Epoch 101/250 - Train Loss: 0.039114, Val Loss: 0.041609[0m
2025-12-28 08:53:54,192 | INFO     | New best model saved with Val Loss: 0.041609
2025-12-28 09:04:50,425 | INFO     | Epoch 102/250 - Train Loss: 0.038441, Val Loss: 0.041768[0m
2025-12-28 09:15:46,736 | INFO     | Epoch 103/250 - Train Loss: 0.038347, Val Loss: 0.041704[0m
2025-12-28 09:26:42,973 | INFO     | Epoch 104/250 - Train Loss: 0.037904, Val Loss: 0.041768[0m
2025-12-28 09:37:39,235 | INFO     | Epoch 105/250 - Train Loss: 0.038409, Val Loss: 0.041795[0m
2025-12-28 09:48:35,478 | INFO     | Epoch 106/250 - Train Loss: 0.038562, Val Loss: 0.047398[0m
2025-12-28 09:59:31,652 | INFO     | Epoch 107/250 - Train Loss: 0.038277, Val Loss: 0.041847[0m
2025-12-28 10:10:27,975 | INFO     | Epoch 108/250 - Train Loss: 0.037445, Val Loss: 0.041947[0m
2025-12-28 10:21:24,280 | INFO     | Epoch 109/250 - Train Loss: 0.036900, Val Loss: 0.042069[0m
2025-12-28 10:32:20,516 | INFO     | Epoch 110/250 - Train Loss: 0.037374, Val Loss: 0.041250[0m
2025-12-28 10:32:20,568 | INFO     | New best model saved with Val Loss: 0.041250
2025-12-28 10:43:16,875 | INFO     | Epoch 111/250 - Train Loss: 0.038699, Val Loss: 0.041587[0m
2025-12-28 10:54:13,089 | INFO     | Epoch 112/250 - Train Loss: 0.036551, Val Loss: 0.042407[0m
2025-12-28 11:05:09,420 | INFO     | Epoch 113/250 - Train Loss: 0.038818, Val Loss: 0.041366[0m
2025-12-28 11:16:05,832 | INFO     | Epoch 114/250 - Train Loss: 0.036653, Val Loss: 0.042132[0m
2025-12-28 11:27:02,009 | INFO     | Epoch 115/250 - Train Loss: 0.036181, Val Loss: 0.041345[0m
2025-12-28 11:37:58,248 | INFO     | Epoch 116/250 - Train Loss: 0.036724, Val Loss: 0.041592[0m
2025-12-28 11:48:54,523 | INFO     | Epoch 117/250 - Train Loss: 0.037084, Val Loss: 0.041966[0m
2025-12-28 11:59:50,727 | INFO     | Epoch 118/250 - Train Loss: 0.037826, Val Loss: 0.049059[0m
2025-12-28 12:10:47,078 | INFO     | Epoch 119/250 - Train Loss: 0.038434, Val Loss: 0.041275[0m
2025-12-28 12:21:43,451 | INFO     | Epoch 120/250 - Train Loss: 0.035751, Val Loss: 0.041494[0m
2025-12-28 12:32:39,811 | INFO     | Epoch 121/250 - Train Loss: 0.035098, Val Loss: 0.041677[0m
2025-12-28 12:43:36,127 | INFO     | Epoch 122/250 - Train Loss: 0.035197, Val Loss: 0.043491[0m
2025-12-28 12:54:32,457 | INFO     | Epoch 123/250 - Train Loss: 0.035139, Val Loss: 0.041174[0m
2025-12-28 12:54:32,508 | INFO     | New best model saved with Val Loss: 0.041174
2025-12-28 13:05:28,636 | INFO     | Epoch 124/250 - Train Loss: 0.036019, Val Loss: 0.042068[0m
2025-12-28 13:16:24,975 | INFO     | Epoch 125/250 - Train Loss: 0.035541, Val Loss: 0.041059[0m
2025-12-28 13:16:25,028 | INFO     | New best model saved with Val Loss: 0.041059
2025-12-28 13:27:21,328 | INFO     | Epoch 126/250 - Train Loss: 0.038635, Val Loss: 0.041250[0m
2025-12-28 13:38:17,566 | INFO     | Epoch 127/250 - Train Loss: 0.035954, Val Loss: 0.042108[0m
2025-12-28 13:49:13,781 | INFO     | Epoch 128/250 - Train Loss: 0.034820, Val Loss: 0.041230[0m
2025-12-28 14:00:10,961 | INFO     | Epoch 129/250 - Train Loss: 0.035630, Val Loss: 0.060619[0m
2025-12-28 14:11:21,265 | INFO     | Epoch 130/250 - Train Loss: 0.037704, Val Loss: 0.041675[0m
2025-12-28 14:22:23,007 | INFO     | Epoch 131/250 - Train Loss: 0.035280, Val Loss: 0.041799[0m
2025-12-28 14:35:52,668 | INFO     | Epoch 132/250 - Train Loss: 0.034796, Val Loss: 0.041922[0m
2025-12-28 14:48:46,163 | INFO     | Epoch 133/250 - Train Loss: 0.034501, Val Loss: 0.041665[0m
2025-12-28 14:59:43,458 | INFO     | Epoch 134/250 - Train Loss: 0.035134, Val Loss: 0.041957[0m
2025-12-28 15:10:40,745 | INFO     | Epoch 135/250 - Train Loss: 0.034021, Val Loss: 0.041311[0m
2025-12-28 15:21:38,005 | INFO     | Epoch 136/250 - Train Loss: 0.033546, Val Loss: 0.041659[0m
2025-12-28 15:32:35,210 | INFO     | Epoch 137/250 - Train Loss: 0.034708, Val Loss: 0.043365[0m
2025-12-28 15:43:32,440 | INFO     | Epoch 138/250 - Train Loss: 0.035991, Val Loss: 0.047534[0m
2025-12-28 15:54:29,701 | INFO     | Epoch 139/250 - Train Loss: 0.035035, Val Loss: 0.041720[0m
2025-12-28 16:05:26,898 | INFO     | Epoch 140/250 - Train Loss: 0.033607, Val Loss: 0.040686[0m
2025-12-28 16:05:26,952 | INFO     | New best model saved with Val Loss: 0.040686
2025-12-28 16:16:24,194 | INFO     | Epoch 141/250 - Train Loss: 0.033700, Val Loss: 0.040855[0m
2025-12-28 16:27:22,099 | INFO     | Epoch 142/250 - Train Loss: 0.033127, Val Loss: 0.041683[0m
2025-12-28 16:38:20,026 | INFO     | Epoch 143/250 - Train Loss: 0.032987, Val Loss: 0.041356[0m
2025-12-28 16:49:17,769 | INFO     | Epoch 144/250 - Train Loss: 0.033777, Val Loss: 0.043850[0m
2025-12-28 17:00:15,618 | INFO     | Epoch 145/250 - Train Loss: 0.034361, Val Loss: 0.041491[0m
2025-12-28 17:11:13,521 | INFO     | Epoch 146/250 - Train Loss: 0.032408, Val Loss: 0.041488[0m
2025-12-28 17:22:11,436 | INFO     | Epoch 147/250 - Train Loss: 0.034982, Val Loss: 0.044612[0m
2025-12-28 17:33:09,367 | INFO     | Epoch 148/250 - Train Loss: 0.036282, Val Loss: 0.041204[0m
2025-12-28 17:44:06,880 | INFO     | Epoch 149/250 - Train Loss: 0.033313, Val Loss: 0.040746[0m
2025-12-28 17:55:04,423 | INFO     | Epoch 150/250 - Train Loss: 0.034251, Val Loss: 0.042243[0m
2025-12-28 18:06:01,934 | INFO     | Epoch 151/250 - Train Loss: 0.030912, Val Loss: 0.039719[0m
2025-12-28 18:06:01,987 | INFO     | New best model saved with Val Loss: 0.039719
2025-12-28 18:16:59,474 | INFO     | Epoch 152/250 - Train Loss: 0.030100, Val Loss: 0.040094[0m
2025-12-28 18:27:57,037 | INFO     | Epoch 153/250 - Train Loss: 0.029725, Val Loss: 0.040008[0m
2025-12-28 18:38:54,531 | INFO     | Epoch 154/250 - Train Loss: 0.029664, Val Loss: 0.040220[0m
2025-12-28 18:49:52,084 | INFO     | Epoch 155/250 - Train Loss: 0.029719, Val Loss: 0.040037[0m
2025-12-28 19:00:49,570 | INFO     | Epoch 156/250 - Train Loss: 0.029382, Val Loss: 0.040690[0m
2025-12-28 19:11:46,997 | INFO     | Epoch 157/250 - Train Loss: 0.029428, Val Loss: 0.040206[0m
2025-12-28 19:22:44,499 | INFO     | Epoch 158/250 - Train Loss: 0.029517, Val Loss: 0.040429[0m
2025-12-28 19:33:41,978 | INFO     | Epoch 159/250 - Train Loss: 0.029583, Val Loss: 0.040220[0m
2025-12-28 19:44:39,493 | INFO     | Epoch 160/250 - Train Loss: 0.030162, Val Loss: 0.040273[0m
2025-12-28 19:55:37,004 | INFO     | Epoch 161/250 - Train Loss: 0.029042, Val Loss: 0.040514[0m
2025-12-28 20:06:34,521 | INFO     | Epoch 162/250 - Train Loss: 0.028939, Val Loss: 0.040350[0m
2025-12-28 20:17:32,139 | INFO     | Epoch 163/250 - Train Loss: 0.028787, Val Loss: 0.040222[0m
2025-12-28 20:28:29,672 | INFO     | Epoch 164/250 - Train Loss: 0.028945, Val Loss: 0.040125[0m
2025-12-28 20:39:26,920 | INFO     | Epoch 165/250 - Train Loss: 0.028708, Val Loss: 0.040673[0m
2025-12-28 20:50:23,385 | INFO     | Epoch 166/250 - Train Loss: 0.028978, Val Loss: 0.040400[0m
2025-12-28 21:01:19,813 | INFO     | Epoch 167/250 - Train Loss: 0.029322, Val Loss: 0.040165[0m
2025-12-28 21:12:16,190 | INFO     | Epoch 168/250 - Train Loss: 0.028407, Val Loss: 0.040532[0m
2025-12-28 21:23:12,714 | INFO     | Epoch 169/250 - Train Loss: 0.028306, Val Loss: 0.040422[0m
2025-12-28 21:34:09,000 | INFO     | Epoch 170/250 - Train Loss: 0.028111, Val Loss: 0.040612[0m
2025-12-28 21:45:05,441 | INFO     | Epoch 171/250 - Train Loss: 0.028255, Val Loss: 0.040835[0m
2025-12-28 21:56:01,750 | INFO     | Epoch 172/250 - Train Loss: 0.028718, Val Loss: 0.040464[0m
2025-12-28 22:06:58,122 | INFO     | Epoch 173/250 - Train Loss: 0.028735, Val Loss: 0.040726[0m
2025-12-28 22:17:54,562 | INFO     | Epoch 174/250 - Train Loss: 0.028309, Val Loss: 0.040175[0m
2025-12-28 22:28:50,925 | INFO     | Epoch 175/250 - Train Loss: 0.027692, Val Loss: 0.040940[0m
2025-12-28 22:39:47,325 | INFO     | Epoch 176/250 - Train Loss: 0.027774, Val Loss: 0.040886[0m
2025-12-28 22:50:43,757 | INFO     | Epoch 177/250 - Train Loss: 0.028389, Val Loss: 0.040585[0m
2025-12-28 23:01:40,285 | INFO     | Epoch 178/250 - Train Loss: 0.027840, Val Loss: 0.040367[0m
2025-12-28 23:12:36,693 | INFO     | Epoch 179/250 - Train Loss: 0.028046, Val Loss: 0.041182[0m
2025-12-28 23:23:32,980 | INFO     | Epoch 180/250 - Train Loss: 0.027330, Val Loss: 0.040713[0m
2025-12-28 23:34:29,452 | INFO     | Epoch 181/250 - Train Loss: 0.027528, Val Loss: 0.040766[0m
2025-12-28 23:45:26,006 | INFO     | Epoch 182/250 - Train Loss: 0.027249, Val Loss: 0.041217[0m
2025-12-28 23:56:22,548 | INFO     | Epoch 183/250 - Train Loss: 0.028222, Val Loss: 0.040728[0m
2025-12-29 00:07:18,977 | INFO     | Epoch 184/250 - Train Loss: 0.027569, Val Loss: 0.040591[0m
2025-12-29 00:18:15,389 | INFO     | Epoch 185/250 - Train Loss: 0.027411, Val Loss: 0.042939[0m
2025-12-29 00:29:11,899 | INFO     | Epoch 186/250 - Train Loss: 0.027306, Val Loss: 0.041156[0m
2025-12-29 00:40:08,308 | INFO     | Epoch 187/250 - Train Loss: 0.028155, Val Loss: 0.040804[0m
2025-12-29 00:51:04,469 | INFO     | Epoch 188/250 - Train Loss: 0.027472, Val Loss: 0.041021[0m
2025-12-29 01:01:59,409 | INFO     | Epoch 189/250 - Train Loss: 0.028022, Val Loss: 0.040945[0m
2025-12-29 01:12:54,278 | INFO     | Epoch 190/250 - Train Loss: 0.026810, Val Loss: 0.040753[0m
2025-12-29 01:23:49,212 | INFO     | Epoch 191/250 - Train Loss: 0.026558, Val Loss: 0.041058[0m
2025-12-29 01:34:44,107 | INFO     | Epoch 192/250 - Train Loss: 0.027408, Val Loss: 0.043030[0m
2025-12-29 01:45:38,982 | INFO     | Epoch 193/250 - Train Loss: 0.029193, Val Loss: 0.041136[0m
2025-12-29 01:56:33,871 | INFO     | Epoch 194/250 - Train Loss: 0.028851, Val Loss: 0.040521[0m
2025-12-29 02:07:28,775 | INFO     | Epoch 195/250 - Train Loss: 0.026805, Val Loss: 0.040763[0m
2025-12-29 02:18:23,674 | INFO     | Epoch 196/250 - Train Loss: 0.026412, Val Loss: 0.040911[0m
2025-12-29 02:29:18,579 | INFO     | Epoch 197/250 - Train Loss: 0.026313, Val Loss: 0.040926[0m
2025-12-29 02:40:13,496 | INFO     | Epoch 198/250 - Train Loss: 0.026273, Val Loss: 0.041120[0m
2025-12-29 02:51:08,353 | INFO     | Epoch 199/250 - Train Loss: 0.026219, Val Loss: 0.040724[0m
2025-12-29 03:02:03,217 | INFO     | Epoch 200/250 - Train Loss: 0.026090, Val Loss: 0.040754[0m
2025-12-29 03:12:58,082 | INFO     | Epoch 201/250 - Train Loss: 0.025058, Val Loss: 0.040633[0m
2025-12-29 03:23:52,982 | INFO     | Epoch 202/250 - Train Loss: 0.025738, Val Loss: 0.041663[0m
2025-12-29 03:34:47,890 | INFO     | Epoch 203/250 - Train Loss: 0.025402, Val Loss: 0.040492[0m
2025-12-29 03:45:42,785 | INFO     | Epoch 204/250 - Train Loss: 0.024711, Val Loss: 0.040984[0m
2025-12-29 03:56:37,681 | INFO     | Epoch 205/250 - Train Loss: 0.024709, Val Loss: 0.040766[0m
2025-12-29 04:07:32,564 | INFO     | Epoch 206/250 - Train Loss: 0.025331, Val Loss: 0.040531[0m
2025-12-29 04:18:27,435 | INFO     | Epoch 207/250 - Train Loss: 0.024736, Val Loss: 0.040540[0m
2025-12-29 04:29:22,330 | INFO     | Epoch 208/250 - Train Loss: 0.024658, Val Loss: 0.040564[0m
2025-12-29 04:40:17,230 | INFO     | Epoch 209/250 - Train Loss: 0.024650, Val Loss: 0.040733[0m
2025-12-29 04:51:12,654 | INFO     | Epoch 210/250 - Train Loss: 0.024524, Val Loss: 0.042186[0m
2025-12-29 05:02:08,059 | INFO     | Epoch 211/250 - Train Loss: 0.024598, Val Loss: 0.041034[0m
2025-12-29 05:13:03,481 | INFO     | Epoch 212/250 - Train Loss: 0.024370, Val Loss: 0.040707[0m
2025-12-29 05:23:58,952 | INFO     | Epoch 213/250 - Train Loss: 0.024820, Val Loss: 0.040673[0m
2025-12-29 05:34:54,418 | INFO     | Epoch 214/250 - Train Loss: 0.024369, Val Loss: 0.040632[0m
2025-12-29 05:45:49,846 | INFO     | Epoch 215/250 - Train Loss: 0.024288, Val Loss: 0.040880[0m
2025-12-29 05:56:45,293 | INFO     | Epoch 216/250 - Train Loss: 0.024229, Val Loss: 0.040775[0m
2025-12-29 06:07:40,693 | INFO     | Epoch 217/250 - Train Loss: 0.024235, Val Loss: 0.040888[0m
2025-12-29 06:18:36,058 | INFO     | Epoch 218/250 - Train Loss: 0.024282, Val Loss: 0.040840[0m
2025-12-29 06:29:31,503 | INFO     | Epoch 219/250 - Train Loss: 0.024157, Val Loss: 0.040950[0m
2025-12-29 06:40:26,933 | INFO     | Epoch 220/250 - Train Loss: 0.024373, Val Loss: 0.040889[0m
2025-12-29 06:51:22,380 | INFO     | Epoch 221/250 - Train Loss: 0.024759, Val Loss: 0.040825[0m
2025-12-29 07:02:18,592 | INFO     | Epoch 222/250 - Train Loss: 0.024012, Val Loss: 0.041086[0m
2025-12-29 07:13:13,533 | INFO     | Epoch 223/250 - Train Loss: 0.024005, Val Loss: 0.040913[0m
2025-12-29 07:24:08,706 | INFO     | Epoch 224/250 - Train Loss: 0.024045, Val Loss: 0.040832[0m
2025-12-29 07:35:04,876 | INFO     | Epoch 225/250 - Train Loss: 0.024149, Val Loss: 0.040691[0m
2025-12-29 07:46:00,992 | INFO     | Epoch 226/250 - Train Loss: 0.024527, Val Loss: 0.040865[0m
2025-12-29 07:56:57,244 | INFO     | Epoch 227/250 - Train Loss: 0.024255, Val Loss: 0.041849[0m
2025-12-29 08:07:53,345 | INFO     | Epoch 228/250 - Train Loss: 0.024067, Val Loss: 0.040776[0m
2025-12-29 08:18:49,387 | INFO     | Epoch 229/250 - Train Loss: 0.023689, Val Loss: 0.040745[0m
2025-12-29 08:29:45,453 | INFO     | Epoch 230/250 - Train Loss: 0.023669, Val Loss: 0.041137[0m
2025-12-29 08:40:41,541 | INFO     | Epoch 231/250 - Train Loss: 0.023648, Val Loss: 0.040899[0m
2025-12-29 08:51:37,780 | INFO     | Epoch 232/250 - Train Loss: 0.023638, Val Loss: 0.040942[0m
2025-12-29 09:02:33,922 | INFO     | Epoch 233/250 - Train Loss: 0.023610, Val Loss: 0.040823[0m
2025-12-29 09:13:30,087 | INFO     | Epoch 234/250 - Train Loss: 0.023540, Val Loss: 0.041277[0m
2025-12-29 09:24:26,211 | INFO     | Epoch 235/250 - Train Loss: 0.023597, Val Loss: 0.040817[0m
2025-12-29 09:35:22,286 | INFO     | Epoch 236/250 - Train Loss: 0.023576, Val Loss: 0.040994[0m
2025-12-29 09:46:18,419 | INFO     | Epoch 237/250 - Train Loss: 0.023703, Val Loss: 0.041088[0m
2025-12-29 09:57:14,482 | INFO     | Epoch 238/250 - Train Loss: 0.023452, Val Loss: 0.041029[0m
2025-12-29 10:08:10,597 | INFO     | Epoch 239/250 - Train Loss: 0.023737, Val Loss: 0.040615[0m
2025-12-29 10:19:06,781 | INFO     | Epoch 240/250 - Train Loss: 0.023392, Val Loss: 0.040855[0m
2025-12-29 10:30:03,023 | INFO     | Epoch 241/250 - Train Loss: 0.023496, Val Loss: 0.041027[0m
2025-12-29 10:40:59,294 | INFO     | Epoch 242/250 - Train Loss: 0.023383, Val Loss: 0.041029[0m
2025-12-29 10:51:55,469 | INFO     | Epoch 243/250 - Train Loss: 0.023506, Val Loss: 0.041253[0m
2025-12-29 11:02:51,708 | INFO     | Epoch 244/250 - Train Loss: 0.023527, Val Loss: 0.041031[0m
2025-12-29 11:13:47,971 | INFO     | Epoch 245/250 - Train Loss: 0.024520, Val Loss: 0.041054[0m
2025-12-29 11:24:44,201 | INFO     | Epoch 246/250 - Train Loss: 0.023399, Val Loss: 0.041465[0m
2025-12-29 11:35:40,501 | INFO     | Epoch 247/250 - Train Loss: 0.023635, Val Loss: 0.041486[0m
2025-12-29 11:46:36,748 | INFO     | Epoch 248/250 - Train Loss: 0.023502, Val Loss: 0.041076[0m
2025-12-29 11:57:32,968 | INFO     | Epoch 249/250 - Train Loss: 0.023137, Val Loss: 0.041351[0m
2025-12-29 12:08:29,144 | INFO     | Epoch 250/250 - Train Loss: 0.023044, Val Loss: 0.041162[0m
2025-12-29 12:08:29,300 | INFO     | Final model saved to experiments_DrivAerNet++/WWC_spressure_N10k_lr1e-3_e250/final_model.pth
2025-12-29 12:08:29,300 | INFO     | Testing the final model
2025-12-29 12:09:04,804 | INFO     | *******************[35mL2_erro:[0m
2025-12-29 12:09:04,804 | INFO     |  0.152929
2025-12-29 12:09:04,804 | INFO     | *******************[35mmse_loss:[0m
2025-12-29 12:09:04,804 | INFO     |  0.038121
2025-12-29 12:09:04,804 | INFO     | *******************[35minference_time:[0m
2025-12-29 12:09:04,804 | INFO     |  0.000000
2025-12-29 12:09:04,805 | INFO     | Testing the best model
2025-12-29 12:09:40,432 | INFO     | *******************[35mL2_erro:[0m
2025-12-29 12:09:40,433 | INFO     |  0.150375
2025-12-29 12:09:40,433 | INFO     | *******************[35mmse_loss:[0m
2025-12-29 12:09:40,433 | INFO     |  0.036829
2025-12-29 12:09:40,433 | INFO     | *******************[35minference_time:[0m
2025-12-29 12:09:40,433 | INFO     |  0.000000
2025-12-31 10:11:24,403 | INFO     | Config:
exp_name: WWC_spressure_N10k_lr1e-3_e250
model:
  input_dim: 3
  output_dim: 1
  head_num: 8
  hidden_dim: 256
  res: true
  slice_num: 32
  layer_num: 5
  mlp_ratio: 1.5
  dropout: 0.1
training:
  input: x_pres
  target: y_pres
  x_mean:
  - 1.5163924
  - -2.8424793e-05
  - 0.59128469
  x_std:
  - 1.415569
  - 0.65566987
  - 0.38558245
  y_mean: -93.28388
  y_std: 121.19236
  batch_size: 1
  epochs: 250
  lr: 0.001
  scheduler_step: 50
  scheduler_gamma: 0.5
  max_grad_norm: 0.1
  num_workers: 1
  weight_decay: 0.0
  test_only: 0
  gpus: '0'
  seed: 42
dataload:
  directory: /mnt/wjc_group/mae-zhangbj/DrivAerNet++_dataset/E_S_WWC_WM

2025-12-31 10:11:24,403 | INFO     | args.exp_name : WWC_spressure_N10k_lr1e-3_e250
2025-12-31 10:11:24,404 | INFO     | Starting training with 1 GPUs
2025-12-31 10:11:25,445 | INFO     | Total trainable parameters: 3381321
2025-12-31 10:11:25,445 | INFO     | Data loaded: 456 training batches, 117 validation batches, 109 test batches
2025-12-31 10:11:25,446 | INFO     | Staring training for 250 epochs
2025-12-31 10:19:44,516 | INFO     | Epoch 1/250 - Train Loss: 0.791644, Val Loss: 0.432168[0m
2025-12-31 10:19:44,569 | INFO     | New best model saved with Val Loss: 0.432168
2025-12-31 10:30:39,692 | INFO     | Epoch 2/250 - Train Loss: 0.390805, Val Loss: 0.349926[0m
2025-12-31 10:30:39,747 | INFO     | New best model saved with Val Loss: 0.349926
2025-12-31 10:41:34,776 | INFO     | Epoch 3/250 - Train Loss: 0.340306, Val Loss: 0.331396[0m
2025-12-31 10:41:34,833 | INFO     | New best model saved with Val Loss: 0.331396
2025-12-31 10:52:30,041 | INFO     | Epoch 4/250 - Train Loss: 0.322027, Val Loss: 0.303652[0m
2025-12-31 10:52:30,095 | INFO     | New best model saved with Val Loss: 0.303652
2025-12-31 11:03:25,322 | INFO     | Epoch 5/250 - Train Loss: 0.306368, Val Loss: 0.305568[0m
2025-12-31 11:14:20,639 | INFO     | Epoch 6/250 - Train Loss: 0.294075, Val Loss: 0.272245[0m
2025-12-31 11:14:20,692 | INFO     | New best model saved with Val Loss: 0.272245
2025-12-31 11:25:15,970 | INFO     | Epoch 7/250 - Train Loss: 0.268426, Val Loss: 0.234903[0m
2025-12-31 11:25:16,022 | INFO     | New best model saved with Val Loss: 0.234903
2025-12-31 11:36:11,306 | INFO     | Epoch 8/250 - Train Loss: 0.236640, Val Loss: 0.243428[0m
2025-12-31 11:47:06,565 | INFO     | Epoch 9/250 - Train Loss: 0.218749, Val Loss: 0.195793[0m
2025-12-31 11:47:06,620 | INFO     | New best model saved with Val Loss: 0.195793
2025-12-31 11:58:01,867 | INFO     | Epoch 10/250 - Train Loss: 0.199182, Val Loss: 0.171694[0m
2025-12-31 11:58:01,922 | INFO     | New best model saved with Val Loss: 0.171694
2025-12-31 12:08:57,132 | INFO     | Epoch 11/250 - Train Loss: 0.181011, Val Loss: 0.168891[0m
2025-12-31 12:08:57,184 | INFO     | New best model saved with Val Loss: 0.168891
2025-12-31 12:19:52,423 | INFO     | Epoch 12/250 - Train Loss: 0.167154, Val Loss: 0.160349[0m
2025-12-31 12:19:52,476 | INFO     | New best model saved with Val Loss: 0.160349
2025-12-31 12:30:47,727 | INFO     | Epoch 13/250 - Train Loss: 0.160700, Val Loss: 0.164331[0m
2025-12-31 12:41:42,997 | INFO     | Epoch 14/250 - Train Loss: 0.147263, Val Loss: 0.132405[0m
2025-12-31 12:41:43,047 | INFO     | New best model saved with Val Loss: 0.132405
2025-12-31 12:52:38,331 | INFO     | Epoch 15/250 - Train Loss: 0.140493, Val Loss: 0.126644[0m
2025-12-31 12:52:38,376 | INFO     | New best model saved with Val Loss: 0.126644
2025-12-31 13:03:33,618 | INFO     | Epoch 16/250 - Train Loss: 0.133640, Val Loss: 0.130455[0m
2025-12-31 13:14:28,925 | INFO     | Epoch 17/250 - Train Loss: 0.126834, Val Loss: 0.120407[0m
2025-12-31 13:14:28,976 | INFO     | New best model saved with Val Loss: 0.120407
2025-12-31 13:25:24,268 | INFO     | Epoch 18/250 - Train Loss: 0.124083, Val Loss: 0.102092[0m
2025-12-31 13:25:24,319 | INFO     | New best model saved with Val Loss: 0.102092
2025-12-31 13:36:19,556 | INFO     | Epoch 19/250 - Train Loss: 0.115758, Val Loss: 0.106047[0m
2025-12-31 13:47:14,813 | INFO     | Epoch 20/250 - Train Loss: 0.111534, Val Loss: 0.094655[0m
2025-12-31 13:47:14,868 | INFO     | New best model saved with Val Loss: 0.094655
2025-12-31 13:58:10,058 | INFO     | Epoch 21/250 - Train Loss: 0.105256, Val Loss: 0.098298[0m
2025-12-31 14:09:05,301 | INFO     | Epoch 22/250 - Train Loss: 0.102486, Val Loss: 0.085302[0m
2025-12-31 14:09:05,356 | INFO     | New best model saved with Val Loss: 0.085302
2025-12-31 14:20:00,614 | INFO     | Epoch 23/250 - Train Loss: 0.097802, Val Loss: 0.092572[0m
2025-12-31 14:30:55,858 | INFO     | Epoch 24/250 - Train Loss: 0.093424, Val Loss: 0.087663[0m
2025-12-31 14:41:51,126 | INFO     | Epoch 25/250 - Train Loss: 0.092555, Val Loss: 0.081910[0m
2025-12-31 14:41:51,178 | INFO     | New best model saved with Val Loss: 0.081910
2025-12-31 14:52:46,345 | INFO     | Epoch 26/250 - Train Loss: 0.089690, Val Loss: 0.076193[0m
2025-12-31 14:52:46,399 | INFO     | New best model saved with Val Loss: 0.076193
2025-12-31 15:03:41,681 | INFO     | Epoch 27/250 - Train Loss: 0.084810, Val Loss: 0.083436[0m
2025-12-31 15:14:36,923 | INFO     | Epoch 28/250 - Train Loss: 0.084079, Val Loss: 0.079567[0m
2025-12-31 15:25:32,148 | INFO     | Epoch 29/250 - Train Loss: 0.082232, Val Loss: 0.080054[0m
2025-12-31 15:36:27,406 | INFO     | Epoch 30/250 - Train Loss: 0.078351, Val Loss: 0.072872[0m
2025-12-31 15:36:27,464 | INFO     | New best model saved with Val Loss: 0.072872
2025-12-31 15:47:22,678 | INFO     | Epoch 31/250 - Train Loss: 0.088144, Val Loss: 0.069428[0m
2025-12-31 15:47:22,730 | INFO     | New best model saved with Val Loss: 0.069428
2025-12-31 15:58:17,930 | INFO     | Epoch 32/250 - Train Loss: 0.076544, Val Loss: 0.069655[0m
2025-12-31 16:09:13,163 | INFO     | Epoch 33/250 - Train Loss: 0.072944, Val Loss: 0.065659[0m
2025-12-31 16:09:13,218 | INFO     | New best model saved with Val Loss: 0.065659
2025-12-31 16:20:08,446 | INFO     | Epoch 34/250 - Train Loss: 0.072430, Val Loss: 0.073385[0m
2025-12-31 16:31:03,634 | INFO     | Epoch 35/250 - Train Loss: 0.070414, Val Loss: 0.067703[0m
2025-12-31 16:41:58,889 | INFO     | Epoch 36/250 - Train Loss: 0.071609, Val Loss: 0.064842[0m
2025-12-31 16:41:58,944 | INFO     | New best model saved with Val Loss: 0.064842
2025-12-31 16:52:54,221 | INFO     | Epoch 37/250 - Train Loss: 0.067524, Val Loss: 0.067712[0m
2025-12-31 17:03:49,476 | INFO     | Epoch 38/250 - Train Loss: 0.068259, Val Loss: 0.067436[0m
2025-12-31 17:14:44,685 | INFO     | Epoch 39/250 - Train Loss: 0.065996, Val Loss: 0.064433[0m
2025-12-31 17:14:44,738 | INFO     | New best model saved with Val Loss: 0.064433
2025-12-31 17:25:39,921 | INFO     | Epoch 40/250 - Train Loss: 0.065892, Val Loss: 0.061485[0m
2025-12-31 17:25:39,976 | INFO     | New best model saved with Val Loss: 0.061485
2025-12-31 17:36:35,242 | INFO     | Epoch 41/250 - Train Loss: 0.065661, Val Loss: 0.059522[0m
2025-12-31 17:36:35,294 | INFO     | New best model saved with Val Loss: 0.059522
2025-12-31 17:47:30,484 | INFO     | Epoch 42/250 - Train Loss: 0.064007, Val Loss: 0.068957[0m
2025-12-31 17:58:25,739 | INFO     | Epoch 43/250 - Train Loss: 0.063977, Val Loss: 0.056467[0m
2025-12-31 17:58:25,792 | INFO     | New best model saved with Val Loss: 0.056467
2025-12-31 18:09:20,975 | INFO     | Epoch 44/250 - Train Loss: 0.062063, Val Loss: 0.060585[0m
2025-12-31 18:20:16,220 | INFO     | Epoch 45/250 - Train Loss: 0.061545, Val Loss: 0.059244[0m
2025-12-31 18:31:11,493 | INFO     | Epoch 46/250 - Train Loss: 0.061003, Val Loss: 0.055258[0m
2025-12-31 18:31:11,549 | INFO     | New best model saved with Val Loss: 0.055258
2025-12-31 18:42:06,775 | INFO     | Epoch 47/250 - Train Loss: 0.060238, Val Loss: 0.059126[0m
2025-12-31 18:53:01,988 | INFO     | Epoch 48/250 - Train Loss: 0.059273, Val Loss: 0.054536[0m
2025-12-31 18:53:02,049 | INFO     | New best model saved with Val Loss: 0.054536
2025-12-31 19:03:57,266 | INFO     | Epoch 49/250 - Train Loss: 0.058394, Val Loss: 0.056458[0m
2025-12-31 19:14:52,525 | INFO     | Epoch 50/250 - Train Loss: 0.057550, Val Loss: 0.057770[0m
2025-12-31 19:25:47,802 | INFO     | Epoch 51/250 - Train Loss: 0.050275, Val Loss: 0.046881[0m
2025-12-31 19:25:47,854 | INFO     | New best model saved with Val Loss: 0.046881
2025-12-31 19:36:43,045 | INFO     | Epoch 52/250 - Train Loss: 0.049338, Val Loss: 0.046961[0m
2025-12-31 19:47:38,309 | INFO     | Epoch 53/250 - Train Loss: 0.049090, Val Loss: 0.048552[0m
2025-12-31 19:58:33,538 | INFO     | Epoch 54/250 - Train Loss: 0.048572, Val Loss: 0.047445[0m
2025-12-31 20:09:28,818 | INFO     | Epoch 55/250 - Train Loss: 0.048468, Val Loss: 0.048731[0m
2025-12-31 20:20:24,015 | INFO     | Epoch 56/250 - Train Loss: 0.048032, Val Loss: 0.047355[0m
2025-12-31 20:31:19,276 | INFO     | Epoch 57/250 - Train Loss: 0.047671, Val Loss: 0.048015[0m
2025-12-31 20:42:14,521 | INFO     | Epoch 58/250 - Train Loss: 0.047160, Val Loss: 0.050442[0m
2025-12-31 20:53:09,791 | INFO     | Epoch 59/250 - Train Loss: 0.047322, Val Loss: 0.045726[0m
2025-12-31 20:53:09,843 | INFO     | New best model saved with Val Loss: 0.045726
2025-12-31 21:04:05,030 | INFO     | Epoch 60/250 - Train Loss: 0.047658, Val Loss: 0.047250[0m
2025-12-31 21:15:00,247 | INFO     | Epoch 61/250 - Train Loss: 0.046448, Val Loss: 0.045860[0m
2025-12-31 21:25:55,483 | INFO     | Epoch 62/250 - Train Loss: 0.046013, Val Loss: 0.046198[0m
2025-12-31 21:36:50,688 | INFO     | Epoch 63/250 - Train Loss: 0.045801, Val Loss: 0.045143[0m
2025-12-31 21:36:50,742 | INFO     | New best model saved with Val Loss: 0.045143
2025-12-31 21:47:45,923 | INFO     | Epoch 64/250 - Train Loss: 0.045596, Val Loss: 0.046352[0m
2025-12-31 21:58:41,153 | INFO     | Epoch 65/250 - Train Loss: 0.045474, Val Loss: 0.044428[0m
2025-12-31 21:58:41,192 | INFO     | New best model saved with Val Loss: 0.044428
2025-12-31 22:09:36,377 | INFO     | Epoch 66/250 - Train Loss: 0.045665, Val Loss: 0.045741[0m
2025-12-31 22:20:31,594 | INFO     | Epoch 67/250 - Train Loss: 0.044839, Val Loss: 0.045072[0m
2025-12-31 22:31:26,799 | INFO     | Epoch 68/250 - Train Loss: 0.045001, Val Loss: 0.046252[0m
2025-12-31 22:42:22,029 | INFO     | Epoch 69/250 - Train Loss: 0.045535, Val Loss: 0.045596[0m
2025-12-31 22:53:17,249 | INFO     | Epoch 70/250 - Train Loss: 0.044860, Val Loss: 0.044381[0m
2025-12-31 22:53:17,299 | INFO     | New best model saved with Val Loss: 0.044381
2025-12-31 23:04:12,480 | INFO     | Epoch 71/250 - Train Loss: 0.043889, Val Loss: 0.043763[0m
2025-12-31 23:04:12,531 | INFO     | New best model saved with Val Loss: 0.043763
2025-12-31 23:15:07,743 | INFO     | Epoch 72/250 - Train Loss: 0.044539, Val Loss: 0.044088[0m
2025-12-31 23:26:02,919 | INFO     | Epoch 73/250 - Train Loss: 0.044332, Val Loss: 0.046584[0m
2025-12-31 23:36:58,117 | INFO     | Epoch 74/250 - Train Loss: 0.044097, Val Loss: 0.045910[0m
2025-12-31 23:47:53,345 | INFO     | Epoch 75/250 - Train Loss: 0.043059, Val Loss: 0.043117[0m
2025-12-31 23:47:53,402 | INFO     | New best model saved with Val Loss: 0.043117
2025-12-31 23:58:48,632 | INFO     | Epoch 76/250 - Train Loss: 0.043736, Val Loss: 0.045270[0m
2026-01-01 00:09:43,790 | INFO     | Epoch 77/250 - Train Loss: 0.043224, Val Loss: 0.042793[0m
2026-01-01 00:09:43,843 | INFO     | New best model saved with Val Loss: 0.042793
2026-01-01 00:20:39,027 | INFO     | Epoch 78/250 - Train Loss: 0.043927, Val Loss: 0.044713[0m
2026-01-01 00:31:34,207 | INFO     | Epoch 79/250 - Train Loss: 0.042496, Val Loss: 0.043061[0m
2026-01-01 00:42:29,406 | INFO     | Epoch 80/250 - Train Loss: 0.044154, Val Loss: 0.043724[0m
2026-01-01 00:53:24,581 | INFO     | Epoch 81/250 - Train Loss: 0.042739, Val Loss: 0.042884[0m
2026-01-01 01:04:19,763 | INFO     | Epoch 82/250 - Train Loss: 0.042586, Val Loss: 0.047733[0m
2026-01-01 01:15:14,936 | INFO     | Epoch 83/250 - Train Loss: 0.042216, Val Loss: 0.043976[0m
2026-01-01 01:26:10,155 | INFO     | Epoch 84/250 - Train Loss: 0.044604, Val Loss: 0.042905[0m
2026-01-01 01:37:05,375 | INFO     | Epoch 85/250 - Train Loss: 0.041665, Val Loss: 0.043951[0m
2026-01-01 01:48:00,601 | INFO     | Epoch 86/250 - Train Loss: 0.042155, Val Loss: 0.042713[0m
2026-01-01 01:48:00,651 | INFO     | New best model saved with Val Loss: 0.042713
2026-01-01 01:58:55,885 | INFO     | Epoch 87/250 - Train Loss: 0.043968, Val Loss: 0.043679[0m
2026-01-01 02:09:51,042 | INFO     | Epoch 88/250 - Train Loss: 0.042635, Val Loss: 0.043960[0m
2026-01-01 02:20:46,272 | INFO     | Epoch 89/250 - Train Loss: 0.040920, Val Loss: 0.042544[0m
2026-01-01 02:20:46,324 | INFO     | New best model saved with Val Loss: 0.042544
2026-01-01 02:31:41,508 | INFO     | Epoch 90/250 - Train Loss: 0.039945, Val Loss: 0.043098[0m
2026-01-01 02:42:36,694 | INFO     | Epoch 91/250 - Train Loss: 0.041600, Val Loss: 0.044317[0m
2026-01-01 02:53:31,876 | INFO     | Epoch 92/250 - Train Loss: 0.041073, Val Loss: 0.045190[0m
2026-01-01 03:04:27,113 | INFO     | Epoch 93/250 - Train Loss: 0.040663, Val Loss: 0.044129[0m
2026-01-01 03:15:22,341 | INFO     | Epoch 94/250 - Train Loss: 0.043156, Val Loss: 0.044616[0m
2026-01-01 03:26:17,567 | INFO     | Epoch 95/250 - Train Loss: 0.042757, Val Loss: 0.055998[0m
2026-01-01 03:37:12,793 | INFO     | Epoch 96/250 - Train Loss: 0.041869, Val Loss: 0.041637[0m
2026-01-01 03:37:12,848 | INFO     | New best model saved with Val Loss: 0.041637
2026-01-01 03:48:08,121 | INFO     | Epoch 97/250 - Train Loss: 0.039474, Val Loss: 0.043964[0m
2026-01-01 03:59:03,369 | INFO     | Epoch 98/250 - Train Loss: 0.039459, Val Loss: 0.042817[0m
2026-01-01 04:09:58,641 | INFO     | Epoch 99/250 - Train Loss: 0.039676, Val Loss: 0.042062[0m
2026-01-01 04:20:53,833 | INFO     | Epoch 100/250 - Train Loss: 0.040897, Val Loss: 0.043499[0m
2026-01-01 04:31:48,965 | INFO     | Epoch 101/250 - Train Loss: 0.038973, Val Loss: 0.041493[0m
2026-01-01 04:31:49,020 | INFO     | New best model saved with Val Loss: 0.041493
2026-01-01 04:42:44,099 | INFO     | Epoch 102/250 - Train Loss: 0.035737, Val Loss: 0.040613[0m
2026-01-01 04:42:44,151 | INFO     | New best model saved with Val Loss: 0.040613
2026-01-01 04:53:39,221 | INFO     | Epoch 103/250 - Train Loss: 0.034474, Val Loss: 0.039638[0m
2026-01-01 04:53:39,276 | INFO     | New best model saved with Val Loss: 0.039638
2026-01-01 05:04:34,307 | INFO     | Epoch 104/250 - Train Loss: 0.034456, Val Loss: 0.040439[0m
2026-01-01 05:15:29,419 | INFO     | Epoch 105/250 - Train Loss: 0.034183, Val Loss: 0.039681[0m
2026-01-01 05:26:24,563 | INFO     | Epoch 106/250 - Train Loss: 0.036431, Val Loss: 0.045550[0m
2026-01-01 05:37:19,670 | INFO     | Epoch 107/250 - Train Loss: 0.035685, Val Loss: 0.039894[0m
2026-01-01 05:48:14,771 | INFO     | Epoch 108/250 - Train Loss: 0.033893, Val Loss: 0.039940[0m
2026-01-01 05:59:09,838 | INFO     | Epoch 109/250 - Train Loss: 0.033887, Val Loss: 0.041266[0m
2026-01-01 06:10:04,948 | INFO     | Epoch 110/250 - Train Loss: 0.033308, Val Loss: 0.040380[0m
2026-01-01 06:21:00,069 | INFO     | Epoch 111/250 - Train Loss: 0.033824, Val Loss: 0.040519[0m
2026-01-01 06:31:55,101 | INFO     | Epoch 112/250 - Train Loss: 0.033285, Val Loss: 0.040685[0m
2026-01-01 06:42:50,124 | INFO     | Epoch 113/250 - Train Loss: 0.033098, Val Loss: 0.040485[0m
2026-01-01 06:53:45,256 | INFO     | Epoch 114/250 - Train Loss: 0.037854, Val Loss: 0.047145[0m
2026-01-01 07:04:40,359 | INFO     | Epoch 115/250 - Train Loss: 0.035868, Val Loss: 0.040313[0m
2026-01-01 07:15:35,436 | INFO     | Epoch 116/250 - Train Loss: 0.033508, Val Loss: 0.041707[0m
2026-01-01 07:26:30,541 | INFO     | Epoch 117/250 - Train Loss: 0.032637, Val Loss: 0.041099[0m
2026-01-01 07:37:25,611 | INFO     | Epoch 118/250 - Train Loss: 0.031986, Val Loss: 0.040741[0m
2026-01-01 07:48:20,780 | INFO     | Epoch 119/250 - Train Loss: 0.032012, Val Loss: 0.040546[0m
2026-01-01 07:59:15,974 | INFO     | Epoch 120/250 - Train Loss: 0.034975, Val Loss: 0.043090[0m
2026-01-01 08:10:11,295 | INFO     | Epoch 121/250 - Train Loss: 0.035518, Val Loss: 0.041143[0m
2026-01-01 08:21:06,637 | INFO     | Epoch 122/250 - Train Loss: 0.032503, Val Loss: 0.041235[0m
2026-01-01 08:32:01,887 | INFO     | Epoch 123/250 - Train Loss: 0.032150, Val Loss: 0.040532[0m
2026-01-01 08:42:57,208 | INFO     | Epoch 124/250 - Train Loss: 0.031337, Val Loss: 0.040468[0m
2026-01-01 08:53:52,538 | INFO     | Epoch 125/250 - Train Loss: 0.033775, Val Loss: 0.041015[0m
2026-01-01 09:04:47,831 | INFO     | Epoch 126/250 - Train Loss: 0.035418, Val Loss: 0.040571[0m
2026-01-01 09:15:43,159 | INFO     | Epoch 127/250 - Train Loss: 0.031312, Val Loss: 0.042544[0m
2026-01-01 09:26:38,477 | INFO     | Epoch 128/250 - Train Loss: 0.031513, Val Loss: 0.040616[0m
2026-01-01 09:37:33,774 | INFO     | Epoch 129/250 - Train Loss: 0.031005, Val Loss: 0.041221[0m
2026-01-01 09:48:29,007 | INFO     | Epoch 130/250 - Train Loss: 0.031341, Val Loss: 0.040826[0m
2026-01-01 09:59:24,279 | INFO     | Epoch 131/250 - Train Loss: 0.031555, Val Loss: 0.040952[0m
2026-01-01 10:10:19,580 | INFO     | Epoch 132/250 - Train Loss: 0.031362, Val Loss: 0.041590[0m
2026-01-01 10:21:14,886 | INFO     | Epoch 133/250 - Train Loss: 0.030854, Val Loss: 0.040874[0m
2026-01-01 10:32:10,108 | INFO     | Epoch 134/250 - Train Loss: 0.033194, Val Loss: 0.041359[0m
2026-01-01 10:43:05,427 | INFO     | Epoch 135/250 - Train Loss: 0.032551, Val Loss: 0.040778[0m
2026-01-01 10:54:00,647 | INFO     | Epoch 136/250 - Train Loss: 0.032499, Val Loss: 0.043812[0m
2026-01-01 11:04:55,927 | INFO     | Epoch 137/250 - Train Loss: 0.033820, Val Loss: 0.043655[0m
2026-01-01 11:15:51,166 | INFO     | Epoch 138/250 - Train Loss: 0.033848, Val Loss: 0.044209[0m
2026-01-01 11:26:46,386 | INFO     | Epoch 139/250 - Train Loss: 0.031481, Val Loss: 0.048054[0m
2026-01-01 11:37:41,653 | INFO     | Epoch 140/250 - Train Loss: 0.031628, Val Loss: 0.040308[0m
2026-01-01 11:48:36,925 | INFO     | Epoch 141/250 - Train Loss: 0.030715, Val Loss: 0.040835[0m
2026-01-01 11:59:32,159 | INFO     | Epoch 142/250 - Train Loss: 0.029546, Val Loss: 0.040873[0m
2026-01-01 12:10:27,392 | INFO     | Epoch 143/250 - Train Loss: 0.032559, Val Loss: 0.041346[0m
2026-01-01 12:21:22,671 | INFO     | Epoch 144/250 - Train Loss: 0.029745, Val Loss: 0.040468[0m
2026-01-01 12:32:17,934 | INFO     | Epoch 145/250 - Train Loss: 0.033119, Val Loss: 0.041142[0m
2026-01-01 12:43:13,228 | INFO     | Epoch 146/250 - Train Loss: 0.033455, Val Loss: 0.041117[0m
2026-01-01 12:54:08,593 | INFO     | Epoch 147/250 - Train Loss: 0.030689, Val Loss: 0.040494[0m
2026-01-01 13:05:03,931 | INFO     | Epoch 148/250 - Train Loss: 0.034685, Val Loss: 0.042545[0m
2026-01-01 13:15:59,237 | INFO     | Epoch 149/250 - Train Loss: 0.031707, Val Loss: 0.041198[0m
2026-01-01 13:26:54,681 | INFO     | Epoch 150/250 - Train Loss: 0.031359, Val Loss: 0.041820[0m
2026-01-01 13:37:49,862 | INFO     | Epoch 151/250 - Train Loss: 0.027823, Val Loss: 0.039827[0m
2026-01-01 13:48:45,148 | INFO     | Epoch 152/250 - Train Loss: 0.027124, Val Loss: 0.040476[0m
2026-01-01 13:59:40,479 | INFO     | Epoch 153/250 - Train Loss: 0.026975, Val Loss: 0.039988[0m
2026-01-01 14:10:35,768 | INFO     | Epoch 154/250 - Train Loss: 0.026925, Val Loss: 0.040220[0m
2026-01-01 14:21:31,136 | INFO     | Epoch 155/250 - Train Loss: 0.026843, Val Loss: 0.040199[0m
2026-01-01 14:32:26,485 | INFO     | Epoch 156/250 - Train Loss: 0.026751, Val Loss: 0.040483[0m
2026-01-01 14:43:21,847 | INFO     | Epoch 157/250 - Train Loss: 0.027403, Val Loss: 0.040285[0m
2026-01-01 14:54:17,142 | INFO     | Epoch 158/250 - Train Loss: 0.026634, Val Loss: 0.040365[0m
2026-01-01 15:05:12,510 | INFO     | Epoch 159/250 - Train Loss: 0.026581, Val Loss: 0.040069[0m
2026-01-01 15:16:07,871 | INFO     | Epoch 160/250 - Train Loss: 0.026490, Val Loss: 0.040329[0m
2026-01-01 15:27:03,196 | INFO     | Epoch 161/250 - Train Loss: 0.026247, Val Loss: 0.040367[0m
2026-01-01 15:37:58,553 | INFO     | Epoch 162/250 - Train Loss: 0.026579, Val Loss: 0.041037[0m
2026-01-01 15:48:53,878 | INFO     | Epoch 163/250 - Train Loss: 0.026353, Val Loss: 0.040118[0m
2026-01-01 15:59:49,213 | INFO     | Epoch 164/250 - Train Loss: 0.026249, Val Loss: 0.040406[0m
2026-01-01 16:10:44,607 | INFO     | Epoch 165/250 - Train Loss: 0.026221, Val Loss: 0.040671[0m
2026-01-01 16:21:39,908 | INFO     | Epoch 166/250 - Train Loss: 0.025800, Val Loss: 0.040571[0m
2026-01-01 16:32:35,240 | INFO     | Epoch 167/250 - Train Loss: 0.026242, Val Loss: 0.040616[0m
2026-01-01 16:43:30,519 | INFO     | Epoch 168/250 - Train Loss: 0.025893, Val Loss: 0.040296[0m
2026-01-01 16:54:25,833 | INFO     | Epoch 169/250 - Train Loss: 0.025811, Val Loss: 0.040779[0m
2026-01-01 17:05:21,093 | INFO     | Epoch 170/250 - Train Loss: 0.025522, Val Loss: 0.041492[0m
2026-01-01 17:16:16,408 | INFO     | Epoch 171/250 - Train Loss: 0.028429, Val Loss: 0.040467[0m
2026-01-01 17:27:11,789 | INFO     | Epoch 172/250 - Train Loss: 0.025461, Val Loss: 0.040387[0m
2026-01-01 17:38:07,134 | INFO     | Epoch 173/250 - Train Loss: 0.025225, Val Loss: 0.040229[0m
2026-01-01 17:49:02,491 | INFO     | Epoch 174/250 - Train Loss: 0.025438, Val Loss: 0.040192[0m
2026-01-01 17:59:57,845 | INFO     | Epoch 175/250 - Train Loss: 0.030180, Val Loss: 0.041411[0m
2026-01-01 18:10:53,193 | INFO     | Epoch 176/250 - Train Loss: 0.025816, Val Loss: 0.040875[0m
2026-01-01 18:21:48,510 | INFO     | Epoch 177/250 - Train Loss: 0.024825, Val Loss: 0.040250[0m
2026-01-01 18:32:43,840 | INFO     | Epoch 178/250 - Train Loss: 0.024644, Val Loss: 0.040551[0m
2026-01-01 18:43:39,142 | INFO     | Epoch 179/250 - Train Loss: 0.024715, Val Loss: 0.040548[0m
2026-01-01 18:54:34,485 | INFO     | Epoch 180/250 - Train Loss: 0.025237, Val Loss: 0.040252[0m
2026-01-01 19:05:29,839 | INFO     | Epoch 181/250 - Train Loss: 0.024865, Val Loss: 0.040353[0m
2026-01-01 19:16:25,134 | INFO     | Epoch 182/250 - Train Loss: 0.026947, Val Loss: 0.040948[0m
2026-01-01 19:27:20,411 | INFO     | Epoch 183/250 - Train Loss: 0.025007, Val Loss: 0.040460[0m
2026-01-01 19:38:15,770 | INFO     | Epoch 184/250 - Train Loss: 0.024595, Val Loss: 0.040580[0m
2026-01-01 19:49:11,095 | INFO     | Epoch 185/250 - Train Loss: 0.024572, Val Loss: 0.040788[0m
2026-01-01 20:00:06,454 | INFO     | Epoch 186/250 - Train Loss: 0.024521, Val Loss: 0.041239[0m
2026-01-01 20:11:01,785 | INFO     | Epoch 187/250 - Train Loss: 0.024954, Val Loss: 0.040657[0m
2026-01-01 20:21:57,098 | INFO     | Epoch 188/250 - Train Loss: 0.024592, Val Loss: 0.040863[0m
2026-01-01 20:32:52,433 | INFO     | Epoch 189/250 - Train Loss: 0.030582, Val Loss: 0.042588[0m
2026-01-01 20:43:47,770 | INFO     | Epoch 190/250 - Train Loss: 0.025514, Val Loss: 0.040783[0m
2026-01-01 20:54:43,087 | INFO     | Epoch 191/250 - Train Loss: 0.024577, Val Loss: 0.040530[0m
2026-01-01 21:05:38,403 | INFO     | Epoch 192/250 - Train Loss: 0.023946, Val Loss: 0.040525[0m
2026-01-01 21:16:33,791 | INFO     | Epoch 193/250 - Train Loss: 0.023946, Val Loss: 0.041229[0m
2026-01-01 21:27:29,137 | INFO     | Epoch 194/250 - Train Loss: 0.028303, Val Loss: 0.046679[0m
2026-01-01 21:38:24,533 | INFO     | Epoch 195/250 - Train Loss: 0.027949, Val Loss: 0.040615[0m
2026-01-01 21:49:19,899 | INFO     | Epoch 196/250 - Train Loss: 0.024433, Val Loss: 0.041042[0m
2026-01-01 22:00:15,295 | INFO     | Epoch 197/250 - Train Loss: 0.023805, Val Loss: 0.040677[0m
2026-01-01 22:11:10,634 | INFO     | Epoch 198/250 - Train Loss: 0.023700, Val Loss: 0.040451[0m
2026-01-01 22:22:05,959 | INFO     | Epoch 199/250 - Train Loss: 0.023665, Val Loss: 0.041189[0m
2026-01-01 22:33:01,309 | INFO     | Epoch 200/250 - Train Loss: 0.023683, Val Loss: 0.040662[0m
2026-01-01 22:43:56,595 | INFO     | Epoch 201/250 - Train Loss: 0.022964, Val Loss: 0.040498[0m
2026-01-01 22:54:51,914 | INFO     | Epoch 202/250 - Train Loss: 0.022723, Val Loss: 0.040496[0m
2026-01-01 23:05:47,274 | INFO     | Epoch 203/250 - Train Loss: 0.022806, Val Loss: 0.040608[0m
2026-01-01 23:16:42,656 | INFO     | Epoch 204/250 - Train Loss: 0.022758, Val Loss: 0.040849[0m
2026-01-01 23:27:38,023 | INFO     | Epoch 205/250 - Train Loss: 0.022701, Val Loss: 0.040813[0m
2026-01-01 23:38:33,409 | INFO     | Epoch 206/250 - Train Loss: 0.022729, Val Loss: 0.040778[0m
2026-01-01 23:49:28,694 | INFO     | Epoch 207/250 - Train Loss: 0.022639, Val Loss: 0.040763[0m
2026-01-02 00:00:24,050 | INFO     | Epoch 208/250 - Train Loss: 0.022673, Val Loss: 0.040346[0m
2026-01-02 00:11:19,399 | INFO     | Epoch 209/250 - Train Loss: 0.022721, Val Loss: 0.040815[0m
2026-01-02 00:22:14,756 | INFO     | Epoch 210/250 - Train Loss: 0.022469, Val Loss: 0.040822[0m
2026-01-02 00:33:10,075 | INFO     | Epoch 211/250 - Train Loss: 0.022519, Val Loss: 0.040938[0m
2026-01-02 00:44:05,411 | INFO     | Epoch 212/250 - Train Loss: 0.022396, Val Loss: 0.041321[0m
2026-01-02 00:55:00,805 | INFO     | Epoch 213/250 - Train Loss: 0.023247, Val Loss: 0.040743[0m
2026-01-02 01:05:56,182 | INFO     | Epoch 214/250 - Train Loss: 0.022339, Val Loss: 0.040448[0m
2026-01-02 01:16:51,556 | INFO     | Epoch 215/250 - Train Loss: 0.022232, Val Loss: 0.040787[0m
2026-01-02 01:27:46,876 | INFO     | Epoch 216/250 - Train Loss: 0.022191, Val Loss: 0.040719[0m
2026-01-02 01:38:42,288 | INFO     | Epoch 217/250 - Train Loss: 0.023277, Val Loss: 0.040821[0m
2026-01-02 01:49:37,641 | INFO     | Epoch 218/250 - Train Loss: 0.022422, Val Loss: 0.040753[0m
2026-01-02 02:00:33,040 | INFO     | Epoch 219/250 - Train Loss: 0.022038, Val Loss: 0.040776[0m
2026-01-02 02:11:28,434 | INFO     | Epoch 220/250 - Train Loss: 0.022071, Val Loss: 0.040658[0m
2026-01-02 02:22:23,799 | INFO     | Epoch 221/250 - Train Loss: 0.021914, Val Loss: 0.040820[0m
2026-01-02 02:33:19,175 | INFO     | Epoch 222/250 - Train Loss: 0.021903, Val Loss: 0.040896[0m
2026-01-02 02:44:14,482 | INFO     | Epoch 223/250 - Train Loss: 0.021852, Val Loss: 0.040628[0m
2026-01-02 02:55:09,828 | INFO     | Epoch 224/250 - Train Loss: 0.021825, Val Loss: 0.041008[0m
2026-01-02 03:06:05,113 | INFO     | Epoch 225/250 - Train Loss: 0.022084, Val Loss: 0.040896[0m
2026-01-02 03:17:00,405 | INFO     | Epoch 226/250 - Train Loss: 0.021852, Val Loss: 0.041163[0m
2026-01-02 03:27:55,748 | INFO     | Epoch 227/250 - Train Loss: 0.021771, Val Loss: 0.041077[0m
2026-01-02 03:38:51,120 | INFO     | Epoch 228/250 - Train Loss: 0.021766, Val Loss: 0.040957[0m
2026-01-02 03:49:46,440 | INFO     | Epoch 229/250 - Train Loss: 0.022036, Val Loss: 0.041059[0m
2026-01-02 04:00:41,773 | INFO     | Epoch 230/250 - Train Loss: 0.021978, Val Loss: 0.041545[0m
2026-01-02 04:11:37,084 | INFO     | Epoch 231/250 - Train Loss: 0.021921, Val Loss: 0.040977[0m
2026-01-02 04:22:32,458 | INFO     | Epoch 232/250 - Train Loss: 0.021884, Val Loss: 0.041168[0m
2026-01-02 04:33:27,801 | INFO     | Epoch 233/250 - Train Loss: 0.021581, Val Loss: 0.040987[0m
2026-01-02 04:44:23,138 | INFO     | Epoch 234/250 - Train Loss: 0.021455, Val Loss: 0.041646[0m
2026-01-02 04:55:18,479 | INFO     | Epoch 235/250 - Train Loss: 0.021632, Val Loss: 0.040968[0m
2026-01-02 05:06:13,868 | INFO     | Epoch 236/250 - Train Loss: 0.021386, Val Loss: 0.041041[0m
2026-01-02 05:17:09,242 | INFO     | Epoch 237/250 - Train Loss: 0.021382, Val Loss: 0.040942[0m
2026-01-02 05:28:04,623 | INFO     | Epoch 238/250 - Train Loss: 0.021402, Val Loss: 0.041248[0m
2026-01-02 05:39:00,000 | INFO     | Epoch 239/250 - Train Loss: 0.021314, Val Loss: 0.040902[0m
2026-01-02 05:49:55,361 | INFO     | Epoch 240/250 - Train Loss: 0.021267, Val Loss: 0.041082[0m
2026-01-02 06:00:50,693 | INFO     | Epoch 241/250 - Train Loss: 0.021375, Val Loss: 0.041161[0m
2026-01-02 06:11:46,041 | INFO     | Epoch 242/250 - Train Loss: 0.021910, Val Loss: 0.041107[0m
2026-01-02 06:22:41,394 | INFO     | Epoch 243/250 - Train Loss: 0.021397, Val Loss: 0.041036[0m
2026-01-02 06:33:36,812 | INFO     | Epoch 244/250 - Train Loss: 0.021262, Val Loss: 0.041095[0m
2026-01-02 06:44:32,153 | INFO     | Epoch 245/250 - Train Loss: 0.021084, Val Loss: 0.041125[0m
2026-01-02 06:55:27,513 | INFO     | Epoch 246/250 - Train Loss: 0.021066, Val Loss: 0.041045[0m
2026-01-02 07:06:22,872 | INFO     | Epoch 247/250 - Train Loss: 0.021042, Val Loss: 0.041435[0m
2026-01-02 07:17:18,202 | INFO     | Epoch 248/250 - Train Loss: 0.021036, Val Loss: 0.041418[0m
2026-01-02 07:28:13,529 | INFO     | Epoch 249/250 - Train Loss: 0.021076, Val Loss: 0.041212[0m
2026-01-02 07:39:08,890 | INFO     | Epoch 250/250 - Train Loss: 0.021194, Val Loss: 0.041674[0m
2026-01-02 07:39:09,049 | INFO     | Final model saved to experiments_DrivAerNet++/WWC_spressure_N10k_lr1e-3_e250/final_model.pth
2026-01-02 07:39:09,049 | INFO     | Testing the final model
2026-01-02 07:39:45,543 | INFO     | *******************[35mL2_erro:[0m
2026-01-02 07:39:45,544 | INFO     |  0.152946
2026-01-02 07:39:45,544 | INFO     | *******************[35mmse_loss:[0m
2026-01-02 07:39:45,544 | INFO     |  0.038141
2026-01-02 07:39:45,544 | INFO     | *******************[35minference_time:[0m
2026-01-02 07:39:45,544 | INFO     |  0.000000
2026-01-02 07:39:45,544 | INFO     | Testing the best model
2026-01-02 07:40:22,450 | INFO     | *******************[35mL2_erro:[0m
2026-01-02 07:40:22,451 | INFO     |  0.150244
2026-01-02 07:40:22,451 | INFO     | *******************[35mmse_loss:[0m
2026-01-02 07:40:22,451 | INFO     |  0.036718
2026-01-02 07:40:22,451 | INFO     | *******************[35minference_time:[0m
2026-01-02 07:40:22,451 | INFO     |  0.000000
